[2023-10-09 12:01:49.459 -06:00 INF] Entity Framework Core 6.0.4 initialized 'InventarioContext' using provider 'Pomelo.EntityFrameworkCore.MySql:6.0.1' with options: ServerVersion 8.0.28-mysql 
[2023-10-09 12:01:50.058 -06:00 INF] Executed DbCommand (22ms) [Parameters=[], CommandType='"Text"', CommandTimeout='30']
SELECT 1 FROM INFORMATION_SCHEMA.TABLES WHERE TABLE_SCHEMA='inventarioRopa' AND TABLE_NAME='__EFMigrationsHistory';
[2023-10-09 12:01:50.331 -06:00 INF] Executed DbCommand (3ms) [Parameters=[], CommandType='"Text"', CommandTimeout='30']
SELECT 1 FROM INFORMATION_SCHEMA.TABLES WHERE TABLE_SCHEMA='inventarioRopa' AND TABLE_NAME='__EFMigrationsHistory';
[2023-10-09 12:01:50.378 -06:00 INF] Executed DbCommand (14ms) [Parameters=[], CommandType='"Text"', CommandTimeout='30']
SELECT `MigrationId`, `ProductVersion`
FROM `__EFMigrationsHistory`
ORDER BY `MigrationId`;
[2023-10-09 12:01:50.408 -06:00 INF] No migrations were applied. The database is already up to date.
[2023-10-09 12:01:50.708 -06:00 INF] Executed DbCommand (7ms) [Parameters=[], CommandType='"Text"', CommandTimeout='30']
SELECT EXISTS (
    SELECT 1
    FROM `Rol` AS `r`)
[2023-10-09 12:01:50.898 -06:00 INF] User profile is available. Using 'C:\Users\Rodrigo Tellez\AppData\Local\ASP.NET\DataProtection-Keys' as key repository and Windows DPAPI to encrypt keys at rest.
[2023-10-09 12:01:51.110 -06:00 INF] Now listening on: https://10.0.0.8:5001
[2023-10-09 12:01:51.110 -06:00 INF] Now listening on: http://10.0.0.8:5000
[2023-10-09 12:01:51.117 -06:00 INF] Application started. Press Ctrl+C to shut down.
[2023-10-09 12:01:51.117 -06:00 INF] Hosting environment: Development
[2023-10-09 12:01:51.117 -06:00 INF] Content root path: D:\10CUATRIMESTRE\HECTOR\Backend\inventario\API\
[2023-10-09 12:02:55.412 -06:00 INF] Application is shutting down...
[2023-10-09 12:06:43.826 -06:00 INF] Entity Framework Core 6.0.4 initialized 'InventarioContext' using provider 'Pomelo.EntityFrameworkCore.MySql:6.0.1' with options: ServerVersion 8.0.28-mysql 
[2023-10-09 12:06:44.754 -06:00 INF] Executed DbCommand (24ms) [Parameters=[], CommandType='"Text"', CommandTimeout='30']
SELECT 1 FROM INFORMATION_SCHEMA.TABLES WHERE TABLE_SCHEMA='inventarioRopa' AND TABLE_NAME='__EFMigrationsHistory';
[2023-10-09 12:06:44.797 -06:00 INF] Executed DbCommand (4ms) [Parameters=[], CommandType='"Text"', CommandTimeout='30']
SELECT 1 FROM INFORMATION_SCHEMA.TABLES WHERE TABLE_SCHEMA='inventarioRopa' AND TABLE_NAME='__EFMigrationsHistory';
[2023-10-09 12:06:44.844 -06:00 INF] Executed DbCommand (8ms) [Parameters=[], CommandType='"Text"', CommandTimeout='30']
SELECT `MigrationId`, `ProductVersion`
FROM `__EFMigrationsHistory`
ORDER BY `MigrationId`;
[2023-10-09 12:06:44.878 -06:00 INF] No migrations were applied. The database is already up to date.
[2023-10-09 12:06:45.191 -06:00 INF] Executed DbCommand (3ms) [Parameters=[], CommandType='"Text"', CommandTimeout='30']
SELECT EXISTS (
    SELECT 1
    FROM `Rol` AS `r`)
[2023-10-09 12:06:45.346 -06:00 INF] User profile is available. Using 'C:\Users\Rodrigo Tellez\AppData\Local\ASP.NET\DataProtection-Keys' as key repository and Windows DPAPI to encrypt keys at rest.
[2023-10-09 12:06:45.438 -06:00 INF] Now listening on: https://10.0.0.8:5001
[2023-10-09 12:06:45.438 -06:00 INF] Now listening on: http://10.0.0.8:5000
[2023-10-09 12:06:45.445 -06:00 INF] Application started. Press Ctrl+C to shut down.
[2023-10-09 12:06:45.445 -06:00 INF] Hosting environment: Development
[2023-10-09 12:06:45.445 -06:00 INF] Content root path: D:\10CUATRIMESTRE\HECTOR\Backend\inventario\API\
[2023-10-09 12:09:41.288 -06:00 INF] Request starting HTTP/1.1 POST http://10.0.0.8:5000/api/usuario/register application/json 145
[2023-10-09 12:09:43.809 -06:00 INF] Bearer was not authenticated. Failure message: No SecurityTokenValidator available for token.
[2023-10-09 12:09:43.815 -06:00 INF] Executing endpoint 'API.Controllers.UsuarioController.RegisterAsync (API)'
[2023-10-09 12:09:43.853 -06:00 INF] Route matched with {action = "Register", controller = "Usuario"}. Executing controller action with signature System.Threading.Tasks.Task`1[Microsoft.AspNetCore.Mvc.ActionResult] RegisterAsync(API.Dtos.RegisterDto) on controller API.Controllers.UsuarioController (API).
[2023-10-09 12:09:43.970 -06:00 INF] Entity Framework Core 6.0.4 initialized 'InventarioContext' using provider 'Pomelo.EntityFrameworkCore.MySql:6.0.1' with options: ServerVersion 8.0.28-mysql 
[2023-10-09 12:09:44.265 -06:00 INF] Executed DbCommand (48ms) [Parameters=[@__ToLower_0='?' (Size = 255)], CommandType='"Text"', CommandTimeout='30']
SELECT `u`.`ID`, `u`.`Apellido`, `u`.`CorreoElectronico`, `u`.`Nom_user`, `u`.`Password`
FROM `Usuario` AS `u`
WHERE LOWER(`u`.`Nom_user`) = @__ToLower_0
[2023-10-09 12:09:44.282 -06:00 INF] Executed DbCommand (3ms) [Parameters=[], CommandType='"Text"', CommandTimeout='30']
SELECT `r`.`ID`, `r`.`Nombre`
FROM `Rol` AS `r`
WHERE `r`.`Nombre` = 'Empleado'
[2023-10-09 12:09:44.987 -06:00 ERR] Failed executing DbCommand (220ms) [Parameters=[@p0='?' (Size = 255), @p1='?' (Size = 255), @p2='?' (Size = 255), @p3='?' (Size = 255)], CommandType='"Text"', CommandTimeout='30']
INSERT INTO `Usuario` (`Apellido`, `CorreoElectronico`, `Nom_user`, `Password`)
VALUES (@p0, @p1, @p2, @p3);
SELECT `ID`
FROM `Usuario`
WHERE ROW_COUNT() = 1 AND `ID` = LAST_INSERT_ID();
[2023-10-09 12:09:45.722 -06:00 ERR] An exception occurred in the database while saving changes for context type 'Infrastructure.Data.InventarioContext'.
Microsoft.EntityFrameworkCore.DbUpdateException: An error occurred while saving the entity changes. See the inner exception for details.
 ---> MySqlConnector.MySqlException (0x80004005): Duplicate entry 'jose@gmail.com' for key 'Usuario.CorreoElectronico'
   at MySqlConnector.Core.ServerSession.ReceiveReplyAsyncAwaited(ValueTask`1 task) in /_/src/MySqlConnector/Core/ServerSession.cs:line 954
   at MySqlConnector.Core.ResultSet.ReadResultSetHeaderAsync(IOBehavior ioBehavior) in /_/src/MySqlConnector/Core/ResultSet.cs:line 44
   at MySqlConnector.MySqlDataReader.ActivateResultSet(CancellationToken cancellationToken) in /_/src/MySqlConnector/MySqlDataReader.cs:line 127
   at MySqlConnector.MySqlDataReader.CreateAsync(CommandListPosition commandListPosition, ICommandPayloadCreator payloadCreator, IDictionary`2 cachedProcedures, IMySqlCommand command, CommandBehavior behavior, Activity activity, IOBehavior ioBehavior, CancellationToken cancellationToken) in /_/src/MySqlConnector/MySqlDataReader.cs:line 456
   at MySqlConnector.Core.CommandExecutor.ExecuteReaderAsync(IReadOnlyList`1 commands, ICommandPayloadCreator payloadCreator, CommandBehavior behavior, Activity activity, IOBehavior ioBehavior, CancellationToken cancellationToken) in /_/src/MySqlConnector/Core/CommandExecutor.cs:line 56
   at MySqlConnector.MySqlCommand.ExecuteReaderAsync(CommandBehavior behavior, IOBehavior ioBehavior, CancellationToken cancellationToken) in /_/src/MySqlConnector/MySqlCommand.cs:line 330
   at MySqlConnector.MySqlCommand.ExecuteDbDataReaderAsync(CommandBehavior behavior, CancellationToken cancellationToken) in /_/src/MySqlConnector/MySqlCommand.cs:line 323
   at Microsoft.EntityFrameworkCore.Storage.RelationalCommand.ExecuteReaderAsync(RelationalCommandParameterObject parameterObject, CancellationToken cancellationToken)
   at Microsoft.EntityFrameworkCore.Storage.RelationalCommand.ExecuteReaderAsync(RelationalCommandParameterObject parameterObject, CancellationToken cancellationToken)
   at Microsoft.EntityFrameworkCore.Update.ReaderModificationCommandBatch.ExecuteAsync(IRelationalConnection connection, CancellationToken cancellationToken)
   --- End of inner exception stack trace ---
   at Microsoft.EntityFrameworkCore.Update.ReaderModificationCommandBatch.ExecuteAsync(IRelationalConnection connection, CancellationToken cancellationToken)
   at Microsoft.EntityFrameworkCore.Update.Internal.BatchExecutor.ExecuteAsync(IEnumerable`1 commandBatches, IRelationalConnection connection, CancellationToken cancellationToken)
   at Microsoft.EntityFrameworkCore.Update.Internal.BatchExecutor.ExecuteAsync(IEnumerable`1 commandBatches, IRelationalConnection connection, CancellationToken cancellationToken)
   at Microsoft.EntityFrameworkCore.Update.Internal.BatchExecutor.ExecuteAsync(IEnumerable`1 commandBatches, IRelationalConnection connection, CancellationToken cancellationToken)
   at Microsoft.EntityFrameworkCore.ChangeTracking.Internal.StateManager.SaveChangesAsync(IList`1 entriesToSave, CancellationToken cancellationToken)
   at Microsoft.EntityFrameworkCore.ChangeTracking.Internal.StateManager.SaveChangesAsync(StateManager stateManager, Boolean acceptAllChangesOnSuccess, CancellationToken cancellationToken)
   at Pomelo.EntityFrameworkCore.MySql.Storage.Internal.MySqlExecutionStrategy.ExecuteAsync[TState,TResult](TState state, Func`4 operation, Func`4 verifySucceeded, CancellationToken cancellationToken)
   at Microsoft.EntityFrameworkCore.DbContext.SaveChangesAsync(Boolean acceptAllChangesOnSuccess, CancellationToken cancellationToken)
Microsoft.EntityFrameworkCore.DbUpdateException: An error occurred while saving the entity changes. See the inner exception for details.
 ---> MySqlConnector.MySqlException (0x80004005): Duplicate entry 'jose@gmail.com' for key 'Usuario.CorreoElectronico'
   at MySqlConnector.Core.ServerSession.ReceiveReplyAsyncAwaited(ValueTask`1 task) in /_/src/MySqlConnector/Core/ServerSession.cs:line 954
   at MySqlConnector.Core.ResultSet.ReadResultSetHeaderAsync(IOBehavior ioBehavior) in /_/src/MySqlConnector/Core/ResultSet.cs:line 44
   at MySqlConnector.MySqlDataReader.ActivateResultSet(CancellationToken cancellationToken) in /_/src/MySqlConnector/MySqlDataReader.cs:line 127
   at MySqlConnector.MySqlDataReader.CreateAsync(CommandListPosition commandListPosition, ICommandPayloadCreator payloadCreator, IDictionary`2 cachedProcedures, IMySqlCommand command, CommandBehavior behavior, Activity activity, IOBehavior ioBehavior, CancellationToken cancellationToken) in /_/src/MySqlConnector/MySqlDataReader.cs:line 456
   at MySqlConnector.Core.CommandExecutor.ExecuteReaderAsync(IReadOnlyList`1 commands, ICommandPayloadCreator payloadCreator, CommandBehavior behavior, Activity activity, IOBehavior ioBehavior, CancellationToken cancellationToken) in /_/src/MySqlConnector/Core/CommandExecutor.cs:line 56
   at MySqlConnector.MySqlCommand.ExecuteReaderAsync(CommandBehavior behavior, IOBehavior ioBehavior, CancellationToken cancellationToken) in /_/src/MySqlConnector/MySqlCommand.cs:line 330
   at MySqlConnector.MySqlCommand.ExecuteDbDataReaderAsync(CommandBehavior behavior, CancellationToken cancellationToken) in /_/src/MySqlConnector/MySqlCommand.cs:line 323
   at Microsoft.EntityFrameworkCore.Storage.RelationalCommand.ExecuteReaderAsync(RelationalCommandParameterObject parameterObject, CancellationToken cancellationToken)
   at Microsoft.EntityFrameworkCore.Storage.RelationalCommand.ExecuteReaderAsync(RelationalCommandParameterObject parameterObject, CancellationToken cancellationToken)
   at Microsoft.EntityFrameworkCore.Update.ReaderModificationCommandBatch.ExecuteAsync(IRelationalConnection connection, CancellationToken cancellationToken)
   --- End of inner exception stack trace ---
   at Microsoft.EntityFrameworkCore.Update.ReaderModificationCommandBatch.ExecuteAsync(IRelationalConnection connection, CancellationToken cancellationToken)
   at Microsoft.EntityFrameworkCore.Update.Internal.BatchExecutor.ExecuteAsync(IEnumerable`1 commandBatches, IRelationalConnection connection, CancellationToken cancellationToken)
   at Microsoft.EntityFrameworkCore.Update.Internal.BatchExecutor.ExecuteAsync(IEnumerable`1 commandBatches, IRelationalConnection connection, CancellationToken cancellationToken)
   at Microsoft.EntityFrameworkCore.Update.Internal.BatchExecutor.ExecuteAsync(IEnumerable`1 commandBatches, IRelationalConnection connection, CancellationToken cancellationToken)
   at Microsoft.EntityFrameworkCore.ChangeTracking.Internal.StateManager.SaveChangesAsync(IList`1 entriesToSave, CancellationToken cancellationToken)
   at Microsoft.EntityFrameworkCore.ChangeTracking.Internal.StateManager.SaveChangesAsync(StateManager stateManager, Boolean acceptAllChangesOnSuccess, CancellationToken cancellationToken)
   at Pomelo.EntityFrameworkCore.MySql.Storage.Internal.MySqlExecutionStrategy.ExecuteAsync[TState,TResult](TState state, Func`4 operation, Func`4 verifySucceeded, CancellationToken cancellationToken)
   at Microsoft.EntityFrameworkCore.DbContext.SaveChangesAsync(Boolean acceptAllChangesOnSuccess, CancellationToken cancellationToken)
[2023-10-09 12:09:45.732 -06:00 ERR] Error en añadir usuario: Error: An error occurred while saving the entity changes. See the inner exception for details.
[2023-10-09 12:09:45.743 -06:00 INF] Executing NotFoundObjectResult, writing value of type 'API.Helpers.Errors.ApiResponse'.
[2023-10-09 12:09:45.773 -06:00 INF] Executed action API.Controllers.UsuarioController.RegisterAsync (API) in 1883.4159ms
[2023-10-09 12:09:45.775 -06:00 INF] Executed endpoint 'API.Controllers.UsuarioController.RegisterAsync (API)'
[2023-10-09 12:09:45.783 -06:00 INF] Request finished HTTP/1.1 POST http://10.0.0.8:5000/api/usuario/register application/json 145 - 404 - application/json;+charset=utf-8 4501.3823ms
[2023-10-09 12:10:34.112 -06:00 INF] Request starting HTTP/1.1 POST http://10.0.0.8:5000/api/usuario/register application/json 151
[2023-10-09 12:10:34.118 -06:00 INF] Bearer was not authenticated. Failure message: No SecurityTokenValidator available for token.
[2023-10-09 12:10:34.118 -06:00 INF] Executing endpoint 'API.Controllers.UsuarioController.RegisterAsync (API)'
[2023-10-09 12:10:34.118 -06:00 INF] Route matched with {action = "Register", controller = "Usuario"}. Executing controller action with signature System.Threading.Tasks.Task`1[Microsoft.AspNetCore.Mvc.ActionResult] RegisterAsync(API.Dtos.RegisterDto) on controller API.Controllers.UsuarioController (API).
[2023-10-09 12:10:34.202 -06:00 INF] Entity Framework Core 6.0.4 initialized 'InventarioContext' using provider 'Pomelo.EntityFrameworkCore.MySql:6.0.1' with options: ServerVersion 8.0.28-mysql 
[2023-10-09 12:10:34.314 -06:00 INF] Executed DbCommand (104ms) [Parameters=[@__ToLower_0='?' (Size = 255)], CommandType='"Text"', CommandTimeout='30']
SELECT `u`.`ID`, `u`.`Apellido`, `u`.`CorreoElectronico`, `u`.`Nom_user`, `u`.`Password`
FROM `Usuario` AS `u`
WHERE LOWER(`u`.`Nom_user`) = @__ToLower_0
[2023-10-09 12:10:34.662 -06:00 INF] Executed DbCommand (204ms) [Parameters=[], CommandType='"Text"', CommandTimeout='30']
SELECT `r`.`ID`, `r`.`Nombre`
FROM `Rol` AS `r`
WHERE `r`.`Nombre` = 'Empleado'
[2023-10-09 12:10:34.676 -06:00 INF] Executed DbCommand (4ms) [Parameters=[@p0='?' (Size = 255), @p1='?' (Size = 255), @p2='?' (Size = 255), @p3='?' (Size = 255)], CommandType='"Text"', CommandTimeout='30']
INSERT INTO `Usuario` (`Apellido`, `CorreoElectronico`, `Nom_user`, `Password`)
VALUES (@p0, @p1, @p2, @p3);
SELECT `ID`
FROM `Usuario`
WHERE ROW_COUNT() = 1 AND `ID` = LAST_INSERT_ID();
[2023-10-09 12:10:34.730 -06:00 INF] Executed DbCommand (8ms) [Parameters=[@p4='?' (DbType = Int32), @p5='?' (DbType = Int32)], CommandType='"Text"', CommandTimeout='30']
INSERT INTO `UsuarioRoles` (`RolId`, `UsuarioId`)
VALUES (@p4, @p5);
[2023-10-09 12:10:35.009 -06:00 INF] Executing OkObjectResult, writing value of type 'System.String'.
[2023-10-09 12:10:35.010 -06:00 INF] Executed action API.Controllers.UsuarioController.RegisterAsync (API) in 891.698ms
[2023-10-09 12:10:35.010 -06:00 INF] Executed endpoint 'API.Controllers.UsuarioController.RegisterAsync (API)'
[2023-10-09 12:10:35.011 -06:00 INF] Request finished HTTP/1.1 POST http://10.0.0.8:5000/api/usuario/register application/json 151 - 200 - text/plain;+charset=utf-8 898.8296ms
[2023-10-09 12:11:11.795 -06:00 INF] Request starting HTTP/1.1 POST http://10.0.0.8:5000/api/usuario/register applications/json 121
[2023-10-09 12:11:11.799 -06:00 INF] Executing endpoint 'API.Controllers.UsuarioController.RegisterAsync (API)'
[2023-10-09 12:11:11.799 -06:00 INF] Route matched with {action = "Register", controller = "Usuario"}. Executing controller action with signature System.Threading.Tasks.Task`1[Microsoft.AspNetCore.Mvc.ActionResult] RegisterAsync(API.Dtos.RegisterDto) on controller API.Controllers.UsuarioController (API).
[2023-10-09 12:11:11.884 -06:00 INF] Executing ObjectResult, writing value of type 'Microsoft.AspNetCore.Mvc.ProblemDetails'.
[2023-10-09 12:11:11.888 -06:00 INF] Executed action API.Controllers.UsuarioController.RegisterAsync (API) in 88.2812ms
[2023-10-09 12:11:11.888 -06:00 INF] Executed endpoint 'API.Controllers.UsuarioController.RegisterAsync (API)'
[2023-10-09 12:11:11.888 -06:00 INF] Request finished HTTP/1.1 POST http://10.0.0.8:5000/api/usuario/register applications/json 121 - 415 - application/problem+json;+charset=utf-8 93.5726ms
[2023-10-09 12:11:46.773 -06:00 INF] Request starting HTTP/1.1 POST http://10.0.0.8:5000/api/usuario/register applications/json 121
[2023-10-09 12:11:46.773 -06:00 INF] Executing endpoint 'API.Controllers.UsuarioController.RegisterAsync (API)'
[2023-10-09 12:11:46.774 -06:00 INF] Route matched with {action = "Register", controller = "Usuario"}. Executing controller action with signature System.Threading.Tasks.Task`1[Microsoft.AspNetCore.Mvc.ActionResult] RegisterAsync(API.Dtos.RegisterDto) on controller API.Controllers.UsuarioController (API).
[2023-10-09 12:11:46.774 -06:00 INF] Executing ObjectResult, writing value of type 'Microsoft.AspNetCore.Mvc.ProblemDetails'.
[2023-10-09 12:11:46.775 -06:00 INF] Executed action API.Controllers.UsuarioController.RegisterAsync (API) in 0.9101ms
[2023-10-09 12:11:46.775 -06:00 INF] Executed endpoint 'API.Controllers.UsuarioController.RegisterAsync (API)'
[2023-10-09 12:11:46.775 -06:00 INF] Request finished HTTP/1.1 POST http://10.0.0.8:5000/api/usuario/register applications/json 121 - 415 - application/problem+json;+charset=utf-8 1.8879ms
[2023-10-09 12:11:46.779 -06:00 INF] Connection id "0HMU8UABF8BDQ", Request id "0HMU8UABF8BDQ:00000002": the application completed without reading the entire request body.
[2023-10-09 12:13:19.672 -06:00 INF] Entity Framework Core 6.0.4 initialized 'InventarioContext' using provider 'Pomelo.EntityFrameworkCore.MySql:6.0.1' with options: ServerVersion 8.0.28-mysql 
[2023-10-09 12:13:20.717 -06:00 INF] Executed DbCommand (21ms) [Parameters=[], CommandType='"Text"', CommandTimeout='30']
SELECT 1 FROM INFORMATION_SCHEMA.TABLES WHERE TABLE_SCHEMA='inventarioRopa' AND TABLE_NAME='__EFMigrationsHistory';
[2023-10-09 12:13:20.926 -06:00 INF] Executed DbCommand (10ms) [Parameters=[], CommandType='"Text"', CommandTimeout='30']
SELECT 1 FROM INFORMATION_SCHEMA.TABLES WHERE TABLE_SCHEMA='inventarioRopa' AND TABLE_NAME='__EFMigrationsHistory';
[2023-10-09 12:13:20.967 -06:00 INF] Executed DbCommand (8ms) [Parameters=[], CommandType='"Text"', CommandTimeout='30']
SELECT `MigrationId`, `ProductVersion`
FROM `__EFMigrationsHistory`
ORDER BY `MigrationId`;
[2023-10-09 12:13:20.999 -06:00 INF] No migrations were applied. The database is already up to date.
[2023-10-09 12:13:21.305 -06:00 INF] Executed DbCommand (3ms) [Parameters=[], CommandType='"Text"', CommandTimeout='30']
SELECT EXISTS (
    SELECT 1
    FROM `Rol` AS `r`)
[2023-10-09 12:13:21.489 -06:00 INF] User profile is available. Using 'C:\Users\Rodrigo Tellez\AppData\Local\ASP.NET\DataProtection-Keys' as key repository and Windows DPAPI to encrypt keys at rest.
[2023-10-09 12:13:21.600 -06:00 INF] Now listening on: https://10.0.0.8:5001
[2023-10-09 12:13:21.600 -06:00 INF] Now listening on: http://10.0.0.8:5000
[2023-10-09 12:13:21.608 -06:00 INF] Application started. Press Ctrl+C to shut down.
[2023-10-09 12:13:21.608 -06:00 INF] Hosting environment: Development
[2023-10-09 12:13:21.608 -06:00 INF] Content root path: D:\10CUATRIMESTRE\HECTOR\Backend\inventario\API\
[2023-10-09 12:13:30.137 -06:00 INF] Request starting HTTP/1.1 POST http://10.0.0.8:5000/api/usuario/register applications/json 121
[2023-10-09 12:13:30.288 -06:00 INF] Request finished HTTP/1.1 POST http://10.0.0.8:5000/api/usuario/register applications/json 121 - 307 0 - 156.9620ms
[2023-10-09 12:14:46.582 -06:00 INF] Entity Framework Core 6.0.4 initialized 'InventarioContext' using provider 'Pomelo.EntityFrameworkCore.MySql:6.0.1' with options: ServerVersion 8.0.28-mysql 
[2023-10-09 12:14:48.382 -06:00 INF] Executed DbCommand (78ms) [Parameters=[], CommandType='"Text"', CommandTimeout='30']
SELECT 1 FROM INFORMATION_SCHEMA.TABLES WHERE TABLE_SCHEMA='inventarioRopa' AND TABLE_NAME='__EFMigrationsHistory';
[2023-10-09 12:14:48.433 -06:00 INF] Executed DbCommand (4ms) [Parameters=[], CommandType='"Text"', CommandTimeout='30']
SELECT 1 FROM INFORMATION_SCHEMA.TABLES WHERE TABLE_SCHEMA='inventarioRopa' AND TABLE_NAME='__EFMigrationsHistory';
[2023-10-09 12:14:48.486 -06:00 INF] Executed DbCommand (7ms) [Parameters=[], CommandType='"Text"', CommandTimeout='30']
SELECT `MigrationId`, `ProductVersion`
FROM `__EFMigrationsHistory`
ORDER BY `MigrationId`;
[2023-10-09 12:14:48.523 -06:00 INF] No migrations were applied. The database is already up to date.
[2023-10-09 12:14:49.049 -06:00 INF] Executed DbCommand (160ms) [Parameters=[], CommandType='"Text"', CommandTimeout='30']
SELECT EXISTS (
    SELECT 1
    FROM `Rol` AS `r`)
[2023-10-09 12:14:49.248 -06:00 INF] User profile is available. Using 'C:\Users\Rodrigo Tellez\AppData\Local\ASP.NET\DataProtection-Keys' as key repository and Windows DPAPI to encrypt keys at rest.
[2023-10-09 12:14:49.356 -06:00 INF] Now listening on: https://10.0.0.8:5001
[2023-10-09 12:14:49.357 -06:00 INF] Now listening on: http://10.0.0.8:5000
[2023-10-09 12:14:49.364 -06:00 INF] Application started. Press Ctrl+C to shut down.
[2023-10-09 12:14:49.364 -06:00 INF] Hosting environment: Development
[2023-10-09 12:14:49.364 -06:00 INF] Content root path: D:\10CUATRIMESTRE\HECTOR\Backend\inventario\API\
[2023-10-09 12:14:57.743 -06:00 INF] Request starting HTTP/1.1 POST http://10.0.0.8:5000/api/usuario/register applications/json 121
[2023-10-09 12:14:58.129 -06:00 INF] Executing endpoint 'API.Controllers.UsuarioController.RegisterAsync (API)'
[2023-10-09 12:14:58.168 -06:00 INF] Route matched with {action = "Register", controller = "Usuario"}. Executing controller action with signature System.Threading.Tasks.Task`1[Microsoft.AspNetCore.Mvc.ActionResult] RegisterAsync(API.Dtos.RegisterDto) on controller API.Controllers.UsuarioController (API).
[2023-10-09 12:14:58.278 -06:00 INF] Executing ObjectResult, writing value of type 'Microsoft.AspNetCore.Mvc.ProblemDetails'.
[2023-10-09 12:14:58.318 -06:00 INF] Executed action API.Controllers.UsuarioController.RegisterAsync (API) in 142.697ms
[2023-10-09 12:14:58.319 -06:00 INF] Executed endpoint 'API.Controllers.UsuarioController.RegisterAsync (API)'
[2023-10-09 12:14:58.321 -06:00 INF] Request finished HTTP/1.1 POST http://10.0.0.8:5000/api/usuario/register applications/json 121 - 415 - application/problem+json;+charset=utf-8 584.1653ms
[2023-10-09 12:15:39.517 -06:00 INF] Request starting HTTP/1.1 POST http://10.0.0.8:5000/api/usuario/register applications/json 121
[2023-10-09 12:15:39.522 -06:00 INF] Executing endpoint 'API.Controllers.UsuarioController.RegisterAsync (API)'
[2023-10-09 12:15:39.523 -06:00 INF] Route matched with {action = "Register", controller = "Usuario"}. Executing controller action with signature System.Threading.Tasks.Task`1[Microsoft.AspNetCore.Mvc.ActionResult] RegisterAsync(API.Dtos.RegisterDto) on controller API.Controllers.UsuarioController (API).
[2023-10-09 12:15:39.524 -06:00 INF] Executing ObjectResult, writing value of type 'Microsoft.AspNetCore.Mvc.ProblemDetails'.
[2023-10-09 12:15:39.525 -06:00 INF] Executed action API.Controllers.UsuarioController.RegisterAsync (API) in 2.194ms
[2023-10-09 12:15:39.525 -06:00 INF] Executed endpoint 'API.Controllers.UsuarioController.RegisterAsync (API)'
[2023-10-09 12:15:39.526 -06:00 INF] Request finished HTTP/1.1 POST http://10.0.0.8:5000/api/usuario/register applications/json 121 - 415 - application/problem+json;+charset=utf-8 9.6031ms
[2023-10-09 12:19:55.848 -06:00 INF] Request starting HTTP/1.1 POST http://10.0.0.8:5000/api/usuario/register application/json 121
[2023-10-09 12:19:56.103 -06:00 INF] Executing endpoint 'API.Controllers.UsuarioController.RegisterAsync (API)'
[2023-10-09 12:19:56.118 -06:00 INF] Route matched with {action = "Register", controller = "Usuario"}. Executing controller action with signature System.Threading.Tasks.Task`1[Microsoft.AspNetCore.Mvc.ActionResult] RegisterAsync(API.Dtos.RegisterDto) on controller API.Controllers.UsuarioController (API).
[2023-10-09 12:19:56.539 -06:00 INF] Entity Framework Core 6.0.4 initialized 'InventarioContext' using provider 'Pomelo.EntityFrameworkCore.MySql:6.0.1' with options: ServerVersion 8.0.28-mysql 
[2023-10-09 12:19:57.557 -06:00 INF] Executed DbCommand (33ms) [Parameters=[@__ToLower_0='?' (Size = 255)], CommandType='"Text"', CommandTimeout='30']
SELECT `u`.`ID`, `u`.`Apellido`, `u`.`CorreoElectronico`, `u`.`Nom_user`, `u`.`Password`
FROM `Usuario` AS `u`
WHERE LOWER(`u`.`Nom_user`) = @__ToLower_0
[2023-10-09 12:19:57.576 -06:00 INF] Executed DbCommand (3ms) [Parameters=[], CommandType='"Text"', CommandTimeout='30']
SELECT `r`.`ID`, `r`.`Nombre`
FROM `Rol` AS `r`
WHERE `r`.`Nombre` = 'Empleado'
[2023-10-09 12:19:58.195 -06:00 INF] Executed DbCommand (62ms) [Parameters=[@p0='?' (Size = 255), @p1='?' (Size = 255), @p2='?' (Size = 255), @p3='?' (Size = 255)], CommandType='"Text"', CommandTimeout='30']
INSERT INTO `Usuario` (`Apellido`, `CorreoElectronico`, `Nom_user`, `Password`)
VALUES (@p0, @p1, @p2, @p3);
SELECT `ID`
FROM `Usuario`
WHERE ROW_COUNT() = 1 AND `ID` = LAST_INSERT_ID();
[2023-10-09 12:19:58.259 -06:00 INF] Executed DbCommand (6ms) [Parameters=[@p4='?' (DbType = Int32), @p5='?' (DbType = Int32)], CommandType='"Text"', CommandTimeout='30']
INSERT INTO `UsuarioRoles` (`RolId`, `UsuarioId`)
VALUES (@p4, @p5);
[2023-10-09 12:19:58.324 -06:00 INF] Executing OkObjectResult, writing value of type 'System.String'.
[2023-10-09 12:19:58.348 -06:00 INF] Executed action API.Controllers.UsuarioController.RegisterAsync (API) in 2229.6417ms
[2023-10-09 12:19:58.349 -06:00 INF] Executed endpoint 'API.Controllers.UsuarioController.RegisterAsync (API)'
[2023-10-09 12:19:58.354 -06:00 INF] Request finished HTTP/1.1 POST http://10.0.0.8:5000/api/usuario/register application/json 121 - 200 - text/plain;+charset=utf-8 2519.2696ms
[2023-10-09 12:20:53.931 -06:00 INF] Application is shutting down...
