[2023-10-25 09:12:13.352 -06:00 INF] Entity Framework Core 6.0.4 initialized 'InventarioContext' using provider 'Pomelo.EntityFrameworkCore.MySql:6.0.1' with options: ServerVersion 8.0.28-mysql 
[2023-10-25 09:12:13.766 -06:00 INF] Executed DbCommand (19ms) [Parameters=[], CommandType='"Text"', CommandTimeout='30']
SELECT 1 FROM INFORMATION_SCHEMA.TABLES WHERE TABLE_SCHEMA='inventarioRopa' AND TABLE_NAME='__EFMigrationsHistory';
[2023-10-25 09:12:13.803 -06:00 INF] Executed DbCommand (3ms) [Parameters=[], CommandType='"Text"', CommandTimeout='30']
SELECT 1 FROM INFORMATION_SCHEMA.TABLES WHERE TABLE_SCHEMA='inventarioRopa' AND TABLE_NAME='__EFMigrationsHistory';
[2023-10-25 09:12:13.849 -06:00 INF] Executed DbCommand (16ms) [Parameters=[], CommandType='"Text"', CommandTimeout='30']
SELECT `MigrationId`, `ProductVersion`
FROM `__EFMigrationsHistory`
ORDER BY `MigrationId`;
[2023-10-25 09:12:13.898 -06:00 INF] No migrations were applied. The database is already up to date.
[2023-10-25 09:12:14.148 -06:00 INF] Executed DbCommand (11ms) [Parameters=[], CommandType='"Text"', CommandTimeout='30']
SELECT EXISTS (
    SELECT 1
    FROM `Rol` AS `r`)
[2023-10-25 09:12:14.281 -06:00 INF] User profile is available. Using 'C:\Users\Rodrigo Tellez\AppData\Local\ASP.NET\DataProtection-Keys' as key repository and Windows DPAPI to encrypt keys at rest.
[2023-10-25 09:12:14.368 -06:00 INF] Now listening on: https://192.168.0.3:5001
[2023-10-25 09:12:14.368 -06:00 INF] Now listening on: http://192.168.0.3:5000
[2023-10-25 09:12:14.374 -06:00 INF] Application started. Press Ctrl+C to shut down.
[2023-10-25 09:12:14.374 -06:00 INF] Hosting environment: Development
[2023-10-25 09:12:14.374 -06:00 INF] Content root path: D:\10CUATRIMESTRE\HECTOR\Backend\inventario\API\
[2023-10-25 09:20:15.337 -06:00 INF] Request starting HTTP/1.1 POST http://192.168.0.3:5000/api/usuario/token application/json 58
[2023-10-25 09:20:16.313 -06:00 INF] Failed to validate the token.
Microsoft.IdentityModel.Tokens.SecurityTokenExpiredException: IDX10223: Lifetime validation failed. The token is expired. ValidTo: '25/10/2023 03:52:31 a. m.', Current time: '25/10/2023 03:20:16 p. m.'.
   at Microsoft.IdentityModel.Tokens.Validators.ValidateLifetime(Nullable`1 notBefore, Nullable`1 expires, SecurityToken securityToken, TokenValidationParameters validationParameters)
   at System.IdentityModel.Tokens.Jwt.JwtSecurityTokenHandler.ValidateLifetime(Nullable`1 notBefore, Nullable`1 expires, JwtSecurityToken jwtToken, TokenValidationParameters validationParameters)
   at System.IdentityModel.Tokens.Jwt.JwtSecurityTokenHandler.ValidateTokenPayload(JwtSecurityToken jwtToken, TokenValidationParameters validationParameters, BaseConfiguration configuration)
   at System.IdentityModel.Tokens.Jwt.JwtSecurityTokenHandler.ValidateJWS(String token, TokenValidationParameters validationParameters, BaseConfiguration currentConfiguration, SecurityToken& signatureValidatedToken, ExceptionDispatchInfo& exceptionThrown)
--- End of stack trace from previous location ---
   at System.IdentityModel.Tokens.Jwt.JwtSecurityTokenHandler.ValidateToken(String token, JwtSecurityToken outerToken, TokenValidationParameters validationParameters, SecurityToken& signatureValidatedToken)
   at System.IdentityModel.Tokens.Jwt.JwtSecurityTokenHandler.ValidateToken(String token, TokenValidationParameters validationParameters, SecurityToken& validatedToken)
   at Microsoft.AspNetCore.Authentication.JwtBearer.JwtBearerHandler.HandleAuthenticateAsync()
[2023-10-25 09:20:16.412 -06:00 INF] Bearer was not authenticated. Failure message: IDX10223: Lifetime validation failed. The token is expired. ValidTo: '25/10/2023 03:52:31 a. m.', Current time: '25/10/2023 03:20:16 p. m.'.
[2023-10-25 09:20:16.424 -06:00 INF] Executing endpoint 'API.Controllers.UsuarioController.GetTokenAsync (API)'
[2023-10-25 09:20:16.483 -06:00 INF] Route matched with {action = "GetToken", controller = "Usuario"}. Executing controller action with signature System.Threading.Tasks.Task`1[Microsoft.AspNetCore.Mvc.IActionResult] GetTokenAsync(API.Dtos.LoginDto) on controller API.Controllers.UsuarioController (API).
[2023-10-25 09:20:17.039 -06:00 INF] Entity Framework Core 6.0.4 initialized 'InventarioContext' using provider 'Pomelo.EntityFrameworkCore.MySql:6.0.1' with options: ServerVersion 8.0.28-mysql 
[2023-10-25 09:20:17.624 -06:00 WRN] Compiling a query which loads related collections for more than one collection navigation, either via 'Include' or through projection, but no 'QuerySplittingBehavior' has been configured. By default, Entity Framework will use 'QuerySplittingBehavior.SingleQuery', which can potentially result in slow query performance. See https://go.microsoft.com/fwlink/?linkid=2134277 for more information. To identify the query that's triggering this warning call 'ConfigureWarnings(w => w.Throw(RelationalEventId.MultipleCollectionIncludeWarning))'.
[2023-10-25 09:20:18.083 -06:00 INF] Executed DbCommand (70ms) [Parameters=[@__ToLower_0='?' (Size = 255)], CommandType='"Text"', CommandTimeout='30']
SELECT `t`.`ID`, `t`.`Apellido`, `t`.`CorreoElectronico`, `t`.`Nom_user`, `t`.`Password`, `t0`.`UsuarioId`, `t0`.`RolId`, `t0`.`ID`, `t0`.`Nombre`, `r0`.`ID`, `r0`.`Created`, `r0`.`Expires`, `r0`.`Revoked`, `r0`.`Token`, `r0`.`UsuarioId`
FROM (
    SELECT `u`.`ID`, `u`.`Apellido`, `u`.`CorreoElectronico`, `u`.`Nom_user`, `u`.`Password`
    FROM `Usuario` AS `u`
    WHERE LOWER(`u`.`Nom_user`) = @__ToLower_0
    LIMIT 1
) AS `t`
LEFT JOIN (
    SELECT `u0`.`UsuarioId`, `u0`.`RolId`, `r`.`ID`, `r`.`Nombre`
    FROM `UsuarioRoles` AS `u0`
    INNER JOIN `Rol` AS `r` ON `u0`.`RolId` = `r`.`ID`
) AS `t0` ON `t`.`ID` = `t0`.`UsuarioId`
LEFT JOIN `RefreshToken` AS `r0` ON `t`.`ID` = `r0`.`UsuarioId`
ORDER BY `t`.`ID`, `t0`.`UsuarioId`, `t0`.`RolId`, `t0`.`ID`
[2023-10-25 09:20:18.423 -06:00 INF] Executing OkObjectResult, writing value of type '<>f__AnonymousType2`3[[System.String, System.Private.CoreLib, Version=6.0.0.0, Culture=neutral, PublicKeyToken=7cec85d7bea7798e],[System.Boolean, System.Private.CoreLib, Version=6.0.0.0, Culture=neutral, PublicKeyToken=7cec85d7bea7798e],[API.Dtos.DatosUsuarioDto, API, Version=1.0.0.0, Culture=neutral, PublicKeyToken=null]]'.
[2023-10-25 09:20:18.473 -06:00 INF] Executed action API.Controllers.UsuarioController.GetTokenAsync (API) in 1974.7102ms
[2023-10-25 09:20:18.475 -06:00 INF] Executed endpoint 'API.Controllers.UsuarioController.GetTokenAsync (API)'
[2023-10-25 09:20:18.487 -06:00 INF] Request finished HTTP/1.1 POST http://192.168.0.3:5000/api/usuario/token application/json 58 - 200 - application/json;+charset=utf-8 3173.9921ms
[2023-10-25 09:21:51.757 -06:00 INF] Application is shutting down...
[2023-10-25 09:22:10.213 -06:00 INF] Entity Framework Core 6.0.4 initialized 'InventarioContext' using provider 'Pomelo.EntityFrameworkCore.MySql:6.0.1' with options: ServerVersion 8.0.28-mysql 
[2023-10-25 09:22:10.978 -06:00 INF] Executed DbCommand (31ms) [Parameters=[], CommandType='"Text"', CommandTimeout='30']
SELECT 1 FROM INFORMATION_SCHEMA.TABLES WHERE TABLE_SCHEMA='inventarioRopa' AND TABLE_NAME='__EFMigrationsHistory';
[2023-10-25 09:22:11.027 -06:00 INF] Executed DbCommand (5ms) [Parameters=[], CommandType='"Text"', CommandTimeout='30']
SELECT 1 FROM INFORMATION_SCHEMA.TABLES WHERE TABLE_SCHEMA='inventarioRopa' AND TABLE_NAME='__EFMigrationsHistory';
[2023-10-25 09:22:11.067 -06:00 INF] Executed DbCommand (7ms) [Parameters=[], CommandType='"Text"', CommandTimeout='30']
SELECT `MigrationId`, `ProductVersion`
FROM `__EFMigrationsHistory`
ORDER BY `MigrationId`;
[2023-10-25 09:22:11.099 -06:00 INF] No migrations were applied. The database is already up to date.
[2023-10-25 09:22:11.358 -06:00 INF] Executed DbCommand (3ms) [Parameters=[], CommandType='"Text"', CommandTimeout='30']
SELECT EXISTS (
    SELECT 1
    FROM `Rol` AS `r`)
[2023-10-25 09:22:11.530 -06:00 INF] User profile is available. Using 'C:\Users\Rodrigo Tellez\AppData\Local\ASP.NET\DataProtection-Keys' as key repository and Windows DPAPI to encrypt keys at rest.
[2023-10-25 09:22:11.620 -06:00 INF] Now listening on: https://192.168.0.3:5001
[2023-10-25 09:22:11.620 -06:00 INF] Now listening on: http://192.168.0.3:5000
[2023-10-25 09:22:11.624 -06:00 INF] Application started. Press Ctrl+C to shut down.
[2023-10-25 09:22:11.624 -06:00 INF] Hosting environment: Development
[2023-10-25 09:22:11.624 -06:00 INF] Content root path: D:\10CUATRIMESTRE\HECTOR\Backend\inventario\API\
[2023-10-25 09:22:42.935 -06:00 INF] Request starting HTTP/1.1 POST http://192.168.0.3:5000/api/usuario/token application/json 58
[2023-10-25 09:22:43.388 -06:00 INF] Executing endpoint 'API.Controllers.UsuarioController.GetTokenAsync (API)'
[2023-10-25 09:22:43.445 -06:00 INF] Route matched with {action = "GetToken", controller = "Usuario"}. Executing controller action with signature System.Threading.Tasks.Task`1[Microsoft.AspNetCore.Mvc.IActionResult] GetTokenAsync(API.Dtos.LoginDto) on controller API.Controllers.UsuarioController (API).
[2023-10-25 09:22:43.730 -06:00 INF] Entity Framework Core 6.0.4 initialized 'InventarioContext' using provider 'Pomelo.EntityFrameworkCore.MySql:6.0.1' with options: ServerVersion 8.0.28-mysql 
[2023-10-25 09:22:44.019 -06:00 WRN] Compiling a query which loads related collections for more than one collection navigation, either via 'Include' or through projection, but no 'QuerySplittingBehavior' has been configured. By default, Entity Framework will use 'QuerySplittingBehavior.SingleQuery', which can potentially result in slow query performance. See https://go.microsoft.com/fwlink/?linkid=2134277 for more information. To identify the query that's triggering this warning call 'ConfigureWarnings(w => w.Throw(RelationalEventId.MultipleCollectionIncludeWarning))'.
[2023-10-25 09:22:44.125 -06:00 INF] Executed DbCommand (28ms) [Parameters=[@__ToLower_0='?' (Size = 255)], CommandType='"Text"', CommandTimeout='30']
SELECT `t`.`ID`, `t`.`Apellido`, `t`.`CorreoElectronico`, `t`.`Nom_user`, `t`.`Password`, `t0`.`UsuarioId`, `t0`.`RolId`, `t0`.`ID`, `t0`.`Nombre`, `r0`.`ID`, `r0`.`Created`, `r0`.`Expires`, `r0`.`Revoked`, `r0`.`Token`, `r0`.`UsuarioId`
FROM (
    SELECT `u`.`ID`, `u`.`Apellido`, `u`.`CorreoElectronico`, `u`.`Nom_user`, `u`.`Password`
    FROM `Usuario` AS `u`
    WHERE LOWER(`u`.`Nom_user`) = @__ToLower_0
    LIMIT 1
) AS `t`
LEFT JOIN (
    SELECT `u0`.`UsuarioId`, `u0`.`RolId`, `r`.`ID`, `r`.`Nombre`
    FROM `UsuarioRoles` AS `u0`
    INNER JOIN `Rol` AS `r` ON `u0`.`RolId` = `r`.`ID`
) AS `t0` ON `t`.`ID` = `t0`.`UsuarioId`
LEFT JOIN `RefreshToken` AS `r0` ON `t`.`ID` = `r0`.`UsuarioId`
ORDER BY `t`.`ID`, `t0`.`UsuarioId`, `t0`.`RolId`, `t0`.`ID`
[2023-10-25 09:22:44.386 -06:00 INF] Executing OkObjectResult, writing value of type '<>f__AnonymousType2`3[[System.String, System.Private.CoreLib, Version=6.0.0.0, Culture=neutral, PublicKeyToken=7cec85d7bea7798e],[System.Boolean, System.Private.CoreLib, Version=6.0.0.0, Culture=neutral, PublicKeyToken=7cec85d7bea7798e],[API.Dtos.DatosUsuarioDto, API, Version=1.0.0.0, Culture=neutral, PublicKeyToken=null]]'.
[2023-10-25 09:22:44.427 -06:00 INF] Executed action API.Controllers.UsuarioController.GetTokenAsync (API) in 973.7283ms
[2023-10-25 09:22:44.428 -06:00 INF] Executed endpoint 'API.Controllers.UsuarioController.GetTokenAsync (API)'
[2023-10-25 09:22:44.436 -06:00 INF] Request finished HTTP/1.1 POST http://192.168.0.3:5000/api/usuario/token application/json 58 - 200 - application/json;+charset=utf-8 1507.7153ms
[2023-10-25 09:24:25.741 -06:00 INF] Application is shutting down...
[2023-10-25 09:24:39.165 -06:00 INF] Entity Framework Core 6.0.4 initialized 'InventarioContext' using provider 'Pomelo.EntityFrameworkCore.MySql:6.0.1' with options: ServerVersion 8.0.28-mysql 
[2023-10-25 09:24:39.733 -06:00 INF] Executed DbCommand (17ms) [Parameters=[], CommandType='"Text"', CommandTimeout='30']
SELECT 1 FROM INFORMATION_SCHEMA.TABLES WHERE TABLE_SCHEMA='inventarioRopa' AND TABLE_NAME='__EFMigrationsHistory';
[2023-10-25 09:24:39.781 -06:00 INF] Executed DbCommand (4ms) [Parameters=[], CommandType='"Text"', CommandTimeout='30']
SELECT 1 FROM INFORMATION_SCHEMA.TABLES WHERE TABLE_SCHEMA='inventarioRopa' AND TABLE_NAME='__EFMigrationsHistory';
[2023-10-25 09:24:39.821 -06:00 INF] Executed DbCommand (10ms) [Parameters=[], CommandType='"Text"', CommandTimeout='30']
SELECT `MigrationId`, `ProductVersion`
FROM `__EFMigrationsHistory`
ORDER BY `MigrationId`;
[2023-10-25 09:24:39.855 -06:00 INF] No migrations were applied. The database is already up to date.
[2023-10-25 09:24:40.222 -06:00 INF] Executed DbCommand (4ms) [Parameters=[], CommandType='"Text"', CommandTimeout='30']
SELECT EXISTS (
    SELECT 1
    FROM `Rol` AS `r`)
[2023-10-25 09:24:40.452 -06:00 INF] User profile is available. Using 'C:\Users\Rodrigo Tellez\AppData\Local\ASP.NET\DataProtection-Keys' as key repository and Windows DPAPI to encrypt keys at rest.
[2023-10-25 09:24:40.548 -06:00 INF] Now listening on: https://192.168.0.3:5001
[2023-10-25 09:24:40.548 -06:00 INF] Now listening on: http://192.168.0.3:5000
[2023-10-25 09:24:40.558 -06:00 INF] Application started. Press Ctrl+C to shut down.
[2023-10-25 09:24:40.559 -06:00 INF] Hosting environment: Development
[2023-10-25 09:24:40.559 -06:00 INF] Content root path: D:\10CUATRIMESTRE\HECTOR\Backend\inventario\API\
[2023-10-25 09:25:28.381 -06:00 INF] Application is shutting down...
[2023-10-25 09:26:28.984 -06:00 INF] Entity Framework Core 6.0.4 initialized 'InventarioContext' using provider 'Pomelo.EntityFrameworkCore.MySql:6.0.1' with options: ServerVersion 8.0.28-mysql 
[2023-10-25 09:26:29.555 -06:00 INF] Executed DbCommand (26ms) [Parameters=[], CommandType='"Text"', CommandTimeout='30']
SELECT 1 FROM INFORMATION_SCHEMA.TABLES WHERE TABLE_SCHEMA='inventarioRopa' AND TABLE_NAME='__EFMigrationsHistory';
[2023-10-25 09:26:29.607 -06:00 INF] Executed DbCommand (5ms) [Parameters=[], CommandType='"Text"', CommandTimeout='30']
SELECT 1 FROM INFORMATION_SCHEMA.TABLES WHERE TABLE_SCHEMA='inventarioRopa' AND TABLE_NAME='__EFMigrationsHistory';
[2023-10-25 09:26:29.648 -06:00 INF] Executed DbCommand (11ms) [Parameters=[], CommandType='"Text"', CommandTimeout='30']
SELECT `MigrationId`, `ProductVersion`
FROM `__EFMigrationsHistory`
ORDER BY `MigrationId`;
[2023-10-25 09:26:29.687 -06:00 INF] No migrations were applied. The database is already up to date.
[2023-10-25 09:26:29.988 -06:00 INF] Executed DbCommand (4ms) [Parameters=[], CommandType='"Text"', CommandTimeout='30']
SELECT EXISTS (
    SELECT 1
    FROM `Rol` AS `r`)
[2023-10-25 09:26:30.168 -06:00 INF] User profile is available. Using 'C:\Users\Rodrigo Tellez\AppData\Local\ASP.NET\DataProtection-Keys' as key repository and Windows DPAPI to encrypt keys at rest.
[2023-10-25 09:26:30.279 -06:00 INF] Now listening on: https://172.30.48.1:5001
[2023-10-25 09:26:30.279 -06:00 INF] Now listening on: http://172.30.48.1:5000
[2023-10-25 09:26:30.284 -06:00 INF] Application started. Press Ctrl+C to shut down.
[2023-10-25 09:26:30.285 -06:00 INF] Hosting environment: Development
[2023-10-25 09:26:30.285 -06:00 INF] Content root path: D:\10CUATRIMESTRE\HECTOR\Backend\inventario\API\
[2023-10-25 09:27:46.163 -06:00 INF] Request starting HTTP/1.1 POST http://172.30.48.1:5000/api/usuario/token application/json 58
[2023-10-25 09:27:46.578 -06:00 INF] Executing endpoint 'API.Controllers.UsuarioController.GetTokenAsync (API)'
[2023-10-25 09:27:46.637 -06:00 INF] Route matched with {action = "GetToken", controller = "Usuario"}. Executing controller action with signature System.Threading.Tasks.Task`1[Microsoft.AspNetCore.Mvc.IActionResult] GetTokenAsync(API.Dtos.LoginDto) on controller API.Controllers.UsuarioController (API).
[2023-10-25 09:27:47.081 -06:00 INF] Entity Framework Core 6.0.4 initialized 'InventarioContext' using provider 'Pomelo.EntityFrameworkCore.MySql:6.0.1' with options: ServerVersion 8.0.28-mysql 
[2023-10-25 09:27:47.500 -06:00 WRN] Compiling a query which loads related collections for more than one collection navigation, either via 'Include' or through projection, but no 'QuerySplittingBehavior' has been configured. By default, Entity Framework will use 'QuerySplittingBehavior.SingleQuery', which can potentially result in slow query performance. See https://go.microsoft.com/fwlink/?linkid=2134277 for more information. To identify the query that's triggering this warning call 'ConfigureWarnings(w => w.Throw(RelationalEventId.MultipleCollectionIncludeWarning))'.
[2023-10-25 09:27:47.673 -06:00 INF] Executed DbCommand (63ms) [Parameters=[@__ToLower_0='?' (Size = 255)], CommandType='"Text"', CommandTimeout='30']
SELECT `t`.`ID`, `t`.`Apellido`, `t`.`CorreoElectronico`, `t`.`Nom_user`, `t`.`Password`, `t0`.`UsuarioId`, `t0`.`RolId`, `t0`.`ID`, `t0`.`Nombre`, `r0`.`ID`, `r0`.`Created`, `r0`.`Expires`, `r0`.`Revoked`, `r0`.`Token`, `r0`.`UsuarioId`
FROM (
    SELECT `u`.`ID`, `u`.`Apellido`, `u`.`CorreoElectronico`, `u`.`Nom_user`, `u`.`Password`
    FROM `Usuario` AS `u`
    WHERE LOWER(`u`.`Nom_user`) = @__ToLower_0
    LIMIT 1
) AS `t`
LEFT JOIN (
    SELECT `u0`.`UsuarioId`, `u0`.`RolId`, `r`.`ID`, `r`.`Nombre`
    FROM `UsuarioRoles` AS `u0`
    INNER JOIN `Rol` AS `r` ON `u0`.`RolId` = `r`.`ID`
) AS `t0` ON `t`.`ID` = `t0`.`UsuarioId`
LEFT JOIN `RefreshToken` AS `r0` ON `t`.`ID` = `r0`.`UsuarioId`
ORDER BY `t`.`ID`, `t0`.`UsuarioId`, `t0`.`RolId`, `t0`.`ID`
[2023-10-25 09:27:47.942 -06:00 INF] Executing OkObjectResult, writing value of type '<>f__AnonymousType2`3[[System.String, System.Private.CoreLib, Version=6.0.0.0, Culture=neutral, PublicKeyToken=7cec85d7bea7798e],[System.Boolean, System.Private.CoreLib, Version=6.0.0.0, Culture=neutral, PublicKeyToken=7cec85d7bea7798e],[API.Dtos.DatosUsuarioDto, API, Version=1.0.0.0, Culture=neutral, PublicKeyToken=null]]'.
[2023-10-25 09:27:47.973 -06:00 INF] Executed action API.Controllers.UsuarioController.GetTokenAsync (API) in 1329.9931ms
[2023-10-25 09:27:47.974 -06:00 INF] Executed endpoint 'API.Controllers.UsuarioController.GetTokenAsync (API)'
[2023-10-25 09:27:47.982 -06:00 INF] Request finished HTTP/1.1 POST http://172.30.48.1:5000/api/usuario/token application/json 58 - 200 - application/json;+charset=utf-8 1825.5488ms
[2023-10-25 09:30:43.776 -06:00 INF] Application is shutting down...
[2023-10-25 09:31:21.011 -06:00 INF] Entity Framework Core 6.0.4 initialized 'InventarioContext' using provider 'Pomelo.EntityFrameworkCore.MySql:6.0.1' with options: ServerVersion 8.0.28-mysql 
[2023-10-25 09:31:21.695 -06:00 INF] Executed DbCommand (32ms) [Parameters=[], CommandType='"Text"', CommandTimeout='30']
SELECT 1 FROM INFORMATION_SCHEMA.TABLES WHERE TABLE_SCHEMA='inventarioRopa' AND TABLE_NAME='__EFMigrationsHistory';
[2023-10-25 09:31:21.753 -06:00 INF] Executed DbCommand (6ms) [Parameters=[], CommandType='"Text"', CommandTimeout='30']
SELECT 1 FROM INFORMATION_SCHEMA.TABLES WHERE TABLE_SCHEMA='inventarioRopa' AND TABLE_NAME='__EFMigrationsHistory';
[2023-10-25 09:31:21.796 -06:00 INF] Executed DbCommand (9ms) [Parameters=[], CommandType='"Text"', CommandTimeout='30']
SELECT `MigrationId`, `ProductVersion`
FROM `__EFMigrationsHistory`
ORDER BY `MigrationId`;
[2023-10-25 09:31:21.838 -06:00 INF] No migrations were applied. The database is already up to date.
[2023-10-25 09:31:22.159 -06:00 INF] Executed DbCommand (5ms) [Parameters=[], CommandType='"Text"', CommandTimeout='30']
SELECT EXISTS (
    SELECT 1
    FROM `Rol` AS `r`)
[2023-10-25 09:31:22.332 -06:00 INF] User profile is available. Using 'C:\Users\Rodrigo Tellez\AppData\Local\ASP.NET\DataProtection-Keys' as key repository and Windows DPAPI to encrypt keys at rest.
[2023-10-25 09:31:22.471 -06:00 INF] Now listening on: https://localhost:5001
[2023-10-25 09:31:22.471 -06:00 INF] Now listening on: http://localhost:5000
[2023-10-25 09:31:22.476 -06:00 INF] Application started. Press Ctrl+C to shut down.
[2023-10-25 09:31:22.476 -06:00 INF] Hosting environment: Development
[2023-10-25 09:31:22.476 -06:00 INF] Content root path: D:\10CUATRIMESTRE\HECTOR\Backend\inventario\API\
[2023-10-25 09:32:52.943 -06:00 INF] Application is shutting down...
[2023-10-25 09:33:08.369 -06:00 INF] Entity Framework Core 6.0.4 initialized 'InventarioContext' using provider 'Pomelo.EntityFrameworkCore.MySql:6.0.1' with options: ServerVersion 8.0.28-mysql 
[2023-10-25 09:33:09.856 -06:00 INF] Executed DbCommand (31ms) [Parameters=[], CommandType='"Text"', CommandTimeout='30']
SELECT 1 FROM INFORMATION_SCHEMA.TABLES WHERE TABLE_SCHEMA='inventarioRopa' AND TABLE_NAME='__EFMigrationsHistory';
[2023-10-25 09:33:09.915 -06:00 INF] Executed DbCommand (4ms) [Parameters=[], CommandType='"Text"', CommandTimeout='30']
SELECT 1 FROM INFORMATION_SCHEMA.TABLES WHERE TABLE_SCHEMA='inventarioRopa' AND TABLE_NAME='__EFMigrationsHistory';
[2023-10-25 09:33:09.967 -06:00 INF] Executed DbCommand (7ms) [Parameters=[], CommandType='"Text"', CommandTimeout='30']
SELECT `MigrationId`, `ProductVersion`
FROM `__EFMigrationsHistory`
ORDER BY `MigrationId`;
[2023-10-25 09:33:09.996 -06:00 INF] No migrations were applied. The database is already up to date.
[2023-10-25 09:33:10.362 -06:00 INF] Executed DbCommand (4ms) [Parameters=[], CommandType='"Text"', CommandTimeout='30']
SELECT EXISTS (
    SELECT 1
    FROM `Rol` AS `r`)
[2023-10-25 09:33:10.589 -06:00 INF] User profile is available. Using 'C:\Users\Rodrigo Tellez\AppData\Local\ASP.NET\DataProtection-Keys' as key repository and Windows DPAPI to encrypt keys at rest.
[2023-10-25 09:33:10.683 -06:00 INF] Now listening on: https://192.168.0.3:5001
[2023-10-25 09:33:10.683 -06:00 INF] Now listening on: http://192.168.0.3:5000
[2023-10-25 09:33:10.693 -06:00 INF] Application started. Press Ctrl+C to shut down.
[2023-10-25 09:33:10.693 -06:00 INF] Hosting environment: Development
[2023-10-25 09:33:10.693 -06:00 INF] Content root path: D:\10CUATRIMESTRE\HECTOR\Backend\inventario\API\
[2023-10-25 09:35:48.802 -06:00 INF] Application is shutting down...
[2023-10-25 09:37:49.307 -06:00 INF] Entity Framework Core 6.0.4 initialized 'InventarioContext' using provider 'Pomelo.EntityFrameworkCore.MySql:6.0.1' with options: ServerVersion 8.0.28-mysql 
[2023-10-25 09:37:50.069 -06:00 INF] Executed DbCommand (26ms) [Parameters=[], CommandType='"Text"', CommandTimeout='30']
SELECT 1 FROM INFORMATION_SCHEMA.TABLES WHERE TABLE_SCHEMA='inventarioRopa' AND TABLE_NAME='__EFMigrationsHistory';
[2023-10-25 09:37:50.122 -06:00 INF] Executed DbCommand (4ms) [Parameters=[], CommandType='"Text"', CommandTimeout='30']
SELECT 1 FROM INFORMATION_SCHEMA.TABLES WHERE TABLE_SCHEMA='inventarioRopa' AND TABLE_NAME='__EFMigrationsHistory';
[2023-10-25 09:37:50.179 -06:00 INF] Executed DbCommand (9ms) [Parameters=[], CommandType='"Text"', CommandTimeout='30']
SELECT `MigrationId`, `ProductVersion`
FROM `__EFMigrationsHistory`
ORDER BY `MigrationId`;
[2023-10-25 09:37:50.208 -06:00 INF] No migrations were applied. The database is already up to date.
[2023-10-25 09:37:50.479 -06:00 INF] Executed DbCommand (4ms) [Parameters=[], CommandType='"Text"', CommandTimeout='30']
SELECT EXISTS (
    SELECT 1
    FROM `Rol` AS `r`)
[2023-10-25 09:37:51.142 -06:00 INF] User profile is available. Using 'C:\Users\Rodrigo Tellez\AppData\Local\ASP.NET\DataProtection-Keys' as key repository and Windows DPAPI to encrypt keys at rest.
[2023-10-25 09:37:51.295 -06:00 INF] Now listening on: https://192.168.0.3:5001
[2023-10-25 09:37:51.296 -06:00 INF] Now listening on: http://192.168.0.3:5000
[2023-10-25 09:37:51.306 -06:00 INF] Application started. Press Ctrl+C to shut down.
[2023-10-25 09:37:51.306 -06:00 INF] Hosting environment: Development
[2023-10-25 09:37:51.306 -06:00 INF] Content root path: D:\10CUATRIMESTRE\HECTOR\Backend\inventario\API\
[2023-10-25 09:40:09.362 -06:00 INF] Request starting HTTP/1.1 POST http://192.168.0.3:5000/api/usuario/token application/json 58
[2023-10-25 09:40:09.893 -06:00 INF] Executing endpoint 'API.Controllers.UsuarioController.GetTokenAsync (API)'
[2023-10-25 09:40:09.953 -06:00 INF] Route matched with {action = "GetToken", controller = "Usuario"}. Executing controller action with signature System.Threading.Tasks.Task`1[Microsoft.AspNetCore.Mvc.IActionResult] GetTokenAsync(API.Dtos.LoginDto) on controller API.Controllers.UsuarioController (API).
[2023-10-25 09:40:10.266 -06:00 INF] Entity Framework Core 6.0.4 initialized 'InventarioContext' using provider 'Pomelo.EntityFrameworkCore.MySql:6.0.1' with options: ServerVersion 8.0.28-mysql 
[2023-10-25 09:40:11.675 -06:00 WRN] Compiling a query which loads related collections for more than one collection navigation, either via 'Include' or through projection, but no 'QuerySplittingBehavior' has been configured. By default, Entity Framework will use 'QuerySplittingBehavior.SingleQuery', which can potentially result in slow query performance. See https://go.microsoft.com/fwlink/?linkid=2134277 for more information. To identify the query that's triggering this warning call 'ConfigureWarnings(w => w.Throw(RelationalEventId.MultipleCollectionIncludeWarning))'.
[2023-10-25 09:40:11.981 -06:00 INF] Executed DbCommand (153ms) [Parameters=[@__ToLower_0='?' (Size = 255)], CommandType='"Text"', CommandTimeout='30']
SELECT `t`.`ID`, `t`.`Apellido`, `t`.`CorreoElectronico`, `t`.`Nom_user`, `t`.`Password`, `t0`.`UsuarioId`, `t0`.`RolId`, `t0`.`ID`, `t0`.`Nombre`, `r0`.`ID`, `r0`.`Created`, `r0`.`Expires`, `r0`.`Revoked`, `r0`.`Token`, `r0`.`UsuarioId`
FROM (
    SELECT `u`.`ID`, `u`.`Apellido`, `u`.`CorreoElectronico`, `u`.`Nom_user`, `u`.`Password`
    FROM `Usuario` AS `u`
    WHERE LOWER(`u`.`Nom_user`) = @__ToLower_0
    LIMIT 1
) AS `t`
LEFT JOIN (
    SELECT `u0`.`UsuarioId`, `u0`.`RolId`, `r`.`ID`, `r`.`Nombre`
    FROM `UsuarioRoles` AS `u0`
    INNER JOIN `Rol` AS `r` ON `u0`.`RolId` = `r`.`ID`
) AS `t0` ON `t`.`ID` = `t0`.`UsuarioId`
LEFT JOIN `RefreshToken` AS `r0` ON `t`.`ID` = `r0`.`UsuarioId`
ORDER BY `t`.`ID`, `t0`.`UsuarioId`, `t0`.`RolId`, `t0`.`ID`
[2023-10-25 09:40:12.445 -06:00 INF] Executing OkObjectResult, writing value of type '<>f__AnonymousType2`3[[System.String, System.Private.CoreLib, Version=6.0.0.0, Culture=neutral, PublicKeyToken=7cec85d7bea7798e],[System.Boolean, System.Private.CoreLib, Version=6.0.0.0, Culture=neutral, PublicKeyToken=7cec85d7bea7798e],[API.Dtos.DatosUsuarioDto, API, Version=1.0.0.0, Culture=neutral, PublicKeyToken=null]]'.
[2023-10-25 09:40:12.502 -06:00 INF] Executed action API.Controllers.UsuarioController.GetTokenAsync (API) in 2537.9994ms
[2023-10-25 09:40:12.504 -06:00 INF] Executed endpoint 'API.Controllers.UsuarioController.GetTokenAsync (API)'
[2023-10-25 09:40:12.513 -06:00 INF] Request finished HTTP/1.1 POST http://192.168.0.3:5000/api/usuario/token application/json 58 - 200 - application/json;+charset=utf-8 3158.8687ms
[2023-10-25 09:41:14.076 -06:00 INF] Application is shutting down...
[2023-10-25 09:44:44.153 -06:00 INF] Entity Framework Core 6.0.4 initialized 'InventarioContext' using provider 'Pomelo.EntityFrameworkCore.MySql:6.0.1' with options: ServerVersion 8.0.28-mysql 
[2023-10-25 09:44:44.878 -06:00 INF] Executed DbCommand (27ms) [Parameters=[], CommandType='"Text"', CommandTimeout='30']
SELECT 1 FROM INFORMATION_SCHEMA.TABLES WHERE TABLE_SCHEMA='inventarioRopa' AND TABLE_NAME='__EFMigrationsHistory';
[2023-10-25 09:44:44.932 -06:00 INF] Executed DbCommand (5ms) [Parameters=[], CommandType='"Text"', CommandTimeout='30']
SELECT 1 FROM INFORMATION_SCHEMA.TABLES WHERE TABLE_SCHEMA='inventarioRopa' AND TABLE_NAME='__EFMigrationsHistory';
[2023-10-25 09:44:44.991 -06:00 INF] Executed DbCommand (13ms) [Parameters=[], CommandType='"Text"', CommandTimeout='30']
SELECT `MigrationId`, `ProductVersion`
FROM `__EFMigrationsHistory`
ORDER BY `MigrationId`;
[2023-10-25 09:44:45.013 -06:00 INF] No migrations were applied. The database is already up to date.
[2023-10-25 09:44:45.305 -06:00 INF] Executed DbCommand (4ms) [Parameters=[], CommandType='"Text"', CommandTimeout='30']
SELECT EXISTS (
    SELECT 1
    FROM `Rol` AS `r`)
[2023-10-25 09:44:45.533 -06:00 INF] User profile is available. Using 'C:\Users\Rodrigo Tellez\AppData\Local\ASP.NET\DataProtection-Keys' as key repository and Windows DPAPI to encrypt keys at rest.
[2023-10-25 09:44:45.625 -06:00 INF] Now listening on: https://192.168.0.3:5001
[2023-10-25 09:44:45.625 -06:00 INF] Now listening on: http://192.168.0.3:5000
[2023-10-25 09:44:45.637 -06:00 INF] Application started. Press Ctrl+C to shut down.
[2023-10-25 09:44:45.638 -06:00 INF] Hosting environment: Development
[2023-10-25 09:44:45.638 -06:00 INF] Content root path: D:\10CUATRIMESTRE\HECTOR\Backend\inventario\API\
[2023-10-25 10:01:38.601 -06:00 INF] Request starting HTTP/1.1 POST http://192.168.0.3:5000/api/usuario/token application/json 55
[2023-10-25 10:01:39.188 -06:00 INF] CORS policy execution successful.
[2023-10-25 10:01:39.293 -06:00 INF] Executing endpoint 'API.Controllers.UsuarioController.GetTokenAsync (API)'
[2023-10-25 10:01:39.365 -06:00 INF] Route matched with {action = "GetToken", controller = "Usuario"}. Executing controller action with signature System.Threading.Tasks.Task`1[Microsoft.AspNetCore.Mvc.IActionResult] GetTokenAsync(API.Dtos.LoginDto) on controller API.Controllers.UsuarioController (API).
[2023-10-25 10:01:39.735 -06:00 INF] Entity Framework Core 6.0.4 initialized 'InventarioContext' using provider 'Pomelo.EntityFrameworkCore.MySql:6.0.1' with options: ServerVersion 8.0.28-mysql 
[2023-10-25 10:01:40.306 -06:00 WRN] Compiling a query which loads related collections for more than one collection navigation, either via 'Include' or through projection, but no 'QuerySplittingBehavior' has been configured. By default, Entity Framework will use 'QuerySplittingBehavior.SingleQuery', which can potentially result in slow query performance. See https://go.microsoft.com/fwlink/?linkid=2134277 for more information. To identify the query that's triggering this warning call 'ConfigureWarnings(w => w.Throw(RelationalEventId.MultipleCollectionIncludeWarning))'.
[2023-10-25 10:01:40.694 -06:00 INF] Executed DbCommand (67ms) [Parameters=[@__ToLower_0='?' (Size = 255)], CommandType='"Text"', CommandTimeout='30']
SELECT `t`.`ID`, `t`.`Apellido`, `t`.`CorreoElectronico`, `t`.`Nom_user`, `t`.`Password`, `t0`.`UsuarioId`, `t0`.`RolId`, `t0`.`ID`, `t0`.`Nombre`, `r0`.`ID`, `r0`.`Created`, `r0`.`Expires`, `r0`.`Revoked`, `r0`.`Token`, `r0`.`UsuarioId`
FROM (
    SELECT `u`.`ID`, `u`.`Apellido`, `u`.`CorreoElectronico`, `u`.`Nom_user`, `u`.`Password`
    FROM `Usuario` AS `u`
    WHERE LOWER(`u`.`Nom_user`) = @__ToLower_0
    LIMIT 1
) AS `t`
LEFT JOIN (
    SELECT `u0`.`UsuarioId`, `u0`.`RolId`, `r`.`ID`, `r`.`Nombre`
    FROM `UsuarioRoles` AS `u0`
    INNER JOIN `Rol` AS `r` ON `u0`.`RolId` = `r`.`ID`
) AS `t0` ON `t`.`ID` = `t0`.`UsuarioId`
LEFT JOIN `RefreshToken` AS `r0` ON `t`.`ID` = `r0`.`UsuarioId`
ORDER BY `t`.`ID`, `t0`.`UsuarioId`, `t0`.`RolId`, `t0`.`ID`
[2023-10-25 10:01:41.114 -06:00 INF] Executing OkObjectResult, writing value of type '<>f__AnonymousType2`3[[System.String, System.Private.CoreLib, Version=6.0.0.0, Culture=neutral, PublicKeyToken=7cec85d7bea7798e],[System.Boolean, System.Private.CoreLib, Version=6.0.0.0, Culture=neutral, PublicKeyToken=7cec85d7bea7798e],[API.Dtos.DatosUsuarioDto, API, Version=1.0.0.0, Culture=neutral, PublicKeyToken=null]]'.
[2023-10-25 10:01:41.179 -06:00 INF] Executed action API.Controllers.UsuarioController.GetTokenAsync (API) in 1804.1525ms
[2023-10-25 10:01:41.180 -06:00 INF] Executed endpoint 'API.Controllers.UsuarioController.GetTokenAsync (API)'
[2023-10-25 10:01:41.187 -06:00 INF] Request finished HTTP/1.1 POST http://192.168.0.3:5000/api/usuario/token application/json 55 - 200 - application/json;+charset=utf-8 2618.9655ms
[2023-10-25 10:02:10.342 -06:00 INF] Application is shutting down...
[2023-10-25 10:02:25.046 -06:00 INF] Entity Framework Core 6.0.4 initialized 'InventarioContext' using provider 'Pomelo.EntityFrameworkCore.MySql:6.0.1' with options: ServerVersion 8.0.28-mysql 
[2023-10-25 10:02:25.682 -06:00 INF] Executed DbCommand (37ms) [Parameters=[], CommandType='"Text"', CommandTimeout='30']
SELECT 1 FROM INFORMATION_SCHEMA.TABLES WHERE TABLE_SCHEMA='inventarioRopa' AND TABLE_NAME='__EFMigrationsHistory';
[2023-10-25 10:02:25.751 -06:00 INF] Executed DbCommand (5ms) [Parameters=[], CommandType='"Text"', CommandTimeout='30']
SELECT 1 FROM INFORMATION_SCHEMA.TABLES WHERE TABLE_SCHEMA='inventarioRopa' AND TABLE_NAME='__EFMigrationsHistory';
[2023-10-25 10:02:25.803 -06:00 INF] Executed DbCommand (9ms) [Parameters=[], CommandType='"Text"', CommandTimeout='30']
SELECT `MigrationId`, `ProductVersion`
FROM `__EFMigrationsHistory`
ORDER BY `MigrationId`;
[2023-10-25 10:02:25.846 -06:00 INF] No migrations were applied. The database is already up to date.
[2023-10-25 10:02:26.146 -06:00 INF] Executed DbCommand (3ms) [Parameters=[], CommandType='"Text"', CommandTimeout='30']
SELECT EXISTS (
    SELECT 1
    FROM `Rol` AS `r`)
[2023-10-25 10:02:26.309 -06:00 INF] User profile is available. Using 'C:\Users\Rodrigo Tellez\AppData\Local\ASP.NET\DataProtection-Keys' as key repository and Windows DPAPI to encrypt keys at rest.
[2023-10-25 10:02:26.454 -06:00 INF] Now listening on: https://192.168.0.3:5001
[2023-10-25 10:02:26.454 -06:00 INF] Now listening on: http://192.168.0.3:5000
[2023-10-25 10:02:26.465 -06:00 INF] Application started. Press Ctrl+C to shut down.
[2023-10-25 10:02:26.465 -06:00 INF] Hosting environment: Development
[2023-10-25 10:02:26.466 -06:00 INF] Content root path: D:\10CUATRIMESTRE\HECTOR\Backend\inventario\API\
[2023-10-25 10:03:05.688 -06:00 INF] Application is shutting down...
[2023-10-25 10:06:15.732 -06:00 INF] Entity Framework Core 6.0.4 initialized 'InventarioContext' using provider 'Pomelo.EntityFrameworkCore.MySql:6.0.1' with options: ServerVersion 8.0.28-mysql 
[2023-10-25 10:06:16.341 -06:00 INF] Executed DbCommand (26ms) [Parameters=[], CommandType='"Text"', CommandTimeout='30']
SELECT 1 FROM INFORMATION_SCHEMA.TABLES WHERE TABLE_SCHEMA='inventarioRopa' AND TABLE_NAME='__EFMigrationsHistory';
[2023-10-25 10:06:16.386 -06:00 INF] Executed DbCommand (5ms) [Parameters=[], CommandType='"Text"', CommandTimeout='30']
SELECT 1 FROM INFORMATION_SCHEMA.TABLES WHERE TABLE_SCHEMA='inventarioRopa' AND TABLE_NAME='__EFMigrationsHistory';
[2023-10-25 10:06:16.447 -06:00 INF] Executed DbCommand (6ms) [Parameters=[], CommandType='"Text"', CommandTimeout='30']
SELECT `MigrationId`, `ProductVersion`
FROM `__EFMigrationsHistory`
ORDER BY `MigrationId`;
[2023-10-25 10:06:16.472 -06:00 INF] No migrations were applied. The database is already up to date.
[2023-10-25 10:06:16.754 -06:00 INF] Executed DbCommand (5ms) [Parameters=[], CommandType='"Text"', CommandTimeout='30']
SELECT EXISTS (
    SELECT 1
    FROM `Rol` AS `r`)
[2023-10-25 10:06:16.943 -06:00 INF] User profile is available. Using 'C:\Users\Rodrigo Tellez\AppData\Local\ASP.NET\DataProtection-Keys' as key repository and Windows DPAPI to encrypt keys at rest.
[2023-10-25 10:06:17.072 -06:00 INF] Now listening on: https://192.168.0.3:5001
[2023-10-25 10:06:17.072 -06:00 INF] Now listening on: http://192.168.0.3:5000
[2023-10-25 10:06:17.081 -06:00 INF] Application started. Press Ctrl+C to shut down.
[2023-10-25 10:06:17.082 -06:00 INF] Hosting environment: Development
[2023-10-25 10:06:17.082 -06:00 INF] Content root path: D:\10CUATRIMESTRE\HECTOR\Backend\inventario\API\
[2023-10-25 10:08:52.815 -06:00 INF] Request starting HTTP/1.1 POST http://192.168.0.3:5000/api/usuario/register application/json 150
[2023-10-25 10:08:53.387 -06:00 INF] Executing endpoint 'API.Controllers.UsuarioController.RegisterAsync (API)'
[2023-10-25 10:08:53.427 -06:00 INF] Route matched with {action = "Register", controller = "Usuario"}. Executing controller action with signature System.Threading.Tasks.Task`1[Microsoft.AspNetCore.Mvc.ActionResult] RegisterAsync(API.Dtos.RegisterDto) on controller API.Controllers.UsuarioController (API).
[2023-10-25 10:08:53.687 -06:00 INF] Entity Framework Core 6.0.4 initialized 'InventarioContext' using provider 'Pomelo.EntityFrameworkCore.MySql:6.0.1' with options: ServerVersion 8.0.28-mysql 
[2023-10-25 10:08:54.188 -06:00 INF] Executed DbCommand (117ms) [Parameters=[@__ToLower_0='?' (Size = 255)], CommandType='"Text"', CommandTimeout='30']
SELECT `u`.`ID`, `u`.`Apellido`, `u`.`CorreoElectronico`, `u`.`Nom_user`, `u`.`Password`
FROM `Usuario` AS `u`
WHERE LOWER(`u`.`Nom_user`) = @__ToLower_0
[2023-10-25 10:08:54.306 -06:00 INF] Executed DbCommand (2ms) [Parameters=[], CommandType='"Text"', CommandTimeout='30']
SELECT `r`.`ID`, `r`.`Nombre`
FROM `Rol` AS `r`
WHERE `r`.`Nombre` = 'Empleado'
[2023-10-25 10:08:54.684 -06:00 ERR] Failed executing DbCommand (16ms) [Parameters=[@p0='?' (Size = 255), @p1='?' (Size = 255), @p2='?' (Size = 255), @p3='?' (Size = 255)], CommandType='"Text"', CommandTimeout='30']
INSERT INTO `Usuario` (`Apellido`, `CorreoElectronico`, `Nom_user`, `Password`)
VALUES (@p0, @p1, @p2, @p3);
SELECT `ID`
FROM `Usuario`
WHERE ROW_COUNT() = 1 AND `ID` = LAST_INSERT_ID();
[2023-10-25 10:08:56.408 -06:00 ERR] An exception occurred in the database while saving changes for context type 'Infrastructure.Data.InventarioContext'.
Microsoft.EntityFrameworkCore.DbUpdateException: An error occurred while saving the entity changes. See the inner exception for details.
 ---> MySqlConnector.MySqlException (0x80004005): Field 'Permiso' doesn't have a default value
   at MySqlConnector.Core.ServerSession.ReceiveReplyAsyncAwaited(ValueTask`1 task) in /_/src/MySqlConnector/Core/ServerSession.cs:line 954
   at MySqlConnector.Core.ResultSet.ReadResultSetHeaderAsync(IOBehavior ioBehavior) in /_/src/MySqlConnector/Core/ResultSet.cs:line 44
   at MySqlConnector.MySqlDataReader.ActivateResultSet(CancellationToken cancellationToken) in /_/src/MySqlConnector/MySqlDataReader.cs:line 127
   at MySqlConnector.MySqlDataReader.CreateAsync(CommandListPosition commandListPosition, ICommandPayloadCreator payloadCreator, IDictionary`2 cachedProcedures, IMySqlCommand command, CommandBehavior behavior, Activity activity, IOBehavior ioBehavior, CancellationToken cancellationToken) in /_/src/MySqlConnector/MySqlDataReader.cs:line 456
   at MySqlConnector.Core.CommandExecutor.ExecuteReaderAsync(IReadOnlyList`1 commands, ICommandPayloadCreator payloadCreator, CommandBehavior behavior, Activity activity, IOBehavior ioBehavior, CancellationToken cancellationToken) in /_/src/MySqlConnector/Core/CommandExecutor.cs:line 56
   at MySqlConnector.MySqlCommand.ExecuteReaderAsync(CommandBehavior behavior, IOBehavior ioBehavior, CancellationToken cancellationToken) in /_/src/MySqlConnector/MySqlCommand.cs:line 330
   at MySqlConnector.MySqlCommand.ExecuteDbDataReaderAsync(CommandBehavior behavior, CancellationToken cancellationToken) in /_/src/MySqlConnector/MySqlCommand.cs:line 323
   at Microsoft.EntityFrameworkCore.Storage.RelationalCommand.ExecuteReaderAsync(RelationalCommandParameterObject parameterObject, CancellationToken cancellationToken)
   at Microsoft.EntityFrameworkCore.Storage.RelationalCommand.ExecuteReaderAsync(RelationalCommandParameterObject parameterObject, CancellationToken cancellationToken)
   at Microsoft.EntityFrameworkCore.Update.ReaderModificationCommandBatch.ExecuteAsync(IRelationalConnection connection, CancellationToken cancellationToken)
   --- End of inner exception stack trace ---
   at Microsoft.EntityFrameworkCore.Update.ReaderModificationCommandBatch.ExecuteAsync(IRelationalConnection connection, CancellationToken cancellationToken)
   at Microsoft.EntityFrameworkCore.Update.Internal.BatchExecutor.ExecuteAsync(IEnumerable`1 commandBatches, IRelationalConnection connection, CancellationToken cancellationToken)
   at Microsoft.EntityFrameworkCore.Update.Internal.BatchExecutor.ExecuteAsync(IEnumerable`1 commandBatches, IRelationalConnection connection, CancellationToken cancellationToken)
   at Microsoft.EntityFrameworkCore.Update.Internal.BatchExecutor.ExecuteAsync(IEnumerable`1 commandBatches, IRelationalConnection connection, CancellationToken cancellationToken)
   at Microsoft.EntityFrameworkCore.ChangeTracking.Internal.StateManager.SaveChangesAsync(IList`1 entriesToSave, CancellationToken cancellationToken)
   at Microsoft.EntityFrameworkCore.ChangeTracking.Internal.StateManager.SaveChangesAsync(StateManager stateManager, Boolean acceptAllChangesOnSuccess, CancellationToken cancellationToken)
   at Pomelo.EntityFrameworkCore.MySql.Storage.Internal.MySqlExecutionStrategy.ExecuteAsync[TState,TResult](TState state, Func`4 operation, Func`4 verifySucceeded, CancellationToken cancellationToken)
   at Microsoft.EntityFrameworkCore.DbContext.SaveChangesAsync(Boolean acceptAllChangesOnSuccess, CancellationToken cancellationToken)
Microsoft.EntityFrameworkCore.DbUpdateException: An error occurred while saving the entity changes. See the inner exception for details.
 ---> MySqlConnector.MySqlException (0x80004005): Field 'Permiso' doesn't have a default value
   at MySqlConnector.Core.ServerSession.ReceiveReplyAsyncAwaited(ValueTask`1 task) in /_/src/MySqlConnector/Core/ServerSession.cs:line 954
   at MySqlConnector.Core.ResultSet.ReadResultSetHeaderAsync(IOBehavior ioBehavior) in /_/src/MySqlConnector/Core/ResultSet.cs:line 44
   at MySqlConnector.MySqlDataReader.ActivateResultSet(CancellationToken cancellationToken) in /_/src/MySqlConnector/MySqlDataReader.cs:line 127
   at MySqlConnector.MySqlDataReader.CreateAsync(CommandListPosition commandListPosition, ICommandPayloadCreator payloadCreator, IDictionary`2 cachedProcedures, IMySqlCommand command, CommandBehavior behavior, Activity activity, IOBehavior ioBehavior, CancellationToken cancellationToken) in /_/src/MySqlConnector/MySqlDataReader.cs:line 456
   at MySqlConnector.Core.CommandExecutor.ExecuteReaderAsync(IReadOnlyList`1 commands, ICommandPayloadCreator payloadCreator, CommandBehavior behavior, Activity activity, IOBehavior ioBehavior, CancellationToken cancellationToken) in /_/src/MySqlConnector/Core/CommandExecutor.cs:line 56
   at MySqlConnector.MySqlCommand.ExecuteReaderAsync(CommandBehavior behavior, IOBehavior ioBehavior, CancellationToken cancellationToken) in /_/src/MySqlConnector/MySqlCommand.cs:line 330
   at MySqlConnector.MySqlCommand.ExecuteDbDataReaderAsync(CommandBehavior behavior, CancellationToken cancellationToken) in /_/src/MySqlConnector/MySqlCommand.cs:line 323
   at Microsoft.EntityFrameworkCore.Storage.RelationalCommand.ExecuteReaderAsync(RelationalCommandParameterObject parameterObject, CancellationToken cancellationToken)
   at Microsoft.EntityFrameworkCore.Storage.RelationalCommand.ExecuteReaderAsync(RelationalCommandParameterObject parameterObject, CancellationToken cancellationToken)
   at Microsoft.EntityFrameworkCore.Update.ReaderModificationCommandBatch.ExecuteAsync(IRelationalConnection connection, CancellationToken cancellationToken)
   --- End of inner exception stack trace ---
   at Microsoft.EntityFrameworkCore.Update.ReaderModificationCommandBatch.ExecuteAsync(IRelationalConnection connection, CancellationToken cancellationToken)
   at Microsoft.EntityFrameworkCore.Update.Internal.BatchExecutor.ExecuteAsync(IEnumerable`1 commandBatches, IRelationalConnection connection, CancellationToken cancellationToken)
   at Microsoft.EntityFrameworkCore.Update.Internal.BatchExecutor.ExecuteAsync(IEnumerable`1 commandBatches, IRelationalConnection connection, CancellationToken cancellationToken)
   at Microsoft.EntityFrameworkCore.Update.Internal.BatchExecutor.ExecuteAsync(IEnumerable`1 commandBatches, IRelationalConnection connection, CancellationToken cancellationToken)
   at Microsoft.EntityFrameworkCore.ChangeTracking.Internal.StateManager.SaveChangesAsync(IList`1 entriesToSave, CancellationToken cancellationToken)
   at Microsoft.EntityFrameworkCore.ChangeTracking.Internal.StateManager.SaveChangesAsync(StateManager stateManager, Boolean acceptAllChangesOnSuccess, CancellationToken cancellationToken)
   at Pomelo.EntityFrameworkCore.MySql.Storage.Internal.MySqlExecutionStrategy.ExecuteAsync[TState,TResult](TState state, Func`4 operation, Func`4 verifySucceeded, CancellationToken cancellationToken)
   at Microsoft.EntityFrameworkCore.DbContext.SaveChangesAsync(Boolean acceptAllChangesOnSuccess, CancellationToken cancellationToken)
[2023-10-25 10:08:56.417 -06:00 ERR] Error en añadir usuario: Error: An error occurred while saving the entity changes. See the inner exception for details.
[2023-10-25 10:08:56.432 -06:00 INF] Executing NotFoundObjectResult, writing value of type 'API.Helpers.Errors.ApiResponse'.
[2023-10-25 10:08:56.465 -06:00 INF] Executed action API.Controllers.UsuarioController.RegisterAsync (API) in 3030.7459ms
[2023-10-25 10:08:56.466 -06:00 INF] Executed endpoint 'API.Controllers.UsuarioController.RegisterAsync (API)'
[2023-10-25 10:08:56.473 -06:00 INF] Request finished HTTP/1.1 POST http://192.168.0.3:5000/api/usuario/register application/json 150 - 404 - application/json;+charset=utf-8 3661.5814ms
[2023-10-25 10:10:42.452 -06:00 INF] Application is shutting down...
[2023-10-25 10:23:16.808 -06:00 INF] Entity Framework Core 6.0.4 initialized 'InventarioContext' using provider 'Pomelo.EntityFrameworkCore.MySql:6.0.1' with options: ServerVersion 8.0.28-mysql 
[2023-10-25 10:23:18.241 -06:00 INF] Executed DbCommand (29ms) [Parameters=[], CommandType='"Text"', CommandTimeout='30']
SELECT 1 FROM INFORMATION_SCHEMA.TABLES WHERE TABLE_SCHEMA='inventarioRopa' AND TABLE_NAME='__EFMigrationsHistory';
[2023-10-25 10:23:18.301 -06:00 INF] Executed DbCommand (5ms) [Parameters=[], CommandType='"Text"', CommandTimeout='30']
SELECT 1 FROM INFORMATION_SCHEMA.TABLES WHERE TABLE_SCHEMA='inventarioRopa' AND TABLE_NAME='__EFMigrationsHistory';
[2023-10-25 10:23:18.355 -06:00 INF] Executed DbCommand (12ms) [Parameters=[], CommandType='"Text"', CommandTimeout='30']
SELECT `MigrationId`, `ProductVersion`
FROM `__EFMigrationsHistory`
ORDER BY `MigrationId`;
[2023-10-25 10:23:18.380 -06:00 INF] No migrations were applied. The database is already up to date.
[2023-10-25 10:23:18.611 -06:00 INF] Executed DbCommand (4ms) [Parameters=[], CommandType='"Text"', CommandTimeout='30']
SELECT EXISTS (
    SELECT 1
    FROM `Rol` AS `r`)
[2023-10-25 10:23:18.805 -06:00 INF] User profile is available. Using 'C:\Users\Rodrigo Tellez\AppData\Local\ASP.NET\DataProtection-Keys' as key repository and Windows DPAPI to encrypt keys at rest.
[2023-10-25 10:23:18.965 -06:00 INF] Now listening on: https://192.168.0.3:5001
[2023-10-25 10:23:18.966 -06:00 INF] Now listening on: http://192.168.0.3:5000
[2023-10-25 10:23:18.977 -06:00 INF] Application started. Press Ctrl+C to shut down.
[2023-10-25 10:23:18.978 -06:00 INF] Hosting environment: Development
[2023-10-25 10:23:18.978 -06:00 INF] Content root path: D:\10CUATRIMESTRE\HECTOR\Backend\inventario\API\
[2023-10-25 10:24:42.618 -06:00 INF] Application is shutting down...
[2023-10-25 10:25:00.739 -06:00 INF] Entity Framework Core 6.0.4 initialized 'InventarioContext' using provider 'Pomelo.EntityFrameworkCore.MySql:6.0.1' with options: ServerVersion 8.0.28-mysql 
[2023-10-25 10:25:01.549 -06:00 INF] Executed DbCommand (33ms) [Parameters=[], CommandType='"Text"', CommandTimeout='30']
SELECT 1 FROM INFORMATION_SCHEMA.TABLES WHERE TABLE_SCHEMA='inventarioRopa' AND TABLE_NAME='__EFMigrationsHistory';
[2023-10-25 10:25:01.612 -06:00 INF] Executed DbCommand (3ms) [Parameters=[], CommandType='"Text"', CommandTimeout='30']
SELECT 1 FROM INFORMATION_SCHEMA.TABLES WHERE TABLE_SCHEMA='inventarioRopa' AND TABLE_NAME='__EFMigrationsHistory';
[2023-10-25 10:25:01.650 -06:00 INF] Executed DbCommand (6ms) [Parameters=[], CommandType='"Text"', CommandTimeout='30']
SELECT `MigrationId`, `ProductVersion`
FROM `__EFMigrationsHistory`
ORDER BY `MigrationId`;
[2023-10-25 10:25:01.676 -06:00 INF] No migrations were applied. The database is already up to date.
[2023-10-25 10:25:02.020 -06:00 INF] Executed DbCommand (4ms) [Parameters=[], CommandType='"Text"', CommandTimeout='30']
SELECT EXISTS (
    SELECT 1
    FROM `Rol` AS `r`)
[2023-10-25 10:25:02.331 -06:00 INF] User profile is available. Using 'C:\Users\Rodrigo Tellez\AppData\Local\ASP.NET\DataProtection-Keys' as key repository and Windows DPAPI to encrypt keys at rest.
[2023-10-25 10:25:02.496 -06:00 INF] Now listening on: https://192.168.0.3:5001
[2023-10-25 10:25:02.496 -06:00 INF] Now listening on: http://192.168.0.3:5000
[2023-10-25 10:25:02.503 -06:00 INF] Application started. Press Ctrl+C to shut down.
[2023-10-25 10:25:02.503 -06:00 INF] Hosting environment: Development
[2023-10-25 10:25:02.503 -06:00 INF] Content root path: D:\10CUATRIMESTRE\HECTOR\Backend\inventario\API\
[2023-10-25 10:35:51.680 -06:00 INF] Application is shutting down...
[2023-10-25 10:42:42.579 -06:00 INF] Entity Framework Core 6.0.4 initialized 'InventarioContext' using provider 'Pomelo.EntityFrameworkCore.MySql:6.0.1' with options: ServerVersion 8.0.28-mysql 
[2023-10-25 10:42:43.134 -06:00 INF] Executed DbCommand (23ms) [Parameters=[], CommandType='"Text"', CommandTimeout='30']
SELECT 1 FROM INFORMATION_SCHEMA.TABLES WHERE TABLE_SCHEMA='inventarioRopa' AND TABLE_NAME='__EFMigrationsHistory';
[2023-10-25 10:42:43.177 -06:00 INF] Executed DbCommand (4ms) [Parameters=[], CommandType='"Text"', CommandTimeout='30']
SELECT 1 FROM INFORMATION_SCHEMA.TABLES WHERE TABLE_SCHEMA='inventarioRopa' AND TABLE_NAME='__EFMigrationsHistory';
[2023-10-25 10:42:43.213 -06:00 INF] Executed DbCommand (8ms) [Parameters=[], CommandType='"Text"', CommandTimeout='30']
SELECT `MigrationId`, `ProductVersion`
FROM `__EFMigrationsHistory`
ORDER BY `MigrationId`;
[2023-10-25 10:42:43.251 -06:00 INF] No migrations were applied. The database is already up to date.
[2023-10-25 10:42:43.526 -06:00 INF] Executed DbCommand (3ms) [Parameters=[], CommandType='"Text"', CommandTimeout='30']
SELECT EXISTS (
    SELECT 1
    FROM `Rol` AS `r`)
[2023-10-25 10:42:43.693 -06:00 INF] User profile is available. Using 'C:\Users\Rodrigo Tellez\AppData\Local\ASP.NET\DataProtection-Keys' as key repository and Windows DPAPI to encrypt keys at rest.
[2023-10-25 10:42:43.836 -06:00 INF] Now listening on: https://192.168.0.3:5001
[2023-10-25 10:42:43.836 -06:00 INF] Now listening on: http://192.168.0.3:5000
[2023-10-25 10:42:43.844 -06:00 INF] Application started. Press Ctrl+C to shut down.
[2023-10-25 10:42:43.844 -06:00 INF] Hosting environment: Development
[2023-10-25 10:42:43.844 -06:00 INF] Content root path: D:\10CUATRIMESTRE\HECTOR\Backend\inventario\API\
[2023-10-25 10:59:24.819 -06:00 INF] Application is shutting down...
[2023-10-25 11:04:12.026 -06:00 INF] Entity Framework Core 6.0.4 initialized 'InventarioContext' using provider 'Pomelo.EntityFrameworkCore.MySql:6.0.1' with options: ServerVersion 8.0.28-mysql 
[2023-10-25 11:04:12.859 -06:00 INF] Executed DbCommand (30ms) [Parameters=[], CommandType='"Text"', CommandTimeout='30']
SELECT 1 FROM INFORMATION_SCHEMA.TABLES WHERE TABLE_SCHEMA='inventarioRopa' AND TABLE_NAME='__EFMigrationsHistory';
[2023-10-25 11:04:12.912 -06:00 INF] Executed DbCommand (4ms) [Parameters=[], CommandType='"Text"', CommandTimeout='30']
SELECT 1 FROM INFORMATION_SCHEMA.TABLES WHERE TABLE_SCHEMA='inventarioRopa' AND TABLE_NAME='__EFMigrationsHistory';
[2023-10-25 11:04:12.958 -06:00 INF] Executed DbCommand (8ms) [Parameters=[], CommandType='"Text"', CommandTimeout='30']
SELECT `MigrationId`, `ProductVersion`
FROM `__EFMigrationsHistory`
ORDER BY `MigrationId`;
[2023-10-25 11:04:12.991 -06:00 INF] No migrations were applied. The database is already up to date.
[2023-10-25 11:04:13.210 -06:00 INF] Executed DbCommand (3ms) [Parameters=[], CommandType='"Text"', CommandTimeout='30']
SELECT EXISTS (
    SELECT 1
    FROM `Rol` AS `r`)
[2023-10-25 11:04:13.429 -06:00 INF] User profile is available. Using 'C:\Users\Rodrigo Tellez\AppData\Local\ASP.NET\DataProtection-Keys' as key repository and Windows DPAPI to encrypt keys at rest.
[2023-10-25 11:04:13.653 -06:00 INF] Now listening on: https://192.168.0.3:5001
[2023-10-25 11:04:13.653 -06:00 INF] Now listening on: http://192.168.0.3:5000
[2023-10-25 11:04:13.660 -06:00 INF] Application started. Press Ctrl+C to shut down.
[2023-10-25 11:04:13.661 -06:00 INF] Hosting environment: Development
[2023-10-25 11:04:13.661 -06:00 INF] Content root path: D:\10CUATRIMESTRE\HECTOR\Backend\inventario\API\
[2023-10-25 11:05:17.988 -06:00 INF] Request starting HTTP/1.1 POST http://192.168.0.3:5000/api/usuario/token application/json 58
[2023-10-25 11:05:18.114 -06:00 INF] Request finished HTTP/1.1 POST http://192.168.0.3:5000/api/usuario/token application/json 58 - 307 0 - 130.7493ms
[2023-10-25 11:05:18.167 -06:00 INF] Request starting HTTP/1.1 POST https://192.168.0.3:5001/api/usuario/token application/json 58
[2023-10-25 11:05:18.623 -06:00 INF] Failed to validate the token.
Microsoft.IdentityModel.Tokens.SecurityTokenExpiredException: IDX10223: Lifetime validation failed. The token is expired. ValidTo: '25/10/2023 04:10:12 p. m.', Current time: '25/10/2023 05:05:18 p. m.'.
   at Microsoft.IdentityModel.Tokens.Validators.ValidateLifetime(Nullable`1 notBefore, Nullable`1 expires, SecurityToken securityToken, TokenValidationParameters validationParameters)
   at System.IdentityModel.Tokens.Jwt.JwtSecurityTokenHandler.ValidateLifetime(Nullable`1 notBefore, Nullable`1 expires, JwtSecurityToken jwtToken, TokenValidationParameters validationParameters)
   at System.IdentityModel.Tokens.Jwt.JwtSecurityTokenHandler.ValidateTokenPayload(JwtSecurityToken jwtToken, TokenValidationParameters validationParameters, BaseConfiguration configuration)
   at System.IdentityModel.Tokens.Jwt.JwtSecurityTokenHandler.ValidateJWS(String token, TokenValidationParameters validationParameters, BaseConfiguration currentConfiguration, SecurityToken& signatureValidatedToken, ExceptionDispatchInfo& exceptionThrown)
--- End of stack trace from previous location ---
   at System.IdentityModel.Tokens.Jwt.JwtSecurityTokenHandler.ValidateToken(String token, JwtSecurityToken outerToken, TokenValidationParameters validationParameters, SecurityToken& signatureValidatedToken)
   at System.IdentityModel.Tokens.Jwt.JwtSecurityTokenHandler.ValidateToken(String token, TokenValidationParameters validationParameters, SecurityToken& validatedToken)
   at Microsoft.AspNetCore.Authentication.JwtBearer.JwtBearerHandler.HandleAuthenticateAsync()
[2023-10-25 11:05:18.680 -06:00 INF] Bearer was not authenticated. Failure message: IDX10223: Lifetime validation failed. The token is expired. ValidTo: '25/10/2023 04:10:12 p. m.', Current time: '25/10/2023 05:05:18 p. m.'.
[2023-10-25 11:05:18.691 -06:00 INF] Executing endpoint 'API.Controllers.UsuarioController.GetTokenAsync (API)'
[2023-10-25 11:05:18.751 -06:00 INF] Route matched with {action = "GetToken", controller = "Usuario"}. Executing controller action with signature System.Threading.Tasks.Task`1[Microsoft.AspNetCore.Mvc.IActionResult] GetTokenAsync(API.Dtos.LoginDto) on controller API.Controllers.UsuarioController (API).
[2023-10-25 11:05:19.035 -06:00 INF] Entity Framework Core 6.0.4 initialized 'InventarioContext' using provider 'Pomelo.EntityFrameworkCore.MySql:6.0.1' with options: ServerVersion 8.0.28-mysql 
[2023-10-25 11:05:19.687 -06:00 WRN] Compiling a query which loads related collections for more than one collection navigation, either via 'Include' or through projection, but no 'QuerySplittingBehavior' has been configured. By default, Entity Framework will use 'QuerySplittingBehavior.SingleQuery', which can potentially result in slow query performance. See https://go.microsoft.com/fwlink/?linkid=2134277 for more information. To identify the query that's triggering this warning call 'ConfigureWarnings(w => w.Throw(RelationalEventId.MultipleCollectionIncludeWarning))'.
[2023-10-25 11:05:19.855 -06:00 INF] Executed DbCommand (53ms) [Parameters=[@__ToLower_0='?' (Size = 255)], CommandType='"Text"', CommandTimeout='30']
SELECT `t`.`ID`, `t`.`Apellido`, `t`.`CorreoElectronico`, `t`.`Nom_user`, `t`.`Password`, `t0`.`UsuarioId`, `t0`.`RolId`, `t0`.`ID`, `t0`.`Nombre`, `r0`.`ID`, `r0`.`Created`, `r0`.`Expires`, `r0`.`Revoked`, `r0`.`Token`, `r0`.`UsuarioId`
FROM (
    SELECT `u`.`ID`, `u`.`Apellido`, `u`.`CorreoElectronico`, `u`.`Nom_user`, `u`.`Password`
    FROM `Usuario` AS `u`
    WHERE LOWER(`u`.`Nom_user`) = @__ToLower_0
    LIMIT 1
) AS `t`
LEFT JOIN (
    SELECT `u0`.`UsuarioId`, `u0`.`RolId`, `r`.`ID`, `r`.`Nombre`
    FROM `UsuarioRoles` AS `u0`
    INNER JOIN `Rol` AS `r` ON `u0`.`RolId` = `r`.`ID`
) AS `t0` ON `t`.`ID` = `t0`.`UsuarioId`
LEFT JOIN `RefreshToken` AS `r0` ON `t`.`ID` = `r0`.`UsuarioId`
ORDER BY `t`.`ID`, `t0`.`UsuarioId`, `t0`.`RolId`, `t0`.`ID`
[2023-10-25 11:05:20.104 -06:00 INF] Executing OkObjectResult, writing value of type '<>f__AnonymousType2`3[[System.String, System.Private.CoreLib, Version=6.0.0.0, Culture=neutral, PublicKeyToken=7cec85d7bea7798e],[System.Boolean, System.Private.CoreLib, Version=6.0.0.0, Culture=neutral, PublicKeyToken=7cec85d7bea7798e],[API.Dtos.DatosUsuarioDto, API, Version=1.0.0.0, Culture=neutral, PublicKeyToken=null]]'.
[2023-10-25 11:05:20.131 -06:00 INF] Executed action API.Controllers.UsuarioController.GetTokenAsync (API) in 1374.3183ms
[2023-10-25 11:05:20.132 -06:00 INF] Executed endpoint 'API.Controllers.UsuarioController.GetTokenAsync (API)'
[2023-10-25 11:05:20.136 -06:00 INF] Request finished HTTP/1.1 POST https://192.168.0.3:5001/api/usuario/token application/json 58 - 200 - application/json;+charset=utf-8 1969.4864ms
[2023-10-25 11:09:41.764 -06:00 INF] Application is shutting down...
[2023-10-25 11:09:55.741 -06:00 INF] Entity Framework Core 6.0.4 initialized 'InventarioContext' using provider 'Pomelo.EntityFrameworkCore.MySql:6.0.1' with options: ServerVersion 8.0.28-mysql 
[2023-10-25 11:09:56.463 -06:00 INF] Executed DbCommand (25ms) [Parameters=[], CommandType='"Text"', CommandTimeout='30']
SELECT 1 FROM INFORMATION_SCHEMA.TABLES WHERE TABLE_SCHEMA='inventarioRopa' AND TABLE_NAME='__EFMigrationsHistory';
[2023-10-25 11:09:56.508 -06:00 INF] Executed DbCommand (5ms) [Parameters=[], CommandType='"Text"', CommandTimeout='30']
SELECT 1 FROM INFORMATION_SCHEMA.TABLES WHERE TABLE_SCHEMA='inventarioRopa' AND TABLE_NAME='__EFMigrationsHistory';
[2023-10-25 11:09:56.546 -06:00 INF] Executed DbCommand (7ms) [Parameters=[], CommandType='"Text"', CommandTimeout='30']
SELECT `MigrationId`, `ProductVersion`
FROM `__EFMigrationsHistory`
ORDER BY `MigrationId`;
[2023-10-25 11:09:56.582 -06:00 INF] No migrations were applied. The database is already up to date.
[2023-10-25 11:09:56.848 -06:00 INF] Executed DbCommand (4ms) [Parameters=[], CommandType='"Text"', CommandTimeout='30']
SELECT EXISTS (
    SELECT 1
    FROM `Rol` AS `r`)
[2023-10-25 11:09:57.026 -06:00 INF] User profile is available. Using 'C:\Users\Rodrigo Tellez\AppData\Local\ASP.NET\DataProtection-Keys' as key repository and Windows DPAPI to encrypt keys at rest.
[2023-10-25 11:09:57.156 -06:00 INF] Now listening on: https://192.168.0.3:5001
[2023-10-25 11:09:57.156 -06:00 INF] Now listening on: http://192.168.0.3:5000
[2023-10-25 11:09:57.166 -06:00 INF] Application started. Press Ctrl+C to shut down.
[2023-10-25 11:09:57.166 -06:00 INF] Hosting environment: Development
[2023-10-25 11:09:57.166 -06:00 INF] Content root path: D:\10CUATRIMESTRE\HECTOR\Backend\inventario\API\
[2023-10-25 11:09:59.158 -06:00 INF] Application is shutting down...
[2023-10-25 11:11:15.791 -06:00 INF] Entity Framework Core 6.0.4 initialized 'InventarioContext' using provider 'Pomelo.EntityFrameworkCore.MySql:6.0.1' with options: ServerVersion 8.0.28-mysql 
[2023-10-25 11:11:16.348 -06:00 INF] Executed DbCommand (21ms) [Parameters=[], CommandType='"Text"', CommandTimeout='30']
SELECT 1 FROM INFORMATION_SCHEMA.TABLES WHERE TABLE_SCHEMA='inventarioRopa' AND TABLE_NAME='__EFMigrationsHistory';
[2023-10-25 11:11:16.393 -06:00 INF] Executed DbCommand (3ms) [Parameters=[], CommandType='"Text"', CommandTimeout='30']
SELECT 1 FROM INFORMATION_SCHEMA.TABLES WHERE TABLE_SCHEMA='inventarioRopa' AND TABLE_NAME='__EFMigrationsHistory';
[2023-10-25 11:11:16.435 -06:00 INF] Executed DbCommand (9ms) [Parameters=[], CommandType='"Text"', CommandTimeout='30']
SELECT `MigrationId`, `ProductVersion`
FROM `__EFMigrationsHistory`
ORDER BY `MigrationId`;
[2023-10-25 11:11:16.470 -06:00 INF] No migrations were applied. The database is already up to date.
[2023-10-25 11:11:16.737 -06:00 INF] Executed DbCommand (4ms) [Parameters=[], CommandType='"Text"', CommandTimeout='30']
SELECT EXISTS (
    SELECT 1
    FROM `Rol` AS `r`)
[2023-10-25 11:11:16.941 -06:00 INF] User profile is available. Using 'C:\Users\Rodrigo Tellez\AppData\Local\ASP.NET\DataProtection-Keys' as key repository and Windows DPAPI to encrypt keys at rest.
[2023-10-25 11:11:17.031 -06:00 INF] Now listening on: https://172.30.48.1:5001
[2023-10-25 11:11:17.032 -06:00 INF] Now listening on: http://172.30.48.1:5000
[2023-10-25 11:11:17.043 -06:00 INF] Application started. Press Ctrl+C to shut down.
[2023-10-25 11:11:17.043 -06:00 INF] Hosting environment: Development
[2023-10-25 11:11:17.044 -06:00 INF] Content root path: D:\10CUATRIMESTRE\HECTOR\Backend\inventario\API\
[2023-10-25 11:14:16.644 -06:00 INF] Application is shutting down...
[2023-10-25 11:14:34.292 -06:00 INF] Entity Framework Core 6.0.4 initialized 'InventarioContext' using provider 'Pomelo.EntityFrameworkCore.MySql:6.0.1' with options: ServerVersion 8.0.28-mysql 
[2023-10-25 11:14:34.928 -06:00 INF] Executed DbCommand (21ms) [Parameters=[], CommandType='"Text"', CommandTimeout='30']
SELECT 1 FROM INFORMATION_SCHEMA.TABLES WHERE TABLE_SCHEMA='inventarioRopa' AND TABLE_NAME='__EFMigrationsHistory';
[2023-10-25 11:14:34.972 -06:00 INF] Executed DbCommand (4ms) [Parameters=[], CommandType='"Text"', CommandTimeout='30']
SELECT 1 FROM INFORMATION_SCHEMA.TABLES WHERE TABLE_SCHEMA='inventarioRopa' AND TABLE_NAME='__EFMigrationsHistory';
[2023-10-25 11:14:35.017 -06:00 INF] Executed DbCommand (7ms) [Parameters=[], CommandType='"Text"', CommandTimeout='30']
SELECT `MigrationId`, `ProductVersion`
FROM `__EFMigrationsHistory`
ORDER BY `MigrationId`;
[2023-10-25 11:14:35.049 -06:00 INF] No migrations were applied. The database is already up to date.
[2023-10-25 11:14:35.323 -06:00 INF] Executed DbCommand (4ms) [Parameters=[], CommandType='"Text"', CommandTimeout='30']
SELECT EXISTS (
    SELECT 1
    FROM `Rol` AS `r`)
[2023-10-25 11:14:35.514 -06:00 INF] User profile is available. Using 'C:\Users\Rodrigo Tellez\AppData\Local\ASP.NET\DataProtection-Keys' as key repository and Windows DPAPI to encrypt keys at rest.
[2023-10-25 11:14:35.654 -06:00 INF] Now listening on: https://192.168.0.3:5001
[2023-10-25 11:14:35.655 -06:00 INF] Now listening on: http://192.168.0.3:5000
[2023-10-25 11:14:35.666 -06:00 INF] Application started. Press Ctrl+C to shut down.
[2023-10-25 11:14:35.666 -06:00 INF] Hosting environment: Development
[2023-10-25 11:14:35.666 -06:00 INF] Content root path: D:\10CUATRIMESTRE\HECTOR\Backend\inventario\API\
[2023-10-25 11:14:40.872 -06:00 INF] Application is shutting down...
[2023-10-25 11:14:49.617 -06:00 INF] Entity Framework Core 6.0.4 initialized 'InventarioContext' using provider 'Pomelo.EntityFrameworkCore.MySql:6.0.1' with options: ServerVersion 8.0.28-mysql 
[2023-10-25 11:14:50.199 -06:00 INF] Executed DbCommand (28ms) [Parameters=[], CommandType='"Text"', CommandTimeout='30']
SELECT 1 FROM INFORMATION_SCHEMA.TABLES WHERE TABLE_SCHEMA='inventarioRopa' AND TABLE_NAME='__EFMigrationsHistory';
[2023-10-25 11:14:50.247 -06:00 INF] Executed DbCommand (4ms) [Parameters=[], CommandType='"Text"', CommandTimeout='30']
SELECT 1 FROM INFORMATION_SCHEMA.TABLES WHERE TABLE_SCHEMA='inventarioRopa' AND TABLE_NAME='__EFMigrationsHistory';
[2023-10-25 11:14:50.291 -06:00 INF] Executed DbCommand (6ms) [Parameters=[], CommandType='"Text"', CommandTimeout='30']
SELECT `MigrationId`, `ProductVersion`
FROM `__EFMigrationsHistory`
ORDER BY `MigrationId`;
[2023-10-25 11:14:50.318 -06:00 INF] No migrations were applied. The database is already up to date.
[2023-10-25 11:14:50.626 -06:00 INF] Executed DbCommand (4ms) [Parameters=[], CommandType='"Text"', CommandTimeout='30']
SELECT EXISTS (
    SELECT 1
    FROM `Rol` AS `r`)
[2023-10-25 11:14:50.810 -06:00 INF] User profile is available. Using 'C:\Users\Rodrigo Tellez\AppData\Local\ASP.NET\DataProtection-Keys' as key repository and Windows DPAPI to encrypt keys at rest.
[2023-10-25 11:14:50.935 -06:00 INF] Now listening on: https://192.168.0.3:5001
[2023-10-25 11:14:50.935 -06:00 INF] Now listening on: http://192.168.0.3:5000
[2023-10-25 11:14:50.943 -06:00 INF] Application started. Press Ctrl+C to shut down.
[2023-10-25 11:14:50.943 -06:00 INF] Hosting environment: Development
[2023-10-25 11:14:50.943 -06:00 INF] Content root path: D:\10CUATRIMESTRE\HECTOR\Backend\inventario\API\
[2023-10-25 11:15:19.743 -06:00 INF] Request starting HTTP/1.1 POST http://192.168.0.3:5000/api/usuario/token application/json 55
[2023-10-25 11:15:19.883 -06:00 INF] CORS policy execution successful.
[2023-10-25 11:15:19.896 -06:00 INF] Request finished HTTP/1.1 POST http://192.168.0.3:5000/api/usuario/token application/json 55 - 307 0 - 156.9534ms
[2023-10-25 11:15:32.950 -06:00 INF] Request starting HTTP/1.1 POST http://192.168.0.3:5000/api/usuario/token application/json 58
[2023-10-25 11:15:32.959 -06:00 INF] Request finished HTTP/1.1 POST http://192.168.0.3:5000/api/usuario/token application/json 58 - 307 0 - 9.3988ms
[2023-10-25 11:15:32.992 -06:00 INF] Request starting HTTP/1.1 POST https://192.168.0.3:5001/api/usuario/token application/json 58
[2023-10-25 11:15:33.218 -06:00 INF] Executing endpoint 'API.Controllers.UsuarioController.GetTokenAsync (API)'
[2023-10-25 11:15:33.247 -06:00 INF] Route matched with {action = "GetToken", controller = "Usuario"}. Executing controller action with signature System.Threading.Tasks.Task`1[Microsoft.AspNetCore.Mvc.IActionResult] GetTokenAsync(API.Dtos.LoginDto) on controller API.Controllers.UsuarioController (API).
[2023-10-25 11:15:33.399 -06:00 INF] Entity Framework Core 6.0.4 initialized 'InventarioContext' using provider 'Pomelo.EntityFrameworkCore.MySql:6.0.1' with options: ServerVersion 8.0.28-mysql 
[2023-10-25 11:15:33.757 -06:00 WRN] Compiling a query which loads related collections for more than one collection navigation, either via 'Include' or through projection, but no 'QuerySplittingBehavior' has been configured. By default, Entity Framework will use 'QuerySplittingBehavior.SingleQuery', which can potentially result in slow query performance. See https://go.microsoft.com/fwlink/?linkid=2134277 for more information. To identify the query that's triggering this warning call 'ConfigureWarnings(w => w.Throw(RelationalEventId.MultipleCollectionIncludeWarning))'.
[2023-10-25 11:15:33.919 -06:00 INF] Executed DbCommand (67ms) [Parameters=[@__ToLower_0='?' (Size = 255)], CommandType='"Text"', CommandTimeout='30']
SELECT `t`.`ID`, `t`.`Apellido`, `t`.`CorreoElectronico`, `t`.`Nom_user`, `t`.`Password`, `t0`.`UsuarioId`, `t0`.`RolId`, `t0`.`ID`, `t0`.`Nombre`, `r0`.`ID`, `r0`.`Created`, `r0`.`Expires`, `r0`.`Revoked`, `r0`.`Token`, `r0`.`UsuarioId`
FROM (
    SELECT `u`.`ID`, `u`.`Apellido`, `u`.`CorreoElectronico`, `u`.`Nom_user`, `u`.`Password`
    FROM `Usuario` AS `u`
    WHERE LOWER(`u`.`Nom_user`) = @__ToLower_0
    LIMIT 1
) AS `t`
LEFT JOIN (
    SELECT `u0`.`UsuarioId`, `u0`.`RolId`, `r`.`ID`, `r`.`Nombre`
    FROM `UsuarioRoles` AS `u0`
    INNER JOIN `Rol` AS `r` ON `u0`.`RolId` = `r`.`ID`
) AS `t0` ON `t`.`ID` = `t0`.`UsuarioId`
LEFT JOIN `RefreshToken` AS `r0` ON `t`.`ID` = `r0`.`UsuarioId`
ORDER BY `t`.`ID`, `t0`.`UsuarioId`, `t0`.`RolId`, `t0`.`ID`
[2023-10-25 11:15:34.237 -06:00 INF] Executing OkObjectResult, writing value of type '<>f__AnonymousType2`3[[System.String, System.Private.CoreLib, Version=6.0.0.0, Culture=neutral, PublicKeyToken=7cec85d7bea7798e],[System.Boolean, System.Private.CoreLib, Version=6.0.0.0, Culture=neutral, PublicKeyToken=7cec85d7bea7798e],[API.Dtos.DatosUsuarioDto, API, Version=1.0.0.0, Culture=neutral, PublicKeyToken=null]]'.
[2023-10-25 11:15:34.281 -06:00 INF] Executed action API.Controllers.UsuarioController.GetTokenAsync (API) in 1020.4576ms
[2023-10-25 11:15:34.283 -06:00 INF] Executed endpoint 'API.Controllers.UsuarioController.GetTokenAsync (API)'
[2023-10-25 11:15:34.293 -06:00 INF] Request finished HTTP/1.1 POST https://192.168.0.3:5001/api/usuario/token application/json 58 - 200 - application/json;+charset=utf-8 1300.3926ms
[2023-10-25 11:15:47.893 -06:00 INF] Request starting HTTP/1.1 POST http://192.168.0.3:5000/api/usuario/token application/json 55
[2023-10-25 11:15:47.895 -06:00 INF] CORS policy execution successful.
[2023-10-25 11:15:47.896 -06:00 INF] Request finished HTTP/1.1 POST http://192.168.0.3:5000/api/usuario/token application/json 55 - 307 0 - 2.8723ms
[2023-10-25 11:15:54.622 -06:00 INF] Request starting HTTP/1.1 POST http://192.168.0.3:5000/api/usuario/token application/json 55
[2023-10-25 11:15:54.626 -06:00 INF] CORS policy execution successful.
[2023-10-25 11:15:54.626 -06:00 INF] Request finished HTTP/1.1 POST http://192.168.0.3:5000/api/usuario/token application/json 55 - 307 0 - 4.3173ms
[2023-10-25 11:15:55.077 -06:00 INF] Request starting HTTP/1.1 POST http://192.168.0.3:5000/api/usuario/token application/json 55
[2023-10-25 11:15:55.083 -06:00 INF] Request post:/api/usuario/token from IP 192.168.0.3 has been blocked, quota 2/10s exceeded by 1. Blocked by rule *, TraceIdentifier 0HMULFNRI5Q84:00000004. MonitorMode: False
[2023-10-25 11:15:55.087 -06:00 INF] Request finished HTTP/1.1 POST http://192.168.0.3:5000/api/usuario/token application/json 55 - 429 - text/plain 9.4169ms
[2023-10-25 11:15:55.216 -06:00 INF] Request starting HTTP/1.1 POST http://192.168.0.3:5000/api/usuario/token application/json 55
[2023-10-25 11:15:55.217 -06:00 INF] Request post:/api/usuario/token from IP 192.168.0.3 has been blocked, quota 2/10s exceeded by 2. Blocked by rule *, TraceIdentifier 0HMULFNRI5Q84:00000005. MonitorMode: False
[2023-10-25 11:15:55.219 -06:00 INF] Request finished HTTP/1.1 POST http://192.168.0.3:5000/api/usuario/token application/json 55 - 429 - text/plain 2.2887ms
[2023-10-25 11:15:55.371 -06:00 INF] Request starting HTTP/1.1 POST http://192.168.0.3:5000/api/usuario/token application/json 55
[2023-10-25 11:15:55.372 -06:00 INF] Request post:/api/usuario/token from IP 192.168.0.3 has been blocked, quota 2/10s exceeded by 3. Blocked by rule *, TraceIdentifier 0HMULFNRI5Q84:00000006. MonitorMode: False
[2023-10-25 11:15:55.373 -06:00 INF] Request finished HTTP/1.1 POST http://192.168.0.3:5000/api/usuario/token application/json 55 - 429 - text/plain 1.3972ms
[2023-10-25 11:15:55.491 -06:00 INF] Request starting HTTP/1.1 POST http://192.168.0.3:5000/api/usuario/token application/json 55
[2023-10-25 11:15:55.492 -06:00 INF] Request post:/api/usuario/token from IP 192.168.0.3 has been blocked, quota 2/10s exceeded by 4. Blocked by rule *, TraceIdentifier 0HMULFNRI5Q84:00000007. MonitorMode: False
[2023-10-25 11:15:55.492 -06:00 INF] Request finished HTTP/1.1 POST http://192.168.0.3:5000/api/usuario/token application/json 55 - 429 - text/plain 1.3267ms
[2023-10-25 11:16:19.769 -06:00 INF] Request starting HTTP/1.1 POST http://192.168.0.3:5000/api/usuario/token application/json 55
[2023-10-25 11:16:19.770 -06:00 INF] CORS policy execution successful.
[2023-10-25 11:16:19.770 -06:00 INF] Request finished HTTP/1.1 POST http://192.168.0.3:5000/api/usuario/token application/json 55 - 307 0 - 1.0987ms
[2023-10-25 11:16:30.282 -06:00 INF] Request starting HTTP/1.1 POST http://192.168.0.3:5000/api/usuario/token application/json 58
[2023-10-25 11:16:30.283 -06:00 INF] Request finished HTTP/1.1 POST http://192.168.0.3:5000/api/usuario/token application/json 58 - 307 0 - 0.9297ms
[2023-10-25 11:16:30.290 -06:00 INF] Request starting HTTP/1.1 POST https://192.168.0.3:5001/api/usuario/token application/json 58
[2023-10-25 11:16:30.292 -06:00 INF] Executing endpoint 'API.Controllers.UsuarioController.GetTokenAsync (API)'
[2023-10-25 11:16:30.292 -06:00 INF] Route matched with {action = "GetToken", controller = "Usuario"}. Executing controller action with signature System.Threading.Tasks.Task`1[Microsoft.AspNetCore.Mvc.IActionResult] GetTokenAsync(API.Dtos.LoginDto) on controller API.Controllers.UsuarioController (API).
[2023-10-25 11:16:30.356 -06:00 INF] Entity Framework Core 6.0.4 initialized 'InventarioContext' using provider 'Pomelo.EntityFrameworkCore.MySql:6.0.1' with options: ServerVersion 8.0.28-mysql 
[2023-10-25 11:16:30.367 -06:00 INF] Executed DbCommand (3ms) [Parameters=[@__ToLower_0='?' (Size = 255)], CommandType='"Text"', CommandTimeout='30']
SELECT `t`.`ID`, `t`.`Apellido`, `t`.`CorreoElectronico`, `t`.`Nom_user`, `t`.`Password`, `t0`.`UsuarioId`, `t0`.`RolId`, `t0`.`ID`, `t0`.`Nombre`, `r0`.`ID`, `r0`.`Created`, `r0`.`Expires`, `r0`.`Revoked`, `r0`.`Token`, `r0`.`UsuarioId`
FROM (
    SELECT `u`.`ID`, `u`.`Apellido`, `u`.`CorreoElectronico`, `u`.`Nom_user`, `u`.`Password`
    FROM `Usuario` AS `u`
    WHERE LOWER(`u`.`Nom_user`) = @__ToLower_0
    LIMIT 1
) AS `t`
LEFT JOIN (
    SELECT `u0`.`UsuarioId`, `u0`.`RolId`, `r`.`ID`, `r`.`Nombre`
    FROM `UsuarioRoles` AS `u0`
    INNER JOIN `Rol` AS `r` ON `u0`.`RolId` = `r`.`ID`
) AS `t0` ON `t`.`ID` = `t0`.`UsuarioId`
LEFT JOIN `RefreshToken` AS `r0` ON `t`.`ID` = `r0`.`UsuarioId`
ORDER BY `t`.`ID`, `t0`.`UsuarioId`, `t0`.`RolId`, `t0`.`ID`
[2023-10-25 11:16:30.374 -06:00 INF] Executing OkObjectResult, writing value of type '<>f__AnonymousType2`3[[System.String, System.Private.CoreLib, Version=6.0.0.0, Culture=neutral, PublicKeyToken=7cec85d7bea7798e],[System.Boolean, System.Private.CoreLib, Version=6.0.0.0, Culture=neutral, PublicKeyToken=7cec85d7bea7798e],[API.Dtos.DatosUsuarioDto, API, Version=1.0.0.0, Culture=neutral, PublicKeyToken=null]]'.
[2023-10-25 11:16:30.375 -06:00 INF] Executed action API.Controllers.UsuarioController.GetTokenAsync (API) in 83.1578ms
[2023-10-25 11:16:30.375 -06:00 INF] Executed endpoint 'API.Controllers.UsuarioController.GetTokenAsync (API)'
[2023-10-25 11:16:30.376 -06:00 INF] Request finished HTTP/1.1 POST https://192.168.0.3:5001/api/usuario/token application/json 58 - 200 - application/json;+charset=utf-8 85.6581ms
[2023-10-25 11:17:09.631 -06:00 INF] Request starting HTTP/1.1 GET https://192.168.0.3:5001/api/proveedor?pageSize=5&pageIndex=1&search= - -
[2023-10-25 11:17:09.648 -06:00 INF] Executing endpoint 'API.Controllers.ProveedorController.GetProveedor (API)'
[2023-10-25 11:17:09.660 -06:00 INF] Route matched with {action = "GetProveedor", controller = "Proveedor"}. Executing controller action with signature System.Threading.Tasks.Task`1[Microsoft.AspNetCore.Mvc.ActionResult`1[API.Helpers.Pager`1[API.Dtos.CteProvDto]]] GetProveedor(API.Helpers.Params) on controller API.Controllers.ProveedorController (API).
[2023-10-25 11:17:09.686 -06:00 INF] Entity Framework Core 6.0.4 initialized 'InventarioContext' using provider 'Pomelo.EntityFrameworkCore.MySql:6.0.1' with options: ServerVersion 8.0.28-mysql 
[2023-10-25 11:17:09.731 -06:00 INF] Executed DbCommand (16ms) [Parameters=[], CommandType='"Text"', CommandTimeout='30']
SELECT COUNT(*)
FROM `Cte_prov` AS `c`
[2023-10-25 11:17:09.752 -06:00 WRN] The query uses a row limiting operator ('Skip'/'Take') without an 'OrderBy' operator. This may lead to unpredictable results. If the 'Distinct' operator is used after 'OrderBy', then make sure to use the 'OrderBy' operator after 'Distinct' as the ordering would otherwise get erased.
[2023-10-25 11:17:09.755 -06:00 WRN] The query uses a row limiting operator ('Skip'/'Take') without an 'OrderBy' operator. This may lead to unpredictable results. If the 'Distinct' operator is used after 'OrderBy', then make sure to use the 'OrderBy' operator after 'Distinct' as the ordering would otherwise get erased.
[2023-10-25 11:17:09.774 -06:00 INF] Executed DbCommand (8ms) [Parameters=[@__p_1='?' (DbType = Int32), @__p_0='?' (DbType = Int32)], CommandType='"Text"', CommandTimeout='30']
SELECT `c`.`ID`, `c`.`Contacto`, `c`.`CorreoElectronico`, `c`.`Direccion`, `c`.`NombreEmpresa`, `c`.`Telefono`
FROM `Cte_prov` AS `c`
LIMIT @__p_1 OFFSET @__p_0
[2023-10-25 11:17:09.840 -06:00 INF] Executing ObjectResult, writing value of type 'API.Helpers.Pager`1[[API.Dtos.CteProvDto, API, Version=1.0.0.0, Culture=neutral, PublicKeyToken=null]]'.
[2023-10-25 11:17:09.848 -06:00 INF] Executed action API.Controllers.ProveedorController.GetProveedor (API) in 187.8891ms
[2023-10-25 11:17:09.849 -06:00 INF] Executed endpoint 'API.Controllers.ProveedorController.GetProveedor (API)'
[2023-10-25 11:17:09.849 -06:00 INF] Request finished HTTP/1.1 GET https://192.168.0.3:5001/api/proveedor?pageSize=5&pageIndex=1&search= - - - 200 - application/json;+charset=utf-8 217.9594ms
[2023-10-25 11:18:06.122 -06:00 INF] Application is shutting down...
[2023-10-25 11:24:07.100 -06:00 INF] Entity Framework Core 6.0.4 initialized 'InventarioContext' using provider 'Pomelo.EntityFrameworkCore.MySql:6.0.1' with options: ServerVersion 8.0.28-mysql 
[2023-10-25 11:24:17.477 -06:00 INF] Entity Framework Core 6.0.4 initialized 'InventarioContext' using provider 'Pomelo.EntityFrameworkCore.MySql:6.0.1' with options: ServerVersion 8.0.28-mysql 
[2023-10-25 11:24:17.990 -06:00 INF] Executed DbCommand (23ms) [Parameters=[], CommandType='"Text"', CommandTimeout='30']
SELECT 1 FROM INFORMATION_SCHEMA.TABLES WHERE TABLE_SCHEMA='inventarioRopa' AND TABLE_NAME='__EFMigrationsHistory';
[2023-10-25 11:24:18.036 -06:00 INF] Executed DbCommand (4ms) [Parameters=[], CommandType='"Text"', CommandTimeout='30']
SELECT 1 FROM INFORMATION_SCHEMA.TABLES WHERE TABLE_SCHEMA='inventarioRopa' AND TABLE_NAME='__EFMigrationsHistory';
[2023-10-25 11:24:18.099 -06:00 INF] Executed DbCommand (21ms) [Parameters=[], CommandType='"Text"', CommandTimeout='30']
SELECT `MigrationId`, `ProductVersion`
FROM `__EFMigrationsHistory`
ORDER BY `MigrationId`;
[2023-10-25 11:24:18.135 -06:00 INF] No migrations were applied. The database is already up to date.
[2023-10-25 11:24:18.421 -06:00 INF] Executed DbCommand (9ms) [Parameters=[], CommandType='"Text"', CommandTimeout='30']
SELECT EXISTS (
    SELECT 1
    FROM `Rol` AS `r`)
[2023-10-25 11:24:18.587 -06:00 INF] User profile is available. Using 'C:\Users\Rodrigo Tellez\AppData\Local\ASP.NET\DataProtection-Keys' as key repository and Windows DPAPI to encrypt keys at rest.
[2023-10-25 11:24:18.702 -06:00 INF] Now listening on: https://172.20.0.1:5001
[2023-10-25 11:24:18.702 -06:00 INF] Now listening on: http://172.20.0.1:5000
[2023-10-25 11:24:18.707 -06:00 INF] Application started. Press Ctrl+C to shut down.
[2023-10-25 11:24:18.707 -06:00 INF] Hosting environment: Development
[2023-10-25 11:24:18.707 -06:00 INF] Content root path: D:\10CUATRIMESTRE\HECTOR\Backend\inventario\API\
[2023-10-25 11:25:00.729 -06:00 INF] Request starting HTTP/1.1 POST http://172.20.0.1:5000/api/usuario/token application/json 58
[2023-10-25 11:25:00.902 -06:00 INF] Request finished HTTP/1.1 POST http://172.20.0.1:5000/api/usuario/token application/json 58 - 307 0 - 180.0226ms
[2023-10-25 11:25:00.947 -06:00 INF] Request starting HTTP/1.1 POST https://172.20.0.1:5001/api/usuario/token application/json 58
[2023-10-25 11:25:01.242 -06:00 INF] Executing endpoint 'API.Controllers.UsuarioController.GetTokenAsync (API)'
[2023-10-25 11:25:01.276 -06:00 INF] Route matched with {action = "GetToken", controller = "Usuario"}. Executing controller action with signature System.Threading.Tasks.Task`1[Microsoft.AspNetCore.Mvc.IActionResult] GetTokenAsync(API.Dtos.LoginDto) on controller API.Controllers.UsuarioController (API).
[2023-10-25 11:25:01.448 -06:00 INF] Entity Framework Core 6.0.4 initialized 'InventarioContext' using provider 'Pomelo.EntityFrameworkCore.MySql:6.0.1' with options: ServerVersion 8.0.28-mysql 
[2023-10-25 11:25:01.665 -06:00 WRN] Compiling a query which loads related collections for more than one collection navigation, either via 'Include' or through projection, but no 'QuerySplittingBehavior' has been configured. By default, Entity Framework will use 'QuerySplittingBehavior.SingleQuery', which can potentially result in slow query performance. See https://go.microsoft.com/fwlink/?linkid=2134277 for more information. To identify the query that's triggering this warning call 'ConfigureWarnings(w => w.Throw(RelationalEventId.MultipleCollectionIncludeWarning))'.
[2023-10-25 11:25:01.761 -06:00 INF] Executed DbCommand (37ms) [Parameters=[@__ToLower_0='?' (Size = 255)], CommandType='"Text"', CommandTimeout='30']
SELECT `t`.`ID`, `t`.`Apellido`, `t`.`CorreoElectronico`, `t`.`Nom_user`, `t`.`Password`, `t0`.`UsuarioId`, `t0`.`RolId`, `t0`.`ID`, `t0`.`Nombre`, `r0`.`ID`, `r0`.`Created`, `r0`.`Expires`, `r0`.`Revoked`, `r0`.`Token`, `r0`.`UsuarioId`
FROM (
    SELECT `u`.`ID`, `u`.`Apellido`, `u`.`CorreoElectronico`, `u`.`Nom_user`, `u`.`Password`
    FROM `Usuario` AS `u`
    WHERE LOWER(`u`.`Nom_user`) = @__ToLower_0
    LIMIT 1
) AS `t`
LEFT JOIN (
    SELECT `u0`.`UsuarioId`, `u0`.`RolId`, `r`.`ID`, `r`.`Nombre`
    FROM `UsuarioRoles` AS `u0`
    INNER JOIN `Rol` AS `r` ON `u0`.`RolId` = `r`.`ID`
) AS `t0` ON `t`.`ID` = `t0`.`UsuarioId`
LEFT JOIN `RefreshToken` AS `r0` ON `t`.`ID` = `r0`.`UsuarioId`
ORDER BY `t`.`ID`, `t0`.`UsuarioId`, `t0`.`RolId`, `t0`.`ID`
[2023-10-25 11:25:01.912 -06:00 INF] Executing OkObjectResult, writing value of type '<>f__AnonymousType2`3[[System.String, System.Private.CoreLib, Version=6.0.0.0, Culture=neutral, PublicKeyToken=7cec85d7bea7798e],[System.Boolean, System.Private.CoreLib, Version=6.0.0.0, Culture=neutral, PublicKeyToken=7cec85d7bea7798e],[API.Dtos.DatosUsuarioDto, API, Version=1.0.0.0, Culture=neutral, PublicKeyToken=null]]'.
[2023-10-25 11:25:01.937 -06:00 INF] Executed action API.Controllers.UsuarioController.GetTokenAsync (API) in 656.0948ms
[2023-10-25 11:25:01.938 -06:00 INF] Executed endpoint 'API.Controllers.UsuarioController.GetTokenAsync (API)'
[2023-10-25 11:25:01.943 -06:00 INF] Request finished HTTP/1.1 POST https://172.20.0.1:5001/api/usuario/token application/json 58 - 200 - application/json;+charset=utf-8 996.5464ms
[2023-10-25 11:29:17.617 -06:00 INF] Application is shutting down...
[2023-10-25 11:29:54.354 -06:00 INF] Entity Framework Core 6.0.4 initialized 'InventarioContext' using provider 'Pomelo.EntityFrameworkCore.MySql:6.0.1' with options: ServerVersion 8.0.28-mysql 
[2023-10-25 11:29:54.818 -06:00 INF] Executed DbCommand (22ms) [Parameters=[], CommandType='"Text"', CommandTimeout='30']
SELECT 1 FROM INFORMATION_SCHEMA.TABLES WHERE TABLE_SCHEMA='inventarioRopa' AND TABLE_NAME='__EFMigrationsHistory';
[2023-10-25 11:29:54.855 -06:00 INF] Executed DbCommand (3ms) [Parameters=[], CommandType='"Text"', CommandTimeout='30']
SELECT 1 FROM INFORMATION_SCHEMA.TABLES WHERE TABLE_SCHEMA='inventarioRopa' AND TABLE_NAME='__EFMigrationsHistory';
[2023-10-25 11:29:54.896 -06:00 INF] Executed DbCommand (7ms) [Parameters=[], CommandType='"Text"', CommandTimeout='30']
SELECT `MigrationId`, `ProductVersion`
FROM `__EFMigrationsHistory`
ORDER BY `MigrationId`;
[2023-10-25 11:29:54.927 -06:00 INF] No migrations were applied. The database is already up to date.
[2023-10-25 11:29:55.165 -06:00 INF] Executed DbCommand (5ms) [Parameters=[], CommandType='"Text"', CommandTimeout='30']
SELECT EXISTS (
    SELECT 1
    FROM `Rol` AS `r`)
[2023-10-25 11:29:55.476 -06:00 INF] User profile is available. Using 'C:\Users\Rodrigo Tellez\AppData\Local\ASP.NET\DataProtection-Keys' as key repository and Windows DPAPI to encrypt keys at rest.
[2023-10-25 11:29:55.569 -06:00 INF] Now listening on: https://192.168.0.3:5001
[2023-10-25 11:29:55.569 -06:00 INF] Now listening on: http://192.168.0.3:5000
[2023-10-25 11:29:55.573 -06:00 INF] Application started. Press Ctrl+C to shut down.
[2023-10-25 11:29:55.573 -06:00 INF] Hosting environment: Development
[2023-10-25 11:29:55.573 -06:00 INF] Content root path: D:\10CUATRIMESTRE\HECTOR\Backend\inventario\API\
[2023-10-25 11:32:41.835 -06:00 INF] Application is shutting down...
[2023-10-25 11:34:01.432 -06:00 INF] Entity Framework Core 6.0.4 initialized 'InventarioContext' using provider 'Pomelo.EntityFrameworkCore.MySql:6.0.1' with options: ServerVersion 8.0.28-mysql 
[2023-10-25 11:34:01.907 -06:00 INF] Executed DbCommand (18ms) [Parameters=[], CommandType='"Text"', CommandTimeout='30']
SELECT 1 FROM INFORMATION_SCHEMA.TABLES WHERE TABLE_SCHEMA='inventarioRopa' AND TABLE_NAME='__EFMigrationsHistory';
[2023-10-25 11:34:01.942 -06:00 INF] Executed DbCommand (3ms) [Parameters=[], CommandType='"Text"', CommandTimeout='30']
SELECT 1 FROM INFORMATION_SCHEMA.TABLES WHERE TABLE_SCHEMA='inventarioRopa' AND TABLE_NAME='__EFMigrationsHistory';
[2023-10-25 11:34:01.976 -06:00 INF] Executed DbCommand (7ms) [Parameters=[], CommandType='"Text"', CommandTimeout='30']
SELECT `MigrationId`, `ProductVersion`
FROM `__EFMigrationsHistory`
ORDER BY `MigrationId`;
[2023-10-25 11:34:02.000 -06:00 INF] No migrations were applied. The database is already up to date.
[2023-10-25 11:34:02.246 -06:00 INF] Executed DbCommand (3ms) [Parameters=[], CommandType='"Text"', CommandTimeout='30']
SELECT EXISTS (
    SELECT 1
    FROM `Rol` AS `r`)
[2023-10-25 11:34:02.377 -06:00 INF] User profile is available. Using 'C:\Users\Rodrigo Tellez\AppData\Local\ASP.NET\DataProtection-Keys' as key repository and Windows DPAPI to encrypt keys at rest.
[2023-10-25 11:34:02.485 -06:00 INF] Now listening on: https://192.168.108.1:5001
[2023-10-25 11:34:02.486 -06:00 INF] Now listening on: http://192.168.108.1:5000
[2023-10-25 11:34:02.492 -06:00 INF] Application started. Press Ctrl+C to shut down.
[2023-10-25 11:34:02.492 -06:00 INF] Hosting environment: Development
[2023-10-25 11:34:02.492 -06:00 INF] Content root path: D:\10CUATRIMESTRE\HECTOR\Backend\inventario\API\
[2023-10-25 11:34:29.100 -06:00 INF] Request starting HTTP/1.1 POST http://192.168.108.1:5000/api/usuario/register application/json 106
[2023-10-25 11:34:29.221 -06:00 INF] Request finished HTTP/1.1 POST http://192.168.108.1:5000/api/usuario/register application/json 106 - 307 0 - 125.6386ms
[2023-10-25 11:34:43.465 -06:00 INF] Request starting HTTP/1.1 POST http://192.168.108.1:5000/api/usuario/register application/json 106
[2023-10-25 11:34:43.470 -06:00 INF] Request finished HTTP/1.1 POST http://192.168.108.1:5000/api/usuario/register application/json 106 - 307 0 - 4.6404ms
[2023-10-25 11:34:52.195 -06:00 INF] Request starting HTTP/1.1 POST http://192.168.108.1:5000/api/usuario/token application/json 44
[2023-10-25 11:34:52.199 -06:00 INF] Request finished HTTP/1.1 POST http://192.168.108.1:5000/api/usuario/token application/json 44 - 307 0 - 3.3223ms
[2023-10-25 11:35:25.197 -06:00 INF] Request starting HTTP/1.1 POST http://192.168.108.1:5000/api/usuario/token application/json 44
[2023-10-25 11:35:25.200 -06:00 INF] Request finished HTTP/1.1 POST http://192.168.108.1:5000/api/usuario/token application/json 44 - 307 0 - 3.6823ms
[2023-10-25 11:35:25.210 -06:00 INF] Connection id "0HMULG2I2EFCF", Request id "0HMULG2I2EFCF:00000002": the application completed without reading the entire request body.
[2023-10-25 11:35:54.318 -06:00 INF] Request starting HTTP/1.1 POST http://192.168.108.1:5000/api/usuario/token application/json 44
[2023-10-25 11:35:54.319 -06:00 INF] Request finished HTTP/1.1 POST http://192.168.108.1:5000/api/usuario/token application/json 44 - 307 0 - 0.7001ms
[2023-10-25 11:35:54.319 -06:00 INF] Connection id "0HMULG2I2EFCG", Request id "0HMULG2I2EFCG:00000002": the application completed without reading the entire request body.
