[2023-11-05 18:20:55.865 -06:00 INF] Entity Framework Core 6.0.4 initialized 'InventarioContext' using provider 'Pomelo.EntityFrameworkCore.MySql:6.0.1' with options: ServerVersion 8.0.28-mysql 
[2023-11-05 18:20:56.599 -06:00 INF] Executed DbCommand (33ms) [Parameters=[], CommandType='"Text"', CommandTimeout='30']
SELECT 1 FROM INFORMATION_SCHEMA.TABLES WHERE TABLE_SCHEMA='inventarioRopa' AND TABLE_NAME='__EFMigrationsHistory';
[2023-11-05 18:20:56.677 -06:00 INF] Executed DbCommand (4ms) [Parameters=[], CommandType='"Text"', CommandTimeout='30']
SELECT 1 FROM INFORMATION_SCHEMA.TABLES WHERE TABLE_SCHEMA='inventarioRopa' AND TABLE_NAME='__EFMigrationsHistory';
[2023-11-05 18:20:56.756 -06:00 INF] Executed DbCommand (31ms) [Parameters=[], CommandType='"Text"', CommandTimeout='30']
SELECT `MigrationId`, `ProductVersion`
FROM `__EFMigrationsHistory`
ORDER BY `MigrationId`;
[2023-11-05 18:20:56.909 -06:00 INF] No migrations were applied. The database is already up to date.
[2023-11-05 18:20:57.245 -06:00 INF] Executed DbCommand (7ms) [Parameters=[], CommandType='"Text"', CommandTimeout='30']
SELECT EXISTS (
    SELECT 1
    FROM `Rol` AS `r`)
[2023-11-05 18:20:57.616 -06:00 INF] User profile is available. Using 'C:\Users\Rodrigo Tellez\AppData\Local\ASP.NET\DataProtection-Keys' as key repository and Windows DPAPI to encrypt keys at rest.
[2023-11-05 18:20:59.292 -06:00 INF] Now listening on: https://localhost:5001
[2023-11-05 18:20:59.292 -06:00 INF] Now listening on: http://localhost:5000
[2023-11-05 18:20:59.301 -06:00 INF] Application started. Press Ctrl+C to shut down.
[2023-11-05 18:20:59.302 -06:00 INF] Hosting environment: Development
[2023-11-05 18:20:59.302 -06:00 INF] Content root path: D:\10CUATRIMESTRE\HECTOR\Backend\inventario\API\
[2023-11-05 18:21:09.449 -06:00 INF] Request starting HTTP/1.1 POST http://localhost:5000/api/usuario/token application/json 58
[2023-11-05 18:21:12.280 -06:00 INF] Failed to validate the token.
Microsoft.IdentityModel.Tokens.SecurityTokenExpiredException: IDX10223: Lifetime validation failed. The token is expired. ValidTo: '03/11/2023 02:43:46 a. m.', Current time: '06/11/2023 12:21:12 a. m.'.
   at Microsoft.IdentityModel.Tokens.Validators.ValidateLifetime(Nullable`1 notBefore, Nullable`1 expires, SecurityToken securityToken, TokenValidationParameters validationParameters)
   at System.IdentityModel.Tokens.Jwt.JwtSecurityTokenHandler.ValidateLifetime(Nullable`1 notBefore, Nullable`1 expires, JwtSecurityToken jwtToken, TokenValidationParameters validationParameters)
   at System.IdentityModel.Tokens.Jwt.JwtSecurityTokenHandler.ValidateTokenPayload(JwtSecurityToken jwtToken, TokenValidationParameters validationParameters, BaseConfiguration configuration)
   at System.IdentityModel.Tokens.Jwt.JwtSecurityTokenHandler.ValidateJWS(String token, TokenValidationParameters validationParameters, BaseConfiguration currentConfiguration, SecurityToken& signatureValidatedToken, ExceptionDispatchInfo& exceptionThrown)
--- End of stack trace from previous location ---
   at System.IdentityModel.Tokens.Jwt.JwtSecurityTokenHandler.ValidateToken(String token, JwtSecurityToken outerToken, TokenValidationParameters validationParameters, SecurityToken& signatureValidatedToken)
   at System.IdentityModel.Tokens.Jwt.JwtSecurityTokenHandler.ValidateToken(String token, TokenValidationParameters validationParameters, SecurityToken& validatedToken)
   at Microsoft.AspNetCore.Authentication.JwtBearer.JwtBearerHandler.HandleAuthenticateAsync()
[2023-11-05 18:21:12.820 -06:00 INF] Bearer was not authenticated. Failure message: IDX10223: Lifetime validation failed. The token is expired. ValidTo: '03/11/2023 02:43:46 a. m.', Current time: '06/11/2023 12:21:12 a. m.'.
[2023-11-05 18:21:12.826 -06:00 INF] Executing endpoint 'API.Controllers.UsuarioController.GetTokenAsync (API)'
[2023-11-05 18:21:12.865 -06:00 INF] Route matched with {action = "GetToken", controller = "Usuario"}. Executing controller action with signature System.Threading.Tasks.Task`1[Microsoft.AspNetCore.Mvc.IActionResult] GetTokenAsync(API.Dtos.LoginDto) on controller API.Controllers.UsuarioController (API).
[2023-11-05 18:21:13.093 -06:00 INF] Entity Framework Core 6.0.4 initialized 'InventarioContext' using provider 'Pomelo.EntityFrameworkCore.MySql:6.0.1' with options: ServerVersion 8.0.28-mysql 
[2023-11-05 18:21:16.196 -06:00 WRN] Compiling a query which loads related collections for more than one collection navigation, either via 'Include' or through projection, but no 'QuerySplittingBehavior' has been configured. By default, Entity Framework will use 'QuerySplittingBehavior.SingleQuery', which can potentially result in slow query performance. See https://go.microsoft.com/fwlink/?linkid=2134277 for more information. To identify the query that's triggering this warning call 'ConfigureWarnings(w => w.Throw(RelationalEventId.MultipleCollectionIncludeWarning))'.
[2023-11-05 18:21:16.509 -06:00 INF] Executed DbCommand (44ms) [Parameters=[@__ToLower_0='?' (Size = 255)], CommandType='"Text"', CommandTimeout='30']
SELECT `t`.`ID`, `t`.`Apellido`, `t`.`CorreoElectronico`, `t`.`Nom_user`, `t`.`Password`, `t0`.`UsuarioId`, `t0`.`RolId`, `t0`.`ID`, `t0`.`Nombre`, `r0`.`ID`, `r0`.`Created`, `r0`.`Expires`, `r0`.`Revoked`, `r0`.`Token`, `r0`.`UsuarioId`
FROM (
    SELECT `u`.`ID`, `u`.`Apellido`, `u`.`CorreoElectronico`, `u`.`Nom_user`, `u`.`Password`
    FROM `Usuario` AS `u`
    WHERE LOWER(`u`.`Nom_user`) = @__ToLower_0
    LIMIT 1
) AS `t`
LEFT JOIN (
    SELECT `u0`.`UsuarioId`, `u0`.`RolId`, `r`.`ID`, `r`.`Nombre`
    FROM `UsuarioRoles` AS `u0`
    INNER JOIN `Rol` AS `r` ON `u0`.`RolId` = `r`.`ID`
) AS `t0` ON `t`.`ID` = `t0`.`UsuarioId`
LEFT JOIN `RefreshToken` AS `r0` ON `t`.`ID` = `r0`.`UsuarioId`
ORDER BY `t`.`ID`, `t0`.`UsuarioId`, `t0`.`RolId`, `t0`.`ID`
[2023-11-05 18:21:16.800 -06:00 INF] Executing OkObjectResult, writing value of type '<>f__AnonymousType2`3[[System.String, System.Private.CoreLib, Version=6.0.0.0, Culture=neutral, PublicKeyToken=7cec85d7bea7798e],[System.Boolean, System.Private.CoreLib, Version=6.0.0.0, Culture=neutral, PublicKeyToken=7cec85d7bea7798e],[API.Dtos.DatosUsuarioDto, API, Version=1.0.0.0, Culture=neutral, PublicKeyToken=null]]'.
[2023-11-05 18:21:16.837 -06:00 INF] Executed action API.Controllers.UsuarioController.GetTokenAsync (API) in 3966.2737ms
[2023-11-05 18:21:16.838 -06:00 INF] Executed endpoint 'API.Controllers.UsuarioController.GetTokenAsync (API)'
[2023-11-05 18:21:16.842 -06:00 INF] Request finished HTTP/1.1 POST http://localhost:5000/api/usuario/token application/json 58 - 200 - application/json;+charset=utf-8 7400.5389ms
[2023-11-05 18:21:46.871 -06:00 INF] Request starting HTTP/1.1 POST http://localhost:5000/api/escasez/autorizar application/json 134
[2023-11-05 18:21:46.917 -06:00 INF] Executing endpoint 'API.Controllers.EscasezController.PostProcesoAutorizar (API)'
[2023-11-05 18:21:46.920 -06:00 INF] Route matched with {action = "PostProcesoAutorizar", controller = "Escasez"}. Executing controller action with signature System.Threading.Tasks.Task`1[Microsoft.AspNetCore.Mvc.IActionResult] PostProcesoAutorizar(API.Dtos.AltaEscasezDto) on controller API.Controllers.EscasezController (API).
[2023-11-05 18:21:47.001 -06:00 INF] Entity Framework Core 6.0.4 initialized 'InventarioContext' using provider 'Pomelo.EntityFrameworkCore.MySql:6.0.1' with options: ServerVersion 8.0.28-mysql 
[2023-11-05 18:21:47.050 -06:00 INF] Executed DbCommand (10ms) [Parameters=[@p0='?' (DbType = Int32), @p1='?' (DbType = Int32), @p2='?' (DbType = Int32)], CommandType='"Text"', CommandTimeout='30']
UPDATE Producto
                                                                SET Estatus = @p0,
                                                                Stock = @p1
                                                                WHERE ID = @p2
[2023-11-05 18:21:47.055 -06:00 INF] Executed DbCommand (4ms) [Parameters=[@p0='?' (DbType = Int32), @p1='?' (DbType = Int32)], CommandType='"Text"', CommandTimeout='30']
UPDATE Escasez_Producto
                                                                SET Estatus = @p0
                                                                WHERE ID = @p1
[2023-11-05 18:21:47.068 -06:00 INF] Executed DbCommand (7ms) [Parameters=[@p0='?' (DbType = Int32), @p1='?' (DbType = Int32), @p2='?' (DbType = DateTime), @p3='?' (DbType = Int32)], CommandType='"Text"', CommandTimeout='30']

                                    INSERT INTO Autorizacion
                                    (
                                    Escasez_prod_id,
                                    Usuario_id,
                                    Fecha_autoriza,
                                    Estado_autoriza)
                                    VALUES
                                    (@p0,@p1,@p2,@p3)
[2023-11-05 18:21:47.239 -06:00 ERR] Error en enviar correo al prov: 0
[2023-11-05 18:21:47.284 -06:00 INF] Executing BadRequestObjectResult, writing value of type 'API.Helpers.Errors.ApiResponse'.
[2023-11-05 18:21:47.286 -06:00 INF] Executed action API.Controllers.EscasezController.PostProcesoAutorizar (API) in 366.0794ms
[2023-11-05 18:21:47.286 -06:00 INF] Executed endpoint 'API.Controllers.EscasezController.PostProcesoAutorizar (API)'
[2023-11-05 18:21:47.287 -06:00 INF] Request finished HTTP/1.1 POST http://localhost:5000/api/escasez/autorizar application/json 134 - 400 - application/json;+charset=utf-8 415.8478ms
[2023-11-05 18:25:40.828 -06:00 INF] Entity Framework Core 6.0.4 initialized 'InventarioContext' using provider 'Pomelo.EntityFrameworkCore.MySql:6.0.1' with options: ServerVersion 8.0.28-mysql 
[2023-11-05 18:25:42.052 -06:00 INF] Executed DbCommand (30ms) [Parameters=[], CommandType='"Text"', CommandTimeout='30']
SELECT 1 FROM INFORMATION_SCHEMA.TABLES WHERE TABLE_SCHEMA='inventarioRopa' AND TABLE_NAME='__EFMigrationsHistory';
[2023-11-05 18:25:42.129 -06:00 INF] Executed DbCommand (4ms) [Parameters=[], CommandType='"Text"', CommandTimeout='30']
SELECT 1 FROM INFORMATION_SCHEMA.TABLES WHERE TABLE_SCHEMA='inventarioRopa' AND TABLE_NAME='__EFMigrationsHistory';
[2023-11-05 18:25:42.241 -06:00 INF] Executed DbCommand (14ms) [Parameters=[], CommandType='"Text"', CommandTimeout='30']
SELECT `MigrationId`, `ProductVersion`
FROM `__EFMigrationsHistory`
ORDER BY `MigrationId`;
[2023-11-05 18:25:42.280 -06:00 INF] No migrations were applied. The database is already up to date.
[2023-11-05 18:25:43.081 -06:00 INF] Executed DbCommand (4ms) [Parameters=[], CommandType='"Text"', CommandTimeout='30']
SELECT EXISTS (
    SELECT 1
    FROM `Rol` AS `r`)
[2023-11-05 18:25:43.675 -06:00 INF] User profile is available. Using 'C:\Users\Rodrigo Tellez\AppData\Local\ASP.NET\DataProtection-Keys' as key repository and Windows DPAPI to encrypt keys at rest.
[2023-11-05 18:25:44.797 -06:00 INF] Now listening on: https://localhost:5001
[2023-11-05 18:25:44.799 -06:00 INF] Now listening on: http://localhost:5000
[2023-11-05 18:25:44.813 -06:00 INF] Application started. Press Ctrl+C to shut down.
[2023-11-05 18:25:44.816 -06:00 INF] Hosting environment: Development
[2023-11-05 18:25:44.819 -06:00 INF] Content root path: D:\10CUATRIMESTRE\HECTOR\Backend\inventario\API\
[2023-11-05 18:26:53.734 -06:00 INF] Request starting HTTP/1.1 POST http://localhost:5000/api/escasez/autorizar application/json 134
[2023-11-05 18:26:54.984 -06:00 INF] Executing endpoint 'API.Controllers.EscasezController.PostProcesoAutorizar (API)'
[2023-11-05 18:26:55.030 -06:00 INF] Route matched with {action = "PostProcesoAutorizar", controller = "Escasez"}. Executing controller action with signature System.Threading.Tasks.Task`1[Microsoft.AspNetCore.Mvc.IActionResult] PostProcesoAutorizar(API.Dtos.AltaEscasezDto) on controller API.Controllers.EscasezController (API).
[2023-11-05 18:26:55.593 -06:00 INF] Entity Framework Core 6.0.4 initialized 'InventarioContext' using provider 'Pomelo.EntityFrameworkCore.MySql:6.0.1' with options: ServerVersion 8.0.28-mysql 
[2023-11-05 18:26:55.786 -06:00 INF] Executed DbCommand (44ms) [Parameters=[@p0='?' (DbType = Int32), @p1='?' (DbType = Int32), @p2='?' (DbType = Int32)], CommandType='"Text"', CommandTimeout='30']
UPDATE Producto
                                                                SET Estatus = @p0,
                                                                Stock = @p1
                                                                WHERE ID = @p2
[2023-11-05 18:26:55.794 -06:00 INF] Executed DbCommand (2ms) [Parameters=[@p0='?' (DbType = Int32), @p1='?' (DbType = Int32)], CommandType='"Text"', CommandTimeout='30']
UPDATE Escasez_Producto
                                                                SET Estatus = @p0
                                                                WHERE ID = @p1
[2023-11-05 18:27:04.464 -06:00 INF] Executed DbCommand (3ms) [Parameters=[@p0='?' (DbType = Int32), @p1='?' (DbType = Int32), @p2='?' (DbType = DateTime), @p3='?' (DbType = Int32)], CommandType='"Text"', CommandTimeout='30']

                                    INSERT INTO Autorizacion
                                    (
                                    Escasez_prod_id,
                                    Usuario_id,
                                    Fecha_autoriza,
                                    Estado_autoriza)
                                    VALUES
                                    (@p0,@p1,@p2,@p3)
[2023-11-05 18:27:56.739 -06:00 ERR] Error en enviar correo al prov: The specified string is not in the form required for a subject.
[2023-11-05 18:27:56.823 -06:00 INF] Executing BadRequestObjectResult, writing value of type 'API.Helpers.Errors.ApiResponse'.
[2023-11-05 18:27:56.857 -06:00 INF] Executed action API.Controllers.EscasezController.PostProcesoAutorizar (API) in 61819.8717ms
[2023-11-05 18:27:56.859 -06:00 INF] Executed endpoint 'API.Controllers.EscasezController.PostProcesoAutorizar (API)'
[2023-11-05 18:27:56.875 -06:00 INF] Request finished HTTP/1.1 POST http://localhost:5000/api/escasez/autorizar application/json 134 - 400 - application/json;+charset=utf-8 63146.9035ms
[2023-11-05 18:36:57.700 -06:00 INF] Entity Framework Core 6.0.4 initialized 'InventarioContext' using provider 'Pomelo.EntityFrameworkCore.MySql:6.0.1' with options: ServerVersion 8.0.28-mysql 
[2023-11-05 18:37:01.748 -06:00 INF] Executed DbCommand (27ms) [Parameters=[], CommandType='"Text"', CommandTimeout='30']
SELECT 1 FROM INFORMATION_SCHEMA.TABLES WHERE TABLE_SCHEMA='inventarioRopa' AND TABLE_NAME='__EFMigrationsHistory';
[2023-11-05 18:37:02.199 -06:00 INF] Executed DbCommand (4ms) [Parameters=[], CommandType='"Text"', CommandTimeout='30']
SELECT 1 FROM INFORMATION_SCHEMA.TABLES WHERE TABLE_SCHEMA='inventarioRopa' AND TABLE_NAME='__EFMigrationsHistory';
[2023-11-05 18:37:02.338 -06:00 INF] Executed DbCommand (15ms) [Parameters=[], CommandType='"Text"', CommandTimeout='30']
SELECT `MigrationId`, `ProductVersion`
FROM `__EFMigrationsHistory`
ORDER BY `MigrationId`;
[2023-11-05 18:37:02.411 -06:00 INF] No migrations were applied. The database is already up to date.
[2023-11-05 18:37:03.409 -06:00 INF] Executed DbCommand (4ms) [Parameters=[], CommandType='"Text"', CommandTimeout='30']
SELECT EXISTS (
    SELECT 1
    FROM `Rol` AS `r`)
[2023-11-05 18:37:04.275 -06:00 INF] User profile is available. Using 'C:\Users\Rodrigo Tellez\AppData\Local\ASP.NET\DataProtection-Keys' as key repository and Windows DPAPI to encrypt keys at rest.
[2023-11-05 18:37:05.956 -06:00 INF] Now listening on: https://localhost:5001
[2023-11-05 18:37:05.958 -06:00 INF] Now listening on: http://localhost:5000
[2023-11-05 18:37:05.969 -06:00 INF] Application started. Press Ctrl+C to shut down.
[2023-11-05 18:37:05.972 -06:00 INF] Hosting environment: Development
[2023-11-05 18:37:05.974 -06:00 INF] Content root path: D:\10CUATRIMESTRE\HECTOR\Backend\inventario\API\
[2023-11-05 18:37:52.597 -06:00 INF] Request starting HTTP/1.1 POST http://localhost:5000/api/escasez/autorizar application/json 134
[2023-11-05 18:37:54.288 -06:00 INF] Executing endpoint 'API.Controllers.EscasezController.PostProcesoAutorizar (API)'
[2023-11-05 18:37:54.333 -06:00 INF] Route matched with {action = "PostProcesoAutorizar", controller = "Escasez"}. Executing controller action with signature System.Threading.Tasks.Task`1[Microsoft.AspNetCore.Mvc.IActionResult] PostProcesoAutorizar(API.Dtos.AltaEscasezDto) on controller API.Controllers.EscasezController (API).
[2023-11-05 18:37:54.883 -06:00 INF] Entity Framework Core 6.0.4 initialized 'InventarioContext' using provider 'Pomelo.EntityFrameworkCore.MySql:6.0.1' with options: ServerVersion 8.0.28-mysql 
[2023-11-05 18:37:55.134 -06:00 INF] Executed DbCommand (33ms) [Parameters=[@p0='?' (DbType = Int32), @p1='?' (DbType = Int32), @p2='?' (DbType = Int32)], CommandType='"Text"', CommandTimeout='30']
UPDATE Producto
                                                                SET Estatus = @p0,
                                                                Stock = @p1
                                                                WHERE ID = @p2
[2023-11-05 18:37:55.142 -06:00 INF] Executed DbCommand (2ms) [Parameters=[@p0='?' (DbType = Int32), @p1='?' (DbType = Int32)], CommandType='"Text"', CommandTimeout='30']
UPDATE Escasez_Producto
                                                                SET Estatus = @p0
                                                                WHERE ID = @p1
[2023-11-05 18:37:55.161 -06:00 INF] Executed DbCommand (3ms) [Parameters=[@p0='?' (DbType = Int32), @p1='?' (DbType = Int32), @p2='?' (DbType = DateTime), @p3='?' (DbType = Int32)], CommandType='"Text"', CommandTimeout='30']

                                    INSERT INTO Autorizacion
                                    (
                                    Escasez_prod_id,
                                    Usuario_id,
                                    Fecha_autoriza,
                                    Estado_autoriza)
                                    VALUES
                                    (@p0,@p1,@p2,@p3)
[2023-11-05 18:38:35.126 -06:00 INF] Executing OkObjectResult, writing value of type 'API.Helpers.Errors.ManagementResponse'.
[2023-11-05 18:38:35.167 -06:00 INF] Executed action API.Controllers.EscasezController.PostProcesoAutorizar (API) in 40826.2527ms
[2023-11-05 18:38:35.169 -06:00 INF] Executed endpoint 'API.Controllers.EscasezController.PostProcesoAutorizar (API)'
[2023-11-05 18:38:35.183 -06:00 INF] Request finished HTTP/1.1 POST http://localhost:5000/api/escasez/autorizar application/json 134 - 200 - application/json;+charset=utf-8 42590.5363ms
[2023-11-05 20:45:37.193 -06:00 INF] Entity Framework Core 6.0.4 initialized 'InventarioContext' using provider 'Pomelo.EntityFrameworkCore.MySql:6.0.1' with options: ServerVersion 8.0.28-mysql 
[2023-11-05 20:45:37.737 -06:00 INF] Executed DbCommand (18ms) [Parameters=[], CommandType='"Text"', CommandTimeout='30']
SELECT 1 FROM INFORMATION_SCHEMA.TABLES WHERE TABLE_SCHEMA='inventarioRopa' AND TABLE_NAME='__EFMigrationsHistory';
[2023-11-05 20:45:37.772 -06:00 INF] Executed DbCommand (3ms) [Parameters=[], CommandType='"Text"', CommandTimeout='30']
SELECT 1 FROM INFORMATION_SCHEMA.TABLES WHERE TABLE_SCHEMA='inventarioRopa' AND TABLE_NAME='__EFMigrationsHistory';
[2023-11-05 20:45:37.810 -06:00 INF] Executed DbCommand (14ms) [Parameters=[], CommandType='"Text"', CommandTimeout='30']
SELECT `MigrationId`, `ProductVersion`
FROM `__EFMigrationsHistory`
ORDER BY `MigrationId`;
[2023-11-05 20:45:37.831 -06:00 INF] No migrations were applied. The database is already up to date.
[2023-11-05 20:45:38.164 -06:00 INF] Executed DbCommand (5ms) [Parameters=[], CommandType='"Text"', CommandTimeout='30']
SELECT EXISTS (
    SELECT 1
    FROM `Rol` AS `r`)
[2023-11-05 20:45:38.343 -06:00 INF] User profile is available. Using 'C:\Users\Rodrigo Tellez\AppData\Local\ASP.NET\DataProtection-Keys' as key repository and Windows DPAPI to encrypt keys at rest.
[2023-11-05 20:45:38.478 -06:00 INF] Now listening on: https://localhost:5001
[2023-11-05 20:45:38.478 -06:00 INF] Now listening on: http://localhost:5000
[2023-11-05 20:45:38.485 -06:00 INF] Application started. Press Ctrl+C to shut down.
[2023-11-05 20:45:38.486 -06:00 INF] Hosting environment: Development
[2023-11-05 20:45:38.486 -06:00 INF] Content root path: D:\10CUATRIMESTRE\HECTOR\Backend\inventario\API\
[2023-11-05 20:47:28.810 -06:00 INF] Request starting HTTP/1.1 POST http://localhost:5000/api/usuario/token application/json 58
[2023-11-05 20:47:30.611 -06:00 INF] Failed to validate the token.
Microsoft.IdentityModel.Tokens.SecurityTokenExpiredException: IDX10223: Lifetime validation failed. The token is expired. ValidTo: '06/11/2023 12:51:16 a. m.', Current time: '06/11/2023 02:47:30 a. m.'.
   at Microsoft.IdentityModel.Tokens.Validators.ValidateLifetime(Nullable`1 notBefore, Nullable`1 expires, SecurityToken securityToken, TokenValidationParameters validationParameters)
   at System.IdentityModel.Tokens.Jwt.JwtSecurityTokenHandler.ValidateLifetime(Nullable`1 notBefore, Nullable`1 expires, JwtSecurityToken jwtToken, TokenValidationParameters validationParameters)
   at System.IdentityModel.Tokens.Jwt.JwtSecurityTokenHandler.ValidateTokenPayload(JwtSecurityToken jwtToken, TokenValidationParameters validationParameters, BaseConfiguration configuration)
   at System.IdentityModel.Tokens.Jwt.JwtSecurityTokenHandler.ValidateJWS(String token, TokenValidationParameters validationParameters, BaseConfiguration currentConfiguration, SecurityToken& signatureValidatedToken, ExceptionDispatchInfo& exceptionThrown)
--- End of stack trace from previous location ---
   at System.IdentityModel.Tokens.Jwt.JwtSecurityTokenHandler.ValidateToken(String token, JwtSecurityToken outerToken, TokenValidationParameters validationParameters, SecurityToken& signatureValidatedToken)
   at System.IdentityModel.Tokens.Jwt.JwtSecurityTokenHandler.ValidateToken(String token, TokenValidationParameters validationParameters, SecurityToken& validatedToken)
   at Microsoft.AspNetCore.Authentication.JwtBearer.JwtBearerHandler.HandleAuthenticateAsync()
[2023-11-05 20:47:30.700 -06:00 INF] Bearer was not authenticated. Failure message: IDX10223: Lifetime validation failed. The token is expired. ValidTo: '06/11/2023 12:51:16 a. m.', Current time: '06/11/2023 02:47:30 a. m.'.
[2023-11-05 20:47:30.705 -06:00 INF] Executing endpoint 'API.Controllers.UsuarioController.GetTokenAsync (API)'
[2023-11-05 20:47:30.733 -06:00 INF] Route matched with {action = "GetToken", controller = "Usuario"}. Executing controller action with signature System.Threading.Tasks.Task`1[Microsoft.AspNetCore.Mvc.IActionResult] GetTokenAsync(API.Dtos.LoginDto) on controller API.Controllers.UsuarioController (API).
[2023-11-05 20:47:30.921 -06:00 INF] Entity Framework Core 6.0.4 initialized 'InventarioContext' using provider 'Pomelo.EntityFrameworkCore.MySql:6.0.1' with options: ServerVersion 8.0.28-mysql 
[2023-11-05 20:47:31.266 -06:00 WRN] Compiling a query which loads related collections for more than one collection navigation, either via 'Include' or through projection, but no 'QuerySplittingBehavior' has been configured. By default, Entity Framework will use 'QuerySplittingBehavior.SingleQuery', which can potentially result in slow query performance. See https://go.microsoft.com/fwlink/?linkid=2134277 for more information. To identify the query that's triggering this warning call 'ConfigureWarnings(w => w.Throw(RelationalEventId.MultipleCollectionIncludeWarning))'.
[2023-11-05 20:47:31.406 -06:00 INF] Executed DbCommand (56ms) [Parameters=[@__ToLower_0='?' (Size = 255)], CommandType='"Text"', CommandTimeout='30']
SELECT `t`.`ID`, `t`.`Apellido`, `t`.`CorreoElectronico`, `t`.`Nom_user`, `t`.`Password`, `t0`.`UsuarioId`, `t0`.`RolId`, `t0`.`ID`, `t0`.`Nombre`, `r0`.`ID`, `r0`.`Created`, `r0`.`Expires`, `r0`.`Revoked`, `r0`.`Token`, `r0`.`UsuarioId`
FROM (
    SELECT `u`.`ID`, `u`.`Apellido`, `u`.`CorreoElectronico`, `u`.`Nom_user`, `u`.`Password`
    FROM `Usuario` AS `u`
    WHERE LOWER(`u`.`Nom_user`) = @__ToLower_0
    LIMIT 1
) AS `t`
LEFT JOIN (
    SELECT `u0`.`UsuarioId`, `u0`.`RolId`, `r`.`ID`, `r`.`Nombre`
    FROM `UsuarioRoles` AS `u0`
    INNER JOIN `Rol` AS `r` ON `u0`.`RolId` = `r`.`ID`
) AS `t0` ON `t`.`ID` = `t0`.`UsuarioId`
LEFT JOIN `RefreshToken` AS `r0` ON `t`.`ID` = `r0`.`UsuarioId`
ORDER BY `t`.`ID`, `t0`.`UsuarioId`, `t0`.`RolId`, `t0`.`ID`
[2023-11-05 20:47:31.620 -06:00 INF] Executing OkObjectResult, writing value of type '<>f__AnonymousType2`3[[System.String, System.Private.CoreLib, Version=6.0.0.0, Culture=neutral, PublicKeyToken=7cec85d7bea7798e],[System.Boolean, System.Private.CoreLib, Version=6.0.0.0, Culture=neutral, PublicKeyToken=7cec85d7bea7798e],[API.Dtos.DatosUsuarioDto, API, Version=1.0.0.0, Culture=neutral, PublicKeyToken=null]]'.
[2023-11-05 20:47:31.650 -06:00 INF] Executed action API.Controllers.UsuarioController.GetTokenAsync (API) in 911.6413ms
[2023-11-05 20:47:31.651 -06:00 INF] Executed endpoint 'API.Controllers.UsuarioController.GetTokenAsync (API)'
[2023-11-05 20:47:31.659 -06:00 INF] Request finished HTTP/1.1 POST http://localhost:5000/api/usuario/token application/json 58 - 200 - application/json;+charset=utf-8 2853.0813ms
[2023-11-05 20:47:38.097 -06:00 INF] Request starting HTTP/1.1 POST http://localhost:5000/api/escasez/autorizar application/json 134
[2023-11-05 20:47:38.132 -06:00 INF] Executing endpoint 'API.Controllers.EscasezController.PostProcesoAutorizar (API)'
[2023-11-05 20:47:38.136 -06:00 INF] Route matched with {action = "PostProcesoAutorizar", controller = "Escasez"}. Executing controller action with signature System.Threading.Tasks.Task`1[Microsoft.AspNetCore.Mvc.IActionResult] PostProcesoAutorizar(API.Dtos.AltaEscasezDto) on controller API.Controllers.EscasezController (API).
[2023-11-05 20:47:38.358 -06:00 INF] Entity Framework Core 6.0.4 initialized 'InventarioContext' using provider 'Pomelo.EntityFrameworkCore.MySql:6.0.1' with options: ServerVersion 8.0.28-mysql 
[2023-11-05 20:47:38.392 -06:00 INF] Executed DbCommand (9ms) [Parameters=[@p0='?' (DbType = Int32), @p1='?' (DbType = Int32), @p2='?' (DbType = Int32)], CommandType='"Text"', CommandTimeout='30']
UPDATE Producto
                                                                SET Estatus = @p0,
                                                                Stock = @p1
                                                                WHERE ID = @p2
[2023-11-05 20:47:38.411 -06:00 INF] Executed DbCommand (16ms) [Parameters=[@p0='?' (DbType = Int32), @p1='?' (DbType = Int32)], CommandType='"Text"', CommandTimeout='30']
UPDATE Escasez_Producto
                                                                SET Estatus = @p0
                                                                WHERE ID = @p1
[2023-11-05 20:47:38.433 -06:00 INF] Executed DbCommand (16ms) [Parameters=[@p0='?' (DbType = Int32), @p1='?' (DbType = Int32), @p2='?' (DbType = DateTime), @p3='?' (DbType = Int32)], CommandType='"Text"', CommandTimeout='30']

                                    INSERT INTO Autorizacion
                                    (
                                    Escasez_prod_id,
                                    Usuario_id,
                                    Fecha_autoriza,
                                    Estado_autoriza)
                                    VALUES
                                    (@p0,@p1,@p2,@p3)
[2023-11-05 20:47:38.541 -06:00 INF] Executed DbCommand (65ms) [Parameters=[@__idEscasez_0='?' (DbType = Int32)], CommandType='"Text"', CommandTimeout='30']
SELECT CAST(`e`.`Cant_Soli` AS char) AS `Cantidad`, CAST(`e`.`Precio` AS char) AS `Precio`, `c`.`Direccion` AS `DireccionProv`, `c`.`CorreoElectronico` AS `EmailProv`, CAST(`e`.`Fecha_Registro` AS char) AS `Fecha`, CAST(`e`.`ID` AS char) AS `IdEscasez`, `p`.`Nom_prod` AS `NombreProducto`, `c`.`Contacto` AS `NomProv`
FROM `Escasez_Producto` AS `e`
INNER JOIN `Producto` AS `p` ON `e`.`ProductoId` = `p`.`ID`
INNER JOIN `Cte_prov` AS `c` ON `p`.`Cve_prov` = `c`.`ID`
WHERE `e`.`ID` = @__idEscasez_0
LIMIT 1
[2023-11-05 20:47:40.825 -06:00 INF] Executing OkObjectResult, writing value of type 'API.Helpers.Errors.ManagementResponse'.
[2023-11-05 20:47:40.828 -06:00 INF] Executed action API.Controllers.EscasezController.PostProcesoAutorizar (API) in 2691.8167ms
[2023-11-05 20:47:40.828 -06:00 INF] Executed endpoint 'API.Controllers.EscasezController.PostProcesoAutorizar (API)'
[2023-11-05 20:47:40.829 -06:00 INF] Request finished HTTP/1.1 POST http://localhost:5000/api/escasez/autorizar application/json 134 - 200 - application/json;+charset=utf-8 2731.9029ms
[2023-11-05 20:49:22.319 -06:00 INF] Application is shutting down...
[2023-11-05 21:26:26.491 -06:00 INF] Entity Framework Core 6.0.4 initialized 'InventarioContext' using provider 'Pomelo.EntityFrameworkCore.MySql:6.0.1' with options: ServerVersion 8.0.28-mysql 
[2023-11-05 21:26:27.008 -06:00 INF] Executed DbCommand (16ms) [Parameters=[], CommandType='"Text"', CommandTimeout='30']
SELECT 1 FROM INFORMATION_SCHEMA.TABLES WHERE TABLE_SCHEMA='inventarioRopa' AND TABLE_NAME='__EFMigrationsHistory';
[2023-11-05 21:26:27.044 -06:00 INF] Executed DbCommand (3ms) [Parameters=[], CommandType='"Text"', CommandTimeout='30']
SELECT 1 FROM INFORMATION_SCHEMA.TABLES WHERE TABLE_SCHEMA='inventarioRopa' AND TABLE_NAME='__EFMigrationsHistory';
[2023-11-05 21:26:27.079 -06:00 INF] Executed DbCommand (6ms) [Parameters=[], CommandType='"Text"', CommandTimeout='30']
SELECT `MigrationId`, `ProductVersion`
FROM `__EFMigrationsHistory`
ORDER BY `MigrationId`;
[2023-11-05 21:26:27.102 -06:00 INF] No migrations were applied. The database is already up to date.
[2023-11-05 21:26:27.310 -06:00 INF] Executed DbCommand (3ms) [Parameters=[], CommandType='"Text"', CommandTimeout='30']
SELECT EXISTS (
    SELECT 1
    FROM `Rol` AS `r`)
[2023-11-05 21:26:27.436 -06:00 INF] User profile is available. Using 'C:\Users\Rodrigo Tellez\AppData\Local\ASP.NET\DataProtection-Keys' as key repository and Windows DPAPI to encrypt keys at rest.
[2023-11-05 21:26:27.549 -06:00 INF] Now listening on: https://localhost:5001
[2023-11-05 21:26:27.549 -06:00 INF] Now listening on: http://localhost:5000
[2023-11-05 21:26:27.553 -06:00 INF] Application started. Press Ctrl+C to shut down.
[2023-11-05 21:26:27.553 -06:00 INF] Hosting environment: Development
[2023-11-05 21:26:27.553 -06:00 INF] Content root path: D:\10CUATRIMESTRE\HECTOR\Backend\inventario\API\
[2023-11-05 21:27:26.699 -06:00 INF] Request starting HTTP/1.1 POST http://localhost:5000/api/usuario/token application/json 58
[2023-11-05 21:27:27.582 -06:00 INF] Failed to validate the token.
Microsoft.IdentityModel.Tokens.SecurityTokenExpiredException: IDX10223: Lifetime validation failed. The token is expired. ValidTo: '06/11/2023 03:17:31 a. m.', Current time: '06/11/2023 03:27:27 a. m.'.
   at Microsoft.IdentityModel.Tokens.Validators.ValidateLifetime(Nullable`1 notBefore, Nullable`1 expires, SecurityToken securityToken, TokenValidationParameters validationParameters)
   at System.IdentityModel.Tokens.Jwt.JwtSecurityTokenHandler.ValidateLifetime(Nullable`1 notBefore, Nullable`1 expires, JwtSecurityToken jwtToken, TokenValidationParameters validationParameters)
   at System.IdentityModel.Tokens.Jwt.JwtSecurityTokenHandler.ValidateTokenPayload(JwtSecurityToken jwtToken, TokenValidationParameters validationParameters, BaseConfiguration configuration)
   at System.IdentityModel.Tokens.Jwt.JwtSecurityTokenHandler.ValidateJWS(String token, TokenValidationParameters validationParameters, BaseConfiguration currentConfiguration, SecurityToken& signatureValidatedToken, ExceptionDispatchInfo& exceptionThrown)
--- End of stack trace from previous location ---
   at System.IdentityModel.Tokens.Jwt.JwtSecurityTokenHandler.ValidateToken(String token, JwtSecurityToken outerToken, TokenValidationParameters validationParameters, SecurityToken& signatureValidatedToken)
   at System.IdentityModel.Tokens.Jwt.JwtSecurityTokenHandler.ValidateToken(String token, TokenValidationParameters validationParameters, SecurityToken& validatedToken)
   at Microsoft.AspNetCore.Authentication.JwtBearer.JwtBearerHandler.HandleAuthenticateAsync()
[2023-11-05 21:27:27.686 -06:00 INF] Bearer was not authenticated. Failure message: IDX10223: Lifetime validation failed. The token is expired. ValidTo: '06/11/2023 03:17:31 a. m.', Current time: '06/11/2023 03:27:27 a. m.'.
[2023-11-05 21:27:27.692 -06:00 INF] Executing endpoint 'API.Controllers.UsuarioController.GetTokenAsync (API)'
[2023-11-05 21:27:27.722 -06:00 INF] Route matched with {action = "GetToken", controller = "Usuario"}. Executing controller action with signature System.Threading.Tasks.Task`1[Microsoft.AspNetCore.Mvc.IActionResult] GetTokenAsync(API.Dtos.LoginDto) on controller API.Controllers.UsuarioController (API).
[2023-11-05 21:27:27.953 -06:00 INF] Entity Framework Core 6.0.4 initialized 'InventarioContext' using provider 'Pomelo.EntityFrameworkCore.MySql:6.0.1' with options: ServerVersion 8.0.28-mysql 
[2023-11-05 21:27:28.332 -06:00 WRN] Compiling a query which loads related collections for more than one collection navigation, either via 'Include' or through projection, but no 'QuerySplittingBehavior' has been configured. By default, Entity Framework will use 'QuerySplittingBehavior.SingleQuery', which can potentially result in slow query performance. See https://go.microsoft.com/fwlink/?linkid=2134277 for more information. To identify the query that's triggering this warning call 'ConfigureWarnings(w => w.Throw(RelationalEventId.MultipleCollectionIncludeWarning))'.
[2023-11-05 21:27:28.457 -06:00 INF] Executed DbCommand (50ms) [Parameters=[@__ToLower_0='?' (Size = 255)], CommandType='"Text"', CommandTimeout='30']
SELECT `t`.`ID`, `t`.`Apellido`, `t`.`CorreoElectronico`, `t`.`Nom_user`, `t`.`Password`, `t0`.`UsuarioId`, `t0`.`RolId`, `t0`.`ID`, `t0`.`Nombre`, `r0`.`ID`, `r0`.`Created`, `r0`.`Expires`, `r0`.`Revoked`, `r0`.`Token`, `r0`.`UsuarioId`
FROM (
    SELECT `u`.`ID`, `u`.`Apellido`, `u`.`CorreoElectronico`, `u`.`Nom_user`, `u`.`Password`
    FROM `Usuario` AS `u`
    WHERE LOWER(`u`.`Nom_user`) = @__ToLower_0
    LIMIT 1
) AS `t`
LEFT JOIN (
    SELECT `u0`.`UsuarioId`, `u0`.`RolId`, `r`.`ID`, `r`.`Nombre`
    FROM `UsuarioRoles` AS `u0`
    INNER JOIN `Rol` AS `r` ON `u0`.`RolId` = `r`.`ID`
) AS `t0` ON `t`.`ID` = `t0`.`UsuarioId`
LEFT JOIN `RefreshToken` AS `r0` ON `t`.`ID` = `r0`.`UsuarioId`
ORDER BY `t`.`ID`, `t0`.`UsuarioId`, `t0`.`RolId`, `t0`.`ID`
[2023-11-05 21:27:28.642 -06:00 INF] Executing OkObjectResult, writing value of type '<>f__AnonymousType2`3[[System.String, System.Private.CoreLib, Version=6.0.0.0, Culture=neutral, PublicKeyToken=7cec85d7bea7798e],[System.Boolean, System.Private.CoreLib, Version=6.0.0.0, Culture=neutral, PublicKeyToken=7cec85d7bea7798e],[API.Dtos.DatosUsuarioDto, API, Version=1.0.0.0, Culture=neutral, PublicKeyToken=null]]'.
[2023-11-05 21:27:28.682 -06:00 INF] Executed action API.Controllers.UsuarioController.GetTokenAsync (API) in 951.7175ms
[2023-11-05 21:27:28.682 -06:00 INF] Executed endpoint 'API.Controllers.UsuarioController.GetTokenAsync (API)'
[2023-11-05 21:27:28.689 -06:00 INF] Request finished HTTP/1.1 POST http://localhost:5000/api/usuario/token application/json 58 - 200 - application/json;+charset=utf-8 1993.5389ms
[2023-11-05 21:27:35.396 -06:00 INF] Request starting HTTP/1.1 POST http://localhost:5000/api/escasez/autorizar application/json 134
[2023-11-05 21:27:35.428 -06:00 INF] Executing endpoint 'API.Controllers.EscasezController.PostProcesoAutorizar (API)'
[2023-11-05 21:27:35.434 -06:00 INF] Route matched with {action = "PostProcesoAutorizar", controller = "Escasez"}. Executing controller action with signature System.Threading.Tasks.Task`1[Microsoft.AspNetCore.Mvc.IActionResult] PostProcesoAutorizar(API.Dtos.AltaEscasezDto) on controller API.Controllers.EscasezController (API).
[2023-11-05 21:27:35.567 -06:00 INF] Entity Framework Core 6.0.4 initialized 'InventarioContext' using provider 'Pomelo.EntityFrameworkCore.MySql:6.0.1' with options: ServerVersion 8.0.28-mysql 
[2023-11-05 21:27:35.607 -06:00 INF] Executed DbCommand (5ms) [Parameters=[@p0='?' (DbType = Int32), @p1='?' (DbType = Int32), @p2='?' (DbType = Int32)], CommandType='"Text"', CommandTimeout='30']
UPDATE Producto
                                                                SET Estatus = @p0,
                                                                Stock = @p1
                                                                WHERE ID = @p2
[2023-11-05 21:27:35.610 -06:00 INF] Executed DbCommand (2ms) [Parameters=[@p0='?' (DbType = Int32), @p1='?' (DbType = Int32)], CommandType='"Text"', CommandTimeout='30']
UPDATE Escasez_Producto
                                                                SET Estatus = @p0
                                                                WHERE ID = @p1
[2023-11-05 21:27:35.617 -06:00 INF] Executed DbCommand (2ms) [Parameters=[@p0='?' (DbType = Int32), @p1='?' (DbType = Int32), @p2='?' (DbType = DateTime), @p3='?' (DbType = Int32)], CommandType='"Text"', CommandTimeout='30']

                                    INSERT INTO Autorizacion
                                    (
                                    Escasez_prod_id,
                                    Usuario_id,
                                    Fecha_autoriza,
                                    Estado_autoriza)
                                    VALUES
                                    (@p0,@p1,@p2,@p3)
[2023-11-05 21:27:35.685 -06:00 INF] Executed DbCommand (29ms) [Parameters=[@__idEscasez_0='?' (DbType = Int32)], CommandType='"Text"', CommandTimeout='30']
SELECT CAST(`e`.`Cant_Soli` AS char) AS `Cantidad`, CAST(`e`.`Precio` AS char) AS `Precio`, `c`.`Direccion` AS `DireccionProv`, `c`.`CorreoElectronico` AS `EmailProv`, CAST(`e`.`Fecha_Registro` AS char) AS `Fecha`, CAST(`e`.`ID` AS char) AS `IdEscasez`, `p`.`Nom_prod` AS `NombreProducto`, `c`.`Contacto` AS `NomProv`, `u`.`Apellido` AS `NombreEmpleado`
FROM `Escasez_Producto` AS `e`
INNER JOIN `Producto` AS `p` ON `e`.`ProductoId` = `p`.`ID`
INNER JOIN `Cte_prov` AS `c` ON `p`.`Cve_prov` = `c`.`ID`
INNER JOIN `Usuario` AS `u` ON `e`.`UsuarioId` = `u`.`ID`
WHERE `e`.`ID` = @__idEscasez_0
LIMIT 1
[2023-11-05 21:27:37.746 -06:00 INF] Executing OkObjectResult, writing value of type 'API.Helpers.Errors.ManagementResponse'.
[2023-11-05 21:27:37.747 -06:00 INF] Executed action API.Controllers.EscasezController.PostProcesoAutorizar (API) in 2313.3774ms
[2023-11-05 21:27:37.748 -06:00 INF] Executed endpoint 'API.Controllers.EscasezController.PostProcesoAutorizar (API)'
[2023-11-05 21:27:37.748 -06:00 INF] Request finished HTTP/1.1 POST http://localhost:5000/api/escasez/autorizar application/json 134 - 200 - application/json;+charset=utf-8 2352.5483ms
[2023-11-05 21:28:37.363 -06:00 INF] Application is shutting down...
[2023-11-05 21:28:48.587 -06:00 INF] Entity Framework Core 6.0.4 initialized 'InventarioContext' using provider 'Pomelo.EntityFrameworkCore.MySql:6.0.1' with options: ServerVersion 8.0.28-mysql 
[2023-11-05 21:28:49.081 -06:00 INF] Executed DbCommand (17ms) [Parameters=[], CommandType='"Text"', CommandTimeout='30']
SELECT 1 FROM INFORMATION_SCHEMA.TABLES WHERE TABLE_SCHEMA='inventarioRopa' AND TABLE_NAME='__EFMigrationsHistory';
[2023-11-05 21:28:49.120 -06:00 INF] Executed DbCommand (4ms) [Parameters=[], CommandType='"Text"', CommandTimeout='30']
SELECT 1 FROM INFORMATION_SCHEMA.TABLES WHERE TABLE_SCHEMA='inventarioRopa' AND TABLE_NAME='__EFMigrationsHistory';
[2023-11-05 21:28:49.157 -06:00 INF] Executed DbCommand (7ms) [Parameters=[], CommandType='"Text"', CommandTimeout='30']
SELECT `MigrationId`, `ProductVersion`
FROM `__EFMigrationsHistory`
ORDER BY `MigrationId`;
[2023-11-05 21:28:49.179 -06:00 INF] No migrations were applied. The database is already up to date.
[2023-11-05 21:28:49.414 -06:00 INF] Executed DbCommand (4ms) [Parameters=[], CommandType='"Text"', CommandTimeout='30']
SELECT EXISTS (
    SELECT 1
    FROM `Rol` AS `r`)
[2023-11-05 21:28:49.560 -06:00 INF] User profile is available. Using 'C:\Users\Rodrigo Tellez\AppData\Local\ASP.NET\DataProtection-Keys' as key repository and Windows DPAPI to encrypt keys at rest.
[2023-11-05 21:28:49.650 -06:00 INF] Now listening on: https://localhost:5001
[2023-11-05 21:28:49.650 -06:00 INF] Now listening on: http://localhost:5000
[2023-11-05 21:28:49.654 -06:00 INF] Application started. Press Ctrl+C to shut down.
[2023-11-05 21:28:49.654 -06:00 INF] Hosting environment: Development
[2023-11-05 21:28:49.654 -06:00 INF] Content root path: D:\10CUATRIMESTRE\HECTOR\Backend\inventario\API\
[2023-11-05 21:28:57.158 -06:00 INF] Request starting HTTP/1.1 POST http://localhost:5000/api/escasez/autorizar application/json 134
[2023-11-05 21:28:57.452 -06:00 INF] Executing endpoint 'API.Controllers.EscasezController.PostProcesoAutorizar (API)'
[2023-11-05 21:28:57.478 -06:00 INF] Route matched with {action = "PostProcesoAutorizar", controller = "Escasez"}. Executing controller action with signature System.Threading.Tasks.Task`1[Microsoft.AspNetCore.Mvc.IActionResult] PostProcesoAutorizar(API.Dtos.AltaEscasezDto) on controller API.Controllers.EscasezController (API).
[2023-11-05 21:28:57.679 -06:00 INF] Entity Framework Core 6.0.4 initialized 'InventarioContext' using provider 'Pomelo.EntityFrameworkCore.MySql:6.0.1' with options: ServerVersion 8.0.28-mysql 
[2023-11-05 21:28:57.743 -06:00 INF] Executed DbCommand (24ms) [Parameters=[@p0='?' (DbType = Int32), @p1='?' (DbType = Int32), @p2='?' (DbType = Int32)], CommandType='"Text"', CommandTimeout='30']
UPDATE Producto
                                                                SET Estatus = @p0,
                                                                Stock = @p1
                                                                WHERE ID = @p2
[2023-11-05 21:28:57.747 -06:00 INF] Executed DbCommand (3ms) [Parameters=[@p0='?' (DbType = Int32), @p1='?' (DbType = Int32)], CommandType='"Text"', CommandTimeout='30']
UPDATE Escasez_Producto
                                                                SET Estatus = @p0
                                                                WHERE ID = @p1
[2023-11-05 21:28:57.759 -06:00 INF] Executed DbCommand (2ms) [Parameters=[@p0='?' (DbType = Int32), @p1='?' (DbType = Int32), @p2='?' (DbType = DateTime), @p3='?' (DbType = Int32)], CommandType='"Text"', CommandTimeout='30']

                                    INSERT INTO Autorizacion
                                    (
                                    Escasez_prod_id,
                                    Usuario_id,
                                    Fecha_autoriza,
                                    Estado_autoriza)
                                    VALUES
                                    (@p0,@p1,@p2,@p3)
[2023-11-05 21:28:57.896 -06:00 INF] Executed DbCommand (3ms) [Parameters=[@__idEscasez_0='?' (DbType = Int32)], CommandType='"Text"', CommandTimeout='30']
SELECT CAST(`e`.`Cant_Soli` AS char) AS `Cantidad`, CAST(`e`.`Precio` AS char) AS `Precio`, `c`.`Direccion` AS `DireccionProv`, `c`.`CorreoElectronico` AS `EmailProv`, CAST(`e`.`Fecha_Registro` AS char) AS `Fecha`, CAST(`e`.`ID` AS char) AS `IdEscasez`, `p`.`Nom_prod` AS `NombreProducto`, `c`.`Contacto` AS `NomProv`, `u`.`Apellido` AS `NombreEmpleado`
FROM `Escasez_Producto` AS `e`
INNER JOIN `Producto` AS `p` ON `e`.`ProductoId` = `p`.`ID`
INNER JOIN `Cte_prov` AS `c` ON `p`.`Cve_prov` = `c`.`ID`
INNER JOIN `Usuario` AS `u` ON `e`.`UsuarioId` = `u`.`ID`
WHERE `e`.`ID` = @__idEscasez_0
LIMIT 1
[2023-11-05 21:28:59.824 -06:00 INF] Executing OkObjectResult, writing value of type 'API.Helpers.Errors.ManagementResponse'.
[2023-11-05 21:28:59.839 -06:00 INF] Executed action API.Controllers.EscasezController.PostProcesoAutorizar (API) in 2355.6724ms
[2023-11-05 21:28:59.840 -06:00 INF] Executed endpoint 'API.Controllers.EscasezController.PostProcesoAutorizar (API)'
[2023-11-05 21:28:59.845 -06:00 INF] Request finished HTTP/1.1 POST http://localhost:5000/api/escasez/autorizar application/json 134 - 200 - application/json;+charset=utf-8 2690.2507ms
[2023-11-05 21:30:17.439 -06:00 INF] Application is shutting down...
[2023-11-05 21:33:12.190 -06:00 INF] Entity Framework Core 6.0.4 initialized 'InventarioContext' using provider 'Pomelo.EntityFrameworkCore.MySql:6.0.1' with options: ServerVersion 8.0.28-mysql 
[2023-11-05 21:33:12.641 -06:00 INF] Executed DbCommand (18ms) [Parameters=[], CommandType='"Text"', CommandTimeout='30']
SELECT 1 FROM INFORMATION_SCHEMA.TABLES WHERE TABLE_SCHEMA='inventarioRopa' AND TABLE_NAME='__EFMigrationsHistory';
[2023-11-05 21:33:12.690 -06:00 INF] Executed DbCommand (3ms) [Parameters=[], CommandType='"Text"', CommandTimeout='30']
SELECT 1 FROM INFORMATION_SCHEMA.TABLES WHERE TABLE_SCHEMA='inventarioRopa' AND TABLE_NAME='__EFMigrationsHistory';
[2023-11-05 21:33:12.726 -06:00 INF] Executed DbCommand (8ms) [Parameters=[], CommandType='"Text"', CommandTimeout='30']
SELECT `MigrationId`, `ProductVersion`
FROM `__EFMigrationsHistory`
ORDER BY `MigrationId`;
[2023-11-05 21:33:12.748 -06:00 INF] No migrations were applied. The database is already up to date.
[2023-11-05 21:33:12.978 -06:00 INF] Executed DbCommand (3ms) [Parameters=[], CommandType='"Text"', CommandTimeout='30']
SELECT EXISTS (
    SELECT 1
    FROM `Rol` AS `r`)
[2023-11-05 21:33:13.113 -06:00 INF] User profile is available. Using 'C:\Users\Rodrigo Tellez\AppData\Local\ASP.NET\DataProtection-Keys' as key repository and Windows DPAPI to encrypt keys at rest.
[2023-11-05 21:33:13.186 -06:00 INF] Now listening on: https://localhost:5001
[2023-11-05 21:33:13.187 -06:00 INF] Now listening on: http://localhost:5000
[2023-11-05 21:33:13.193 -06:00 INF] Application started. Press Ctrl+C to shut down.
[2023-11-05 21:33:13.193 -06:00 INF] Hosting environment: Development
[2023-11-05 21:33:13.193 -06:00 INF] Content root path: D:\10CUATRIMESTRE\HECTOR\Backend\inventario\API\
[2023-11-05 21:33:19.339 -06:00 INF] Request starting HTTP/1.1 POST http://localhost:5000/api/escasez/autorizar application/json 134
[2023-11-05 21:33:19.621 -06:00 INF] Executing endpoint 'API.Controllers.EscasezController.PostProcesoAutorizar (API)'
[2023-11-05 21:33:19.647 -06:00 INF] Route matched with {action = "PostProcesoAutorizar", controller = "Escasez"}. Executing controller action with signature System.Threading.Tasks.Task`1[Microsoft.AspNetCore.Mvc.IActionResult] PostProcesoAutorizar(API.Dtos.AltaEscasezDto) on controller API.Controllers.EscasezController (API).
[2023-11-05 21:33:19.824 -06:00 INF] Entity Framework Core 6.0.4 initialized 'InventarioContext' using provider 'Pomelo.EntityFrameworkCore.MySql:6.0.1' with options: ServerVersion 8.0.28-mysql 
[2023-11-05 21:33:19.893 -06:00 INF] Executed DbCommand (30ms) [Parameters=[@p0='?' (DbType = Int32), @p1='?' (DbType = Int32), @p2='?' (DbType = Int32)], CommandType='"Text"', CommandTimeout='30']
UPDATE Producto
                                                                SET Estatus = @p0,
                                                                Stock = @p1
                                                                WHERE ID = @p2
[2023-11-05 21:33:19.897 -06:00 INF] Executed DbCommand (2ms) [Parameters=[@p0='?' (DbType = Int32), @p1='?' (DbType = Int32)], CommandType='"Text"', CommandTimeout='30']
UPDATE Escasez_Producto
                                                                SET Estatus = @p0
                                                                WHERE ID = @p1
[2023-11-05 21:33:19.907 -06:00 INF] Executed DbCommand (3ms) [Parameters=[@p0='?' (DbType = Int32), @p1='?' (DbType = Int32), @p2='?' (DbType = DateTime), @p3='?' (DbType = Int32)], CommandType='"Text"', CommandTimeout='30']

                                    INSERT INTO Autorizacion
                                    (
                                    Escasez_prod_id,
                                    Usuario_id,
                                    Fecha_autoriza,
                                    Estado_autoriza)
                                    VALUES
                                    (@p0,@p1,@p2,@p3)
[2023-11-05 21:33:20.044 -06:00 INF] Executed DbCommand (3ms) [Parameters=[@__idEscasez_0='?' (DbType = Int32)], CommandType='"Text"', CommandTimeout='30']
SELECT CAST(`e`.`Cant_Soli` AS char) AS `Cantidad`, CAST(`e`.`Precio` AS char) AS `Precio`, `c`.`Direccion` AS `DireccionProv`, `c`.`CorreoElectronico` AS `EmailProv`, CAST(`e`.`Fecha_Registro` AS char) AS `Fecha`, CAST(`e`.`ID` AS char) AS `IdEscasez`, `p`.`Nom_prod` AS `NombreProducto`, `c`.`Contacto` AS `NomProv`, `u`.`Apellido` AS `NombreEmpleado`
FROM `Escasez_Producto` AS `e`
INNER JOIN `Producto` AS `p` ON `e`.`ProductoId` = `p`.`ID`
INNER JOIN `Cte_prov` AS `c` ON `p`.`Cve_prov` = `c`.`ID`
INNER JOIN `Usuario` AS `u` ON `e`.`UsuarioId` = `u`.`ID`
WHERE `e`.`ID` = @__idEscasez_0
LIMIT 1
[2023-11-05 21:33:20.053 -06:00 INF] IMAGEN: 
[2023-11-05 21:33:21.926 -06:00 INF] Executing OkObjectResult, writing value of type 'API.Helpers.Errors.ManagementResponse'.
[2023-11-05 21:33:21.941 -06:00 INF] Executed action API.Controllers.EscasezController.PostProcesoAutorizar (API) in 2289.1826ms
[2023-11-05 21:33:21.942 -06:00 INF] Executed endpoint 'API.Controllers.EscasezController.PostProcesoAutorizar (API)'
[2023-11-05 21:33:21.948 -06:00 INF] Request finished HTTP/1.1 POST http://localhost:5000/api/escasez/autorizar application/json 134 - 200 - application/json;+charset=utf-8 2615.2508ms
[2023-11-05 21:34:04.221 -06:00 INF] Application is shutting down...
[2023-11-05 21:34:20.802 -06:00 INF] Entity Framework Core 6.0.4 initialized 'InventarioContext' using provider 'Pomelo.EntityFrameworkCore.MySql:6.0.1' with options: ServerVersion 8.0.28-mysql 
[2023-11-05 21:34:21.215 -06:00 INF] Executed DbCommand (18ms) [Parameters=[], CommandType='"Text"', CommandTimeout='30']
SELECT 1 FROM INFORMATION_SCHEMA.TABLES WHERE TABLE_SCHEMA='inventarioRopa' AND TABLE_NAME='__EFMigrationsHistory';
[2023-11-05 21:34:21.251 -06:00 INF] Executed DbCommand (3ms) [Parameters=[], CommandType='"Text"', CommandTimeout='30']
SELECT 1 FROM INFORMATION_SCHEMA.TABLES WHERE TABLE_SCHEMA='inventarioRopa' AND TABLE_NAME='__EFMigrationsHistory';
[2023-11-05 21:34:21.285 -06:00 INF] Executed DbCommand (7ms) [Parameters=[], CommandType='"Text"', CommandTimeout='30']
SELECT `MigrationId`, `ProductVersion`
FROM `__EFMigrationsHistory`
ORDER BY `MigrationId`;
[2023-11-05 21:34:21.310 -06:00 INF] No migrations were applied. The database is already up to date.
[2023-11-05 21:34:21.528 -06:00 INF] Executed DbCommand (3ms) [Parameters=[], CommandType='"Text"', CommandTimeout='30']
SELECT EXISTS (
    SELECT 1
    FROM `Rol` AS `r`)
[2023-11-05 21:34:21.658 -06:00 INF] User profile is available. Using 'C:\Users\Rodrigo Tellez\AppData\Local\ASP.NET\DataProtection-Keys' as key repository and Windows DPAPI to encrypt keys at rest.
[2023-11-05 21:34:21.729 -06:00 INF] Now listening on: https://localhost:5001
[2023-11-05 21:34:21.729 -06:00 INF] Now listening on: http://localhost:5000
[2023-11-05 21:34:21.734 -06:00 INF] Application started. Press Ctrl+C to shut down.
[2023-11-05 21:34:21.734 -06:00 INF] Hosting environment: Development
[2023-11-05 21:34:21.734 -06:00 INF] Content root path: D:\10CUATRIMESTRE\HECTOR\Backend\inventario\API\
[2023-11-05 21:34:36.299 -06:00 INF] Request starting HTTP/1.1 POST http://localhost:5000/api/escasez/autorizar application/json 134
[2023-11-05 21:34:36.573 -06:00 INF] Executing endpoint 'API.Controllers.EscasezController.PostProcesoAutorizar (API)'
[2023-11-05 21:34:36.596 -06:00 INF] Route matched with {action = "PostProcesoAutorizar", controller = "Escasez"}. Executing controller action with signature System.Threading.Tasks.Task`1[Microsoft.AspNetCore.Mvc.IActionResult] PostProcesoAutorizar(API.Dtos.AltaEscasezDto) on controller API.Controllers.EscasezController (API).
[2023-11-05 21:34:36.843 -06:00 INF] Entity Framework Core 6.0.4 initialized 'InventarioContext' using provider 'Pomelo.EntityFrameworkCore.MySql:6.0.1' with options: ServerVersion 8.0.28-mysql 
[2023-11-05 21:34:36.913 -06:00 INF] Executed DbCommand (26ms) [Parameters=[@p0='?' (DbType = Int32), @p1='?' (DbType = Int32), @p2='?' (DbType = Int32)], CommandType='"Text"', CommandTimeout='30']
UPDATE Producto
                                                                SET Estatus = @p0,
                                                                Stock = @p1
                                                                WHERE ID = @p2
[2023-11-05 21:34:36.917 -06:00 INF] Executed DbCommand (2ms) [Parameters=[@p0='?' (DbType = Int32), @p1='?' (DbType = Int32)], CommandType='"Text"', CommandTimeout='30']
UPDATE Escasez_Producto
                                                                SET Estatus = @p0
                                                                WHERE ID = @p1
[2023-11-05 21:34:36.929 -06:00 INF] Executed DbCommand (4ms) [Parameters=[@p0='?' (DbType = Int32), @p1='?' (DbType = Int32), @p2='?' (DbType = DateTime), @p3='?' (DbType = Int32)], CommandType='"Text"', CommandTimeout='30']

                                    INSERT INTO Autorizacion
                                    (
                                    Escasez_prod_id,
                                    Usuario_id,
                                    Fecha_autoriza,
                                    Estado_autoriza)
                                    VALUES
                                    (@p0,@p1,@p2,@p3)
[2023-11-05 21:34:37.072 -06:00 INF] Executed DbCommand (3ms) [Parameters=[@__idEscasez_0='?' (DbType = Int32)], CommandType='"Text"', CommandTimeout='30']
SELECT CAST(`e`.`Cant_Soli` AS char) AS `Cantidad`, CAST(`e`.`Precio` AS char) AS `Precio`, `c`.`Direccion` AS `DireccionProv`, `c`.`CorreoElectronico` AS `EmailProv`, CAST(`e`.`Fecha_Registro` AS char) AS `Fecha`, CAST(`e`.`ID` AS char) AS `IdEscasez`, `p`.`Nom_prod` AS `NombreProducto`, `c`.`Contacto` AS `NomProv`, `u`.`Apellido` AS `NombreEmpleado`, `p`.`Imagen`
FROM `Escasez_Producto` AS `e`
INNER JOIN `Producto` AS `p` ON `e`.`ProductoId` = `p`.`ID`
INNER JOIN `Cte_prov` AS `c` ON `p`.`Cve_prov` = `c`.`ID`
INNER JOIN `Usuario` AS `u` ON `e`.`UsuarioId` = `u`.`ID`
WHERE `e`.`ID` = @__idEscasez_0
LIMIT 1
[2023-11-05 21:34:37.083 -06:00 INF] IMAGEN: https://lp2.hm.com/hmgoepprod?set=quality[79]%2Csource[%2Feb%2F2b%2Feb2b0dfb0f81803fc816f8b10a0f01d807a71fc6.jpg]%2Corigin[dam]%2Ccategory[men_tshirtstanks_longsleeve]%2Ctype[DESCRIPTIVESTILLLIFE]%2Cres[m]%2Chmver[1]&call=url[file:/product/main]
[2023-11-05 21:34:38.936 -06:00 INF] Executing OkObjectResult, writing value of type 'API.Helpers.Errors.ManagementResponse'.
[2023-11-05 21:34:38.951 -06:00 INF] Executed action API.Controllers.EscasezController.PostProcesoAutorizar (API) in 2349.8742ms
[2023-11-05 21:34:38.952 -06:00 INF] Executed endpoint 'API.Controllers.EscasezController.PostProcesoAutorizar (API)'
[2023-11-05 21:34:38.956 -06:00 INF] Request finished HTTP/1.1 POST http://localhost:5000/api/escasez/autorizar application/json 134 - 200 - application/json;+charset=utf-8 2660.7243ms
[2023-11-05 21:35:24.866 -06:00 INF] Application is shutting down...
