[2023-10-21 19:07:25.150 -06:00 INF] Entity Framework Core 6.0.4 initialized 'InventarioContext' using provider 'Pomelo.EntityFrameworkCore.MySql:6.0.1' with options: ServerVersion 8.0.28-mysql 
[2023-10-21 19:07:26.116 -06:00 INF] Executed DbCommand (60ms) [Parameters=[], CommandType='"Text"', CommandTimeout='30']
SELECT 1 FROM INFORMATION_SCHEMA.TABLES WHERE TABLE_SCHEMA='inventarioRopa' AND TABLE_NAME='__EFMigrationsHistory';
[2023-10-21 19:07:26.340 -06:00 INF] Executed DbCommand (91ms) [Parameters=[], CommandType='"Text"', CommandTimeout='30']
SELECT 1 FROM INFORMATION_SCHEMA.TABLES WHERE TABLE_SCHEMA='inventarioRopa' AND TABLE_NAME='__EFMigrationsHistory';
[2023-10-21 19:07:26.530 -06:00 INF] Executed DbCommand (128ms) [Parameters=[], CommandType='"Text"', CommandTimeout='30']
SELECT `MigrationId`, `ProductVersion`
FROM `__EFMigrationsHistory`
ORDER BY `MigrationId`;
[2023-10-21 19:07:26.565 -06:00 INF] No migrations were applied. The database is already up to date.
[2023-10-21 19:07:26.853 -06:00 INF] Executed DbCommand (11ms) [Parameters=[], CommandType='"Text"', CommandTimeout='30']
SELECT EXISTS (
    SELECT 1
    FROM `Rol` AS `r`)
[2023-10-21 19:07:27.047 -06:00 INF] User profile is available. Using 'C:\Users\Rodrigo Tellez\AppData\Local\ASP.NET\DataProtection-Keys' as key repository and Windows DPAPI to encrypt keys at rest.
[2023-10-21 19:07:27.223 -06:00 INF] Now listening on: https://10.0.0.8:5001
[2023-10-21 19:07:27.223 -06:00 INF] Now listening on: http://10.0.0.8:5000
[2023-10-21 19:07:27.228 -06:00 INF] Application started. Press Ctrl+C to shut down.
[2023-10-21 19:07:27.228 -06:00 INF] Hosting environment: Development
[2023-10-21 19:07:27.228 -06:00 INF] Content root path: D:\10CUATRIMESTRE\HECTOR\Backend\inventario\API\
[2023-10-21 19:08:29.565 -06:00 INF] Entity Framework Core 6.0.4 initialized 'InventarioContext' using provider 'Pomelo.EntityFrameworkCore.MySql:6.0.1' with options: ServerVersion 8.0.28-mysql 
[2023-10-21 19:08:30.902 -06:00 INF] Executed DbCommand (26ms) [Parameters=[], CommandType='"Text"', CommandTimeout='30']
SELECT 1 FROM INFORMATION_SCHEMA.TABLES WHERE TABLE_SCHEMA='inventarioRopa' AND TABLE_NAME='__EFMigrationsHistory';
[2023-10-21 19:08:31.260 -06:00 INF] Executed DbCommand (7ms) [Parameters=[], CommandType='"Text"', CommandTimeout='30']
SELECT 1 FROM INFORMATION_SCHEMA.TABLES WHERE TABLE_SCHEMA='inventarioRopa' AND TABLE_NAME='__EFMigrationsHistory';
[2023-10-21 19:08:31.315 -06:00 INF] Executed DbCommand (10ms) [Parameters=[], CommandType='"Text"', CommandTimeout='30']
SELECT `MigrationId`, `ProductVersion`
FROM `__EFMigrationsHistory`
ORDER BY `MigrationId`;
[2023-10-21 19:08:31.352 -06:00 INF] No migrations were applied. The database is already up to date.
[2023-10-21 19:08:31.747 -06:00 INF] Executed DbCommand (3ms) [Parameters=[], CommandType='"Text"', CommandTimeout='30']
SELECT EXISTS (
    SELECT 1
    FROM `Rol` AS `r`)
[2023-10-21 19:08:31.914 -06:00 INF] User profile is available. Using 'C:\Users\Rodrigo Tellez\AppData\Local\ASP.NET\DataProtection-Keys' as key repository and Windows DPAPI to encrypt keys at rest.
[2023-10-21 19:08:32.032 -06:00 INF] Now listening on: https://localhost:5001
[2023-10-21 19:08:32.032 -06:00 INF] Now listening on: http://localhost:5000
[2023-10-21 19:08:32.038 -06:00 INF] Application started. Press Ctrl+C to shut down.
[2023-10-21 19:08:32.039 -06:00 INF] Hosting environment: Development
[2023-10-21 19:08:32.039 -06:00 INF] Content root path: D:\10CUATRIMESTRE\HECTOR\Backend\inventario\API\
[2023-10-21 19:11:06.573 -06:00 INF] Entity Framework Core 6.0.4 initialized 'InventarioContext' using provider 'Pomelo.EntityFrameworkCore.MySql:6.0.1' with options: ServerVersion 8.0.28-mysql 
[2023-10-21 19:11:07.528 -06:00 INF] Executed DbCommand (23ms) [Parameters=[], CommandType='"Text"', CommandTimeout='30']
SELECT 1 FROM INFORMATION_SCHEMA.TABLES WHERE TABLE_SCHEMA='inventarioRopa' AND TABLE_NAME='__EFMigrationsHistory';
[2023-10-21 19:11:07.965 -06:00 INF] Executed DbCommand (3ms) [Parameters=[], CommandType='"Text"', CommandTimeout='30']
SELECT 1 FROM INFORMATION_SCHEMA.TABLES WHERE TABLE_SCHEMA='inventarioRopa' AND TABLE_NAME='__EFMigrationsHistory';
[2023-10-21 19:11:08.002 -06:00 INF] Executed DbCommand (7ms) [Parameters=[], CommandType='"Text"', CommandTimeout='30']
SELECT `MigrationId`, `ProductVersion`
FROM `__EFMigrationsHistory`
ORDER BY `MigrationId`;
[2023-10-21 19:11:08.027 -06:00 INF] No migrations were applied. The database is already up to date.
[2023-10-21 19:11:08.478 -06:00 INF] Executed DbCommand (202ms) [Parameters=[], CommandType='"Text"', CommandTimeout='30']
SELECT EXISTS (
    SELECT 1
    FROM `Rol` AS `r`)
[2023-10-21 19:11:08.631 -06:00 INF] User profile is available. Using 'C:\Users\Rodrigo Tellez\AppData\Local\ASP.NET\DataProtection-Keys' as key repository and Windows DPAPI to encrypt keys at rest.
[2023-10-21 19:11:08.734 -06:00 INF] Now listening on: https://localhost:5001
[2023-10-21 19:11:08.734 -06:00 INF] Now listening on: http://localhost:5000
[2023-10-21 19:11:08.739 -06:00 INF] Application started. Press Ctrl+C to shut down.
[2023-10-21 19:11:08.740 -06:00 INF] Hosting environment: Development
[2023-10-21 19:11:08.740 -06:00 INF] Content root path: D:\10CUATRIMESTRE\HECTOR\Backend\inventario\API\
[2023-10-21 19:11:22.426 -06:00 INF] Request starting HTTP/1.1 POST https://localhost:5001/api/usuario/token application/json 58
[2023-10-21 19:11:22.779 -06:00 INF] Failed to validate the token.
Microsoft.IdentityModel.Tokens.SecurityTokenExpiredException: IDX10223: Lifetime validation failed. The token is expired. ValidTo: '17/10/2023 05:06:44 p. m.', Current time: '22/10/2023 01:11:22 a. m.'.
   at Microsoft.IdentityModel.Tokens.Validators.ValidateLifetime(Nullable`1 notBefore, Nullable`1 expires, SecurityToken securityToken, TokenValidationParameters validationParameters)
   at System.IdentityModel.Tokens.Jwt.JwtSecurityTokenHandler.ValidateLifetime(Nullable`1 notBefore, Nullable`1 expires, JwtSecurityToken jwtToken, TokenValidationParameters validationParameters)
   at System.IdentityModel.Tokens.Jwt.JwtSecurityTokenHandler.ValidateTokenPayload(JwtSecurityToken jwtToken, TokenValidationParameters validationParameters, BaseConfiguration configuration)
   at System.IdentityModel.Tokens.Jwt.JwtSecurityTokenHandler.ValidateJWS(String token, TokenValidationParameters validationParameters, BaseConfiguration currentConfiguration, SecurityToken& signatureValidatedToken, ExceptionDispatchInfo& exceptionThrown)
--- End of stack trace from previous location ---
   at System.IdentityModel.Tokens.Jwt.JwtSecurityTokenHandler.ValidateToken(String token, JwtSecurityToken outerToken, TokenValidationParameters validationParameters, SecurityToken& signatureValidatedToken)
   at System.IdentityModel.Tokens.Jwt.JwtSecurityTokenHandler.ValidateToken(String token, TokenValidationParameters validationParameters, SecurityToken& validatedToken)
   at Microsoft.AspNetCore.Authentication.JwtBearer.JwtBearerHandler.HandleAuthenticateAsync()
[2023-10-21 19:11:22.831 -06:00 INF] Bearer was not authenticated. Failure message: IDX10223: Lifetime validation failed. The token is expired. ValidTo: '17/10/2023 05:06:44 p. m.', Current time: '22/10/2023 01:11:22 a. m.'.
[2023-10-21 19:11:22.838 -06:00 INF] Executing endpoint 'API.Controllers.UsuarioController.GetTokenAsync (API)'
[2023-10-21 19:11:22.875 -06:00 INF] Route matched with {action = "GetToken", controller = "Usuario"}. Executing controller action with signature System.Threading.Tasks.Task`1[Microsoft.AspNetCore.Mvc.IActionResult] GetTokenAsync(API.Dtos.LoginDto) on controller API.Controllers.UsuarioController (API).
[2023-10-21 19:11:23.209 -06:00 INF] Entity Framework Core 6.0.4 initialized 'InventarioContext' using provider 'Pomelo.EntityFrameworkCore.MySql:6.0.1' with options: ServerVersion 8.0.28-mysql 
[2023-10-21 19:11:23.496 -06:00 WRN] Compiling a query which loads related collections for more than one collection navigation, either via 'Include' or through projection, but no 'QuerySplittingBehavior' has been configured. By default, Entity Framework will use 'QuerySplittingBehavior.SingleQuery', which can potentially result in slow query performance. See https://go.microsoft.com/fwlink/?linkid=2134277 for more information. To identify the query that's triggering this warning call 'ConfigureWarnings(w => w.Throw(RelationalEventId.MultipleCollectionIncludeWarning))'.
[2023-10-21 19:11:23.602 -06:00 INF] Executed DbCommand (40ms) [Parameters=[@__ToLower_0='?' (Size = 255)], CommandType='"Text"', CommandTimeout='30']
SELECT `t`.`ID`, `t`.`Apellido`, `t`.`CorreoElectronico`, `t`.`Nom_user`, `t`.`Password`, `t0`.`UsuarioId`, `t0`.`RolId`, `t0`.`ID`, `t0`.`Nombre`, `r0`.`ID`, `r0`.`Created`, `r0`.`Expires`, `r0`.`Revoked`, `r0`.`Token`, `r0`.`UsuarioId`
FROM (
    SELECT `u`.`ID`, `u`.`Apellido`, `u`.`CorreoElectronico`, `u`.`Nom_user`, `u`.`Password`
    FROM `Usuario` AS `u`
    WHERE LOWER(`u`.`Nom_user`) = @__ToLower_0
    LIMIT 1
) AS `t`
LEFT JOIN (
    SELECT `u0`.`UsuarioId`, `u0`.`RolId`, `r`.`ID`, `r`.`Nombre`
    FROM `UsuarioRoles` AS `u0`
    INNER JOIN `Rol` AS `r` ON `u0`.`RolId` = `r`.`ID`
) AS `t0` ON `t`.`ID` = `t0`.`UsuarioId`
LEFT JOIN `RefreshToken` AS `r0` ON `t`.`ID` = `r0`.`UsuarioId`
ORDER BY `t`.`ID`, `t0`.`UsuarioId`, `t0`.`RolId`, `t0`.`ID`
[2023-10-21 19:11:23.780 -06:00 INF] Executing OkObjectResult, writing value of type '<>f__AnonymousType2`3[[System.String, System.Private.CoreLib, Version=6.0.0.0, Culture=neutral, PublicKeyToken=7cec85d7bea7798e],[System.Boolean, System.Private.CoreLib, Version=6.0.0.0, Culture=neutral, PublicKeyToken=7cec85d7bea7798e],[API.Dtos.DatosUsuarioDto, API, Version=1.0.0.0, Culture=neutral, PublicKeyToken=null]]'.
[2023-10-21 19:11:23.818 -06:00 INF] Executed action API.Controllers.UsuarioController.GetTokenAsync (API) in 935.3499ms
[2023-10-21 19:11:23.819 -06:00 INF] Executed endpoint 'API.Controllers.UsuarioController.GetTokenAsync (API)'
[2023-10-21 19:11:23.826 -06:00 INF] Request finished HTTP/1.1 POST https://localhost:5001/api/usuario/token application/json 58 - 200 - application/json;+charset=utf-8 1405.3356ms
[2023-10-21 19:11:33.726 -06:00 INF] Request starting HTTP/1.1 POST https://localhost:5001/api/escasez application/json 88
[2023-10-21 19:11:33.773 -06:00 INF] Executing endpoint 'API.Controllers.EscasezController.PostProcesoEscasez (API)'
[2023-10-21 19:11:33.779 -06:00 INF] Route matched with {action = "PostProcesoEscasez", controller = "Escasez"}. Executing controller action with signature System.Threading.Tasks.Task`1[Microsoft.AspNetCore.Mvc.IActionResult] PostProcesoEscasez(API.Dtos.PendienteAutorizarDto) on controller API.Controllers.EscasezController (API).
[2023-10-21 19:11:33.856 -06:00 INF] Entity Framework Core 6.0.4 initialized 'InventarioContext' using provider 'Pomelo.EntityFrameworkCore.MySql:6.0.1' with options: ServerVersion 8.0.28-mysql 
[2023-10-21 19:11:34.059 -06:00 INF] Executed DbCommand (15ms) [Parameters=[@p0='?' (DbType = Int32), @p1='?' (Size = 20), @p2='?' (DbType = DateTime), @p3='?' (DbType = Decimal), @p4='?' (DbType = Int32), @p5='?' (DbType = Int32)], CommandType='"Text"', CommandTimeout='30']
INSERT INTO `Escasez_Producto` (`Cant_Soli`, `Estatus`, `Fecha_Registro`, `Precio`, `ProductoId`, `UsuarioId`)
VALUES (@p0, @p1, @p2, @p3, @p4, @p5);
SELECT `ID`
FROM `Escasez_Producto`
WHERE ROW_COUNT() = 1 AND `ID` = LAST_INSERT_ID();
[2023-10-21 19:11:34.140 -06:00 INF] Executing OkObjectResult, writing value of type 'API.Helpers.Errors.ManagementResponse'.
[2023-10-21 19:11:34.141 -06:00 INF] Executed action API.Controllers.EscasezController.PostProcesoEscasez (API) in 362.1243ms
[2023-10-21 19:11:34.141 -06:00 INF] Executed endpoint 'API.Controllers.EscasezController.PostProcesoEscasez (API)'
[2023-10-21 19:11:34.143 -06:00 INF] Request finished HTTP/1.1 POST https://localhost:5001/api/escasez application/json 88 - 200 - application/json;+charset=utf-8 417.1463ms
[2023-10-21 19:13:03.009 -06:00 INF] Entity Framework Core 6.0.4 initialized 'InventarioContext' using provider 'Pomelo.EntityFrameworkCore.MySql:6.0.1' with options: ServerVersion 8.0.28-mysql 
[2023-10-21 19:13:03.838 -06:00 INF] Executed DbCommand (28ms) [Parameters=[], CommandType='"Text"', CommandTimeout='30']
SELECT 1 FROM INFORMATION_SCHEMA.TABLES WHERE TABLE_SCHEMA='inventarioRopa' AND TABLE_NAME='__EFMigrationsHistory';
[2023-10-21 19:13:03.898 -06:00 INF] Executed DbCommand (5ms) [Parameters=[], CommandType='"Text"', CommandTimeout='30']
SELECT 1 FROM INFORMATION_SCHEMA.TABLES WHERE TABLE_SCHEMA='inventarioRopa' AND TABLE_NAME='__EFMigrationsHistory';
[2023-10-21 19:13:03.952 -06:00 INF] Executed DbCommand (9ms) [Parameters=[], CommandType='"Text"', CommandTimeout='30']
SELECT `MigrationId`, `ProductVersion`
FROM `__EFMigrationsHistory`
ORDER BY `MigrationId`;
[2023-10-21 19:13:03.983 -06:00 INF] No migrations were applied. The database is already up to date.
[2023-10-21 19:13:04.255 -06:00 INF] Executed DbCommand (3ms) [Parameters=[], CommandType='"Text"', CommandTimeout='30']
SELECT EXISTS (
    SELECT 1
    FROM `Rol` AS `r`)
[2023-10-21 19:13:04.419 -06:00 INF] User profile is available. Using 'C:\Users\Rodrigo Tellez\AppData\Local\ASP.NET\DataProtection-Keys' as key repository and Windows DPAPI to encrypt keys at rest.
[2023-10-21 19:13:04.535 -06:00 INF] Now listening on: https://localhost:5001
[2023-10-21 19:13:04.535 -06:00 INF] Now listening on: http://localhost:5000
[2023-10-21 19:13:04.541 -06:00 INF] Application started. Press Ctrl+C to shut down.
[2023-10-21 19:13:04.541 -06:00 INF] Hosting environment: Development
[2023-10-21 19:13:04.541 -06:00 INF] Content root path: D:\10CUATRIMESTRE\HECTOR\Backend\inventario\API\
[2023-10-21 19:13:10.952 -06:00 INF] Request starting HTTP/1.1 POST https://localhost:5001/api/usuario/token application/json 58
[2023-10-21 19:13:11.316 -06:00 INF] Executing endpoint 'API.Controllers.UsuarioController.GetTokenAsync (API)'
[2023-10-21 19:13:11.347 -06:00 INF] Route matched with {action = "GetToken", controller = "Usuario"}. Executing controller action with signature System.Threading.Tasks.Task`1[Microsoft.AspNetCore.Mvc.IActionResult] GetTokenAsync(API.Dtos.LoginDto) on controller API.Controllers.UsuarioController (API).
[2023-10-21 19:13:11.536 -06:00 INF] Entity Framework Core 6.0.4 initialized 'InventarioContext' using provider 'Pomelo.EntityFrameworkCore.MySql:6.0.1' with options: ServerVersion 8.0.28-mysql 
[2023-10-21 19:13:11.815 -06:00 WRN] Compiling a query which loads related collections for more than one collection navigation, either via 'Include' or through projection, but no 'QuerySplittingBehavior' has been configured. By default, Entity Framework will use 'QuerySplittingBehavior.SingleQuery', which can potentially result in slow query performance. See https://go.microsoft.com/fwlink/?linkid=2134277 for more information. To identify the query that's triggering this warning call 'ConfigureWarnings(w => w.Throw(RelationalEventId.MultipleCollectionIncludeWarning))'.
[2023-10-21 19:13:11.908 -06:00 INF] Executed DbCommand (28ms) [Parameters=[@__ToLower_0='?' (Size = 255)], CommandType='"Text"', CommandTimeout='30']
SELECT `t`.`ID`, `t`.`Apellido`, `t`.`CorreoElectronico`, `t`.`Nom_user`, `t`.`Password`, `t0`.`UsuarioId`, `t0`.`RolId`, `t0`.`ID`, `t0`.`Nombre`, `r0`.`ID`, `r0`.`Created`, `r0`.`Expires`, `r0`.`Revoked`, `r0`.`Token`, `r0`.`UsuarioId`
FROM (
    SELECT `u`.`ID`, `u`.`Apellido`, `u`.`CorreoElectronico`, `u`.`Nom_user`, `u`.`Password`
    FROM `Usuario` AS `u`
    WHERE LOWER(`u`.`Nom_user`) = @__ToLower_0
    LIMIT 1
) AS `t`
LEFT JOIN (
    SELECT `u0`.`UsuarioId`, `u0`.`RolId`, `r`.`ID`, `r`.`Nombre`
    FROM `UsuarioRoles` AS `u0`
    INNER JOIN `Rol` AS `r` ON `u0`.`RolId` = `r`.`ID`
) AS `t0` ON `t`.`ID` = `t0`.`UsuarioId`
LEFT JOIN `RefreshToken` AS `r0` ON `t`.`ID` = `r0`.`UsuarioId`
ORDER BY `t`.`ID`, `t0`.`UsuarioId`, `t0`.`RolId`, `t0`.`ID`
[2023-10-21 19:13:12.073 -06:00 INF] Executing OkObjectResult, writing value of type '<>f__AnonymousType2`3[[System.String, System.Private.CoreLib, Version=6.0.0.0, Culture=neutral, PublicKeyToken=7cec85d7bea7798e],[System.Boolean, System.Private.CoreLib, Version=6.0.0.0, Culture=neutral, PublicKeyToken=7cec85d7bea7798e],[API.Dtos.DatosUsuarioDto, API, Version=1.0.0.0, Culture=neutral, PublicKeyToken=null]]'.
[2023-10-21 19:13:12.104 -06:00 INF] Executed action API.Controllers.UsuarioController.GetTokenAsync (API) in 749.2106ms
[2023-10-21 19:13:12.105 -06:00 INF] Executed endpoint 'API.Controllers.UsuarioController.GetTokenAsync (API)'
[2023-10-21 19:13:12.112 -06:00 INF] Request finished HTTP/1.1 POST https://localhost:5001/api/usuario/token application/json 58 - 200 - application/json;+charset=utf-8 1166.3324ms
[2023-10-21 19:13:18.879 -06:00 INF] Request starting HTTP/1.1 POST https://localhost:5001/api/escasez application/json 88
[2023-10-21 19:13:18.888 -06:00 INF] Executing endpoint 'API.Controllers.EscasezController.PostProcesoEscasez (API)'
[2023-10-21 19:13:18.892 -06:00 INF] Route matched with {action = "PostProcesoEscasez", controller = "Escasez"}. Executing controller action with signature System.Threading.Tasks.Task`1[Microsoft.AspNetCore.Mvc.IActionResult] PostProcesoEscasez(API.Dtos.PendienteAutorizarDto) on controller API.Controllers.EscasezController (API).
[2023-10-21 19:13:18.969 -06:00 INF] Entity Framework Core 6.0.4 initialized 'InventarioContext' using provider 'Pomelo.EntityFrameworkCore.MySql:6.0.1' with options: ServerVersion 8.0.28-mysql 
[2023-10-21 19:13:19.245 -06:00 INF] Executing BadRequestObjectResult, writing value of type 'API.Helpers.Errors.ApiResponse'.
[2023-10-21 19:13:19.248 -06:00 INF] Executed action API.Controllers.EscasezController.PostProcesoEscasez (API) in 355.2149ms
[2023-10-21 19:13:19.248 -06:00 INF] Executed endpoint 'API.Controllers.EscasezController.PostProcesoEscasez (API)'
[2023-10-21 19:13:19.249 -06:00 INF] Request finished HTTP/1.1 POST https://localhost:5001/api/escasez application/json 88 - 400 - application/json;+charset=utf-8 370.4661ms
[2023-10-21 19:13:41.854 -06:00 INF] Request starting HTTP/1.1 POST https://localhost:5001/api/escasez application/json 88
[2023-10-21 19:13:41.863 -06:00 INF] Executing endpoint 'API.Controllers.EscasezController.PostProcesoEscasez (API)'
[2023-10-21 19:13:41.864 -06:00 INF] Route matched with {action = "PostProcesoEscasez", controller = "Escasez"}. Executing controller action with signature System.Threading.Tasks.Task`1[Microsoft.AspNetCore.Mvc.IActionResult] PostProcesoEscasez(API.Dtos.PendienteAutorizarDto) on controller API.Controllers.EscasezController (API).
[2023-10-21 19:13:41.867 -06:00 INF] Entity Framework Core 6.0.4 initialized 'InventarioContext' using provider 'Pomelo.EntityFrameworkCore.MySql:6.0.1' with options: ServerVersion 8.0.28-mysql 
[2023-10-21 19:13:42.052 -06:00 INF] Executed DbCommand (6ms) [Parameters=[@p0='?' (DbType = Int32), @p1='?' (Size = 20), @p2='?' (DbType = DateTime), @p3='?' (DbType = Decimal), @p4='?' (DbType = Int32), @p5='?' (DbType = Int32)], CommandType='"Text"', CommandTimeout='30']
INSERT INTO `Escasez_Producto` (`Cant_Soli`, `Estatus`, `Fecha_Registro`, `Precio`, `ProductoId`, `UsuarioId`)
VALUES (@p0, @p1, @p2, @p3, @p4, @p5);
SELECT `ID`
FROM `Escasez_Producto`
WHERE ROW_COUNT() = 1 AND `ID` = LAST_INSERT_ID();
[2023-10-21 19:13:42.119 -06:00 INF] Executing OkObjectResult, writing value of type 'API.Helpers.Errors.ManagementResponse'.
[2023-10-21 19:13:42.120 -06:00 INF] Executed action API.Controllers.EscasezController.PostProcesoEscasez (API) in 256.4221ms
[2023-10-21 19:13:42.120 -06:00 INF] Executed endpoint 'API.Controllers.EscasezController.PostProcesoEscasez (API)'
[2023-10-21 19:13:42.121 -06:00 INF] Request finished HTTP/1.1 POST https://localhost:5001/api/escasez application/json 88 - 200 - application/json;+charset=utf-8 266.1227ms
[2023-10-21 20:48:25.684 -06:00 INF] Entity Framework Core 6.0.4 initialized 'InventarioContext' using provider 'Pomelo.EntityFrameworkCore.MySql:6.0.1' with options: ServerVersion 8.0.28-mysql 
[2023-10-21 20:48:26.416 -06:00 INF] Executed DbCommand (22ms) [Parameters=[], CommandType='"Text"', CommandTimeout='30']
SELECT 1 FROM INFORMATION_SCHEMA.TABLES WHERE TABLE_SCHEMA='inventarioRopa' AND TABLE_NAME='__EFMigrationsHistory';
[2023-10-21 20:48:27.129 -06:00 INF] Executed DbCommand (360ms) [Parameters=[], CommandType='"Text"', CommandTimeout='30']
SELECT 1 FROM INFORMATION_SCHEMA.TABLES WHERE TABLE_SCHEMA='inventarioRopa' AND TABLE_NAME='__EFMigrationsHistory';
[2023-10-21 20:48:27.228 -06:00 INF] Executed DbCommand (46ms) [Parameters=[], CommandType='"Text"', CommandTimeout='30']
SELECT `MigrationId`, `ProductVersion`
FROM `__EFMigrationsHistory`
ORDER BY `MigrationId`;
[2023-10-21 20:48:27.276 -06:00 INF] No migrations were applied. The database is already up to date.
[2023-10-21 20:48:27.525 -06:00 INF] Executed DbCommand (8ms) [Parameters=[], CommandType='"Text"', CommandTimeout='30']
SELECT EXISTS (
    SELECT 1
    FROM `Rol` AS `r`)
[2023-10-21 20:48:27.701 -06:00 INF] User profile is available. Using 'C:\Users\Rodrigo Tellez\AppData\Local\ASP.NET\DataProtection-Keys' as key repository and Windows DPAPI to encrypt keys at rest.
[2023-10-21 20:48:27.817 -06:00 INF] Now listening on: https://localhost:5001
[2023-10-21 20:48:27.916 -06:00 INF] Now listening on: http://localhost:5000
[2023-10-21 20:48:27.927 -06:00 INF] Application started. Press Ctrl+C to shut down.
[2023-10-21 20:48:27.927 -06:00 INF] Hosting environment: Development
[2023-10-21 20:48:27.928 -06:00 INF] Content root path: D:\10CUATRIMESTRE\HECTOR\Backend\inventario\API\
[2023-10-21 20:48:43.965 -06:00 INF] Request starting HTTP/1.1 POST https://localhost:5001/api/usuario/token application/json 58
[2023-10-21 20:48:44.389 -06:00 INF] Failed to validate the token.
Microsoft.IdentityModel.Tokens.SecurityTokenExpiredException: IDX10223: Lifetime validation failed. The token is expired. ValidTo: '22/10/2023 01:43:12 a. m.', Current time: '22/10/2023 02:48:44 a. m.'.
   at Microsoft.IdentityModel.Tokens.Validators.ValidateLifetime(Nullable`1 notBefore, Nullable`1 expires, SecurityToken securityToken, TokenValidationParameters validationParameters)
   at System.IdentityModel.Tokens.Jwt.JwtSecurityTokenHandler.ValidateLifetime(Nullable`1 notBefore, Nullable`1 expires, JwtSecurityToken jwtToken, TokenValidationParameters validationParameters)
   at System.IdentityModel.Tokens.Jwt.JwtSecurityTokenHandler.ValidateTokenPayload(JwtSecurityToken jwtToken, TokenValidationParameters validationParameters, BaseConfiguration configuration)
   at System.IdentityModel.Tokens.Jwt.JwtSecurityTokenHandler.ValidateJWS(String token, TokenValidationParameters validationParameters, BaseConfiguration currentConfiguration, SecurityToken& signatureValidatedToken, ExceptionDispatchInfo& exceptionThrown)
--- End of stack trace from previous location ---
   at System.IdentityModel.Tokens.Jwt.JwtSecurityTokenHandler.ValidateToken(String token, JwtSecurityToken outerToken, TokenValidationParameters validationParameters, SecurityToken& signatureValidatedToken)
   at System.IdentityModel.Tokens.Jwt.JwtSecurityTokenHandler.ValidateToken(String token, TokenValidationParameters validationParameters, SecurityToken& validatedToken)
   at Microsoft.AspNetCore.Authentication.JwtBearer.JwtBearerHandler.HandleAuthenticateAsync()
[2023-10-21 20:48:44.445 -06:00 INF] Bearer was not authenticated. Failure message: IDX10223: Lifetime validation failed. The token is expired. ValidTo: '22/10/2023 01:43:12 a. m.', Current time: '22/10/2023 02:48:44 a. m.'.
[2023-10-21 20:48:44.452 -06:00 INF] Executing endpoint 'API.Controllers.UsuarioController.GetTokenAsync (API)'
[2023-10-21 20:48:44.495 -06:00 INF] Route matched with {action = "GetToken", controller = "Usuario"}. Executing controller action with signature System.Threading.Tasks.Task`1[Microsoft.AspNetCore.Mvc.IActionResult] GetTokenAsync(API.Dtos.LoginDto) on controller API.Controllers.UsuarioController (API).
[2023-10-21 20:48:44.820 -06:00 INF] Entity Framework Core 6.0.4 initialized 'InventarioContext' using provider 'Pomelo.EntityFrameworkCore.MySql:6.0.1' with options: ServerVersion 8.0.28-mysql 
[2023-10-21 20:48:45.152 -06:00 WRN] Compiling a query which loads related collections for more than one collection navigation, either via 'Include' or through projection, but no 'QuerySplittingBehavior' has been configured. By default, Entity Framework will use 'QuerySplittingBehavior.SingleQuery', which can potentially result in slow query performance. See https://go.microsoft.com/fwlink/?linkid=2134277 for more information. To identify the query that's triggering this warning call 'ConfigureWarnings(w => w.Throw(RelationalEventId.MultipleCollectionIncludeWarning))'.
[2023-10-21 20:48:45.258 -06:00 INF] Executed DbCommand (40ms) [Parameters=[@__ToLower_0='?' (Size = 255)], CommandType='"Text"', CommandTimeout='30']
SELECT `t`.`ID`, `t`.`Apellido`, `t`.`CorreoElectronico`, `t`.`Nom_user`, `t`.`Password`, `t0`.`UsuarioId`, `t0`.`RolId`, `t0`.`ID`, `t0`.`Nombre`, `r0`.`ID`, `r0`.`Created`, `r0`.`Expires`, `r0`.`Revoked`, `r0`.`Token`, `r0`.`UsuarioId`
FROM (
    SELECT `u`.`ID`, `u`.`Apellido`, `u`.`CorreoElectronico`, `u`.`Nom_user`, `u`.`Password`
    FROM `Usuario` AS `u`
    WHERE LOWER(`u`.`Nom_user`) = @__ToLower_0
    LIMIT 1
) AS `t`
LEFT JOIN (
    SELECT `u0`.`UsuarioId`, `u0`.`RolId`, `r`.`ID`, `r`.`Nombre`
    FROM `UsuarioRoles` AS `u0`
    INNER JOIN `Rol` AS `r` ON `u0`.`RolId` = `r`.`ID`
) AS `t0` ON `t`.`ID` = `t0`.`UsuarioId`
LEFT JOIN `RefreshToken` AS `r0` ON `t`.`ID` = `r0`.`UsuarioId`
ORDER BY `t`.`ID`, `t0`.`UsuarioId`, `t0`.`RolId`, `t0`.`ID`
[2023-10-21 20:48:45.484 -06:00 INF] Executing OkObjectResult, writing value of type '<>f__AnonymousType2`3[[System.String, System.Private.CoreLib, Version=6.0.0.0, Culture=neutral, PublicKeyToken=7cec85d7bea7798e],[System.Boolean, System.Private.CoreLib, Version=6.0.0.0, Culture=neutral, PublicKeyToken=7cec85d7bea7798e],[API.Dtos.DatosUsuarioDto, API, Version=1.0.0.0, Culture=neutral, PublicKeyToken=null]]'.
[2023-10-21 20:48:45.526 -06:00 INF] Executed action API.Controllers.UsuarioController.GetTokenAsync (API) in 1022.5822ms
[2023-10-21 20:48:45.527 -06:00 INF] Executed endpoint 'API.Controllers.UsuarioController.GetTokenAsync (API)'
[2023-10-21 20:48:45.534 -06:00 INF] Request finished HTTP/1.1 POST https://localhost:5001/api/usuario/token application/json 58 - 200 - application/json;+charset=utf-8 1575.8263ms
[2023-10-21 20:49:09.809 -06:00 INF] Request starting HTTP/1.1 POST https://localhost:5001/api/escasez application/json 88
[2023-10-21 20:49:09.842 -06:00 INF] Executing endpoint 'API.Controllers.EscasezController.PostProcesoEscasez (API)'
[2023-10-21 20:49:09.848 -06:00 INF] Route matched with {action = "PostProcesoEscasez", controller = "Escasez"}. Executing controller action with signature System.Threading.Tasks.Task`1[Microsoft.AspNetCore.Mvc.IActionResult] PostProcesoEscasez(API.Dtos.PendienteAutorizarDto) on controller API.Controllers.EscasezController (API).
[2023-10-21 20:49:09.933 -06:00 INF] Entity Framework Core 6.0.4 initialized 'InventarioContext' using provider 'Pomelo.EntityFrameworkCore.MySql:6.0.1' with options: ServerVersion 8.0.28-mysql 
[2023-10-21 20:49:10.199 -06:00 INF] Executed DbCommand (11ms) [Parameters=[@__idProducto_0='?' (DbType = Int32)], CommandType='"Text"', CommandTimeout='30']
SELECT `p`.`Stock`
FROM `Producto` AS `p`
WHERE `p`.`ID` = @__idProducto_0
LIMIT 1
[2023-10-21 20:49:10.235 -06:00 INF] Executed DbCommand (3ms) [Parameters=[@__idProducto_0='?' (DbType = Int32)], CommandType='"Text"', CommandTimeout='30']
SELECT `p`.`Precio`
FROM `Producto` AS `p`
WHERE `p`.`ID` = @__idProducto_0
LIMIT 1
[2023-10-21 20:49:10.428 -06:00 INF] Executed DbCommand (4ms) [Parameters=[@p0='?' (DbType = Int32), @p1='?' (Size = 20), @p2='?' (DbType = DateTime), @p3='?' (DbType = Decimal), @p4='?' (DbType = Int32), @p5='?' (DbType = Int32)], CommandType='"Text"', CommandTimeout='30']
INSERT INTO `Escasez_Producto` (`Cant_Soli`, `Estatus`, `Fecha_Registro`, `Precio`, `ProductoId`, `UsuarioId`)
VALUES (@p0, @p1, @p2, @p3, @p4, @p5);
SELECT `ID`
FROM `Escasez_Producto`
WHERE ROW_COUNT() = 1 AND `ID` = LAST_INSERT_ID();
[2023-10-21 20:49:10.500 -06:00 INF] Executing OkObjectResult, writing value of type 'API.Helpers.Errors.ManagementResponse'.
[2023-10-21 20:49:10.502 -06:00 INF] Executed action API.Controllers.EscasezController.PostProcesoEscasez (API) in 653.5898ms
[2023-10-21 20:49:10.502 -06:00 INF] Executed endpoint 'API.Controllers.EscasezController.PostProcesoEscasez (API)'
[2023-10-21 20:49:10.503 -06:00 INF] Request finished HTTP/1.1 POST https://localhost:5001/api/escasez application/json 88 - 200 - application/json;+charset=utf-8 694.4040ms
[2023-10-21 20:49:29.900 -06:00 INF] Request starting HTTP/1.1 GET https://localhost:5001/api/producto?pageSize=5&pageIndex=1&search= - -
[2023-10-21 20:49:29.916 -06:00 INF] Executing endpoint 'API.Controllers.ProductoController.GetProveedor (API)'
[2023-10-21 20:49:29.924 -06:00 INF] Route matched with {action = "GetProveedor", controller = "Producto"}. Executing controller action with signature System.Threading.Tasks.Task`1[Microsoft.AspNetCore.Mvc.ActionResult`1[API.Helpers.Pager`1[API.Dtos.ProductoDto]]] GetProveedor(API.Helpers.Params) on controller API.Controllers.ProductoController (API).
[2023-10-21 20:49:30.038 -06:00 INF] Entity Framework Core 6.0.4 initialized 'InventarioContext' using provider 'Pomelo.EntityFrameworkCore.MySql:6.0.1' with options: ServerVersion 8.0.28-mysql 
[2023-10-21 20:49:30.245 -06:00 INF] Executed DbCommand (167ms) [Parameters=[], CommandType='"Text"', CommandTimeout='30']
SELECT COUNT(*)
FROM `Producto` AS `p`
[2023-10-21 20:49:30.263 -06:00 WRN] The query uses a row limiting operator ('Skip'/'Take') without an 'OrderBy' operator. This may lead to unpredictable results. If the 'Distinct' operator is used after 'OrderBy', then make sure to use the 'OrderBy' operator after 'Distinct' as the ordering would otherwise get erased.
[2023-10-21 20:49:30.264 -06:00 WRN] The query uses a row limiting operator ('Skip'/'Take') without an 'OrderBy' operator. This may lead to unpredictable results. If the 'Distinct' operator is used after 'OrderBy', then make sure to use the 'OrderBy' operator after 'Distinct' as the ordering would otherwise get erased.
[2023-10-21 20:49:30.582 -06:00 INF] Executed DbCommand (309ms) [Parameters=[@__p_1='?' (DbType = Int32), @__p_0='?' (DbType = Int32)], CommandType='"Text"', CommandTimeout='30']
SELECT `p`.`ID`, `p`.`Categoria`, `p`.`Cve_prov`, `p`.`Desc_prod`, `p`.`Nom_prod`, `p`.`Precio`, `p`.`Stock`
FROM `Producto` AS `p`
LIMIT @__p_1 OFFSET @__p_0
[2023-10-21 20:49:30.639 -06:00 INF] Executing ObjectResult, writing value of type 'API.Helpers.Pager`1[[API.Dtos.ProductoDto, API, Version=1.0.0.0, Culture=neutral, PublicKeyToken=null]]'.
[2023-10-21 20:49:30.656 -06:00 INF] Executed action API.Controllers.ProductoController.GetProveedor (API) in 731.9697ms
[2023-10-21 20:49:30.656 -06:00 INF] Executed endpoint 'API.Controllers.ProductoController.GetProveedor (API)'
[2023-10-21 20:49:30.657 -06:00 INF] Request finished HTTP/1.1 GET https://localhost:5001/api/producto?pageSize=5&pageIndex=1&search= - - - 200 - application/json;+charset=utf-8 756.7084ms
[2023-10-21 20:50:27.698 -06:00 INF] Request starting HTTP/1.1 GET https://localhost:5001/api/producto?pageSize=2&pageIndex=1&search= - -
[2023-10-21 20:50:27.699 -06:00 INF] Executing endpoint 'API.Controllers.ProductoController.GetProveedor (API)'
[2023-10-21 20:50:27.700 -06:00 INF] Route matched with {action = "GetProveedor", controller = "Producto"}. Executing controller action with signature System.Threading.Tasks.Task`1[Microsoft.AspNetCore.Mvc.ActionResult`1[API.Helpers.Pager`1[API.Dtos.ProductoDto]]] GetProveedor(API.Helpers.Params) on controller API.Controllers.ProductoController (API).
[2023-10-21 20:50:27.702 -06:00 INF] Entity Framework Core 6.0.4 initialized 'InventarioContext' using provider 'Pomelo.EntityFrameworkCore.MySql:6.0.1' with options: ServerVersion 8.0.28-mysql 
[2023-10-21 20:50:27.710 -06:00 INF] Executed DbCommand (3ms) [Parameters=[], CommandType='"Text"', CommandTimeout='30']
SELECT COUNT(*)
FROM `Producto` AS `p`
[2023-10-21 20:50:27.715 -06:00 INF] Executed DbCommand (2ms) [Parameters=[@__p_1='?' (DbType = Int32), @__p_0='?' (DbType = Int32)], CommandType='"Text"', CommandTimeout='30']
SELECT `p`.`ID`, `p`.`Categoria`, `p`.`Cve_prov`, `p`.`Desc_prod`, `p`.`Nom_prod`, `p`.`Precio`, `p`.`Stock`
FROM `Producto` AS `p`
LIMIT @__p_1 OFFSET @__p_0
[2023-10-21 20:50:27.716 -06:00 INF] Executing ObjectResult, writing value of type 'API.Helpers.Pager`1[[API.Dtos.ProductoDto, API, Version=1.0.0.0, Culture=neutral, PublicKeyToken=null]]'.
[2023-10-21 20:50:27.717 -06:00 INF] Executed action API.Controllers.ProductoController.GetProveedor (API) in 16.8583ms
[2023-10-21 20:50:27.717 -06:00 INF] Executed endpoint 'API.Controllers.ProductoController.GetProveedor (API)'
[2023-10-21 20:50:27.718 -06:00 INF] Request finished HTTP/1.1 GET https://localhost:5001/api/producto?pageSize=2&pageIndex=1&search= - - - 200 - application/json;+charset=utf-8 19.5826ms
[2023-10-21 20:50:38.908 -06:00 INF] Request starting HTTP/1.1 GET https://localhost:5001/api/producto?pageSize=2&pageIndex=2&search= - -
[2023-10-21 20:50:38.909 -06:00 INF] Executing endpoint 'API.Controllers.ProductoController.GetProveedor (API)'
[2023-10-21 20:50:38.909 -06:00 INF] Route matched with {action = "GetProveedor", controller = "Producto"}. Executing controller action with signature System.Threading.Tasks.Task`1[Microsoft.AspNetCore.Mvc.ActionResult`1[API.Helpers.Pager`1[API.Dtos.ProductoDto]]] GetProveedor(API.Helpers.Params) on controller API.Controllers.ProductoController (API).
[2023-10-21 20:50:38.911 -06:00 INF] Entity Framework Core 6.0.4 initialized 'InventarioContext' using provider 'Pomelo.EntityFrameworkCore.MySql:6.0.1' with options: ServerVersion 8.0.28-mysql 
[2023-10-21 20:50:38.917 -06:00 INF] Executed DbCommand (3ms) [Parameters=[], CommandType='"Text"', CommandTimeout='30']
SELECT COUNT(*)
FROM `Producto` AS `p`
[2023-10-21 20:50:38.920 -06:00 WRN] The query uses a row limiting operator ('Skip'/'Take') without an 'OrderBy' operator. This may lead to unpredictable results. If the 'Distinct' operator is used after 'OrderBy', then make sure to use the 'OrderBy' operator after 'Distinct' as the ordering would otherwise get erased.
[2023-10-21 20:50:38.921 -06:00 WRN] The query uses a row limiting operator ('Skip'/'Take') without an 'OrderBy' operator. This may lead to unpredictable results. If the 'Distinct' operator is used after 'OrderBy', then make sure to use the 'OrderBy' operator after 'Distinct' as the ordering would otherwise get erased.
[2023-10-21 20:50:38.984 -06:00 INF] Executed DbCommand (55ms) [Parameters=[@__p_0='?' (DbType = Int32)], CommandType='"Text"', CommandTimeout='30']
SELECT `p`.`ID`, `p`.`Categoria`, `p`.`Cve_prov`, `p`.`Desc_prod`, `p`.`Nom_prod`, `p`.`Precio`, `p`.`Stock`
FROM `Producto` AS `p`
LIMIT @__p_0 OFFSET @__p_0
[2023-10-21 20:50:38.985 -06:00 INF] Executing ObjectResult, writing value of type 'API.Helpers.Pager`1[[API.Dtos.ProductoDto, API, Version=1.0.0.0, Culture=neutral, PublicKeyToken=null]]'.
[2023-10-21 20:50:38.985 -06:00 INF] Executed action API.Controllers.ProductoController.GetProveedor (API) in 75.5146ms
[2023-10-21 20:50:38.985 -06:00 INF] Executed endpoint 'API.Controllers.ProductoController.GetProveedor (API)'
[2023-10-21 20:50:38.985 -06:00 INF] Request finished HTTP/1.1 GET https://localhost:5001/api/producto?pageSize=2&pageIndex=2&search= - - - 200 - application/json;+charset=utf-8 77.1601ms
[2023-10-21 20:50:50.154 -06:00 INF] Request starting HTTP/1.1 GET https://localhost:5001/api/producto?pageSize=3&pageIndex=1&search= - -
[2023-10-21 20:50:50.155 -06:00 INF] Executing endpoint 'API.Controllers.ProductoController.GetProveedor (API)'
[2023-10-21 20:50:50.156 -06:00 INF] Route matched with {action = "GetProveedor", controller = "Producto"}. Executing controller action with signature System.Threading.Tasks.Task`1[Microsoft.AspNetCore.Mvc.ActionResult`1[API.Helpers.Pager`1[API.Dtos.ProductoDto]]] GetProveedor(API.Helpers.Params) on controller API.Controllers.ProductoController (API).
[2023-10-21 20:50:50.157 -06:00 INF] Entity Framework Core 6.0.4 initialized 'InventarioContext' using provider 'Pomelo.EntityFrameworkCore.MySql:6.0.1' with options: ServerVersion 8.0.28-mysql 
[2023-10-21 20:50:50.225 -06:00 INF] Executed DbCommand (3ms) [Parameters=[], CommandType='"Text"', CommandTimeout='30']
SELECT COUNT(*)
FROM `Producto` AS `p`
[2023-10-21 20:50:50.232 -06:00 INF] Executed DbCommand (3ms) [Parameters=[@__p_1='?' (DbType = Int32), @__p_0='?' (DbType = Int32)], CommandType='"Text"', CommandTimeout='30']
SELECT `p`.`ID`, `p`.`Categoria`, `p`.`Cve_prov`, `p`.`Desc_prod`, `p`.`Nom_prod`, `p`.`Precio`, `p`.`Stock`
FROM `Producto` AS `p`
LIMIT @__p_1 OFFSET @__p_0
[2023-10-21 20:50:50.232 -06:00 INF] Executing ObjectResult, writing value of type 'API.Helpers.Pager`1[[API.Dtos.ProductoDto, API, Version=1.0.0.0, Culture=neutral, PublicKeyToken=null]]'.
[2023-10-21 20:50:50.233 -06:00 INF] Executed action API.Controllers.ProductoController.GetProveedor (API) in 76.9623ms
[2023-10-21 20:50:50.233 -06:00 INF] Executed endpoint 'API.Controllers.ProductoController.GetProveedor (API)'
[2023-10-21 20:50:50.233 -06:00 INF] Request finished HTTP/1.1 GET https://localhost:5001/api/producto?pageSize=3&pageIndex=1&search= - - - 200 - application/json;+charset=utf-8 78.9404ms
