[2023-10-22 14:01:57.185 -06:00 INF] Entity Framework Core 6.0.4 initialized 'InventarioContext' using provider 'Pomelo.EntityFrameworkCore.MySql:6.0.1' with options: ServerVersion 8.0.28-mysql 
[2023-10-22 14:01:57.565 -06:00 INF] Executed DbCommand (17ms) [Parameters=[], CommandType='"Text"', CommandTimeout='30']
SELECT 1 FROM INFORMATION_SCHEMA.TABLES WHERE TABLE_SCHEMA='inventarioRopa' AND TABLE_NAME='__EFMigrationsHistory';
[2023-10-22 14:01:57.602 -06:00 INF] Executed DbCommand (3ms) [Parameters=[], CommandType='"Text"', CommandTimeout='30']
SELECT 1 FROM INFORMATION_SCHEMA.TABLES WHERE TABLE_SCHEMA='inventarioRopa' AND TABLE_NAME='__EFMigrationsHistory';
[2023-10-22 14:01:57.635 -06:00 INF] Executed DbCommand (10ms) [Parameters=[], CommandType='"Text"', CommandTimeout='30']
SELECT `MigrationId`, `ProductVersion`
FROM `__EFMigrationsHistory`
ORDER BY `MigrationId`;
[2023-10-22 14:01:57.656 -06:00 INF] No migrations were applied. The database is already up to date.
[2023-10-22 14:01:57.866 -06:00 INF] Executed DbCommand (9ms) [Parameters=[], CommandType='"Text"', CommandTimeout='30']
SELECT EXISTS (
    SELECT 1
    FROM `Rol` AS `r`)
[2023-10-22 14:01:57.998 -06:00 INF] User profile is available. Using 'C:\Users\Rodrigo Tellez\AppData\Local\ASP.NET\DataProtection-Keys' as key repository and Windows DPAPI to encrypt keys at rest.
[2023-10-22 14:01:58.130 -06:00 INF] Now listening on: https://localhost:5001
[2023-10-22 14:01:58.130 -06:00 INF] Now listening on: http://localhost:5000
[2023-10-22 14:01:58.137 -06:00 INF] Application started. Press Ctrl+C to shut down.
[2023-10-22 14:01:58.137 -06:00 INF] Hosting environment: Development
[2023-10-22 14:01:58.137 -06:00 INF] Content root path: D:\10CUATRIMESTRE\HECTOR\Backend\inventario\API\
[2023-10-22 14:02:37.639 -06:00 INF] Request starting HTTP/1.1 POST https://localhost:5001/api/usuario/token application/json 58
[2023-10-22 14:02:38.025 -06:00 INF] Failed to validate the token.
Microsoft.IdentityModel.Tokens.SecurityTokenExpiredException: IDX10223: Lifetime validation failed. The token is expired. ValidTo: '22/10/2023 03:18:45 a. m.', Current time: '22/10/2023 08:02:38 p. m.'.
   at Microsoft.IdentityModel.Tokens.Validators.ValidateLifetime(Nullable`1 notBefore, Nullable`1 expires, SecurityToken securityToken, TokenValidationParameters validationParameters)
   at System.IdentityModel.Tokens.Jwt.JwtSecurityTokenHandler.ValidateLifetime(Nullable`1 notBefore, Nullable`1 expires, JwtSecurityToken jwtToken, TokenValidationParameters validationParameters)
   at System.IdentityModel.Tokens.Jwt.JwtSecurityTokenHandler.ValidateTokenPayload(JwtSecurityToken jwtToken, TokenValidationParameters validationParameters, BaseConfiguration configuration)
   at System.IdentityModel.Tokens.Jwt.JwtSecurityTokenHandler.ValidateJWS(String token, TokenValidationParameters validationParameters, BaseConfiguration currentConfiguration, SecurityToken& signatureValidatedToken, ExceptionDispatchInfo& exceptionThrown)
--- End of stack trace from previous location ---
   at System.IdentityModel.Tokens.Jwt.JwtSecurityTokenHandler.ValidateToken(String token, JwtSecurityToken outerToken, TokenValidationParameters validationParameters, SecurityToken& signatureValidatedToken)
   at System.IdentityModel.Tokens.Jwt.JwtSecurityTokenHandler.ValidateToken(String token, TokenValidationParameters validationParameters, SecurityToken& validatedToken)
   at Microsoft.AspNetCore.Authentication.JwtBearer.JwtBearerHandler.HandleAuthenticateAsync()
[2023-10-22 14:02:38.087 -06:00 INF] Bearer was not authenticated. Failure message: IDX10223: Lifetime validation failed. The token is expired. ValidTo: '22/10/2023 03:18:45 a. m.', Current time: '22/10/2023 08:02:38 p. m.'.
[2023-10-22 14:02:38.092 -06:00 INF] Executing endpoint 'API.Controllers.UsuarioController.GetTokenAsync (API)'
[2023-10-22 14:02:38.125 -06:00 INF] Route matched with {action = "GetToken", controller = "Usuario"}. Executing controller action with signature System.Threading.Tasks.Task`1[Microsoft.AspNetCore.Mvc.IActionResult] GetTokenAsync(API.Dtos.LoginDto) on controller API.Controllers.UsuarioController (API).
[2023-10-22 14:02:38.336 -06:00 INF] Entity Framework Core 6.0.4 initialized 'InventarioContext' using provider 'Pomelo.EntityFrameworkCore.MySql:6.0.1' with options: ServerVersion 8.0.28-mysql 
[2023-10-22 14:02:38.592 -06:00 WRN] Compiling a query which loads related collections for more than one collection navigation, either via 'Include' or through projection, but no 'QuerySplittingBehavior' has been configured. By default, Entity Framework will use 'QuerySplittingBehavior.SingleQuery', which can potentially result in slow query performance. See https://go.microsoft.com/fwlink/?linkid=2134277 for more information. To identify the query that's triggering this warning call 'ConfigureWarnings(w => w.Throw(RelationalEventId.MultipleCollectionIncludeWarning))'.
[2023-10-22 14:02:38.686 -06:00 INF] Executed DbCommand (42ms) [Parameters=[@__ToLower_0='?' (Size = 255)], CommandType='"Text"', CommandTimeout='30']
SELECT `t`.`ID`, `t`.`Apellido`, `t`.`CorreoElectronico`, `t`.`Nom_user`, `t`.`Password`, `t0`.`UsuarioId`, `t0`.`RolId`, `t0`.`ID`, `t0`.`Nombre`, `r0`.`ID`, `r0`.`Created`, `r0`.`Expires`, `r0`.`Revoked`, `r0`.`Token`, `r0`.`UsuarioId`
FROM (
    SELECT `u`.`ID`, `u`.`Apellido`, `u`.`CorreoElectronico`, `u`.`Nom_user`, `u`.`Password`
    FROM `Usuario` AS `u`
    WHERE LOWER(`u`.`Nom_user`) = @__ToLower_0
    LIMIT 1
) AS `t`
LEFT JOIN (
    SELECT `u0`.`UsuarioId`, `u0`.`RolId`, `r`.`ID`, `r`.`Nombre`
    FROM `UsuarioRoles` AS `u0`
    INNER JOIN `Rol` AS `r` ON `u0`.`RolId` = `r`.`ID`
) AS `t0` ON `t`.`ID` = `t0`.`UsuarioId`
LEFT JOIN `RefreshToken` AS `r0` ON `t`.`ID` = `r0`.`UsuarioId`
ORDER BY `t`.`ID`, `t0`.`UsuarioId`, `t0`.`RolId`, `t0`.`ID`
[2023-10-22 14:02:38.852 -06:00 INF] Executing OkObjectResult, writing value of type '<>f__AnonymousType2`3[[System.String, System.Private.CoreLib, Version=6.0.0.0, Culture=neutral, PublicKeyToken=7cec85d7bea7798e],[System.Boolean, System.Private.CoreLib, Version=6.0.0.0, Culture=neutral, PublicKeyToken=7cec85d7bea7798e],[API.Dtos.DatosUsuarioDto, API, Version=1.0.0.0, Culture=neutral, PublicKeyToken=null]]'.
[2023-10-22 14:02:38.885 -06:00 INF] Executed action API.Controllers.UsuarioController.GetTokenAsync (API) in 754.1876ms
[2023-10-22 14:02:38.886 -06:00 INF] Executed endpoint 'API.Controllers.UsuarioController.GetTokenAsync (API)'
[2023-10-22 14:02:38.891 -06:00 INF] Request finished HTTP/1.1 POST https://localhost:5001/api/usuario/token application/json 58 - 200 - application/json;+charset=utf-8 1255.9594ms
[2023-10-22 14:02:56.859 -06:00 INF] Request starting HTTP/1.1 POST https://localhost:5001/api/escasez application/json 88
[2023-10-22 14:02:56.896 -06:00 INF] Executing endpoint 'API.Controllers.EscasezController.PostProcesoEscasez (API)'
[2023-10-22 14:02:56.899 -06:00 INF] Route matched with {action = "PostProcesoEscasez", controller = "Escasez"}. Executing controller action with signature System.Threading.Tasks.Task`1[Microsoft.AspNetCore.Mvc.IActionResult] PostProcesoEscasez(API.Dtos.PendienteAutorizarDto) on controller API.Controllers.EscasezController (API).
[2023-10-22 14:02:56.969 -06:00 INF] Entity Framework Core 6.0.4 initialized 'InventarioContext' using provider 'Pomelo.EntityFrameworkCore.MySql:6.0.1' with options: ServerVersion 8.0.28-mysql 
[2023-10-22 14:02:57.006 -06:00 INF] Executed DbCommand (6ms) [Parameters=[@__idProducto_0='?' (DbType = Int32)], CommandType='"Text"', CommandTimeout='30']
SELECT `p`.`Stock`
FROM `Producto` AS `p`
WHERE `p`.`ID` = @__idProducto_0
LIMIT 1
[2023-10-22 14:02:57.019 -06:00 INF] Executed DbCommand (3ms) [Parameters=[@p0='?' (DbType = Int32), @p1='?' (DbType = Int32)], CommandType='"Text"', CommandTimeout='30']
UPDATE Producto
                                                                SET Estatus = @p0
                                                                WHERE ID = @p1
[2023-10-22 14:02:57.034 -06:00 INF] Executed DbCommand (3ms) [Parameters=[@__idProducto_0='?' (DbType = Int32)], CommandType='"Text"', CommandTimeout='30']
SELECT `p`.`Precio`
FROM `Producto` AS `p`
WHERE `p`.`ID` = @__idProducto_0
LIMIT 1
[2023-10-22 14:02:57.186 -06:00 INF] Executed DbCommand (4ms) [Parameters=[@p0='?' (DbType = Int32), @p1='?' (Size = 20), @p2='?' (DbType = DateTime), @p3='?' (DbType = Decimal), @p4='?' (DbType = Int32), @p5='?' (DbType = Int32)], CommandType='"Text"', CommandTimeout='30']
INSERT INTO `Escasez_Producto` (`Cant_Soli`, `Estatus`, `Fecha_Registro`, `Precio`, `ProductoId`, `UsuarioId`)
VALUES (@p0, @p1, @p2, @p3, @p4, @p5);
SELECT `ID`
FROM `Escasez_Producto`
WHERE ROW_COUNT() = 1 AND `ID` = LAST_INSERT_ID();
[2023-10-22 14:02:57.258 -06:00 INF] Executing OkObjectResult, writing value of type 'API.Helpers.Errors.ManagementResponse'.
[2023-10-22 14:02:57.259 -06:00 INF] Executed action API.Controllers.EscasezController.PostProcesoEscasez (API) in 359.8533ms
[2023-10-22 14:02:57.260 -06:00 INF] Executed endpoint 'API.Controllers.EscasezController.PostProcesoEscasez (API)'
[2023-10-22 14:02:57.261 -06:00 INF] Request finished HTTP/1.1 POST https://localhost:5001/api/escasez application/json 88 - 200 - application/json;+charset=utf-8 402.1788ms
[2023-10-22 14:09:16.745 -06:00 INF] Entity Framework Core 6.0.4 initialized 'InventarioContext' using provider 'Pomelo.EntityFrameworkCore.MySql:6.0.1' with options: ServerVersion 8.0.28-mysql 
[2023-10-22 14:09:17.140 -06:00 INF] Executed DbCommand (16ms) [Parameters=[], CommandType='"Text"', CommandTimeout='30']
SELECT 1 FROM INFORMATION_SCHEMA.TABLES WHERE TABLE_SCHEMA='inventarioRopa' AND TABLE_NAME='__EFMigrationsHistory';
[2023-10-22 14:09:17.175 -06:00 INF] Executed DbCommand (3ms) [Parameters=[], CommandType='"Text"', CommandTimeout='30']
SELECT 1 FROM INFORMATION_SCHEMA.TABLES WHERE TABLE_SCHEMA='inventarioRopa' AND TABLE_NAME='__EFMigrationsHistory';
[2023-10-22 14:09:17.207 -06:00 INF] Executed DbCommand (6ms) [Parameters=[], CommandType='"Text"', CommandTimeout='30']
SELECT `MigrationId`, `ProductVersion`
FROM `__EFMigrationsHistory`
ORDER BY `MigrationId`;
[2023-10-22 14:09:17.227 -06:00 INF] No migrations were applied. The database is already up to date.
[2023-10-22 14:09:17.458 -06:00 INF] Executed DbCommand (3ms) [Parameters=[], CommandType='"Text"', CommandTimeout='30']
SELECT EXISTS (
    SELECT 1
    FROM `Rol` AS `r`)
[2023-10-22 14:09:17.579 -06:00 INF] User profile is available. Using 'C:\Users\Rodrigo Tellez\AppData\Local\ASP.NET\DataProtection-Keys' as key repository and Windows DPAPI to encrypt keys at rest.
[2023-10-22 14:09:17.663 -06:00 INF] Now listening on: https://localhost:5001
[2023-10-22 14:09:17.664 -06:00 INF] Now listening on: http://localhost:5000
[2023-10-22 14:09:17.668 -06:00 INF] Application started. Press Ctrl+C to shut down.
[2023-10-22 14:09:17.668 -06:00 INF] Hosting environment: Development
[2023-10-22 14:09:17.668 -06:00 INF] Content root path: D:\10CUATRIMESTRE\HECTOR\Backend\inventario\API\
[2023-10-22 14:09:25.666 -06:00 INF] Request starting HTTP/1.1 POST https://localhost:5001/api/usuario/token application/json 58
[2023-10-22 14:09:25.969 -06:00 INF] Executing endpoint 'API.Controllers.UsuarioController.GetTokenAsync (API)'
[2023-10-22 14:09:25.998 -06:00 INF] Route matched with {action = "GetToken", controller = "Usuario"}. Executing controller action with signature System.Threading.Tasks.Task`1[Microsoft.AspNetCore.Mvc.IActionResult] GetTokenAsync(API.Dtos.LoginDto) on controller API.Controllers.UsuarioController (API).
[2023-10-22 14:09:26.273 -06:00 INF] Entity Framework Core 6.0.4 initialized 'InventarioContext' using provider 'Pomelo.EntityFrameworkCore.MySql:6.0.1' with options: ServerVersion 8.0.28-mysql 
[2023-10-22 14:09:26.502 -06:00 WRN] Compiling a query which loads related collections for more than one collection navigation, either via 'Include' or through projection, but no 'QuerySplittingBehavior' has been configured. By default, Entity Framework will use 'QuerySplittingBehavior.SingleQuery', which can potentially result in slow query performance. See https://go.microsoft.com/fwlink/?linkid=2134277 for more information. To identify the query that's triggering this warning call 'ConfigureWarnings(w => w.Throw(RelationalEventId.MultipleCollectionIncludeWarning))'.
[2023-10-22 14:09:26.584 -06:00 INF] Executed DbCommand (27ms) [Parameters=[@__ToLower_0='?' (Size = 255)], CommandType='"Text"', CommandTimeout='30']
SELECT `t`.`ID`, `t`.`Apellido`, `t`.`CorreoElectronico`, `t`.`Nom_user`, `t`.`Password`, `t0`.`UsuarioId`, `t0`.`RolId`, `t0`.`ID`, `t0`.`Nombre`, `r0`.`ID`, `r0`.`Created`, `r0`.`Expires`, `r0`.`Revoked`, `r0`.`Token`, `r0`.`UsuarioId`
FROM (
    SELECT `u`.`ID`, `u`.`Apellido`, `u`.`CorreoElectronico`, `u`.`Nom_user`, `u`.`Password`
    FROM `Usuario` AS `u`
    WHERE LOWER(`u`.`Nom_user`) = @__ToLower_0
    LIMIT 1
) AS `t`
LEFT JOIN (
    SELECT `u0`.`UsuarioId`, `u0`.`RolId`, `r`.`ID`, `r`.`Nombre`
    FROM `UsuarioRoles` AS `u0`
    INNER JOIN `Rol` AS `r` ON `u0`.`RolId` = `r`.`ID`
) AS `t0` ON `t`.`ID` = `t0`.`UsuarioId`
LEFT JOIN `RefreshToken` AS `r0` ON `t`.`ID` = `r0`.`UsuarioId`
ORDER BY `t`.`ID`, `t0`.`UsuarioId`, `t0`.`RolId`, `t0`.`ID`
[2023-10-22 14:09:26.732 -06:00 INF] Executing OkObjectResult, writing value of type '<>f__AnonymousType2`3[[System.String, System.Private.CoreLib, Version=6.0.0.0, Culture=neutral, PublicKeyToken=7cec85d7bea7798e],[System.Boolean, System.Private.CoreLib, Version=6.0.0.0, Culture=neutral, PublicKeyToken=7cec85d7bea7798e],[API.Dtos.DatosUsuarioDto, API, Version=1.0.0.0, Culture=neutral, PublicKeyToken=null]]'.
[2023-10-22 14:09:26.761 -06:00 INF] Executed action API.Controllers.UsuarioController.GetTokenAsync (API) in 757.3266ms
[2023-10-22 14:09:26.762 -06:00 INF] Executed endpoint 'API.Controllers.UsuarioController.GetTokenAsync (API)'
[2023-10-22 14:09:26.767 -06:00 INF] Request finished HTTP/1.1 POST https://localhost:5001/api/usuario/token application/json 58 - 200 - application/json;+charset=utf-8 1106.4932ms
[2023-10-22 14:09:37.187 -06:00 INF] Request starting HTTP/1.1 GET https://localhost:5001/api/producto?pageSize=3&pageIndex=1&search= - -
[2023-10-22 14:09:37.203 -06:00 INF] Executing endpoint 'API.Controllers.ProductoController.GetProveedor (API)'
[2023-10-22 14:09:37.211 -06:00 INF] Route matched with {action = "GetProveedor", controller = "Producto"}. Executing controller action with signature System.Threading.Tasks.Task`1[Microsoft.AspNetCore.Mvc.ActionResult`1[API.Helpers.Pager`1[API.Dtos.ProductoDto]]] GetProveedor(API.Helpers.Params) on controller API.Controllers.ProductoController (API).
[2023-10-22 14:09:37.275 -06:00 INF] Entity Framework Core 6.0.4 initialized 'InventarioContext' using provider 'Pomelo.EntityFrameworkCore.MySql:6.0.1' with options: ServerVersion 8.0.28-mysql 
[2023-10-22 14:09:37.300 -06:00 INF] Executed DbCommand (5ms) [Parameters=[], CommandType='"Text"', CommandTimeout='30']
SELECT COUNT(*)
FROM `Producto` AS `p`
[2023-10-22 14:09:37.311 -06:00 WRN] The query uses a row limiting operator ('Skip'/'Take') without an 'OrderBy' operator. This may lead to unpredictable results. If the 'Distinct' operator is used after 'OrderBy', then make sure to use the 'OrderBy' operator after 'Distinct' as the ordering would otherwise get erased.
[2023-10-22 14:09:37.313 -06:00 WRN] The query uses a row limiting operator ('Skip'/'Take') without an 'OrderBy' operator. This may lead to unpredictable results. If the 'Distinct' operator is used after 'OrderBy', then make sure to use the 'OrderBy' operator after 'Distinct' as the ordering would otherwise get erased.
[2023-10-22 14:09:37.325 -06:00 INF] Executed DbCommand (5ms) [Parameters=[@__p_1='?' (DbType = Int32), @__p_0='?' (DbType = Int32)], CommandType='"Text"', CommandTimeout='30']
SELECT `p`.`ID`, `p`.`Categoria`, `p`.`Cve_prov`, `p`.`Desc_prod`, `p`.`Estatus`, `p`.`Nom_prod`, `p`.`Precio`, `p`.`Stock`
FROM `Producto` AS `p`
LIMIT @__p_1 OFFSET @__p_0
[2023-10-22 14:09:37.371 -06:00 INF] Executing ObjectResult, writing value of type 'API.Helpers.Pager`1[[API.Dtos.ProductoDto, API, Version=1.0.0.0, Culture=neutral, PublicKeyToken=null]]'.
[2023-10-22 14:09:37.384 -06:00 INF] Executed action API.Controllers.ProductoController.GetProveedor (API) in 173.0932ms
[2023-10-22 14:09:37.384 -06:00 INF] Executed endpoint 'API.Controllers.ProductoController.GetProveedor (API)'
[2023-10-22 14:09:37.385 -06:00 INF] Request finished HTTP/1.1 GET https://localhost:5001/api/producto?pageSize=3&pageIndex=1&search= - - - 200 - application/json;+charset=utf-8 197.4840ms
[2023-10-22 14:12:03.159 -06:00 INF] Entity Framework Core 6.0.4 initialized 'InventarioContext' using provider 'Pomelo.EntityFrameworkCore.MySql:6.0.1' with options: ServerVersion 8.0.28-mysql 
[2023-10-22 14:12:03.567 -06:00 INF] Executed DbCommand (16ms) [Parameters=[], CommandType='"Text"', CommandTimeout='30']
SELECT 1 FROM INFORMATION_SCHEMA.TABLES WHERE TABLE_SCHEMA='inventarioRopa' AND TABLE_NAME='__EFMigrationsHistory';
[2023-10-22 14:12:03.601 -06:00 INF] Executed DbCommand (3ms) [Parameters=[], CommandType='"Text"', CommandTimeout='30']
SELECT 1 FROM INFORMATION_SCHEMA.TABLES WHERE TABLE_SCHEMA='inventarioRopa' AND TABLE_NAME='__EFMigrationsHistory';
[2023-10-22 14:12:03.633 -06:00 INF] Executed DbCommand (5ms) [Parameters=[], CommandType='"Text"', CommandTimeout='30']
SELECT `MigrationId`, `ProductVersion`
FROM `__EFMigrationsHistory`
ORDER BY `MigrationId`;
[2023-10-22 14:12:03.653 -06:00 INF] No migrations were applied. The database is already up to date.
[2023-10-22 14:12:03.849 -06:00 INF] Executed DbCommand (3ms) [Parameters=[], CommandType='"Text"', CommandTimeout='30']
SELECT EXISTS (
    SELECT 1
    FROM `Rol` AS `r`)
[2023-10-22 14:12:03.972 -06:00 INF] User profile is available. Using 'C:\Users\Rodrigo Tellez\AppData\Local\ASP.NET\DataProtection-Keys' as key repository and Windows DPAPI to encrypt keys at rest.
[2023-10-22 14:12:04.055 -06:00 INF] Now listening on: https://localhost:5001
[2023-10-22 14:12:04.055 -06:00 INF] Now listening on: http://localhost:5000
[2023-10-22 14:12:04.059 -06:00 INF] Application started. Press Ctrl+C to shut down.
[2023-10-22 14:12:04.059 -06:00 INF] Hosting environment: Development
[2023-10-22 14:12:04.059 -06:00 INF] Content root path: D:\10CUATRIMESTRE\HECTOR\Backend\inventario\API\
[2023-10-22 14:12:07.615 -06:00 INF] Request starting HTTP/1.1 GET https://localhost:5001/api/producto?pageSize=3&pageIndex=1&search= - -
[2023-10-22 14:12:07.927 -06:00 INF] Executing endpoint 'API.Controllers.ProductoController.GetProveedor (API)'
[2023-10-22 14:12:07.958 -06:00 INF] Route matched with {action = "GetProveedor", controller = "Producto"}. Executing controller action with signature System.Threading.Tasks.Task`1[Microsoft.AspNetCore.Mvc.ActionResult`1[API.Helpers.Pager`1[API.Dtos.ProductoDto]]] GetProveedor(API.Helpers.Params) on controller API.Controllers.ProductoController (API).
[2023-10-22 14:12:08.190 -06:00 INF] Entity Framework Core 6.0.4 initialized 'InventarioContext' using provider 'Pomelo.EntityFrameworkCore.MySql:6.0.1' with options: ServerVersion 8.0.28-mysql 
[2023-10-22 14:12:08.222 -06:00 INF] Executed DbCommand (4ms) [Parameters=[], CommandType='"Text"', CommandTimeout='30']
SELECT COUNT(*)
FROM `Producto` AS `p`
[2023-10-22 14:12:08.255 -06:00 WRN] The query uses a row limiting operator ('Skip'/'Take') without an 'OrderBy' operator. This may lead to unpredictable results. If the 'Distinct' operator is used after 'OrderBy', then make sure to use the 'OrderBy' operator after 'Distinct' as the ordering would otherwise get erased.
[2023-10-22 14:12:08.256 -06:00 WRN] The query uses a row limiting operator ('Skip'/'Take') without an 'OrderBy' operator. This may lead to unpredictable results. If the 'Distinct' operator is used after 'OrderBy', then make sure to use the 'OrderBy' operator after 'Distinct' as the ordering would otherwise get erased.
[2023-10-22 14:12:08.335 -06:00 INF] Executed DbCommand (27ms) [Parameters=[@__p_1='?' (DbType = Int32), @__p_0='?' (DbType = Int32)], CommandType='"Text"', CommandTimeout='30']
SELECT `p`.`ID`, `p`.`Categoria`, `p`.`Cve_prov`, `p`.`Desc_prod`, `p`.`Estatus`, `p`.`Nom_prod`, `p`.`Precio`, `p`.`Stock`
FROM `Producto` AS `p`
LIMIT @__p_1 OFFSET @__p_0
[2023-10-22 14:12:08.423 -06:00 INF] Executing ObjectResult, writing value of type 'API.Helpers.Pager`1[[API.Dtos.ProductoDto, API, Version=1.0.0.0, Culture=neutral, PublicKeyToken=null]]'.
[2023-10-22 14:12:08.467 -06:00 INF] Executed action API.Controllers.ProductoController.GetProveedor (API) in 502.2139ms
[2023-10-22 14:12:08.468 -06:00 INF] Executed endpoint 'API.Controllers.ProductoController.GetProveedor (API)'
[2023-10-22 14:12:08.475 -06:00 INF] Request finished HTTP/1.1 GET https://localhost:5001/api/producto?pageSize=3&pageIndex=1&search= - - - 200 - application/json;+charset=utf-8 864.8037ms
[2023-10-22 14:13:00.375 -06:00 INF] Entity Framework Core 6.0.4 initialized 'InventarioContext' using provider 'Pomelo.EntityFrameworkCore.MySql:6.0.1' with options: ServerVersion 8.0.28-mysql 
[2023-10-22 14:13:00.855 -06:00 INF] Executed DbCommand (18ms) [Parameters=[], CommandType='"Text"', CommandTimeout='30']
SELECT 1 FROM INFORMATION_SCHEMA.TABLES WHERE TABLE_SCHEMA='inventarioRopa' AND TABLE_NAME='__EFMigrationsHistory';
[2023-10-22 14:13:00.894 -06:00 INF] Executed DbCommand (3ms) [Parameters=[], CommandType='"Text"', CommandTimeout='30']
SELECT 1 FROM INFORMATION_SCHEMA.TABLES WHERE TABLE_SCHEMA='inventarioRopa' AND TABLE_NAME='__EFMigrationsHistory';
[2023-10-22 14:13:00.929 -06:00 INF] Executed DbCommand (7ms) [Parameters=[], CommandType='"Text"', CommandTimeout='30']
SELECT `MigrationId`, `ProductVersion`
FROM `__EFMigrationsHistory`
ORDER BY `MigrationId`;
[2023-10-22 14:13:00.951 -06:00 INF] No migrations were applied. The database is already up to date.
[2023-10-22 14:13:01.172 -06:00 INF] Executed DbCommand (3ms) [Parameters=[], CommandType='"Text"', CommandTimeout='30']
SELECT EXISTS (
    SELECT 1
    FROM `Rol` AS `r`)
[2023-10-22 14:13:01.302 -06:00 INF] User profile is available. Using 'C:\Users\Rodrigo Tellez\AppData\Local\ASP.NET\DataProtection-Keys' as key repository and Windows DPAPI to encrypt keys at rest.
[2023-10-22 14:13:01.393 -06:00 INF] Now listening on: https://localhost:5001
[2023-10-22 14:13:01.393 -06:00 INF] Now listening on: http://localhost:5000
[2023-10-22 14:13:01.398 -06:00 INF] Application started. Press Ctrl+C to shut down.
[2023-10-22 14:13:01.398 -06:00 INF] Hosting environment: Development
[2023-10-22 14:13:01.398 -06:00 INF] Content root path: D:\10CUATRIMESTRE\HECTOR\Backend\inventario\API\
[2023-10-22 14:13:06.172 -06:00 INF] Request starting HTTP/1.1 GET https://localhost:5001/api/producto?pageSize=3&pageIndex=1&search= - -
[2023-10-22 14:13:06.469 -06:00 INF] Executing endpoint 'API.Controllers.ProductoController.GetProveedor (API)'
[2023-10-22 14:13:06.499 -06:00 INF] Route matched with {action = "GetProveedor", controller = "Producto"}. Executing controller action with signature System.Threading.Tasks.Task`1[Microsoft.AspNetCore.Mvc.ActionResult`1[API.Helpers.Pager`1[API.Dtos.ProductoDto]]] GetProveedor(API.Helpers.Params) on controller API.Controllers.ProductoController (API).
[2023-10-22 14:13:06.618 -06:00 INF] Entity Framework Core 6.0.4 initialized 'InventarioContext' using provider 'Pomelo.EntityFrameworkCore.MySql:6.0.1' with options: ServerVersion 8.0.28-mysql 
[2023-10-22 14:13:06.648 -06:00 INF] Executed DbCommand (4ms) [Parameters=[], CommandType='"Text"', CommandTimeout='30']
SELECT COUNT(*)
FROM `Producto` AS `p`
[2023-10-22 14:13:06.680 -06:00 WRN] The query uses a row limiting operator ('Skip'/'Take') without an 'OrderBy' operator. This may lead to unpredictable results. If the 'Distinct' operator is used after 'OrderBy', then make sure to use the 'OrderBy' operator after 'Distinct' as the ordering would otherwise get erased.
[2023-10-22 14:13:06.681 -06:00 WRN] The query uses a row limiting operator ('Skip'/'Take') without an 'OrderBy' operator. This may lead to unpredictable results. If the 'Distinct' operator is used after 'OrderBy', then make sure to use the 'OrderBy' operator after 'Distinct' as the ordering would otherwise get erased.
[2023-10-22 14:13:06.756 -06:00 INF] Executed DbCommand (27ms) [Parameters=[@__p_1='?' (DbType = Int32), @__p_0='?' (DbType = Int32)], CommandType='"Text"', CommandTimeout='30']
SELECT `p`.`ID`, `p`.`Categoria`, `p`.`Cve_prov`, `p`.`Desc_prod`, `p`.`Estatus`, `p`.`Nom_prod`, `p`.`Precio`, `p`.`Stock`
FROM `Producto` AS `p`
LIMIT @__p_1 OFFSET @__p_0
[2023-10-22 14:13:06.850 -06:00 INF] Executing ObjectResult, writing value of type 'API.Helpers.Pager`1[[API.Dtos.ProductoDto, API, Version=1.0.0.0, Culture=neutral, PublicKeyToken=null]]'.
[2023-10-22 14:13:06.887 -06:00 INF] Executed action API.Controllers.ProductoController.GetProveedor (API) in 382.297ms
[2023-10-22 14:13:06.887 -06:00 INF] Executed endpoint 'API.Controllers.ProductoController.GetProveedor (API)'
[2023-10-22 14:13:06.892 -06:00 INF] Request finished HTTP/1.1 GET https://localhost:5001/api/producto?pageSize=3&pageIndex=1&search= - - - 200 - application/json;+charset=utf-8 723.4911ms
[2023-10-22 14:17:17.314 -06:00 INF] Entity Framework Core 6.0.4 initialized 'InventarioContext' using provider 'Pomelo.EntityFrameworkCore.MySql:6.0.1' with options: ServerVersion 8.0.28-mysql 
[2023-10-22 14:17:17.755 -06:00 INF] Executed DbCommand (18ms) [Parameters=[], CommandType='"Text"', CommandTimeout='30']
SELECT 1 FROM INFORMATION_SCHEMA.TABLES WHERE TABLE_SCHEMA='inventarioRopa' AND TABLE_NAME='__EFMigrationsHistory';
[2023-10-22 14:17:17.794 -06:00 INF] Executed DbCommand (3ms) [Parameters=[], CommandType='"Text"', CommandTimeout='30']
SELECT 1 FROM INFORMATION_SCHEMA.TABLES WHERE TABLE_SCHEMA='inventarioRopa' AND TABLE_NAME='__EFMigrationsHistory';
[2023-10-22 14:17:17.828 -06:00 INF] Executed DbCommand (6ms) [Parameters=[], CommandType='"Text"', CommandTimeout='30']
SELECT `MigrationId`, `ProductVersion`
FROM `__EFMigrationsHistory`
ORDER BY `MigrationId`;
[2023-10-22 14:17:17.848 -06:00 INF] No migrations were applied. The database is already up to date.
[2023-10-22 14:17:18.068 -06:00 INF] Executed DbCommand (3ms) [Parameters=[], CommandType='"Text"', CommandTimeout='30']
SELECT EXISTS (
    SELECT 1
    FROM `Rol` AS `r`)
[2023-10-22 14:17:18.203 -06:00 INF] User profile is available. Using 'C:\Users\Rodrigo Tellez\AppData\Local\ASP.NET\DataProtection-Keys' as key repository and Windows DPAPI to encrypt keys at rest.
[2023-10-22 14:17:18.285 -06:00 INF] Now listening on: https://localhost:5001
[2023-10-22 14:17:18.285 -06:00 INF] Now listening on: http://localhost:5000
[2023-10-22 14:17:18.289 -06:00 INF] Application started. Press Ctrl+C to shut down.
[2023-10-22 14:17:18.289 -06:00 INF] Hosting environment: Development
[2023-10-22 14:17:18.289 -06:00 INF] Content root path: D:\10CUATRIMESTRE\HECTOR\Backend\inventario\API\
[2023-10-22 14:17:23.481 -06:00 INF] Request starting HTTP/1.1 GET https://localhost:5001/api/producto?pageSize=3&pageIndex=1&search= - -
[2023-10-22 14:17:23.826 -06:00 INF] Executing endpoint 'API.Controllers.ProductoController.GetProveedor (API)'
[2023-10-22 14:17:23.860 -06:00 INF] Route matched with {action = "GetProveedor", controller = "Producto"}. Executing controller action with signature System.Threading.Tasks.Task`1[Microsoft.AspNetCore.Mvc.ActionResult`1[API.Helpers.Pager`1[API.Dtos.ProductoDto]]] GetProveedor(API.Helpers.Params) on controller API.Controllers.ProductoController (API).
[2023-10-22 14:17:24.020 -06:00 INF] Entity Framework Core 6.0.4 initialized 'InventarioContext' using provider 'Pomelo.EntityFrameworkCore.MySql:6.0.1' with options: ServerVersion 8.0.28-mysql 
[2023-10-22 14:17:24.079 -06:00 INF] Executed DbCommand (3ms) [Parameters=[], CommandType='"Text"', CommandTimeout='30']
SELECT COUNT(*)
FROM `Producto` AS `p`
WHERE `p`.`Estatus` <> 4
[2023-10-22 14:17:24.110 -06:00 WRN] The query uses a row limiting operator ('Skip'/'Take') without an 'OrderBy' operator. This may lead to unpredictable results. If the 'Distinct' operator is used after 'OrderBy', then make sure to use the 'OrderBy' operator after 'Distinct' as the ordering would otherwise get erased.
[2023-10-22 14:17:24.111 -06:00 WRN] The query uses a row limiting operator ('Skip'/'Take') without an 'OrderBy' operator. This may lead to unpredictable results. If the 'Distinct' operator is used after 'OrderBy', then make sure to use the 'OrderBy' operator after 'Distinct' as the ordering would otherwise get erased.
[2023-10-22 14:17:24.186 -06:00 INF] Executed DbCommand (27ms) [Parameters=[@__p_1='?' (DbType = Int32), @__p_0='?' (DbType = Int32)], CommandType='"Text"', CommandTimeout='30']
SELECT `p`.`ID`, `p`.`Categoria`, `p`.`Cve_prov`, `p`.`Desc_prod`, `p`.`Estatus`, `p`.`Nom_prod`, `p`.`Precio`, `p`.`Stock`
FROM `Producto` AS `p`
WHERE `p`.`Estatus` <> 4
LIMIT @__p_1 OFFSET @__p_0
[2023-10-22 14:17:24.269 -06:00 INF] Executing ObjectResult, writing value of type 'API.Helpers.Pager`1[[API.Dtos.ProductoDto, API, Version=1.0.0.0, Culture=neutral, PublicKeyToken=null]]'.
[2023-10-22 14:17:24.317 -06:00 INF] Executed action API.Controllers.ProductoController.GetProveedor (API) in 451.498ms
[2023-10-22 14:17:24.317 -06:00 INF] Executed endpoint 'API.Controllers.ProductoController.GetProveedor (API)'
[2023-10-22 14:17:24.322 -06:00 INF] Request finished HTTP/1.1 GET https://localhost:5001/api/producto?pageSize=3&pageIndex=1&search= - - - 200 - application/json;+charset=utf-8 845.4293ms
[2023-10-22 16:06:57.922 -06:00 INF] Entity Framework Core 6.0.4 initialized 'InventarioContext' using provider 'Pomelo.EntityFrameworkCore.MySql:6.0.1' with options: ServerVersion 8.0.28-mysql 
[2023-10-22 16:06:58.721 -06:00 INF] Executed DbCommand (26ms) [Parameters=[], CommandType='"Text"', CommandTimeout='30']
SELECT 1 FROM INFORMATION_SCHEMA.TABLES WHERE TABLE_SCHEMA='inventarioRopa' AND TABLE_NAME='__EFMigrationsHistory';
[2023-10-22 16:06:58.764 -06:00 INF] Executed DbCommand (3ms) [Parameters=[], CommandType='"Text"', CommandTimeout='30']
SELECT 1 FROM INFORMATION_SCHEMA.TABLES WHERE TABLE_SCHEMA='inventarioRopa' AND TABLE_NAME='__EFMigrationsHistory';
[2023-10-22 16:06:58.809 -06:00 INF] Executed DbCommand (16ms) [Parameters=[], CommandType='"Text"', CommandTimeout='30']
SELECT `MigrationId`, `ProductVersion`
FROM `__EFMigrationsHistory`
ORDER BY `MigrationId`;
[2023-10-22 16:06:58.835 -06:00 INF] No migrations were applied. The database is already up to date.
[2023-10-22 16:06:59.309 -06:00 INF] Executed DbCommand (13ms) [Parameters=[], CommandType='"Text"', CommandTimeout='30']
SELECT EXISTS (
    SELECT 1
    FROM `Rol` AS `r`)
[2023-10-22 16:06:59.601 -06:00 INF] User profile is available. Using 'C:\Users\Rodrigo Tellez\AppData\Local\ASP.NET\DataProtection-Keys' as key repository and Windows DPAPI to encrypt keys at rest.
[2023-10-22 16:07:00.016 -06:00 INF] Now listening on: https://localhost:5001
[2023-10-22 16:07:00.016 -06:00 INF] Now listening on: http://localhost:5000
[2023-10-22 16:07:00.025 -06:00 INF] Application started. Press Ctrl+C to shut down.
[2023-10-22 16:07:00.026 -06:00 INF] Hosting environment: Development
[2023-10-22 16:07:00.026 -06:00 INF] Content root path: D:\10CUATRIMESTRE\HECTOR\Backend\inventario\API\
[2023-10-22 16:07:10.481 -06:00 INF] Request starting HTTP/1.1 POST https://localhost:5001/api/usuario/token application/json 58
[2023-10-22 16:07:10.836 -06:00 INF] Failed to validate the token.
Microsoft.IdentityModel.Tokens.SecurityTokenExpiredException: IDX10223: Lifetime validation failed. The token is expired. ValidTo: '22/10/2023 08:39:26 p. m.', Current time: '22/10/2023 10:07:10 p. m.'.
   at Microsoft.IdentityModel.Tokens.Validators.ValidateLifetime(Nullable`1 notBefore, Nullable`1 expires, SecurityToken securityToken, TokenValidationParameters validationParameters)
   at System.IdentityModel.Tokens.Jwt.JwtSecurityTokenHandler.ValidateLifetime(Nullable`1 notBefore, Nullable`1 expires, JwtSecurityToken jwtToken, TokenValidationParameters validationParameters)
   at System.IdentityModel.Tokens.Jwt.JwtSecurityTokenHandler.ValidateTokenPayload(JwtSecurityToken jwtToken, TokenValidationParameters validationParameters, BaseConfiguration configuration)
   at System.IdentityModel.Tokens.Jwt.JwtSecurityTokenHandler.ValidateJWS(String token, TokenValidationParameters validationParameters, BaseConfiguration currentConfiguration, SecurityToken& signatureValidatedToken, ExceptionDispatchInfo& exceptionThrown)
--- End of stack trace from previous location ---
   at System.IdentityModel.Tokens.Jwt.JwtSecurityTokenHandler.ValidateToken(String token, JwtSecurityToken outerToken, TokenValidationParameters validationParameters, SecurityToken& signatureValidatedToken)
   at System.IdentityModel.Tokens.Jwt.JwtSecurityTokenHandler.ValidateToken(String token, TokenValidationParameters validationParameters, SecurityToken& validatedToken)
   at Microsoft.AspNetCore.Authentication.JwtBearer.JwtBearerHandler.HandleAuthenticateAsync()
[2023-10-22 16:07:11.108 -06:00 INF] Bearer was not authenticated. Failure message: IDX10223: Lifetime validation failed. The token is expired. ValidTo: '22/10/2023 08:39:26 p. m.', Current time: '22/10/2023 10:07:10 p. m.'.
[2023-10-22 16:07:11.118 -06:00 INF] Executing endpoint 'API.Controllers.UsuarioController.GetTokenAsync (API)'
[2023-10-22 16:07:11.180 -06:00 INF] Route matched with {action = "GetToken", controller = "Usuario"}. Executing controller action with signature System.Threading.Tasks.Task`1[Microsoft.AspNetCore.Mvc.IActionResult] GetTokenAsync(API.Dtos.LoginDto) on controller API.Controllers.UsuarioController (API).
[2023-10-22 16:07:11.621 -06:00 INF] Entity Framework Core 6.0.4 initialized 'InventarioContext' using provider 'Pomelo.EntityFrameworkCore.MySql:6.0.1' with options: ServerVersion 8.0.28-mysql 
[2023-10-22 16:07:12.190 -06:00 WRN] Compiling a query which loads related collections for more than one collection navigation, either via 'Include' or through projection, but no 'QuerySplittingBehavior' has been configured. By default, Entity Framework will use 'QuerySplittingBehavior.SingleQuery', which can potentially result in slow query performance. See https://go.microsoft.com/fwlink/?linkid=2134277 for more information. To identify the query that's triggering this warning call 'ConfigureWarnings(w => w.Throw(RelationalEventId.MultipleCollectionIncludeWarning))'.
[2023-10-22 16:07:12.371 -06:00 INF] Executed DbCommand (66ms) [Parameters=[@__ToLower_0='?' (Size = 255)], CommandType='"Text"', CommandTimeout='30']
SELECT `t`.`ID`, `t`.`Apellido`, `t`.`CorreoElectronico`, `t`.`Nom_user`, `t`.`Password`, `t0`.`UsuarioId`, `t0`.`RolId`, `t0`.`ID`, `t0`.`Nombre`, `r0`.`ID`, `r0`.`Created`, `r0`.`Expires`, `r0`.`Revoked`, `r0`.`Token`, `r0`.`UsuarioId`
FROM (
    SELECT `u`.`ID`, `u`.`Apellido`, `u`.`CorreoElectronico`, `u`.`Nom_user`, `u`.`Password`
    FROM `Usuario` AS `u`
    WHERE LOWER(`u`.`Nom_user`) = @__ToLower_0
    LIMIT 1
) AS `t`
LEFT JOIN (
    SELECT `u0`.`UsuarioId`, `u0`.`RolId`, `r`.`ID`, `r`.`Nombre`
    FROM `UsuarioRoles` AS `u0`
    INNER JOIN `Rol` AS `r` ON `u0`.`RolId` = `r`.`ID`
) AS `t0` ON `t`.`ID` = `t0`.`UsuarioId`
LEFT JOIN `RefreshToken` AS `r0` ON `t`.`ID` = `r0`.`UsuarioId`
ORDER BY `t`.`ID`, `t0`.`UsuarioId`, `t0`.`RolId`, `t0`.`ID`
[2023-10-22 16:07:12.614 -06:00 INF] Executing OkObjectResult, writing value of type '<>f__AnonymousType2`3[[System.String, System.Private.CoreLib, Version=6.0.0.0, Culture=neutral, PublicKeyToken=7cec85d7bea7798e],[System.Boolean, System.Private.CoreLib, Version=6.0.0.0, Culture=neutral, PublicKeyToken=7cec85d7bea7798e],[API.Dtos.DatosUsuarioDto, API, Version=1.0.0.0, Culture=neutral, PublicKeyToken=null]]'.
[2023-10-22 16:07:12.681 -06:00 INF] Executed action API.Controllers.UsuarioController.GetTokenAsync (API) in 1486.9336ms
[2023-10-22 16:07:12.682 -06:00 INF] Executed endpoint 'API.Controllers.UsuarioController.GetTokenAsync (API)'
[2023-10-22 16:07:12.696 -06:00 INF] Request finished HTTP/1.1 POST https://localhost:5001/api/usuario/token application/json 58 - 200 - application/json;+charset=utf-8 2219.8751ms
[2023-10-22 16:07:20.031 -06:00 INF] Request starting HTTP/1.1 GET https://localhost:5001/api/escasez?pageSize=3&pageIndex=1&search= - -
[2023-10-22 16:07:20.062 -06:00 INF] Executing endpoint '405 HTTP Method Not Supported'
[2023-10-22 16:07:20.062 -06:00 INF] Executed endpoint '405 HTTP Method Not Supported'
[2023-10-22 16:07:20.072 -06:00 INF] Request finished HTTP/1.1 GET https://localhost:5001/api/escasez?pageSize=3&pageIndex=1&search= - - - 404 0 - 40.9285ms
[2023-10-22 16:16:39.037 -06:00 INF] Entity Framework Core 6.0.4 initialized 'InventarioContext' using provider 'Pomelo.EntityFrameworkCore.MySql:6.0.1' with options: ServerVersion 8.0.28-mysql 
[2023-10-22 16:16:39.603 -06:00 INF] Executed DbCommand (21ms) [Parameters=[], CommandType='"Text"', CommandTimeout='30']
SELECT 1 FROM INFORMATION_SCHEMA.TABLES WHERE TABLE_SCHEMA='inventarioRopa' AND TABLE_NAME='__EFMigrationsHistory';
[2023-10-22 16:16:39.643 -06:00 INF] Executed DbCommand (4ms) [Parameters=[], CommandType='"Text"', CommandTimeout='30']
SELECT 1 FROM INFORMATION_SCHEMA.TABLES WHERE TABLE_SCHEMA='inventarioRopa' AND TABLE_NAME='__EFMigrationsHistory';
[2023-10-22 16:16:39.709 -06:00 INF] Executed DbCommand (38ms) [Parameters=[], CommandType='"Text"', CommandTimeout='30']
SELECT `MigrationId`, `ProductVersion`
FROM `__EFMigrationsHistory`
ORDER BY `MigrationId`;
[2023-10-22 16:16:39.756 -06:00 INF] No migrations were applied. The database is already up to date.
[2023-10-22 16:16:40.061 -06:00 INF] Executed DbCommand (4ms) [Parameters=[], CommandType='"Text"', CommandTimeout='30']
SELECT EXISTS (
    SELECT 1
    FROM `Rol` AS `r`)
[2023-10-22 16:16:40.357 -06:00 INF] User profile is available. Using 'C:\Users\Rodrigo Tellez\AppData\Local\ASP.NET\DataProtection-Keys' as key repository and Windows DPAPI to encrypt keys at rest.
[2023-10-22 16:16:40.580 -06:00 INF] Now listening on: https://localhost:5001
[2023-10-22 16:16:40.580 -06:00 INF] Now listening on: http://localhost:5000
[2023-10-22 16:16:40.587 -06:00 INF] Application started. Press Ctrl+C to shut down.
[2023-10-22 16:16:40.587 -06:00 INF] Hosting environment: Development
[2023-10-22 16:16:40.587 -06:00 INF] Content root path: D:\10CUATRIMESTRE\HECTOR\Backend\inventario\API\
[2023-10-22 16:16:54.454 -06:00 INF] Request starting HTTP/1.1 GET https://localhost:5001/api/escasez/all?pageSize=3&pageIndex=1&search= - -
[2023-10-22 16:16:54.960 -06:00 INF] Executing endpoint 'API.Controllers.EscasezController.GetEscasez (API)'
[2023-10-22 16:16:55.017 -06:00 INF] Route matched with {action = "GetEscasez", controller = "Escasez"}. Executing controller action with signature System.Threading.Tasks.Task`1[Microsoft.AspNetCore.Mvc.ActionResult`1[API.Helpers.Pager`1[API.Dtos.ProductoPendienteDto]]] GetEscasez(API.Helpers.Params) on controller API.Controllers.EscasezController (API).
[2023-10-22 16:16:55.284 -06:00 INF] Entity Framework Core 6.0.4 initialized 'InventarioContext' using provider 'Pomelo.EntityFrameworkCore.MySql:6.0.1' with options: ServerVersion 8.0.28-mysql 
[2023-10-22 16:16:55.414 -06:00 INF] Executed DbCommand (14ms) [Parameters=[], CommandType='"Text"', CommandTimeout='30']
SELECT COUNT(*)
FROM `Escasez_Producto` AS `e`
INNER JOIN `Producto` AS `p` ON `e`.`ProductoId` = `p`.`ID`
INNER JOIN `Usuario` AS `u` ON `e`.`UsuarioId` = `u`.`ID`
[2023-10-22 16:16:55.485 -06:00 WRN] The query uses a row limiting operator ('Skip'/'Take') without an 'OrderBy' operator. This may lead to unpredictable results. If the 'Distinct' operator is used after 'OrderBy', then make sure to use the 'OrderBy' operator after 'Distinct' as the ordering would otherwise get erased.
[2023-10-22 16:16:55.487 -06:00 WRN] The query uses a row limiting operator ('Skip'/'Take') without an 'OrderBy' operator. This may lead to unpredictable results. If the 'Distinct' operator is used after 'OrderBy', then make sure to use the 'OrderBy' operator after 'Distinct' as the ordering would otherwise get erased.
[2023-10-22 16:16:55.597 -06:00 INF] Executed DbCommand (44ms) [Parameters=[@__p_1='?' (DbType = Int32), @__p_0='?' (DbType = Int32)], CommandType='"Text"', CommandTimeout='30']
SELECT `e`.`ID`, `e`.`Estatus`, `e`.`Cant_Soli`, `e`.`Fecha_Registro`, `p`.`Nom_prod` AS `Nom_Producto`, `u`.`Apellido` AS `Nom_Usuario`
FROM `Escasez_Producto` AS `e`
INNER JOIN `Producto` AS `p` ON `e`.`ProductoId` = `p`.`ID`
INNER JOIN `Usuario` AS `u` ON `e`.`UsuarioId` = `u`.`ID`
LIMIT @__p_1 OFFSET @__p_0
[2023-10-22 16:16:55.668 -06:00 INF] Executed action API.Controllers.EscasezController.GetEscasez (API) in 641.3821ms
[2023-10-22 16:16:55.669 -06:00 INF] Executed endpoint 'API.Controllers.EscasezController.GetEscasez (API)'
[2023-10-22 16:16:55.965 -06:00 ERR] Error mapping types.

Mapping types:
List`1 -> List`1
System.Collections.Generic.List`1[[Core.Entities.Personalizadas.InformacionEscasez, Core, Version=1.0.0.0, Culture=neutral, PublicKeyToken=null]] -> System.Collections.Generic.List`1[[API.Dtos.ProductoPendienteDto, API, Version=1.0.0.0, Culture=neutral, PublicKeyToken=null]]
AutoMapper.AutoMapperMappingException: Error mapping types.

Mapping types:
List`1 -> List`1
System.Collections.Generic.List`1[[Core.Entities.Personalizadas.InformacionEscasez, Core, Version=1.0.0.0, Culture=neutral, PublicKeyToken=null]] -> System.Collections.Generic.List`1[[API.Dtos.ProductoPendienteDto, API, Version=1.0.0.0, Culture=neutral, PublicKeyToken=null]]
 ---> AutoMapper.AutoMapperMappingException: Missing type map configuration or unsupported mapping.

Mapping types:
InformacionEscasez -> ProductoPendienteDto
Core.Entities.Personalizadas.InformacionEscasez -> API.Dtos.ProductoPendienteDto
   at lambda_method29(Closure , InformacionEscasez , ProductoPendienteDto , ResolutionContext )
   at lambda_method28(Closure , Object , List`1 , ResolutionContext )
   --- End of inner exception stack trace ---
   at lambda_method28(Closure , Object , List`1 , ResolutionContext )
   at API.Controllers.EscasezController.GetEscasez(Params productoParams) in D:\10CUATRIMESTRE\HECTOR\Backend\inventario\API\Controllers\EscasezController.cs:line 41
   at lambda_method18(Closure , Object )
   at Microsoft.AspNetCore.Mvc.Infrastructure.ActionMethodExecutor.AwaitableObjectResultExecutor.Execute(IActionResultTypeMapper mapper, ObjectMethodExecutor executor, Object controller, Object[] arguments)
   at Microsoft.AspNetCore.Mvc.Infrastructure.ControllerActionInvoker.<InvokeActionMethodAsync>g__Awaited|12_0(ControllerActionInvoker invoker, ValueTask`1 actionResultValueTask)
   at Microsoft.AspNetCore.Mvc.Infrastructure.ControllerActionInvoker.<InvokeNextActionFilterAsync>g__Awaited|10_0(ControllerActionInvoker invoker, Task lastTask, State next, Scope scope, Object state, Boolean isCompleted)
   at Microsoft.AspNetCore.Mvc.Infrastructure.ControllerActionInvoker.Rethrow(ActionExecutedContextSealed context)
   at Microsoft.AspNetCore.Mvc.Infrastructure.ControllerActionInvoker.Next(State& next, Scope& scope, Object& state, Boolean& isCompleted)
   at Microsoft.AspNetCore.Mvc.Infrastructure.ControllerActionInvoker.<InvokeInnerFilterAsync>g__Awaited|13_0(ControllerActionInvoker invoker, Task lastTask, State next, Scope scope, Object state, Boolean isCompleted)
   at Microsoft.AspNetCore.Mvc.Infrastructure.ResourceInvoker.<InvokeFilterPipelineAsync>g__Awaited|20_0(ResourceInvoker invoker, Task lastTask, State next, Scope scope, Object state, Boolean isCompleted)
   at Microsoft.AspNetCore.Mvc.Infrastructure.ResourceInvoker.<InvokeAsync>g__Logged|17_1(ResourceInvoker invoker)
   at Microsoft.AspNetCore.Mvc.Infrastructure.ResourceInvoker.<InvokeAsync>g__Logged|17_1(ResourceInvoker invoker)
   at Microsoft.AspNetCore.Routing.EndpointMiddleware.<Invoke>g__AwaitRequestTask|6_0(Endpoint endpoint, Task requestTask, ILogger logger)
   at Microsoft.AspNetCore.Authorization.Policy.AuthorizationMiddlewareResultHandler.HandleAsync(RequestDelegate next, HttpContext context, AuthorizationPolicy policy, PolicyAuthorizationResult authorizeResult)
   at Microsoft.AspNetCore.Authorization.AuthorizationMiddleware.Invoke(HttpContext context)
   at Microsoft.AspNetCore.Authorization.Policy.AuthorizationMiddlewareResultHandler.HandleAsync(RequestDelegate next, HttpContext context, AuthorizationPolicy policy, PolicyAuthorizationResult authorizeResult)
   at Microsoft.AspNetCore.Authorization.AuthorizationMiddleware.Invoke(HttpContext context)
   at Microsoft.AspNetCore.Authentication.AuthenticationMiddleware.Invoke(HttpContext context)
   at Swashbuckle.AspNetCore.SwaggerUI.SwaggerUIMiddleware.Invoke(HttpContext httpContext)
   at Swashbuckle.AspNetCore.Swagger.SwaggerMiddleware.Invoke(HttpContext httpContext, ISwaggerProvider swaggerProvider)
   at AspNetCoreRateLimit.RateLimitMiddleware`1.Invoke(HttpContext context) in C:\Users\User\Documents\Github\AspNetCoreRateLimit\src\AspNetCoreRateLimit\Middleware\RateLimitMiddleware.cs:line 124
   at Microsoft.AspNetCore.Diagnostics.StatusCodePagesMiddleware.Invoke(HttpContext context)
   at API.Helpers.Errors.ExceptionMiddleware.InvokeAsync(HttpContext context) in D:\10CUATRIMESTRE\HECTOR\Backend\inventario\API\Helpers\Errors\ExceptionMiddleware.cs:line 23
[2023-10-22 16:16:56.034 -06:00 INF] Request finished HTTP/1.1 GET https://localhost:5001/api/escasez/all?pageSize=3&pageIndex=1&search= - - - 500 - application/json 1585.9741ms
[2023-10-22 16:19:40.220 -06:00 INF] Entity Framework Core 6.0.4 initialized 'InventarioContext' using provider 'Pomelo.EntityFrameworkCore.MySql:6.0.1' with options: ServerVersion 8.0.28-mysql 
[2023-10-22 16:19:40.693 -06:00 INF] Executed DbCommand (19ms) [Parameters=[], CommandType='"Text"', CommandTimeout='30']
SELECT 1 FROM INFORMATION_SCHEMA.TABLES WHERE TABLE_SCHEMA='inventarioRopa' AND TABLE_NAME='__EFMigrationsHistory';
[2023-10-22 16:19:40.734 -06:00 INF] Executed DbCommand (3ms) [Parameters=[], CommandType='"Text"', CommandTimeout='30']
SELECT 1 FROM INFORMATION_SCHEMA.TABLES WHERE TABLE_SCHEMA='inventarioRopa' AND TABLE_NAME='__EFMigrationsHistory';
[2023-10-22 16:19:40.769 -06:00 INF] Executed DbCommand (6ms) [Parameters=[], CommandType='"Text"', CommandTimeout='30']
SELECT `MigrationId`, `ProductVersion`
FROM `__EFMigrationsHistory`
ORDER BY `MigrationId`;
[2023-10-22 16:19:40.793 -06:00 INF] No migrations were applied. The database is already up to date.
[2023-10-22 16:19:41.043 -06:00 INF] Executed DbCommand (3ms) [Parameters=[], CommandType='"Text"', CommandTimeout='30']
SELECT EXISTS (
    SELECT 1
    FROM `Rol` AS `r`)
[2023-10-22 16:19:41.202 -06:00 INF] User profile is available. Using 'C:\Users\Rodrigo Tellez\AppData\Local\ASP.NET\DataProtection-Keys' as key repository and Windows DPAPI to encrypt keys at rest.
[2023-10-22 16:19:41.319 -06:00 INF] Now listening on: https://localhost:5001
[2023-10-22 16:19:41.319 -06:00 INF] Now listening on: http://localhost:5000
[2023-10-22 16:19:41.325 -06:00 INF] Application started. Press Ctrl+C to shut down.
[2023-10-22 16:19:41.326 -06:00 INF] Hosting environment: Development
[2023-10-22 16:19:41.326 -06:00 INF] Content root path: D:\10CUATRIMESTRE\HECTOR\Backend\inventario\API\
[2023-10-22 16:19:47.552 -06:00 INF] Request starting HTTP/1.1 GET https://localhost:5001/api/escasez/all?pageSize=3&pageIndex=1&search= - -
[2023-10-22 16:19:47.916 -06:00 INF] Executing endpoint 'API.Controllers.EscasezController.GetEscasez (API)'
[2023-10-22 16:19:47.949 -06:00 INF] Route matched with {action = "GetEscasez", controller = "Escasez"}. Executing controller action with signature System.Threading.Tasks.Task`1[Microsoft.AspNetCore.Mvc.ActionResult`1[API.Helpers.Pager`1[Core.Entities.EscasezProducto]]] GetEscasez(API.Helpers.Params) on controller API.Controllers.EscasezController (API).
[2023-10-22 16:19:48.084 -06:00 INF] Entity Framework Core 6.0.4 initialized 'InventarioContext' using provider 'Pomelo.EntityFrameworkCore.MySql:6.0.1' with options: ServerVersion 8.0.28-mysql 
[2023-10-22 16:19:48.163 -06:00 INF] Executed DbCommand (5ms) [Parameters=[], CommandType='"Text"', CommandTimeout='30']
SELECT COUNT(*)
FROM `Escasez_Producto` AS `e`
INNER JOIN `Producto` AS `p` ON `e`.`ProductoId` = `p`.`ID`
INNER JOIN `Usuario` AS `u` ON `e`.`UsuarioId` = `u`.`ID`
[2023-10-22 16:19:48.219 -06:00 WRN] The query uses a row limiting operator ('Skip'/'Take') without an 'OrderBy' operator. This may lead to unpredictable results. If the 'Distinct' operator is used after 'OrderBy', then make sure to use the 'OrderBy' operator after 'Distinct' as the ordering would otherwise get erased.
[2023-10-22 16:19:48.221 -06:00 WRN] The query uses a row limiting operator ('Skip'/'Take') without an 'OrderBy' operator. This may lead to unpredictable results. If the 'Distinct' operator is used after 'OrderBy', then make sure to use the 'OrderBy' operator after 'Distinct' as the ordering would otherwise get erased.
[2023-10-22 16:19:48.329 -06:00 INF] Executed DbCommand (43ms) [Parameters=[@__p_1='?' (DbType = Int32), @__p_0='?' (DbType = Int32)], CommandType='"Text"', CommandTimeout='30']
SELECT `e`.`ID`, `e`.`Estatus`, `e`.`Cant_Soli`, `e`.`Fecha_Registro`, `p`.`Nom_prod` AS `Nom_Producto`, `u`.`Apellido` AS `Nom_Usuario`
FROM `Escasez_Producto` AS `e`
INNER JOIN `Producto` AS `p` ON `e`.`ProductoId` = `p`.`ID`
INNER JOIN `Usuario` AS `u` ON `e`.`UsuarioId` = `u`.`ID`
LIMIT @__p_1 OFFSET @__p_0
[2023-10-22 16:19:48.375 -06:00 INF] Executed action API.Controllers.EscasezController.GetEscasez (API) in 418.3242ms
[2023-10-22 16:19:48.376 -06:00 INF] Executed endpoint 'API.Controllers.EscasezController.GetEscasez (API)'
[2023-10-22 16:19:48.443 -06:00 ERR] Error mapping types.

Mapping types:
List`1 -> List`1
System.Collections.Generic.List`1[[Core.Entities.Personalizadas.InformacionEscasez, Core, Version=1.0.0.0, Culture=neutral, PublicKeyToken=null]] -> System.Collections.Generic.List`1[[Core.Entities.EscasezProducto, Core, Version=1.0.0.0, Culture=neutral, PublicKeyToken=null]]
AutoMapper.AutoMapperMappingException: Error mapping types.

Mapping types:
List`1 -> List`1
System.Collections.Generic.List`1[[Core.Entities.Personalizadas.InformacionEscasez, Core, Version=1.0.0.0, Culture=neutral, PublicKeyToken=null]] -> System.Collections.Generic.List`1[[Core.Entities.EscasezProducto, Core, Version=1.0.0.0, Culture=neutral, PublicKeyToken=null]]
 ---> AutoMapper.AutoMapperMappingException: Missing type map configuration or unsupported mapping.

Mapping types:
InformacionEscasez -> EscasezProducto
Core.Entities.Personalizadas.InformacionEscasez -> Core.Entities.EscasezProducto
   at lambda_method29(Closure , InformacionEscasez , EscasezProducto , ResolutionContext )
   at lambda_method28(Closure , Object , List`1 , ResolutionContext )
   --- End of inner exception stack trace ---
   at lambda_method28(Closure , Object , List`1 , ResolutionContext )
   at API.Controllers.EscasezController.GetEscasez(Params productoParams) in D:\10CUATRIMESTRE\HECTOR\Backend\inventario\API\Controllers\EscasezController.cs:line 42
   at lambda_method18(Closure , Object )
   at Microsoft.AspNetCore.Mvc.Infrastructure.ActionMethodExecutor.AwaitableObjectResultExecutor.Execute(IActionResultTypeMapper mapper, ObjectMethodExecutor executor, Object controller, Object[] arguments)
   at Microsoft.AspNetCore.Mvc.Infrastructure.ControllerActionInvoker.<InvokeActionMethodAsync>g__Awaited|12_0(ControllerActionInvoker invoker, ValueTask`1 actionResultValueTask)
   at Microsoft.AspNetCore.Mvc.Infrastructure.ControllerActionInvoker.<InvokeNextActionFilterAsync>g__Awaited|10_0(ControllerActionInvoker invoker, Task lastTask, State next, Scope scope, Object state, Boolean isCompleted)
   at Microsoft.AspNetCore.Mvc.Infrastructure.ControllerActionInvoker.Rethrow(ActionExecutedContextSealed context)
   at Microsoft.AspNetCore.Mvc.Infrastructure.ControllerActionInvoker.Next(State& next, Scope& scope, Object& state, Boolean& isCompleted)
   at Microsoft.AspNetCore.Mvc.Infrastructure.ControllerActionInvoker.<InvokeInnerFilterAsync>g__Awaited|13_0(ControllerActionInvoker invoker, Task lastTask, State next, Scope scope, Object state, Boolean isCompleted)
   at Microsoft.AspNetCore.Mvc.Infrastructure.ResourceInvoker.<InvokeFilterPipelineAsync>g__Awaited|20_0(ResourceInvoker invoker, Task lastTask, State next, Scope scope, Object state, Boolean isCompleted)
   at Microsoft.AspNetCore.Mvc.Infrastructure.ResourceInvoker.<InvokeAsync>g__Logged|17_1(ResourceInvoker invoker)
   at Microsoft.AspNetCore.Mvc.Infrastructure.ResourceInvoker.<InvokeAsync>g__Logged|17_1(ResourceInvoker invoker)
   at Microsoft.AspNetCore.Routing.EndpointMiddleware.<Invoke>g__AwaitRequestTask|6_0(Endpoint endpoint, Task requestTask, ILogger logger)
   at Microsoft.AspNetCore.Authorization.Policy.AuthorizationMiddlewareResultHandler.HandleAsync(RequestDelegate next, HttpContext context, AuthorizationPolicy policy, PolicyAuthorizationResult authorizeResult)
   at Microsoft.AspNetCore.Authorization.AuthorizationMiddleware.Invoke(HttpContext context)
   at Microsoft.AspNetCore.Authorization.Policy.AuthorizationMiddlewareResultHandler.HandleAsync(RequestDelegate next, HttpContext context, AuthorizationPolicy policy, PolicyAuthorizationResult authorizeResult)
   at Microsoft.AspNetCore.Authorization.AuthorizationMiddleware.Invoke(HttpContext context)
   at Microsoft.AspNetCore.Authentication.AuthenticationMiddleware.Invoke(HttpContext context)
   at Swashbuckle.AspNetCore.SwaggerUI.SwaggerUIMiddleware.Invoke(HttpContext httpContext)
   at Swashbuckle.AspNetCore.Swagger.SwaggerMiddleware.Invoke(HttpContext httpContext, ISwaggerProvider swaggerProvider)
   at AspNetCoreRateLimit.RateLimitMiddleware`1.Invoke(HttpContext context) in C:\Users\User\Documents\Github\AspNetCoreRateLimit\src\AspNetCoreRateLimit\Middleware\RateLimitMiddleware.cs:line 124
   at Microsoft.AspNetCore.Diagnostics.StatusCodePagesMiddleware.Invoke(HttpContext context)
   at API.Helpers.Errors.ExceptionMiddleware.InvokeAsync(HttpContext context) in D:\10CUATRIMESTRE\HECTOR\Backend\inventario\API\Helpers\Errors\ExceptionMiddleware.cs:line 23
[2023-10-22 16:19:48.484 -06:00 INF] Request finished HTTP/1.1 GET https://localhost:5001/api/escasez/all?pageSize=3&pageIndex=1&search= - - - 500 - application/json 935.6811ms
[2023-10-22 16:22:09.620 -06:00 INF] Entity Framework Core 6.0.4 initialized 'InventarioContext' using provider 'Pomelo.EntityFrameworkCore.MySql:6.0.1' with options: ServerVersion 8.0.28-mysql 
[2023-10-22 16:22:10.538 -06:00 INF] Executed DbCommand (49ms) [Parameters=[], CommandType='"Text"', CommandTimeout='30']
SELECT 1 FROM INFORMATION_SCHEMA.TABLES WHERE TABLE_SCHEMA='inventarioRopa' AND TABLE_NAME='__EFMigrationsHistory';
[2023-10-22 16:22:10.622 -06:00 INF] Executed DbCommand (4ms) [Parameters=[], CommandType='"Text"', CommandTimeout='30']
SELECT 1 FROM INFORMATION_SCHEMA.TABLES WHERE TABLE_SCHEMA='inventarioRopa' AND TABLE_NAME='__EFMigrationsHistory';
[2023-10-22 16:22:10.701 -06:00 INF] Executed DbCommand (12ms) [Parameters=[], CommandType='"Text"', CommandTimeout='30']
SELECT `MigrationId`, `ProductVersion`
FROM `__EFMigrationsHistory`
ORDER BY `MigrationId`;
[2023-10-22 16:22:10.744 -06:00 INF] No migrations were applied. The database is already up to date.
[2023-10-22 16:22:11.279 -06:00 INF] Executed DbCommand (6ms) [Parameters=[], CommandType='"Text"', CommandTimeout='30']
SELECT EXISTS (
    SELECT 1
    FROM `Rol` AS `r`)
[2023-10-22 16:22:11.611 -06:00 INF] User profile is available. Using 'C:\Users\Rodrigo Tellez\AppData\Local\ASP.NET\DataProtection-Keys' as key repository and Windows DPAPI to encrypt keys at rest.
[2023-10-22 16:22:11.903 -06:00 INF] Now listening on: https://localhost:5001
[2023-10-22 16:22:11.906 -06:00 INF] Now listening on: http://localhost:5000
[2023-10-22 16:22:11.919 -06:00 INF] Application started. Press Ctrl+C to shut down.
[2023-10-22 16:22:11.922 -06:00 INF] Hosting environment: Development
[2023-10-22 16:22:11.925 -06:00 INF] Content root path: D:\10CUATRIMESTRE\HECTOR\Backend\inventario\API\
[2023-10-22 16:22:25.365 -06:00 INF] Request starting HTTP/1.1 GET https://localhost:5001/api/escasez/all?pageSize=3&pageIndex=1&search= - -
[2023-10-22 16:22:26.676 -06:00 INF] Executing endpoint 'API.Controllers.EscasezController.GetEscasez (API)'
[2023-10-22 16:22:26.773 -06:00 INF] Route matched with {action = "GetEscasez", controller = "Escasez"}. Executing controller action with signature System.Threading.Tasks.Task`1[Microsoft.AspNetCore.Mvc.ActionResult`1[API.Helpers.Pager`1[API.Dtos.ProductoPendienteDto]]] GetEscasez(API.Helpers.Params) on controller API.Controllers.EscasezController (API).
[2023-10-22 16:22:49.188 -06:00 INF] Entity Framework Core 6.0.4 initialized 'InventarioContext' using provider 'Pomelo.EntityFrameworkCore.MySql:6.0.1' with options: ServerVersion 8.0.28-mysql 
[2023-10-22 16:22:49.504 -06:00 INF] Executed DbCommand (4ms) [Parameters=[], CommandType='"Text"', CommandTimeout='30']
SELECT COUNT(*)
FROM `Escasez_Producto` AS `e`
INNER JOIN `Producto` AS `p` ON `e`.`ProductoId` = `p`.`ID`
INNER JOIN `Usuario` AS `u` ON `e`.`UsuarioId` = `u`.`ID`
[2023-10-22 16:22:49.573 -06:00 WRN] The query uses a row limiting operator ('Skip'/'Take') without an 'OrderBy' operator. This may lead to unpredictable results. If the 'Distinct' operator is used after 'OrderBy', then make sure to use the 'OrderBy' operator after 'Distinct' as the ordering would otherwise get erased.
[2023-10-22 16:22:49.578 -06:00 WRN] The query uses a row limiting operator ('Skip'/'Take') without an 'OrderBy' operator. This may lead to unpredictable results. If the 'Distinct' operator is used after 'OrderBy', then make sure to use the 'OrderBy' operator after 'Distinct' as the ordering would otherwise get erased.
[2023-10-22 16:22:49.685 -06:00 INF] Executed DbCommand (39ms) [Parameters=[@__p_1='?' (DbType = Int32), @__p_0='?' (DbType = Int32)], CommandType='"Text"', CommandTimeout='30']
SELECT `e`.`ID`, `e`.`Estatus`, `e`.`Cant_Soli`, `e`.`Fecha_Registro`, `p`.`Nom_prod` AS `Nom_Producto`, `u`.`Apellido` AS `Nom_Usuario`
FROM `Escasez_Producto` AS `e`
INNER JOIN `Producto` AS `p` ON `e`.`ProductoId` = `p`.`ID`
INNER JOIN `Usuario` AS `u` ON `e`.`UsuarioId` = `u`.`ID`
LIMIT @__p_1 OFFSET @__p_0
[2023-10-22 16:25:53.097 -06:00 INF] Entity Framework Core 6.0.4 initialized 'InventarioContext' using provider 'Pomelo.EntityFrameworkCore.MySql:6.0.1' with options: ServerVersion 8.0.28-mysql 
[2023-10-22 16:25:54.606 -06:00 INF] Executed DbCommand (51ms) [Parameters=[], CommandType='"Text"', CommandTimeout='30']
SELECT 1 FROM INFORMATION_SCHEMA.TABLES WHERE TABLE_SCHEMA='inventarioRopa' AND TABLE_NAME='__EFMigrationsHistory';
[2023-10-22 16:25:54.706 -06:00 INF] Executed DbCommand (5ms) [Parameters=[], CommandType='"Text"', CommandTimeout='30']
SELECT 1 FROM INFORMATION_SCHEMA.TABLES WHERE TABLE_SCHEMA='inventarioRopa' AND TABLE_NAME='__EFMigrationsHistory';
[2023-10-22 16:25:54.785 -06:00 INF] Executed DbCommand (25ms) [Parameters=[], CommandType='"Text"', CommandTimeout='30']
SELECT `MigrationId`, `ProductVersion`
FROM `__EFMigrationsHistory`
ORDER BY `MigrationId`;
[2023-10-22 16:25:54.872 -06:00 INF] No migrations were applied. The database is already up to date.
[2023-10-22 16:25:55.490 -06:00 INF] Executed DbCommand (6ms) [Parameters=[], CommandType='"Text"', CommandTimeout='30']
SELECT EXISTS (
    SELECT 1
    FROM `Rol` AS `r`)
[2023-10-22 16:25:55.956 -06:00 INF] User profile is available. Using 'C:\Users\Rodrigo Tellez\AppData\Local\ASP.NET\DataProtection-Keys' as key repository and Windows DPAPI to encrypt keys at rest.
[2023-10-22 16:25:56.298 -06:00 INF] Now listening on: https://localhost:5001
[2023-10-22 16:25:56.302 -06:00 INF] Now listening on: http://localhost:5000
[2023-10-22 16:25:56.321 -06:00 INF] Application started. Press Ctrl+C to shut down.
[2023-10-22 16:25:56.324 -06:00 INF] Hosting environment: Development
[2023-10-22 16:25:56.327 -06:00 INF] Content root path: D:\10CUATRIMESTRE\HECTOR\Backend\inventario\API\
[2023-10-22 16:26:01.787 -06:00 INF] Request starting HTTP/1.1 GET https://localhost:5001/api/escasez/all?pageSize=3&pageIndex=1&search= - -
[2023-10-22 16:26:02.640 -06:00 INF] Executing endpoint 'API.Controllers.EscasezController.GetEscasez (API)'
[2023-10-22 16:26:02.710 -06:00 INF] Route matched with {action = "GetEscasez", controller = "Escasez"}. Executing controller action with signature System.Threading.Tasks.Task`1[Microsoft.AspNetCore.Mvc.ActionResult`1[API.Helpers.Pager`1[API.Dtos.ProductoPendienteDto]]] GetEscasez(API.Helpers.Params) on controller API.Controllers.EscasezController (API).
[2023-10-22 16:26:06.116 -06:00 INF] Entity Framework Core 6.0.4 initialized 'InventarioContext' using provider 'Pomelo.EntityFrameworkCore.MySql:6.0.1' with options: ServerVersion 8.0.28-mysql 
[2023-10-22 16:26:06.482 -06:00 INF] Executed DbCommand (6ms) [Parameters=[], CommandType='"Text"', CommandTimeout='30']
SELECT COUNT(*)
FROM `Escasez_Producto` AS `e`
INNER JOIN `Producto` AS `p` ON `e`.`ProductoId` = `p`.`ID`
INNER JOIN `Usuario` AS `u` ON `e`.`UsuarioId` = `u`.`ID`
[2023-10-22 16:26:06.559 -06:00 WRN] The query uses a row limiting operator ('Skip'/'Take') without an 'OrderBy' operator. This may lead to unpredictable results. If the 'Distinct' operator is used after 'OrderBy', then make sure to use the 'OrderBy' operator after 'Distinct' as the ordering would otherwise get erased.
[2023-10-22 16:26:06.565 -06:00 WRN] The query uses a row limiting operator ('Skip'/'Take') without an 'OrderBy' operator. This may lead to unpredictable results. If the 'Distinct' operator is used after 'OrderBy', then make sure to use the 'OrderBy' operator after 'Distinct' as the ordering would otherwise get erased.
[2023-10-22 16:26:06.756 -06:00 INF] Executed DbCommand (50ms) [Parameters=[@__p_1='?' (DbType = Int32), @__p_0='?' (DbType = Int32)], CommandType='"Text"', CommandTimeout='30']
SELECT `e`.`ID`, `e`.`Estatus`, `e`.`Cant_Soli`, `e`.`Fecha_Registro`, `p`.`Nom_prod` AS `Nom_Producto`, `u`.`Apellido` AS `Nom_Usuario`, `e`.`Precio`
FROM `Escasez_Producto` AS `e`
INNER JOIN `Producto` AS `p` ON `e`.`ProductoId` = `p`.`ID`
INNER JOIN `Usuario` AS `u` ON `e`.`UsuarioId` = `u`.`ID`
LIMIT @__p_1 OFFSET @__p_0
[2023-10-22 16:26:32.700 -06:00 INF] Executed action API.Controllers.EscasezController.GetEscasez (API) in 29977.178ms
[2023-10-22 16:26:32.705 -06:00 INF] Executed endpoint 'API.Controllers.EscasezController.GetEscasez (API)'
[2023-10-22 16:26:33.151 -06:00 ERR] Error mapping types.

Mapping types:
List`1 -> List`1
System.Collections.Generic.List`1[[Core.Entities.Personalizadas.InformacionEscasez, Core, Version=1.0.0.0, Culture=neutral, PublicKeyToken=null]] -> System.Collections.Generic.List`1[[API.Dtos.ProductoPendienteDto, API, Version=1.0.0.0, Culture=neutral, PublicKeyToken=null]]
AutoMapper.AutoMapperMappingException: Error mapping types.

Mapping types:
List`1 -> List`1
System.Collections.Generic.List`1[[Core.Entities.Personalizadas.InformacionEscasez, Core, Version=1.0.0.0, Culture=neutral, PublicKeyToken=null]] -> System.Collections.Generic.List`1[[API.Dtos.ProductoPendienteDto, API, Version=1.0.0.0, Culture=neutral, PublicKeyToken=null]]
 ---> AutoMapper.AutoMapperMappingException: Missing type map configuration or unsupported mapping.

Mapping types:
InformacionEscasez -> ProductoPendienteDto
Core.Entities.Personalizadas.InformacionEscasez -> API.Dtos.ProductoPendienteDto
   at lambda_method29(Closure , InformacionEscasez , ProductoPendienteDto , ResolutionContext )
   at lambda_method28(Closure , Object , List`1 , ResolutionContext )
   --- End of inner exception stack trace ---
   at lambda_method28(Closure , Object , List`1 , ResolutionContext )
   at API.Controllers.EscasezController.GetEscasez(Params productoParams) in D:\10CUATRIMESTRE\HECTOR\Backend\inventario\API\Controllers\EscasezController.cs:line 41
   at lambda_method18(Closure , Object )
   at Microsoft.AspNetCore.Mvc.Infrastructure.ActionMethodExecutor.AwaitableObjectResultExecutor.Execute(IActionResultTypeMapper mapper, ObjectMethodExecutor executor, Object controller, Object[] arguments)
   at Microsoft.AspNetCore.Mvc.Infrastructure.ControllerActionInvoker.<InvokeActionMethodAsync>g__Awaited|12_0(ControllerActionInvoker invoker, ValueTask`1 actionResultValueTask)
   at Microsoft.AspNetCore.Mvc.Infrastructure.ControllerActionInvoker.<InvokeNextActionFilterAsync>g__Awaited|10_0(ControllerActionInvoker invoker, Task lastTask, State next, Scope scope, Object state, Boolean isCompleted)
   at Microsoft.AspNetCore.Mvc.Infrastructure.ControllerActionInvoker.Rethrow(ActionExecutedContextSealed context)
   at Microsoft.AspNetCore.Mvc.Infrastructure.ControllerActionInvoker.Next(State& next, Scope& scope, Object& state, Boolean& isCompleted)
   at Microsoft.AspNetCore.Mvc.Infrastructure.ControllerActionInvoker.<InvokeInnerFilterAsync>g__Awaited|13_0(ControllerActionInvoker invoker, Task lastTask, State next, Scope scope, Object state, Boolean isCompleted)
   at Microsoft.AspNetCore.Mvc.Infrastructure.ResourceInvoker.<InvokeFilterPipelineAsync>g__Awaited|20_0(ResourceInvoker invoker, Task lastTask, State next, Scope scope, Object state, Boolean isCompleted)
   at Microsoft.AspNetCore.Mvc.Infrastructure.ResourceInvoker.<InvokeAsync>g__Logged|17_1(ResourceInvoker invoker)
   at Microsoft.AspNetCore.Mvc.Infrastructure.ResourceInvoker.<InvokeAsync>g__Logged|17_1(ResourceInvoker invoker)
   at Microsoft.AspNetCore.Routing.EndpointMiddleware.<Invoke>g__AwaitRequestTask|6_0(Endpoint endpoint, Task requestTask, ILogger logger)
   at Microsoft.AspNetCore.Authorization.Policy.AuthorizationMiddlewareResultHandler.HandleAsync(RequestDelegate next, HttpContext context, AuthorizationPolicy policy, PolicyAuthorizationResult authorizeResult)
   at Microsoft.AspNetCore.Authorization.AuthorizationMiddleware.Invoke(HttpContext context)
   at Microsoft.AspNetCore.Authorization.Policy.AuthorizationMiddlewareResultHandler.HandleAsync(RequestDelegate next, HttpContext context, AuthorizationPolicy policy, PolicyAuthorizationResult authorizeResult)
   at Microsoft.AspNetCore.Authorization.AuthorizationMiddleware.Invoke(HttpContext context)
   at Microsoft.AspNetCore.Authentication.AuthenticationMiddleware.Invoke(HttpContext context)
   at Swashbuckle.AspNetCore.SwaggerUI.SwaggerUIMiddleware.Invoke(HttpContext httpContext)
   at Swashbuckle.AspNetCore.Swagger.SwaggerMiddleware.Invoke(HttpContext httpContext, ISwaggerProvider swaggerProvider)
   at AspNetCoreRateLimit.RateLimitMiddleware`1.Invoke(HttpContext context) in C:\Users\User\Documents\Github\AspNetCoreRateLimit\src\AspNetCoreRateLimit\Middleware\RateLimitMiddleware.cs:line 124
   at Microsoft.AspNetCore.Diagnostics.StatusCodePagesMiddleware.Invoke(HttpContext context)
   at API.Helpers.Errors.ExceptionMiddleware.InvokeAsync(HttpContext context) in D:\10CUATRIMESTRE\HECTOR\Backend\inventario\API\Helpers\Errors\ExceptionMiddleware.cs:line 23
[2023-10-22 16:26:33.266 -06:00 INF] Request finished HTTP/1.1 GET https://localhost:5001/api/escasez/all?pageSize=3&pageIndex=1&search= - - - 500 - application/json 31485.0435ms
[2023-10-22 16:28:23.884 -06:00 INF] Entity Framework Core 6.0.4 initialized 'InventarioContext' using provider 'Pomelo.EntityFrameworkCore.MySql:6.0.1' with options: ServerVersion 8.0.28-mysql 
[2023-10-22 16:28:25.341 -06:00 INF] Executed DbCommand (52ms) [Parameters=[], CommandType='"Text"', CommandTimeout='30']
SELECT 1 FROM INFORMATION_SCHEMA.TABLES WHERE TABLE_SCHEMA='inventarioRopa' AND TABLE_NAME='__EFMigrationsHistory';
[2023-10-22 16:28:25.487 -06:00 INF] Executed DbCommand (4ms) [Parameters=[], CommandType='"Text"', CommandTimeout='30']
SELECT 1 FROM INFORMATION_SCHEMA.TABLES WHERE TABLE_SCHEMA='inventarioRopa' AND TABLE_NAME='__EFMigrationsHistory';
[2023-10-22 16:28:25.603 -06:00 INF] Executed DbCommand (27ms) [Parameters=[], CommandType='"Text"', CommandTimeout='30']
SELECT `MigrationId`, `ProductVersion`
FROM `__EFMigrationsHistory`
ORDER BY `MigrationId`;
[2023-10-22 16:28:25.684 -06:00 INF] No migrations were applied. The database is already up to date.
[2023-10-22 16:28:26.384 -06:00 INF] Executed DbCommand (7ms) [Parameters=[], CommandType='"Text"', CommandTimeout='30']
SELECT EXISTS (
    SELECT 1
    FROM `Rol` AS `r`)
[2023-10-22 16:28:26.823 -06:00 INF] User profile is available. Using 'C:\Users\Rodrigo Tellez\AppData\Local\ASP.NET\DataProtection-Keys' as key repository and Windows DPAPI to encrypt keys at rest.
[2023-10-22 16:28:27.271 -06:00 INF] Now listening on: https://localhost:5001
[2023-10-22 16:28:27.275 -06:00 INF] Now listening on: http://localhost:5000
[2023-10-22 16:28:27.293 -06:00 INF] Application started. Press Ctrl+C to shut down.
[2023-10-22 16:28:27.296 -06:00 INF] Hosting environment: Development
[2023-10-22 16:28:27.300 -06:00 INF] Content root path: D:\10CUATRIMESTRE\HECTOR\Backend\inventario\API\
[2023-10-22 16:28:32.950 -06:00 INF] Request starting HTTP/1.1 GET https://localhost:5001/api/escasez/all?pageSize=3&pageIndex=1&search= - -
[2023-10-22 16:28:33.836 -06:00 INF] Executing endpoint 'API.Controllers.EscasezController.GetEscasez (API)'
[2023-10-22 16:28:33.893 -06:00 INF] Route matched with {action = "GetEscasez", controller = "Escasez"}. Executing controller action with signature System.Threading.Tasks.Task`1[Microsoft.AspNetCore.Mvc.ActionResult`1[API.Helpers.Pager`1[Core.Entities.Personalizadas.InformacionEscasez]]] GetEscasez(API.Helpers.Params) on controller API.Controllers.EscasezController (API).
[2023-10-22 16:28:36.916 -06:00 INF] Entity Framework Core 6.0.4 initialized 'InventarioContext' using provider 'Pomelo.EntityFrameworkCore.MySql:6.0.1' with options: ServerVersion 8.0.28-mysql 
[2023-10-22 16:28:37.208 -06:00 INF] Executed DbCommand (4ms) [Parameters=[], CommandType='"Text"', CommandTimeout='30']
SELECT COUNT(*)
FROM `Escasez_Producto` AS `e`
INNER JOIN `Producto` AS `p` ON `e`.`ProductoId` = `p`.`ID`
INNER JOIN `Usuario` AS `u` ON `e`.`UsuarioId` = `u`.`ID`
[2023-10-22 16:28:37.268 -06:00 WRN] The query uses a row limiting operator ('Skip'/'Take') without an 'OrderBy' operator. This may lead to unpredictable results. If the 'Distinct' operator is used after 'OrderBy', then make sure to use the 'OrderBy' operator after 'Distinct' as the ordering would otherwise get erased.
[2023-10-22 16:28:37.273 -06:00 WRN] The query uses a row limiting operator ('Skip'/'Take') without an 'OrderBy' operator. This may lead to unpredictable results. If the 'Distinct' operator is used after 'OrderBy', then make sure to use the 'OrderBy' operator after 'Distinct' as the ordering would otherwise get erased.
[2023-10-22 16:28:37.394 -06:00 INF] Executed DbCommand (32ms) [Parameters=[@__p_1='?' (DbType = Int32), @__p_0='?' (DbType = Int32)], CommandType='"Text"', CommandTimeout='30']
SELECT `e`.`ID`, `e`.`Estatus`, `e`.`Cant_Soli`, `e`.`Fecha_Registro`, `p`.`Nom_prod` AS `Nom_Producto`, `u`.`Apellido` AS `Nom_Usuario`, `e`.`Precio`
FROM `Escasez_Producto` AS `e`
INNER JOIN `Producto` AS `p` ON `e`.`ProductoId` = `p`.`ID`
INNER JOIN `Usuario` AS `u` ON `e`.`UsuarioId` = `u`.`ID`
LIMIT @__p_1 OFFSET @__p_0
[2023-10-22 16:28:51.334 -06:00 INF] Executing ObjectResult, writing value of type 'API.Helpers.Pager`1[[Core.Entities.Personalizadas.InformacionEscasez, Core, Version=1.0.0.0, Culture=neutral, PublicKeyToken=null]]'.
[2023-10-22 16:28:51.460 -06:00 INF] Executed action API.Controllers.EscasezController.GetEscasez (API) in 17547.4595ms
[2023-10-22 16:28:51.463 -06:00 INF] Executed endpoint 'API.Controllers.EscasezController.GetEscasez (API)'
[2023-10-22 16:28:51.492 -06:00 INF] Request finished HTTP/1.1 GET https://localhost:5001/api/escasez/all?pageSize=3&pageIndex=1&search= - - - 200 - application/json;+charset=utf-8 18547.9628ms
[2023-10-22 16:29:27.883 -06:00 INF] Request starting HTTP/1.1 POST https://localhost:5001/api/escasez application/json 88
[2023-10-22 16:29:27.908 -06:00 INF] Executing endpoint 'API.Controllers.EscasezController.PostProcesoEscasez (API)'
[2023-10-22 16:29:27.914 -06:00 INF] Route matched with {action = "PostProcesoEscasez", controller = "Escasez"}. Executing controller action with signature System.Threading.Tasks.Task`1[Microsoft.AspNetCore.Mvc.IActionResult] PostProcesoEscasez(API.Dtos.PendienteAutorizarDto) on controller API.Controllers.EscasezController (API).
[2023-10-22 16:29:28.074 -06:00 INF] Entity Framework Core 6.0.4 initialized 'InventarioContext' using provider 'Pomelo.EntityFrameworkCore.MySql:6.0.1' with options: ServerVersion 8.0.28-mysql 
[2023-10-22 16:29:28.168 -06:00 INF] Executed DbCommand (5ms) [Parameters=[@__idProducto_0='?' (DbType = Int32)], CommandType='"Text"', CommandTimeout='30']
SELECT `p`.`Stock`
FROM `Producto` AS `p`
WHERE `p`.`ID` = @__idProducto_0
LIMIT 1
[2023-10-22 16:29:28.212 -06:00 INF] Executed DbCommand (8ms) [Parameters=[@p0='?' (DbType = Int32), @p1='?' (DbType = Int32)], CommandType='"Text"', CommandTimeout='30']
UPDATE Producto
                                                                SET Estatus = @p0
                                                                WHERE ID = @p1
[2023-10-22 16:29:28.259 -06:00 INF] Executed DbCommand (3ms) [Parameters=[@__idProducto_0='?' (DbType = Int32)], CommandType='"Text"', CommandTimeout='30']
SELECT `p`.`Precio`
FROM `Producto` AS `p`
WHERE `p`.`ID` = @__idProducto_0
LIMIT 1
[2023-10-22 16:29:28.318 -06:00 ERR] Failed executing DbCommand (24ms) [Parameters=[@p0='?' (DbType = Int32), @p1='?' (DbType = Int32), @p2='?' (DbType = DateTime), @p3='?' (DbType = Int32), @p4='?' (Size = 4000), @p5='?' (DbType = Decimal)], CommandType='"Text"', CommandTimeout='30']

                                    INSERT INTO Escasez_Producto
                                    (
                                    ProductoId,
                                    Canti_Soli,
                                    Fecha_registro,
                                    UsuarioId,
                                    Estatus,
                                    Precio)
                                    VALUES
                                    (@p0,@p1,@p2,@p3,@p4,@p5)
[2023-10-22 16:29:28.402 -06:00 ERR] ERROR EN EL SERVICIO DE ESCASEZ DE PRODUCTOS: Unknown column 'Canti_Soli' in 'field list'
[2023-10-22 16:29:28.474 -06:00 INF] Executing BadRequestObjectResult, writing value of type 'API.Helpers.Errors.ApiResponse'.
[2023-10-22 16:29:28.477 -06:00 INF] Executed action API.Controllers.EscasezController.PostProcesoEscasez (API) in 563.2555ms
[2023-10-22 16:29:28.477 -06:00 INF] Executed endpoint 'API.Controllers.EscasezController.PostProcesoEscasez (API)'
[2023-10-22 16:29:28.478 -06:00 INF] Request finished HTTP/1.1 POST https://localhost:5001/api/escasez application/json 88 - 400 - application/json;+charset=utf-8 594.3218ms
[2023-10-22 16:32:01.840 -06:00 INF] Entity Framework Core 6.0.4 initialized 'InventarioContext' using provider 'Pomelo.EntityFrameworkCore.MySql:6.0.1' with options: ServerVersion 8.0.28-mysql 
[2023-10-22 16:32:03.071 -06:00 INF] Executed DbCommand (39ms) [Parameters=[], CommandType='"Text"', CommandTimeout='30']
SELECT 1 FROM INFORMATION_SCHEMA.TABLES WHERE TABLE_SCHEMA='inventarioRopa' AND TABLE_NAME='__EFMigrationsHistory';
[2023-10-22 16:32:03.160 -06:00 INF] Executed DbCommand (6ms) [Parameters=[], CommandType='"Text"', CommandTimeout='30']
SELECT 1 FROM INFORMATION_SCHEMA.TABLES WHERE TABLE_SCHEMA='inventarioRopa' AND TABLE_NAME='__EFMigrationsHistory';
[2023-10-22 16:32:03.245 -06:00 INF] Executed DbCommand (28ms) [Parameters=[], CommandType='"Text"', CommandTimeout='30']
SELECT `MigrationId`, `ProductVersion`
FROM `__EFMigrationsHistory`
ORDER BY `MigrationId`;
[2023-10-22 16:32:03.319 -06:00 INF] No migrations were applied. The database is already up to date.
[2023-10-22 16:32:04.141 -06:00 INF] Executed DbCommand (4ms) [Parameters=[], CommandType='"Text"', CommandTimeout='30']
SELECT EXISTS (
    SELECT 1
    FROM `Rol` AS `r`)
[2023-10-22 16:32:04.539 -06:00 INF] User profile is available. Using 'C:\Users\Rodrigo Tellez\AppData\Local\ASP.NET\DataProtection-Keys' as key repository and Windows DPAPI to encrypt keys at rest.
[2023-10-22 16:32:04.926 -06:00 INF] Now listening on: https://localhost:5001
[2023-10-22 16:32:04.930 -06:00 INF] Now listening on: http://localhost:5000
[2023-10-22 16:32:04.947 -06:00 INF] Application started. Press Ctrl+C to shut down.
[2023-10-22 16:32:04.950 -06:00 INF] Hosting environment: Development
[2023-10-22 16:32:04.953 -06:00 INF] Content root path: D:\10CUATRIMESTRE\HECTOR\Backend\inventario\API\
[2023-10-22 16:32:11.826 -06:00 INF] Request starting HTTP/1.1 POST https://localhost:5001/api/escasez application/json 88
[2023-10-22 16:32:12.631 -06:00 INF] Executing endpoint 'API.Controllers.EscasezController.PostProcesoEscasez (API)'
[2023-10-22 16:32:12.685 -06:00 INF] Route matched with {action = "PostProcesoEscasez", controller = "Escasez"}. Executing controller action with signature System.Threading.Tasks.Task`1[Microsoft.AspNetCore.Mvc.IActionResult] PostProcesoEscasez(API.Dtos.PendienteAutorizarDto) on controller API.Controllers.EscasezController (API).
[2023-10-22 16:32:13.086 -06:00 INF] Entity Framework Core 6.0.4 initialized 'InventarioContext' using provider 'Pomelo.EntityFrameworkCore.MySql:6.0.1' with options: ServerVersion 8.0.28-mysql 
[2023-10-22 16:32:13.494 -06:00 INF] Executed DbCommand (51ms) [Parameters=[@__idProducto_0='?' (DbType = Int32)], CommandType='"Text"', CommandTimeout='30']
SELECT `p`.`Stock`
FROM `Producto` AS `p`
WHERE `p`.`ID` = @__idProducto_0
LIMIT 1
[2023-10-22 16:32:13.530 -06:00 INF] Executed DbCommand (7ms) [Parameters=[@p0='?' (DbType = Int32), @p1='?' (DbType = Int32)], CommandType='"Text"', CommandTimeout='30']
UPDATE Producto
                                                                SET Estatus = @p0
                                                                WHERE ID = @p1
[2023-10-22 16:32:13.561 -06:00 INF] Executed DbCommand (3ms) [Parameters=[@__idProducto_0='?' (DbType = Int32)], CommandType='"Text"', CommandTimeout='30']
SELECT `p`.`Precio`
FROM `Producto` AS `p`
WHERE `p`.`ID` = @__idProducto_0
LIMIT 1
[2023-10-22 16:33:01.004 -06:00 ERR] Failed executing DbCommand (17ms) [Parameters=[@p0='?' (DbType = Int32), @p1='?' (DbType = Int32), @p2='?' (DbType = DateTime), @p3='?' (DbType = Int32), @p4='?' (Size = 4000), @p5='?' (DbType = Decimal)], CommandType='"Text"', CommandTimeout='30']

                                    INSERT INTO Escasez_Producto
                                    (
                                    ProductoId,
                                    Canti_Soli,
                                    Fecha_registro,
                                    UsuarioId,
                                    Estatus,
                                    Precio)
                                    VALUES
                                    (@p0,@p1,@p2,@p3,@p4,@p5)
[2023-10-22 16:33:20.497 -06:00 ERR] ERROR EN EL SERVICIO DE ESCASEZ DE PRODUCTOS: Unknown column 'Canti_Soli' in 'field list'
[2023-10-22 16:33:20.578 -06:00 INF] Executing BadRequestObjectResult, writing value of type 'API.Helpers.Errors.ApiResponse'.
[2023-10-22 16:33:20.618 -06:00 INF] Executed action API.Controllers.EscasezController.PostProcesoEscasez (API) in 67920.0707ms
[2023-10-22 16:33:20.619 -06:00 INF] Executed endpoint 'API.Controllers.EscasezController.PostProcesoEscasez (API)'
[2023-10-22 16:33:20.648 -06:00 INF] Request finished HTTP/1.1 POST https://localhost:5001/api/escasez application/json 88 - 400 - application/json;+charset=utf-8 68828.2205ms
[2023-10-22 16:34:04.700 -06:00 INF] Entity Framework Core 6.0.4 initialized 'InventarioContext' using provider 'Pomelo.EntityFrameworkCore.MySql:6.0.1' with options: ServerVersion 8.0.28-mysql 
[2023-10-22 16:34:05.341 -06:00 INF] Executed DbCommand (38ms) [Parameters=[], CommandType='"Text"', CommandTimeout='30']
SELECT 1 FROM INFORMATION_SCHEMA.TABLES WHERE TABLE_SCHEMA='inventarioRopa' AND TABLE_NAME='__EFMigrationsHistory';
[2023-10-22 16:34:05.379 -06:00 INF] Executed DbCommand (3ms) [Parameters=[], CommandType='"Text"', CommandTimeout='30']
SELECT 1 FROM INFORMATION_SCHEMA.TABLES WHERE TABLE_SCHEMA='inventarioRopa' AND TABLE_NAME='__EFMigrationsHistory';
[2023-10-22 16:34:05.423 -06:00 INF] Executed DbCommand (7ms) [Parameters=[], CommandType='"Text"', CommandTimeout='30']
SELECT `MigrationId`, `ProductVersion`
FROM `__EFMigrationsHistory`
ORDER BY `MigrationId`;
[2023-10-22 16:34:05.447 -06:00 INF] No migrations were applied. The database is already up to date.
[2023-10-22 16:34:05.694 -06:00 INF] Executed DbCommand (3ms) [Parameters=[], CommandType='"Text"', CommandTimeout='30']
SELECT EXISTS (
    SELECT 1
    FROM `Rol` AS `r`)
[2023-10-22 16:34:05.825 -06:00 INF] User profile is available. Using 'C:\Users\Rodrigo Tellez\AppData\Local\ASP.NET\DataProtection-Keys' as key repository and Windows DPAPI to encrypt keys at rest.
[2023-10-22 16:34:05.932 -06:00 INF] Now listening on: https://localhost:5001
[2023-10-22 16:34:05.932 -06:00 INF] Now listening on: http://localhost:5000
[2023-10-22 16:34:05.937 -06:00 INF] Application started. Press Ctrl+C to shut down.
[2023-10-22 16:34:05.937 -06:00 INF] Hosting environment: Development
[2023-10-22 16:34:05.937 -06:00 INF] Content root path: D:\10CUATRIMESTRE\HECTOR\Backend\inventario\API\
[2023-10-22 16:34:10.377 -06:00 INF] Request starting HTTP/1.1 POST https://localhost:5001/api/escasez application/json 88
[2023-10-22 16:34:10.906 -06:00 INF] Executing endpoint 'API.Controllers.EscasezController.PostProcesoEscasez (API)'
[2023-10-22 16:34:10.948 -06:00 INF] Route matched with {action = "PostProcesoEscasez", controller = "Escasez"}. Executing controller action with signature System.Threading.Tasks.Task`1[Microsoft.AspNetCore.Mvc.IActionResult] PostProcesoEscasez(API.Dtos.PendienteAutorizarDto) on controller API.Controllers.EscasezController (API).
[2023-10-22 16:34:11.232 -06:00 INF] Entity Framework Core 6.0.4 initialized 'InventarioContext' using provider 'Pomelo.EntityFrameworkCore.MySql:6.0.1' with options: ServerVersion 8.0.28-mysql 
[2023-10-22 16:34:11.463 -06:00 INF] Executed DbCommand (53ms) [Parameters=[@__idProducto_0='?' (DbType = Int32)], CommandType='"Text"', CommandTimeout='30']
SELECT `p`.`Stock`
FROM `Producto` AS `p`
WHERE `p`.`ID` = @__idProducto_0
LIMIT 1
[2023-10-22 16:34:11.480 -06:00 INF] Executed DbCommand (5ms) [Parameters=[@p0='?' (DbType = Int32), @p1='?' (DbType = Int32)], CommandType='"Text"', CommandTimeout='30']
UPDATE Producto
                                                                SET Estatus = @p0
                                                                WHERE ID = @p1
[2023-10-22 16:34:11.503 -06:00 INF] Executed DbCommand (4ms) [Parameters=[@__idProducto_0='?' (DbType = Int32)], CommandType='"Text"', CommandTimeout='30']
SELECT `p`.`Precio`
FROM `Producto` AS `p`
WHERE `p`.`ID` = @__idProducto_0
LIMIT 1
[2023-10-22 16:34:11.522 -06:00 INF] Executed DbCommand (7ms) [Parameters=[@p0='?' (DbType = Int32), @p1='?' (DbType = Int32), @p2='?' (DbType = DateTime), @p3='?' (DbType = Int32), @p4='?' (Size = 4000), @p5='?' (DbType = Decimal)], CommandType='"Text"', CommandTimeout='30']

                                    INSERT INTO Escasez_Producto
                                    (
                                    ProductoId,
                                    Cant_Soli,
                                    Fecha_registro,
                                    UsuarioId,
                                    Estatus,
                                    Precio)
                                    VALUES
                                    (@p0,@p1,@p2,@p3,@p4,@p5)
[2023-10-22 16:34:11.590 -06:00 INF] Executing OkObjectResult, writing value of type 'API.Helpers.Errors.ManagementResponse'.
[2023-10-22 16:34:11.630 -06:00 INF] Executed action API.Controllers.EscasezController.PostProcesoEscasez (API) in 668.581ms
[2023-10-22 16:34:11.631 -06:00 INF] Executed endpoint 'API.Controllers.EscasezController.PostProcesoEscasez (API)'
[2023-10-22 16:34:11.641 -06:00 INF] Request finished HTTP/1.1 POST https://localhost:5001/api/escasez application/json 88 - 200 - application/json;+charset=utf-8 1267.2130ms
[2023-10-22 16:34:25.759 -06:00 INF] Request starting HTTP/1.1 GET https://localhost:5001/api/escasez/all?pageSize=3&pageIndex=1&search= - -
[2023-10-22 16:34:25.785 -06:00 INF] Executing endpoint 'API.Controllers.EscasezController.GetEscasez (API)'
[2023-10-22 16:34:25.802 -06:00 INF] Route matched with {action = "GetEscasez", controller = "Escasez"}. Executing controller action with signature System.Threading.Tasks.Task`1[Microsoft.AspNetCore.Mvc.ActionResult`1[API.Helpers.Pager`1[Core.Entities.Personalizadas.InformacionEscasez]]] GetEscasez(API.Helpers.Params) on controller API.Controllers.EscasezController (API).
[2023-10-22 16:34:25.957 -06:00 INF] Entity Framework Core 6.0.4 initialized 'InventarioContext' using provider 'Pomelo.EntityFrameworkCore.MySql:6.0.1' with options: ServerVersion 8.0.28-mysql 
[2023-10-22 16:34:26.034 -06:00 INF] Executed DbCommand (4ms) [Parameters=[], CommandType='"Text"', CommandTimeout='30']
SELECT COUNT(*)
FROM `Escasez_Producto` AS `e`
INNER JOIN `Producto` AS `p` ON `e`.`ProductoId` = `p`.`ID`
INNER JOIN `Usuario` AS `u` ON `e`.`UsuarioId` = `u`.`ID`
[2023-10-22 16:34:26.066 -06:00 WRN] The query uses a row limiting operator ('Skip'/'Take') without an 'OrderBy' operator. This may lead to unpredictable results. If the 'Distinct' operator is used after 'OrderBy', then make sure to use the 'OrderBy' operator after 'Distinct' as the ordering would otherwise get erased.
[2023-10-22 16:34:26.067 -06:00 WRN] The query uses a row limiting operator ('Skip'/'Take') without an 'OrderBy' operator. This may lead to unpredictable results. If the 'Distinct' operator is used after 'OrderBy', then make sure to use the 'OrderBy' operator after 'Distinct' as the ordering would otherwise get erased.
[2023-10-22 16:34:26.101 -06:00 INF] Executed DbCommand (5ms) [Parameters=[@__p_1='?' (DbType = Int32), @__p_0='?' (DbType = Int32)], CommandType='"Text"', CommandTimeout='30']
SELECT `e`.`ID`, `e`.`Estatus`, `e`.`Cant_Soli`, `e`.`Fecha_Registro`, `p`.`Nom_prod` AS `Nom_Producto`, `u`.`Apellido` AS `Nom_Usuario`, `e`.`Precio`
FROM `Escasez_Producto` AS `e`
INNER JOIN `Producto` AS `p` ON `e`.`ProductoId` = `p`.`ID`
INNER JOIN `Usuario` AS `u` ON `e`.`UsuarioId` = `u`.`ID`
LIMIT @__p_1 OFFSET @__p_0
[2023-10-22 16:34:26.135 -06:00 INF] Executing ObjectResult, writing value of type 'API.Helpers.Pager`1[[Core.Entities.Personalizadas.InformacionEscasez, Core, Version=1.0.0.0, Culture=neutral, PublicKeyToken=null]]'.
[2023-10-22 16:34:26.176 -06:00 INF] Executed action API.Controllers.EscasezController.GetEscasez (API) in 373.8194ms
[2023-10-22 16:34:26.176 -06:00 INF] Executed endpoint 'API.Controllers.EscasezController.GetEscasez (API)'
[2023-10-22 16:34:26.177 -06:00 INF] Request finished HTTP/1.1 GET https://localhost:5001/api/escasez/all?pageSize=3&pageIndex=1&search= - - - 200 - application/json;+charset=utf-8 417.9275ms
