[2023-11-18 18:01:30.707 -06:00 INF] User profile is available. Using 'C:\Users\Rodrigo Tellez\AppData\Local\ASP.NET\DataProtection-Keys' as key repository and Windows DPAPI to encrypt keys at rest.
[2023-11-18 18:01:31.109 -06:00 INF] Now listening on: https://localhost:5001
[2023-11-18 18:01:31.109 -06:00 INF] Now listening on: http://localhost:5000
[2023-11-18 18:01:31.118 -06:00 INF] Application started. Press Ctrl+C to shut down.
[2023-11-18 18:01:31.119 -06:00 INF] Hosting environment: Development
[2023-11-18 18:01:31.119 -06:00 INF] Content root path: D:\10CUATRIMESTRE\HECTOR\Backend\inventario\API\
[2023-11-18 18:01:44.478 -06:00 INF] Request starting HTTP/1.1 POST http://localhost:5000/api/usuario/token application/json 44
[2023-11-18 18:01:44.711 -06:00 INF] Request finished HTTP/1.1 POST http://localhost:5000/api/usuario/token application/json 44 - 307 0 - 241.0164ms
[2023-11-18 18:01:44.817 -06:00 INF] Request starting HTTP/1.1 POST https://localhost:5001/api/usuario/token application/json 44
[2023-11-18 18:01:46.700 -06:00 INF] Failed to validate the token.
Microsoft.IdentityModel.Tokens.SecurityTokenExpiredException: IDX10223: Lifetime validation failed. The token is expired. ValidTo: '15/11/2023 03:31:58 a. m.', Current time: '19/11/2023 12:01:46 a. m.'.
   at Microsoft.IdentityModel.Tokens.Validators.ValidateLifetime(Nullable`1 notBefore, Nullable`1 expires, SecurityToken securityToken, TokenValidationParameters validationParameters)
   at System.IdentityModel.Tokens.Jwt.JwtSecurityTokenHandler.ValidateLifetime(Nullable`1 notBefore, Nullable`1 expires, JwtSecurityToken jwtToken, TokenValidationParameters validationParameters)
   at System.IdentityModel.Tokens.Jwt.JwtSecurityTokenHandler.ValidateTokenPayload(JwtSecurityToken jwtToken, TokenValidationParameters validationParameters, BaseConfiguration configuration)
   at System.IdentityModel.Tokens.Jwt.JwtSecurityTokenHandler.ValidateJWS(String token, TokenValidationParameters validationParameters, BaseConfiguration currentConfiguration, SecurityToken& signatureValidatedToken, ExceptionDispatchInfo& exceptionThrown)
--- End of stack trace from previous location ---
   at System.IdentityModel.Tokens.Jwt.JwtSecurityTokenHandler.ValidateToken(String token, JwtSecurityToken outerToken, TokenValidationParameters validationParameters, SecurityToken& signatureValidatedToken)
   at System.IdentityModel.Tokens.Jwt.JwtSecurityTokenHandler.ValidateToken(String token, TokenValidationParameters validationParameters, SecurityToken& validatedToken)
   at Microsoft.AspNetCore.Authentication.JwtBearer.JwtBearerHandler.HandleAuthenticateAsync()
[2023-11-18 18:01:46.777 -06:00 INF] Bearer was not authenticated. Failure message: IDX10223: Lifetime validation failed. The token is expired. ValidTo: '15/11/2023 03:31:58 a. m.', Current time: '19/11/2023 12:01:46 a. m.'.
[2023-11-18 18:01:46.786 -06:00 INF] Executing endpoint 'API.Controllers.UsuarioController.GetTokenAsync (API)'
[2023-11-18 18:01:46.859 -06:00 INF] Route matched with {action = "GetToken", controller = "Usuario"}. Executing controller action with signature System.Threading.Tasks.Task`1[Microsoft.AspNetCore.Mvc.IActionResult] GetTokenAsync(API.Dtos.LoginDto) on controller API.Controllers.UsuarioController (API).
[2023-11-18 18:01:50.072 -06:00 INF] Entity Framework Core 6.0.4 initialized 'InventarioContext' using provider 'Pomelo.EntityFrameworkCore.MySql:6.0.1' with options: ServerVersion 8.0-mysql 
[2023-11-18 18:01:50.852 -06:00 WRN] Compiling a query which loads related collections for more than one collection navigation, either via 'Include' or through projection, but no 'QuerySplittingBehavior' has been configured. By default, Entity Framework will use 'QuerySplittingBehavior.SingleQuery', which can potentially result in slow query performance. See https://go.microsoft.com/fwlink/?linkid=2134277 for more information. To identify the query that's triggering this warning call 'ConfigureWarnings(w => w.Throw(RelationalEventId.MultipleCollectionIncludeWarning))'.
[2023-11-18 18:01:52.400 -06:00 INF] Executed DbCommand (278ms) [Parameters=[@__ToLower_0='?' (Size = 255)], CommandType='"Text"', CommandTimeout='30']
SELECT `t`.`ID`, `t`.`Apellido`, `t`.`CorreoElectronico`, `t`.`Nom_user`, `t`.`Password`, `t`.`Permiso`, `t0`.`UsuarioId`, `t0`.`RolId`, `t0`.`ID`, `t0`.`Nombre`, `r0`.`ID`, `r0`.`Created`, `r0`.`Expires`, `r0`.`Revoked`, `r0`.`Token`, `r0`.`UsuarioId`
FROM (
    SELECT `u`.`ID`, `u`.`Apellido`, `u`.`CorreoElectronico`, `u`.`Nom_user`, `u`.`Password`, `u`.`Permiso`
    FROM `Usuario` AS `u`
    WHERE LOWER(`u`.`Nom_user`) = @__ToLower_0
    LIMIT 1
) AS `t`
LEFT JOIN (
    SELECT `u0`.`UsuarioId`, `u0`.`RolId`, `r`.`ID`, `r`.`Nombre`
    FROM `UsuarioRoles` AS `u0`
    INNER JOIN `Rol` AS `r` ON `u0`.`RolId` = `r`.`ID`
) AS `t0` ON `t`.`ID` = `t0`.`UsuarioId`
LEFT JOIN `RefreshToken` AS `r0` ON `t`.`ID` = `r0`.`UsuarioId`
ORDER BY `t`.`ID`, `t0`.`UsuarioId`, `t0`.`RolId`, `t0`.`ID`
[2023-11-18 18:01:52.784 -06:00 INF] Executing OkObjectResult, writing value of type '<>f__AnonymousType4`3[[System.String, System.Private.CoreLib, Version=6.0.0.0, Culture=neutral, PublicKeyToken=7cec85d7bea7798e],[System.Boolean, System.Private.CoreLib, Version=6.0.0.0, Culture=neutral, PublicKeyToken=7cec85d7bea7798e],[API.Dtos.DatosUsuarioDto, API, Version=1.0.0.0, Culture=neutral, PublicKeyToken=null]]'.
[2023-11-18 18:01:52.853 -06:00 INF] Executed action API.Controllers.UsuarioController.GetTokenAsync (API) in 5982.1156ms
[2023-11-18 18:01:52.854 -06:00 INF] Executed endpoint 'API.Controllers.UsuarioController.GetTokenAsync (API)'
[2023-11-18 18:01:52.868 -06:00 INF] Request finished HTTP/1.1 POST https://localhost:5001/api/usuario/token application/json 44 - 200 - application/json;+charset=utf-8 8050.5016ms
[2023-11-18 18:02:12.882 -06:00 INF] Request starting HTTP/1.1 POST http://localhost:5000/api/escasez/autorizar application/json 134
[2023-11-18 18:02:12.887 -06:00 INF] Request finished HTTP/1.1 POST http://localhost:5000/api/escasez/autorizar application/json 134 - 307 0 - 4.9118ms
[2023-11-18 18:02:12.895 -06:00 INF] Request starting HTTP/1.1 POST https://localhost:5001/api/escasez/autorizar application/json 134
[2023-11-18 18:02:12.995 -06:00 INF] Executing endpoint 'API.Controllers.EscasezController.PostProcesoAutorizar (API)'
[2023-11-18 18:02:13.002 -06:00 INF] Route matched with {action = "PostProcesoAutorizar", controller = "Escasez"}. Executing controller action with signature System.Threading.Tasks.Task`1[Microsoft.AspNetCore.Mvc.IActionResult] PostProcesoAutorizar(API.Dtos.AltaEscasezDto) on controller API.Controllers.EscasezController (API).
[2023-11-18 18:02:13.064 -06:00 INF] Entity Framework Core 6.0.4 initialized 'InventarioContext' using provider 'Pomelo.EntityFrameworkCore.MySql:6.0.1' with options: ServerVersion 8.0-mysql 
[2023-11-18 18:02:14.325 -06:00 INF] Executed DbCommand (194ms) [Parameters=[@p0='?' (DbType = Int32), @p1='?' (DbType = Int32), @p2='?' (DbType = Int32)], CommandType='"Text"', CommandTimeout='30']
UPDATE Producto
                                                                SET Estatus = @p0,
                                                                Stock = @p1
                                                                WHERE ID = @p2
[2023-11-18 18:02:14.510 -06:00 INF] Executed DbCommand (181ms) [Parameters=[@p0='?' (DbType = Int32), @p1='?' (DbType = Int32)], CommandType='"Text"', CommandTimeout='30']
UPDATE Escasez_Producto
                                                                SET Estatus = @p0
                                                                WHERE ID = @p1
[2023-11-18 18:02:14.705 -06:00 INF] Executed DbCommand (191ms) [Parameters=[@p0='?' (DbType = Int32), @p1='?' (DbType = Int32), @p2='?' (DbType = DateTime), @p3='?' (DbType = Int32)], CommandType='"Text"', CommandTimeout='30']

                                    INSERT INTO Autorizacion
                                    (
                                    Escasez_prod_id,
                                    Usuario_id,
                                    Fecha_autoriza,
                                    Estado_autoriza)
                                    VALUES
                                    (@p0,@p1,@p2,@p3)
[2023-11-18 18:02:14.963 -06:00 INF] Executed DbCommand (195ms) [Parameters=[@__idEscasez_0='?' (DbType = Int32)], CommandType='"Text"', CommandTimeout='30']
SELECT CAST(`e`.`Cant_Soli` AS char) AS `Cantidad`, CAST(`e`.`Precio` AS char) AS `Precio`, `c`.`Direccion` AS `DireccionProv`, `c`.`CorreoElectronico` AS `EmailProv`, CAST(`e`.`Fecha_Registro` AS char) AS `Fecha`, CAST(`e`.`ID` AS char) AS `IdEscasez`, `p`.`Nom_prod` AS `NombreProducto`, `c`.`Contacto` AS `NomProv`, `u`.`Apellido` AS `NombreEmpleado`
FROM `Escasez_Producto` AS `e`
INNER JOIN `Producto` AS `p` ON `e`.`ProductoId` = `p`.`ID`
INNER JOIN `Cte_prov` AS `c` ON `p`.`Cve_prov` = `c`.`ID`
INNER JOIN `Usuario` AS `u` ON `e`.`UsuarioId` = `u`.`ID`
WHERE `e`.`ID` = @__idEscasez_0
LIMIT 1
[2023-11-18 18:02:19.290 -06:00 INF] Executing OkObjectResult, writing value of type 'API.Helpers.Errors.ManagementResponse'.
[2023-11-18 18:02:19.293 -06:00 INF] Executed action API.Controllers.EscasezController.PostProcesoAutorizar (API) in 6290.2949ms
[2023-11-18 18:02:19.293 -06:00 INF] Executed endpoint 'API.Controllers.EscasezController.PostProcesoAutorizar (API)'
[2023-11-18 18:02:19.294 -06:00 INF] Request finished HTTP/1.1 POST https://localhost:5001/api/escasez/autorizar application/json 134 - 200 - application/json;+charset=utf-8 6399.4371ms
[2023-11-18 18:10:22.835 -06:00 INF] Request starting HTTP/1.1 POST http://localhost:5000/api/escasez/autorizar application/json 134
[2023-11-18 18:10:22.839 -06:00 INF] Request finished HTTP/1.1 POST http://localhost:5000/api/escasez/autorizar application/json 134 - 307 0 - 4.2735ms
[2023-11-18 18:10:22.857 -06:00 INF] Request starting HTTP/1.1 POST https://localhost:5001/api/escasez/autorizar application/json 134
[2023-11-18 18:10:22.863 -06:00 INF] Executing endpoint 'API.Controllers.EscasezController.PostProcesoAutorizar (API)'
[2023-11-18 18:10:22.863 -06:00 INF] Route matched with {action = "PostProcesoAutorizar", controller = "Escasez"}. Executing controller action with signature System.Threading.Tasks.Task`1[Microsoft.AspNetCore.Mvc.IActionResult] PostProcesoAutorizar(API.Dtos.AltaEscasezDto) on controller API.Controllers.EscasezController (API).
[2023-11-18 18:10:22.945 -06:00 INF] Entity Framework Core 6.0.4 initialized 'InventarioContext' using provider 'Pomelo.EntityFrameworkCore.MySql:6.0.1' with options: ServerVersion 8.0-mysql 
[2023-11-18 18:10:25.762 -06:00 INF] Executed DbCommand (436ms) [Parameters=[@p0='?' (DbType = Int32), @p1='?' (DbType = Int32), @p2='?' (DbType = Int32)], CommandType='"Text"', CommandTimeout='30']
UPDATE Producto
                                                                SET Estatus = @p0,
                                                                Stock = @p1
                                                                WHERE ID = @p2
[2023-11-18 18:10:26.187 -06:00 INF] Executed DbCommand (424ms) [Parameters=[@p0='?' (DbType = Int32), @p1='?' (DbType = Int32)], CommandType='"Text"', CommandTimeout='30']
UPDATE Escasez_Producto
                                                                SET Estatus = @p0
                                                                WHERE ID = @p1
[2023-11-18 18:10:26.608 -06:00 INF] Executed DbCommand (421ms) [Parameters=[@p0='?' (DbType = Int32), @p1='?' (DbType = Int32), @p2='?' (DbType = DateTime), @p3='?' (DbType = Int32)], CommandType='"Text"', CommandTimeout='30']

                                    INSERT INTO Autorizacion
                                    (
                                    Escasez_prod_id,
                                    Usuario_id,
                                    Fecha_autoriza,
                                    Estado_autoriza)
                                    VALUES
                                    (@p0,@p1,@p2,@p3)
[2023-11-18 18:10:27.012 -06:00 INF] Executed DbCommand (393ms) [Parameters=[@__idEscasez_0='?' (DbType = Int32)], CommandType='"Text"', CommandTimeout='30']
SELECT CAST(`e`.`Cant_Soli` AS char) AS `Cantidad`, CAST(`e`.`Precio` AS char) AS `Precio`, `c`.`Direccion` AS `DireccionProv`, `c`.`CorreoElectronico` AS `EmailProv`, CAST(`e`.`Fecha_Registro` AS char) AS `Fecha`, CAST(`e`.`ID` AS char) AS `IdEscasez`, `p`.`Nom_prod` AS `NombreProducto`, `c`.`Contacto` AS `NomProv`, `u`.`Apellido` AS `NombreEmpleado`
FROM `Escasez_Producto` AS `e`
INNER JOIN `Producto` AS `p` ON `e`.`ProductoId` = `p`.`ID`
INNER JOIN `Cte_prov` AS `c` ON `p`.`Cve_prov` = `c`.`ID`
INNER JOIN `Usuario` AS `u` ON `e`.`UsuarioId` = `u`.`ID`
WHERE `e`.`ID` = @__idEscasez_0
LIMIT 1
[2023-11-18 18:10:33.179 -06:00 INF] Executing OkObjectResult, writing value of type 'API.Helpers.Errors.ManagementResponse'.
[2023-11-18 18:10:33.180 -06:00 INF] Executed action API.Controllers.EscasezController.PostProcesoAutorizar (API) in 10316.4823ms
[2023-11-18 18:10:33.180 -06:00 INF] Executed endpoint 'API.Controllers.EscasezController.PostProcesoAutorizar (API)'
[2023-11-18 18:10:33.180 -06:00 INF] Request finished HTTP/1.1 POST https://localhost:5001/api/escasez/autorizar application/json 134 - 200 - application/json;+charset=utf-8 10323.0240ms
[2023-11-18 18:13:31.080 -06:00 INF] User profile is available. Using 'C:\Users\Rodrigo Tellez\AppData\Local\ASP.NET\DataProtection-Keys' as key repository and Windows DPAPI to encrypt keys at rest.
[2023-11-18 18:13:31.592 -06:00 INF] Now listening on: https://localhost:5001
[2023-11-18 18:13:31.594 -06:00 INF] Now listening on: http://localhost:5000
[2023-11-18 18:13:31.605 -06:00 INF] Application started. Press Ctrl+C to shut down.
[2023-11-18 18:13:31.607 -06:00 INF] Hosting environment: Development
[2023-11-18 18:13:31.609 -06:00 INF] Content root path: D:\10CUATRIMESTRE\HECTOR\Backend\inventario\API\
[2023-11-18 18:13:55.486 -06:00 INF] Request starting HTTP/1.1 POST http://localhost:5000/api/usuario/token application/json 44
[2023-11-18 18:13:55.772 -06:00 INF] Request finished HTTP/1.1 POST http://localhost:5000/api/usuario/token application/json 44 - 307 0 - 298.0911ms
[2023-11-18 18:13:55.906 -06:00 INF] Request starting HTTP/1.1 POST https://localhost:5001/api/usuario/token application/json 44
[2023-11-18 18:13:56.619 -06:00 INF] Executing endpoint 'API.Controllers.UsuarioController.GetTokenAsync (API)'
[2023-11-18 18:13:56.691 -06:00 INF] Route matched with {action = "GetToken", controller = "Usuario"}. Executing controller action with signature System.Threading.Tasks.Task`1[Microsoft.AspNetCore.Mvc.IActionResult] GetTokenAsync(API.Dtos.LoginDto) on controller API.Controllers.UsuarioController (API).
[2023-11-18 18:14:16.474 -06:00 INF] Entity Framework Core 6.0.4 initialized 'InventarioContext' using provider 'Pomelo.EntityFrameworkCore.MySql:6.0.1' with options: ServerVersion 8.0-mysql 
[2023-11-18 18:14:17.733 -06:00 WRN] Compiling a query which loads related collections for more than one collection navigation, either via 'Include' or through projection, but no 'QuerySplittingBehavior' has been configured. By default, Entity Framework will use 'QuerySplittingBehavior.SingleQuery', which can potentially result in slow query performance. See https://go.microsoft.com/fwlink/?linkid=2134277 for more information. To identify the query that's triggering this warning call 'ConfigureWarnings(w => w.Throw(RelationalEventId.MultipleCollectionIncludeWarning))'.
[2023-11-18 18:14:19.574 -06:00 INF] Executed DbCommand (345ms) [Parameters=[@__ToLower_0='?' (Size = 255)], CommandType='"Text"', CommandTimeout='30']
SELECT `t`.`ID`, `t`.`Apellido`, `t`.`CorreoElectronico`, `t`.`Nom_user`, `t`.`Password`, `t`.`Permiso`, `t0`.`UsuarioId`, `t0`.`RolId`, `t0`.`ID`, `t0`.`Nombre`, `r0`.`ID`, `r0`.`Created`, `r0`.`Expires`, `r0`.`Revoked`, `r0`.`Token`, `r0`.`UsuarioId`
FROM (
    SELECT `u`.`ID`, `u`.`Apellido`, `u`.`CorreoElectronico`, `u`.`Nom_user`, `u`.`Password`, `u`.`Permiso`
    FROM `Usuario` AS `u`
    WHERE LOWER(`u`.`Nom_user`) = @__ToLower_0
    LIMIT 1
) AS `t`
LEFT JOIN (
    SELECT `u0`.`UsuarioId`, `u0`.`RolId`, `r`.`ID`, `r`.`Nombre`
    FROM `UsuarioRoles` AS `u0`
    INNER JOIN `Rol` AS `r` ON `u0`.`RolId` = `r`.`ID`
) AS `t0` ON `t`.`ID` = `t0`.`UsuarioId`
LEFT JOIN `RefreshToken` AS `r0` ON `t`.`ID` = `r0`.`UsuarioId`
ORDER BY `t`.`ID`, `t0`.`UsuarioId`, `t0`.`RolId`, `t0`.`ID`
[2023-11-18 18:14:35.907 -06:00 INF] Executing OkObjectResult, writing value of type '<>f__AnonymousType4`3[[System.String, System.Private.CoreLib, Version=6.0.0.0, Culture=neutral, PublicKeyToken=7cec85d7bea7798e],[System.Boolean, System.Private.CoreLib, Version=6.0.0.0, Culture=neutral, PublicKeyToken=7cec85d7bea7798e],[API.Dtos.DatosUsuarioDto, API, Version=1.0.0.0, Culture=neutral, PublicKeyToken=null]]'.
[2023-11-18 18:14:36.031 -06:00 INF] Executed action API.Controllers.UsuarioController.GetTokenAsync (API) in 39320.1679ms
[2023-11-18 18:14:36.041 -06:00 INF] Executed endpoint 'API.Controllers.UsuarioController.GetTokenAsync (API)'
[2023-11-18 18:14:36.099 -06:00 INF] Request finished HTTP/1.1 POST https://localhost:5001/api/usuario/token application/json 44 - 200 - application/json;+charset=utf-8 40192.9265ms
[2023-11-18 18:14:41.508 -06:00 INF] Request starting HTTP/1.1 POST http://localhost:5000/api/escasez/autorizar application/json 134
[2023-11-18 18:14:41.514 -06:00 INF] Request finished HTTP/1.1 POST http://localhost:5000/api/escasez/autorizar application/json 134 - 307 0 - 6.0026ms
[2023-11-18 18:14:41.523 -06:00 INF] Request starting HTTP/1.1 POST https://localhost:5001/api/escasez/autorizar application/json 134
[2023-11-18 18:14:41.546 -06:00 INF] Executing endpoint 'API.Controllers.EscasezController.PostProcesoAutorizar (API)'
[2023-11-18 18:14:41.552 -06:00 INF] Route matched with {action = "PostProcesoAutorizar", controller = "Escasez"}. Executing controller action with signature System.Threading.Tasks.Task`1[Microsoft.AspNetCore.Mvc.IActionResult] PostProcesoAutorizar(API.Dtos.AltaEscasezDto) on controller API.Controllers.EscasezController (API).
[2023-11-18 18:14:41.657 -06:00 INF] Entity Framework Core 6.0.4 initialized 'InventarioContext' using provider 'Pomelo.EntityFrameworkCore.MySql:6.0.1' with options: ServerVersion 8.0-mysql 
[2023-11-18 18:14:42.996 -06:00 INF] Executed DbCommand (200ms) [Parameters=[@p0='?' (DbType = Int32), @p1='?' (DbType = Int32), @p2='?' (DbType = Int32)], CommandType='"Text"', CommandTimeout='30']
UPDATE Producto
                                                                SET Estatus = @p0,
                                                                Stock = @p1
                                                                WHERE ID = @p2
[2023-11-18 18:14:43.195 -06:00 INF] Executed DbCommand (187ms) [Parameters=[@p0='?' (DbType = Int32), @p1='?' (DbType = Int32)], CommandType='"Text"', CommandTimeout='30']
UPDATE Escasez_Producto
                                                                SET Estatus = @p0
                                                                WHERE ID = @p1
[2023-11-18 18:14:43.435 -06:00 INF] Executed DbCommand (205ms) [Parameters=[@p0='?' (DbType = Int32), @p1='?' (DbType = Int32), @p2='?' (DbType = DateTime), @p3='?' (DbType = Int32)], CommandType='"Text"', CommandTimeout='30']

                                    INSERT INTO Autorizacion
                                    (
                                    Escasez_prod_id,
                                    Usuario_id,
                                    Fecha_autoriza,
                                    Estado_autoriza)
                                    VALUES
                                    (@p0,@p1,@p2,@p3)
[2023-11-18 18:14:43.716 -06:00 INF] Executed DbCommand (196ms) [Parameters=[@__idEscasez_0='?' (DbType = Int32)], CommandType='"Text"', CommandTimeout='30']
SELECT CAST(`e`.`Cant_Soli` AS char) AS `Cantidad`, CAST(`e`.`Precio` AS char) AS `Precio`, `c`.`Direccion` AS `DireccionProv`, `c`.`CorreoElectronico` AS `EmailProv`, CAST(`e`.`Fecha_Registro` AS char) AS `Fecha`, CAST(`e`.`ID` AS char) AS `IdEscasez`, `p`.`Nom_prod` AS `NombreProducto`, `c`.`Contacto` AS `NomProv`, `u`.`Apellido` AS `NombreEmpleado`
FROM `Escasez_Producto` AS `e`
INNER JOIN `Producto` AS `p` ON `e`.`ProductoId` = `p`.`ID`
INNER JOIN `Cte_prov` AS `c` ON `p`.`Cve_prov` = `c`.`ID`
INNER JOIN `Usuario` AS `u` ON `e`.`UsuarioId` = `u`.`ID`
WHERE `e`.`ID` = @__idEscasez_0
LIMIT 1
[2023-11-18 18:19:27.222 -06:00 INF] User profile is available. Using 'C:\Users\Rodrigo Tellez\AppData\Local\ASP.NET\DataProtection-Keys' as key repository and Windows DPAPI to encrypt keys at rest.
[2023-11-18 18:19:27.649 -06:00 INF] Now listening on: https://localhost:5001
[2023-11-18 18:19:27.650 -06:00 INF] Now listening on: http://localhost:5000
[2023-11-18 18:19:27.657 -06:00 INF] Application started. Press Ctrl+C to shut down.
[2023-11-18 18:19:27.657 -06:00 INF] Hosting environment: Development
[2023-11-18 18:19:27.657 -06:00 INF] Content root path: D:\10CUATRIMESTRE\HECTOR\Backend\inventario\API\
[2023-11-18 18:19:30.247 -06:00 INF] Request starting HTTP/1.1 POST http://localhost:5000/api/escasez/autorizar application/json 134
[2023-11-18 18:19:30.397 -06:00 INF] Request finished HTTP/1.1 POST http://localhost:5000/api/escasez/autorizar application/json 134 - 307 0 - 156.8838ms
[2023-11-18 18:19:30.464 -06:00 INF] Request starting HTTP/1.1 POST https://localhost:5001/api/escasez/autorizar application/json 134
[2023-11-18 18:19:31.147 -06:00 INF] Executing endpoint 'API.Controllers.EscasezController.PostProcesoAutorizar (API)'
[2023-11-18 18:19:31.210 -06:00 INF] Route matched with {action = "PostProcesoAutorizar", controller = "Escasez"}. Executing controller action with signature System.Threading.Tasks.Task`1[Microsoft.AspNetCore.Mvc.IActionResult] PostProcesoAutorizar(API.Dtos.AltaEscasezDto) on controller API.Controllers.EscasezController (API).
[2023-11-18 18:19:33.938 -06:00 INF] Entity Framework Core 6.0.4 initialized 'InventarioContext' using provider 'Pomelo.EntityFrameworkCore.MySql:6.0.1' with options: ServerVersion 8.0-mysql 
[2023-11-18 18:19:35.679 -06:00 INF] Executed DbCommand (244ms) [Parameters=[@p0='?' (DbType = Int32), @p1='?' (DbType = Int32), @p2='?' (DbType = Int32)], CommandType='"Text"', CommandTimeout='30']
UPDATE Producto
                                                                SET Estatus = @p0,
                                                                Stock = @p1
                                                                WHERE ID = @p2
[2023-11-18 18:19:35.869 -06:00 INF] Executed DbCommand (183ms) [Parameters=[@p0='?' (DbType = Int32), @p1='?' (DbType = Int32)], CommandType='"Text"', CommandTimeout='30']
UPDATE Escasez_Producto
                                                                SET Estatus = @p0
                                                                WHERE ID = @p1
[2023-11-18 18:19:36.069 -06:00 INF] Executed DbCommand (186ms) [Parameters=[@p0='?' (DbType = Int32), @p1='?' (DbType = Int32), @p2='?' (DbType = DateTime), @p3='?' (DbType = Int32)], CommandType='"Text"', CommandTimeout='30']

                                    INSERT INTO Autorizacion
                                    (
                                    Escasez_prod_id,
                                    Usuario_id,
                                    Fecha_autoriza,
                                    Estado_autoriza)
                                    VALUES
                                    (@p0,@p1,@p2,@p3)
[2023-11-18 18:19:37.063 -06:00 INF] Executed DbCommand (203ms) [Parameters=[@__idEscasez_0='?' (DbType = Int32)], CommandType='"Text"', CommandTimeout='30']
SELECT CAST(`e`.`Cant_Soli` AS char) AS `Cantidad`, CAST(`e`.`Precio` AS char) AS `Precio`, `c`.`Direccion` AS `DireccionProv`, `c`.`CorreoElectronico` AS `EmailProv`, CAST(`e`.`Fecha_Registro` AS char) AS `Fecha`, CAST(`e`.`ID` AS char) AS `IdEscasez`, `p`.`Nom_prod` AS `NombreProducto`, `c`.`Contacto` AS `NomProv`, `u`.`Apellido` AS `NombreEmpleado`
FROM `Escasez_Producto` AS `e`
INNER JOIN `Producto` AS `p` ON `e`.`ProductoId` = `p`.`ID`
INNER JOIN `Cte_prov` AS `c` ON `p`.`Cve_prov` = `c`.`ID`
INNER JOIN `Usuario` AS `u` ON `e`.`UsuarioId` = `u`.`ID`
WHERE `e`.`ID` = @__idEscasez_0
LIMIT 1
[2023-11-18 18:19:38.726 -06:00 INF] Correo enviado
[2023-11-18 18:19:40.810 -06:00 INF] Executing OkObjectResult, writing value of type 'API.Helpers.Errors.ManagementResponse'.
[2023-11-18 18:19:40.850 -06:00 INF] Executed action API.Controllers.EscasezController.PostProcesoAutorizar (API) in 9626.8722ms
[2023-11-18 18:19:40.852 -06:00 INF] Executed endpoint 'API.Controllers.EscasezController.PostProcesoAutorizar (API)'
[2023-11-18 18:19:40.866 -06:00 INF] Request finished HTTP/1.1 POST https://localhost:5001/api/escasez/autorizar application/json 134 - 200 - application/json;+charset=utf-8 10402.1673ms
[2023-11-18 18:23:15.292 -06:00 INF] User profile is available. Using 'C:\Users\Rodrigo Tellez\AppData\Local\ASP.NET\DataProtection-Keys' as key repository and Windows DPAPI to encrypt keys at rest.
[2023-11-18 18:23:15.579 -06:00 INF] Now listening on: https://localhost:5001
[2023-11-18 18:23:15.579 -06:00 INF] Now listening on: http://localhost:5000
[2023-11-18 18:23:15.585 -06:00 INF] Application started. Press Ctrl+C to shut down.
[2023-11-18 18:23:15.585 -06:00 INF] Hosting environment: Development
[2023-11-18 18:23:15.585 -06:00 INF] Content root path: D:\10CUATRIMESTRE\HECTOR\Backend\inventario\API\
[2023-11-18 18:23:18.727 -06:00 INF] Request starting HTTP/1.1 POST http://localhost:5000/api/escasez/autorizar application/json 134
[2023-11-18 18:23:18.864 -06:00 INF] Request finished HTTP/1.1 POST http://localhost:5000/api/escasez/autorizar application/json 134 - 307 0 - 141.5763ms
[2023-11-18 18:23:18.924 -06:00 INF] Request starting HTTP/1.1 POST https://localhost:5001/api/escasez/autorizar application/json 134
[2023-11-18 18:23:19.200 -06:00 INF] Executing endpoint 'API.Controllers.EscasezController.PostProcesoAutorizar (API)'
[2023-11-18 18:23:19.241 -06:00 INF] Route matched with {action = "PostProcesoAutorizar", controller = "Escasez"}. Executing controller action with signature System.Threading.Tasks.Task`1[Microsoft.AspNetCore.Mvc.IActionResult] PostProcesoAutorizar(API.Dtos.AltaEscasezDto) on controller API.Controllers.EscasezController (API).
[2023-11-18 18:23:20.984 -06:00 INF] Entity Framework Core 6.0.4 initialized 'InventarioContext' using provider 'Pomelo.EntityFrameworkCore.MySql:6.0.1' with options: ServerVersion 8.0-mysql 
[2023-11-18 18:23:22.688 -06:00 INF] Executed DbCommand (218ms) [Parameters=[@p0='?' (DbType = Int32), @p1='?' (DbType = Int32), @p2='?' (DbType = Int32)], CommandType='"Text"', CommandTimeout='30']
UPDATE Producto
                                                                SET Estatus = @p0,
                                                                Stock = @p1
                                                                WHERE ID = @p2
[2023-11-18 18:23:22.885 -06:00 INF] Executed DbCommand (191ms) [Parameters=[@p0='?' (DbType = Int32), @p1='?' (DbType = Int32)], CommandType='"Text"', CommandTimeout='30']
UPDATE Escasez_Producto
                                                                SET Estatus = @p0
                                                                WHERE ID = @p1
[2023-11-18 18:23:23.085 -06:00 INF] Executed DbCommand (186ms) [Parameters=[@p0='?' (DbType = Int32), @p1='?' (DbType = Int32), @p2='?' (DbType = DateTime), @p3='?' (DbType = Int32)], CommandType='"Text"', CommandTimeout='30']

                                    INSERT INTO Autorizacion
                                    (
                                    Escasez_prod_id,
                                    Usuario_id,
                                    Fecha_autoriza,
                                    Estado_autoriza)
                                    VALUES
                                    (@p0,@p1,@p2,@p3)
[2023-11-18 18:23:23.881 -06:00 INF] Executed DbCommand (221ms) [Parameters=[@__idEscasez_0='?' (DbType = Int32)], CommandType='"Text"', CommandTimeout='30']
SELECT CAST(`e`.`Cant_Soli` AS char) AS `Cantidad`, CAST(`e`.`Precio` AS char) AS `Precio`, `c`.`Direccion` AS `DireccionProv`, `c`.`CorreoElectronico` AS `EmailProv`, CAST(`e`.`Fecha_Registro` AS char) AS `Fecha`, CAST(`e`.`ID` AS char) AS `IdEscasez`, `p`.`Nom_prod` AS `NombreProducto`, `c`.`Contacto` AS `NomProv`, `u`.`Apellido` AS `NombreEmpleado`
FROM `Escasez_Producto` AS `e`
INNER JOIN `Producto` AS `p` ON `e`.`ProductoId` = `p`.`ID`
INNER JOIN `Cte_prov` AS `c` ON `p`.`Cve_prov` = `c`.`ID`
INNER JOIN `Usuario` AS `u` ON `e`.`UsuarioId` = `u`.`ID`
WHERE `e`.`ID` = @__idEscasez_0
LIMIT 1
[2023-11-18 18:23:25.217 -06:00 INF] Correo enviado
[2023-11-18 18:23:27.253 -06:00 INF] Executing OkObjectResult, writing value of type 'API.Helpers.Errors.ManagementResponse'.
[2023-11-18 18:23:27.289 -06:00 INF] Executed action API.Controllers.EscasezController.PostProcesoAutorizar (API) in 8030.5771ms
[2023-11-18 18:23:27.290 -06:00 INF] Executed endpoint 'API.Controllers.EscasezController.PostProcesoAutorizar (API)'
[2023-11-18 18:23:27.306 -06:00 INF] Request finished HTTP/1.1 POST https://localhost:5001/api/escasez/autorizar application/json 134 - 200 - application/json;+charset=utf-8 8382.0664ms
[2023-11-18 18:27:05.233 -06:00 INF] User profile is available. Using 'C:\Users\Rodrigo Tellez\AppData\Local\ASP.NET\DataProtection-Keys' as key repository and Windows DPAPI to encrypt keys at rest.
[2023-11-18 18:27:05.490 -06:00 INF] Now listening on: https://localhost:5001
[2023-11-18 18:27:05.491 -06:00 INF] Now listening on: http://localhost:5000
[2023-11-18 18:27:05.496 -06:00 INF] Application started. Press Ctrl+C to shut down.
[2023-11-18 18:27:05.497 -06:00 INF] Hosting environment: Development
[2023-11-18 18:27:05.497 -06:00 INF] Content root path: D:\10CUATRIMESTRE\HECTOR\Backend\inventario\API\
[2023-11-18 18:27:12.801 -06:00 INF] Request starting HTTP/1.1 POST http://localhost:5000/api/escasez/autorizar application/json 134
[2023-11-18 18:27:13.012 -06:00 INF] Request finished HTTP/1.1 POST http://localhost:5000/api/escasez/autorizar application/json 134 - 307 0 - 217.9025ms
[2023-11-18 18:27:13.159 -06:00 INF] Request starting HTTP/1.1 POST https://localhost:5001/api/escasez/autorizar application/json 134
[2023-11-18 18:27:13.700 -06:00 INF] Executing endpoint 'API.Controllers.EscasezController.PostProcesoAutorizar (API)'
[2023-11-18 18:27:13.751 -06:00 INF] Route matched with {action = "PostProcesoAutorizar", controller = "Escasez"}. Executing controller action with signature System.Threading.Tasks.Task`1[Microsoft.AspNetCore.Mvc.IActionResult] PostProcesoAutorizar(API.Dtos.AltaEscasezDto) on controller API.Controllers.EscasezController (API).
[2023-11-18 18:27:16.339 -06:00 INF] Entity Framework Core 6.0.4 initialized 'InventarioContext' using provider 'Pomelo.EntityFrameworkCore.MySql:6.0.1' with options: ServerVersion 8.0-mysql 
[2023-11-18 18:27:18.210 -06:00 INF] Executed DbCommand (230ms) [Parameters=[@p0='?' (DbType = Int32), @p1='?' (DbType = Int32), @p2='?' (DbType = Int32)], CommandType='"Text"', CommandTimeout='30']
UPDATE Producto
                                                                SET Estatus = @p0,
                                                                Stock = @p1
                                                                WHERE ID = @p2
[2023-11-18 18:27:18.400 -06:00 INF] Executed DbCommand (181ms) [Parameters=[@p0='?' (DbType = Int32), @p1='?' (DbType = Int32)], CommandType='"Text"', CommandTimeout='30']
UPDATE Escasez_Producto
                                                                SET Estatus = @p0
                                                                WHERE ID = @p1
[2023-11-18 18:27:18.601 -06:00 INF] Executed DbCommand (182ms) [Parameters=[@p0='?' (DbType = Int32), @p1='?' (DbType = Int32), @p2='?' (DbType = DateTime), @p3='?' (DbType = Int32)], CommandType='"Text"', CommandTimeout='30']

                                    INSERT INTO Autorizacion
                                    (
                                    Escasez_prod_id,
                                    Usuario_id,
                                    Fecha_autoriza,
                                    Estado_autoriza)
                                    VALUES
                                    (@p0,@p1,@p2,@p3)
[2023-11-18 18:27:19.362 -06:00 INF] Executed DbCommand (214ms) [Parameters=[@__idEscasez_0='?' (DbType = Int32)], CommandType='"Text"', CommandTimeout='30']
SELECT CAST(`e`.`Cant_Soli` AS char) AS `Cantidad`, CAST(`e`.`Precio` AS char) AS `Precio`, `c`.`Direccion` AS `DireccionProv`, `c`.`CorreoElectronico` AS `EmailProv`, CAST(`e`.`Fecha_Registro` AS char) AS `Fecha`, CAST(`e`.`ID` AS char) AS `IdEscasez`, `p`.`Nom_prod` AS `NombreProducto`, `c`.`Contacto` AS `NomProv`, `u`.`Apellido` AS `NombreEmpleado`
FROM `Escasez_Producto` AS `e`
INNER JOIN `Producto` AS `p` ON `e`.`ProductoId` = `p`.`ID`
INNER JOIN `Cte_prov` AS `c` ON `p`.`Cve_prov` = `c`.`ID`
INNER JOIN `Usuario` AS `u` ON `e`.`UsuarioId` = `u`.`ID`
WHERE `e`.`ID` = @__idEscasez_0
LIMIT 1
[2023-11-18 18:27:21.122 -06:00 INF] Correo enviado
[2023-11-18 18:27:25.189 -06:00 INF] Executing OkObjectResult, writing value of type 'API.Helpers.Errors.ManagementResponse'.
[2023-11-18 18:27:25.224 -06:00 INF] Executed action API.Controllers.EscasezController.PostProcesoAutorizar (API) in 11461.1657ms
[2023-11-18 18:27:25.225 -06:00 INF] Executed endpoint 'API.Controllers.EscasezController.PostProcesoAutorizar (API)'
[2023-11-18 18:27:25.240 -06:00 INF] Request finished HTTP/1.1 POST https://localhost:5001/api/escasez/autorizar application/json 134 - 200 - application/json;+charset=utf-8 12081.4700ms
[2023-11-18 18:28:03.226 -06:00 INF] Request starting HTTP/1.1 POST http://localhost:5000/api/escasez/autorizar application/json 134
[2023-11-18 18:28:03.230 -06:00 INF] Request finished HTTP/1.1 POST http://localhost:5000/api/escasez/autorizar application/json 134 - 307 0 - 4.4309ms
[2023-11-18 18:28:03.235 -06:00 INF] Request starting HTTP/1.1 POST https://localhost:5001/api/escasez/autorizar application/json 134
[2023-11-18 18:28:03.238 -06:00 INF] Executing endpoint 'API.Controllers.EscasezController.PostProcesoAutorizar (API)'
[2023-11-18 18:28:03.238 -06:00 INF] Route matched with {action = "PostProcesoAutorizar", controller = "Escasez"}. Executing controller action with signature System.Threading.Tasks.Task`1[Microsoft.AspNetCore.Mvc.IActionResult] PostProcesoAutorizar(API.Dtos.AltaEscasezDto) on controller API.Controllers.EscasezController (API).
[2023-11-18 18:28:03.244 -06:00 INF] Entity Framework Core 6.0.4 initialized 'InventarioContext' using provider 'Pomelo.EntityFrameworkCore.MySql:6.0.1' with options: ServerVersion 8.0-mysql 
[2023-11-18 18:28:04.372 -06:00 INF] Executed DbCommand (181ms) [Parameters=[@p0='?' (DbType = Int32), @p1='?' (DbType = Int32), @p2='?' (DbType = Int32)], CommandType='"Text"', CommandTimeout='30']
UPDATE Producto
                                                                SET Estatus = @p0,
                                                                Stock = @p1
                                                                WHERE ID = @p2
[2023-11-18 18:28:04.553 -06:00 INF] Executed DbCommand (180ms) [Parameters=[@p0='?' (DbType = Int32), @p1='?' (DbType = Int32)], CommandType='"Text"', CommandTimeout='30']
UPDATE Escasez_Producto
                                                                SET Estatus = @p0
                                                                WHERE ID = @p1
[2023-11-18 18:28:04.748 -06:00 INF] Executed DbCommand (194ms) [Parameters=[@p0='?' (DbType = Int32), @p1='?' (DbType = Int32), @p2='?' (DbType = DateTime), @p3='?' (DbType = Int32)], CommandType='"Text"', CommandTimeout='30']

                                    INSERT INTO Autorizacion
                                    (
                                    Escasez_prod_id,
                                    Usuario_id,
                                    Fecha_autoriza,
                                    Estado_autoriza)
                                    VALUES
                                    (@p0,@p1,@p2,@p3)
[2023-11-18 18:28:04.950 -06:00 INF] Executed DbCommand (191ms) [Parameters=[@__idEscasez_0='?' (DbType = Int32)], CommandType='"Text"', CommandTimeout='30']
SELECT CAST(`e`.`Cant_Soli` AS char) AS `Cantidad`, CAST(`e`.`Precio` AS char) AS `Precio`, `c`.`Direccion` AS `DireccionProv`, `c`.`CorreoElectronico` AS `EmailProv`, CAST(`e`.`Fecha_Registro` AS char) AS `Fecha`, CAST(`e`.`ID` AS char) AS `IdEscasez`, `p`.`Nom_prod` AS `NombreProducto`, `c`.`Contacto` AS `NomProv`, `u`.`Apellido` AS `NombreEmpleado`
FROM `Escasez_Producto` AS `e`
INNER JOIN `Producto` AS `p` ON `e`.`ProductoId` = `p`.`ID`
INNER JOIN `Cte_prov` AS `c` ON `p`.`Cve_prov` = `c`.`ID`
INNER JOIN `Usuario` AS `u` ON `e`.`UsuarioId` = `u`.`ID`
WHERE `e`.`ID` = @__idEscasez_0
LIMIT 1
[2023-11-18 18:28:05.669 -06:00 INF] Correo enviado
[2023-11-18 18:28:07.533 -06:00 INF] Executing OkObjectResult, writing value of type 'API.Helpers.Errors.ManagementResponse'.
[2023-11-18 18:28:07.534 -06:00 INF] Executed action API.Controllers.EscasezController.PostProcesoAutorizar (API) in 4295.5405ms
[2023-11-18 18:28:07.534 -06:00 INF] Executed endpoint 'API.Controllers.EscasezController.PostProcesoAutorizar (API)'
[2023-11-18 18:28:07.535 -06:00 INF] Request finished HTTP/1.1 POST https://localhost:5001/api/escasez/autorizar application/json 134 - 200 - application/json;+charset=utf-8 4299.5477ms
[2023-11-18 18:30:40.439 -06:00 INF] User profile is available. Using 'C:\Users\Rodrigo Tellez\AppData\Local\ASP.NET\DataProtection-Keys' as key repository and Windows DPAPI to encrypt keys at rest.
[2023-11-18 18:30:40.654 -06:00 INF] Now listening on: https://localhost:5001
[2023-11-18 18:30:40.655 -06:00 INF] Now listening on: http://localhost:5000
[2023-11-18 18:30:40.663 -06:00 INF] Application started. Press Ctrl+C to shut down.
[2023-11-18 18:30:40.663 -06:00 INF] Hosting environment: Development
[2023-11-18 18:30:40.663 -06:00 INF] Content root path: D:\10CUATRIMESTRE\HECTOR\Backend\inventario\API\
[2023-11-18 18:30:52.548 -06:00 INF] Request starting HTTP/1.1 POST http://localhost:5000/api/escasez/autorizar application/json 134
[2023-11-18 18:30:52.755 -06:00 INF] Request finished HTTP/1.1 POST http://localhost:5000/api/escasez/autorizar application/json 134 - 307 0 - 215.8519ms
[2023-11-18 18:30:52.838 -06:00 INF] Request starting HTTP/1.1 POST https://localhost:5001/api/escasez/autorizar application/json 134
[2023-11-18 18:30:53.103 -06:00 INF] Executing endpoint 'API.Controllers.EscasezController.PostProcesoAutorizar (API)'
[2023-11-18 18:30:53.138 -06:00 INF] Route matched with {action = "PostProcesoAutorizar", controller = "Escasez"}. Executing controller action with signature System.Threading.Tasks.Task`1[Microsoft.AspNetCore.Mvc.IActionResult] PostProcesoAutorizar(API.Dtos.AltaEscasezDto) on controller API.Controllers.EscasezController (API).
[2023-11-18 18:30:54.701 -06:00 INF] Entity Framework Core 6.0.4 initialized 'InventarioContext' using provider 'Pomelo.EntityFrameworkCore.MySql:6.0.1' with options: ServerVersion 8.0-mysql 
[2023-11-18 18:30:56.437 -06:00 INF] Executed DbCommand (245ms) [Parameters=[@p0='?' (DbType = Int32), @p1='?' (DbType = Int32), @p2='?' (DbType = Int32)], CommandType='"Text"', CommandTimeout='30']
UPDATE Producto
                                                                SET Estatus = @p0,
                                                                Stock = @p1
                                                                WHERE ID = @p2
[2023-11-18 18:30:56.624 -06:00 INF] Executed DbCommand (179ms) [Parameters=[@p0='?' (DbType = Int32), @p1='?' (DbType = Int32)], CommandType='"Text"', CommandTimeout='30']
UPDATE Escasez_Producto
                                                                SET Estatus = @p0
                                                                WHERE ID = @p1
[2023-11-18 18:30:56.824 -06:00 INF] Executed DbCommand (186ms) [Parameters=[@p0='?' (DbType = Int32), @p1='?' (DbType = Int32), @p2='?' (DbType = DateTime), @p3='?' (DbType = Int32)], CommandType='"Text"', CommandTimeout='30']

                                    INSERT INTO Autorizacion
                                    (
                                    Escasez_prod_id,
                                    Usuario_id,
                                    Fecha_autoriza,
                                    Estado_autoriza)
                                    VALUES
                                    (@p0,@p1,@p2,@p3)
[2023-11-18 18:30:57.441 -06:00 INF] Executed DbCommand (206ms) [Parameters=[@__idEscasez_0='?' (DbType = Int32)], CommandType='"Text"', CommandTimeout='30']
SELECT CAST(`e`.`Cant_Soli` AS char) AS `Cantidad`, CAST(`e`.`Precio` AS char) AS `Precio`, `c`.`Direccion` AS `DireccionProv`, `c`.`CorreoElectronico` AS `EmailProv`, CAST(`e`.`Fecha_Registro` AS char) AS `Fecha`, CAST(`e`.`ID` AS char) AS `IdEscasez`, `p`.`Nom_prod` AS `NombreProducto`, `c`.`Contacto` AS `NomProv`, `u`.`Apellido` AS `NombreEmpleado`
FROM `Escasez_Producto` AS `e`
INNER JOIN `Producto` AS `p` ON `e`.`ProductoId` = `p`.`ID`
INNER JOIN `Cte_prov` AS `c` ON `p`.`Cve_prov` = `c`.`ID`
INNER JOIN `Usuario` AS `u` ON `e`.`UsuarioId` = `u`.`ID`
WHERE `e`.`ID` = @__idEscasez_0
LIMIT 1
[2023-11-18 18:30:58.639 -06:00 INF] Correo enviado
[2023-11-18 18:31:00.693 -06:00 INF] Executing OkObjectResult, writing value of type 'API.Helpers.Errors.ManagementResponse'.
[2023-11-18 18:31:00.724 -06:00 INF] Executed action API.Controllers.EscasezController.PostProcesoAutorizar (API) in 7573.2698ms
[2023-11-18 18:31:00.725 -06:00 INF] Executed endpoint 'API.Controllers.EscasezController.PostProcesoAutorizar (API)'
[2023-11-18 18:31:00.742 -06:00 INF] Request finished HTTP/1.1 POST https://localhost:5001/api/escasez/autorizar application/json 134 - 200 - application/json;+charset=utf-8 7904.6929ms
[2023-11-18 19:44:14.850 -06:00 INF] User profile is available. Using 'C:\Users\Rodrigo Tellez\AppData\Local\ASP.NET\DataProtection-Keys' as key repository and Windows DPAPI to encrypt keys at rest.
[2023-11-18 19:44:15.192 -06:00 INF] Now listening on: https://localhost:5001
[2023-11-18 19:44:15.192 -06:00 INF] Now listening on: http://localhost:5000
[2023-11-18 19:44:15.198 -06:00 INF] Application started. Press Ctrl+C to shut down.
[2023-11-18 19:44:15.198 -06:00 INF] Hosting environment: Development
[2023-11-18 19:44:15.198 -06:00 INF] Content root path: D:\10CUATRIMESTRE\HECTOR\Backend\inventario\API\
[2023-11-18 19:44:45.848 -06:00 INF] Request starting HTTP/1.1 POST http://localhost:5000/api/usuario/token application/json 44
[2023-11-18 19:44:46.105 -06:00 INF] Request finished HTTP/1.1 POST http://localhost:5000/api/usuario/token application/json 44 - 307 0 - 260.8620ms
[2023-11-18 19:44:46.223 -06:00 INF] Request starting HTTP/1.1 POST https://localhost:5001/api/usuario/token application/json 44
[2023-11-18 19:44:46.688 -06:00 INF] Failed to validate the token.
Microsoft.IdentityModel.Tokens.SecurityTokenExpiredException: IDX10223: Lifetime validation failed. The token is expired. ValidTo: '19/11/2023 01:29:14 a. m.', Current time: '19/11/2023 01:44:46 a. m.'.
   at Microsoft.IdentityModel.Tokens.Validators.ValidateLifetime(Nullable`1 notBefore, Nullable`1 expires, SecurityToken securityToken, TokenValidationParameters validationParameters)
   at System.IdentityModel.Tokens.Jwt.JwtSecurityTokenHandler.ValidateLifetime(Nullable`1 notBefore, Nullable`1 expires, JwtSecurityToken jwtToken, TokenValidationParameters validationParameters)
   at System.IdentityModel.Tokens.Jwt.JwtSecurityTokenHandler.ValidateTokenPayload(JwtSecurityToken jwtToken, TokenValidationParameters validationParameters, BaseConfiguration configuration)
   at System.IdentityModel.Tokens.Jwt.JwtSecurityTokenHandler.ValidateJWS(String token, TokenValidationParameters validationParameters, BaseConfiguration currentConfiguration, SecurityToken& signatureValidatedToken, ExceptionDispatchInfo& exceptionThrown)
--- End of stack trace from previous location ---
   at System.IdentityModel.Tokens.Jwt.JwtSecurityTokenHandler.ValidateToken(String token, JwtSecurityToken outerToken, TokenValidationParameters validationParameters, SecurityToken& signatureValidatedToken)
   at System.IdentityModel.Tokens.Jwt.JwtSecurityTokenHandler.ValidateToken(String token, TokenValidationParameters validationParameters, SecurityToken& validatedToken)
   at Microsoft.AspNetCore.Authentication.JwtBearer.JwtBearerHandler.HandleAuthenticateAsync()
[2023-11-18 19:44:46.745 -06:00 INF] Bearer was not authenticated. Failure message: IDX10223: Lifetime validation failed. The token is expired. ValidTo: '19/11/2023 01:29:14 a. m.', Current time: '19/11/2023 01:44:46 a. m.'.
[2023-11-18 19:44:46.751 -06:00 INF] Executing endpoint 'API.Controllers.UsuarioController.GetTokenAsync (API)'
[2023-11-18 19:44:46.806 -06:00 INF] Route matched with {action = "GetToken", controller = "Usuario"}. Executing controller action with signature System.Threading.Tasks.Task`1[Microsoft.AspNetCore.Mvc.IActionResult] GetTokenAsync(API.Dtos.LoginDto) on controller API.Controllers.UsuarioController (API).
[2023-11-18 19:44:49.151 -06:00 INF] Entity Framework Core 6.0.4 initialized 'InventarioContext' using provider 'Pomelo.EntityFrameworkCore.MySql:6.0.1' with options: ServerVersion 8.0-mysql 
[2023-11-18 19:44:49.788 -06:00 WRN] Compiling a query which loads related collections for more than one collection navigation, either via 'Include' or through projection, but no 'QuerySplittingBehavior' has been configured. By default, Entity Framework will use 'QuerySplittingBehavior.SingleQuery', which can potentially result in slow query performance. See https://go.microsoft.com/fwlink/?linkid=2134277 for more information. To identify the query that's triggering this warning call 'ConfigureWarnings(w => w.Throw(RelationalEventId.MultipleCollectionIncludeWarning))'.
[2023-11-18 19:44:51.194 -06:00 INF] Executed DbCommand (277ms) [Parameters=[@__ToLower_0='?' (Size = 255)], CommandType='"Text"', CommandTimeout='30']
SELECT `t`.`ID`, `t`.`Apellido`, `t`.`CorreoElectronico`, `t`.`Nom_user`, `t`.`Password`, `t`.`Permiso`, `t0`.`UsuarioId`, `t0`.`RolId`, `t0`.`ID`, `t0`.`Nombre`, `r0`.`ID`, `r0`.`Created`, `r0`.`Expires`, `r0`.`Revoked`, `r0`.`Token`, `r0`.`UsuarioId`
FROM (
    SELECT `u`.`ID`, `u`.`Apellido`, `u`.`CorreoElectronico`, `u`.`Nom_user`, `u`.`Password`, `u`.`Permiso`
    FROM `Usuario` AS `u`
    WHERE LOWER(`u`.`Nom_user`) = @__ToLower_0
    LIMIT 1
) AS `t`
LEFT JOIN (
    SELECT `u0`.`UsuarioId`, `u0`.`RolId`, `r`.`ID`, `r`.`Nombre`
    FROM `UsuarioRoles` AS `u0`
    INNER JOIN `Rol` AS `r` ON `u0`.`RolId` = `r`.`ID`
) AS `t0` ON `t`.`ID` = `t0`.`UsuarioId`
LEFT JOIN `RefreshToken` AS `r0` ON `t`.`ID` = `r0`.`UsuarioId`
ORDER BY `t`.`ID`, `t0`.`UsuarioId`, `t0`.`RolId`, `t0`.`ID`
[2023-11-18 19:44:51.468 -06:00 INF] Executing OkObjectResult, writing value of type '<>f__AnonymousType4`3[[System.String, System.Private.CoreLib, Version=6.0.0.0, Culture=neutral, PublicKeyToken=7cec85d7bea7798e],[System.Boolean, System.Private.CoreLib, Version=6.0.0.0, Culture=neutral, PublicKeyToken=7cec85d7bea7798e],[API.Dtos.DatosUsuarioDto, API, Version=1.0.0.0, Culture=neutral, PublicKeyToken=null]]'.
[2023-11-18 19:44:51.530 -06:00 INF] Executed action API.Controllers.UsuarioController.GetTokenAsync (API) in 4714.0091ms
[2023-11-18 19:44:51.531 -06:00 INF] Executed endpoint 'API.Controllers.UsuarioController.GetTokenAsync (API)'
[2023-11-18 19:44:51.541 -06:00 INF] Request finished HTTP/1.1 POST https://localhost:5001/api/usuario/token application/json 44 - 200 - application/json;+charset=utf-8 5317.7042ms
[2023-11-18 19:45:02.842 -06:00 INF] Request starting HTTP/1.1 POST http://localhost:5000/api/escasez/autorizar application/json 134
[2023-11-18 19:45:02.848 -06:00 INF] Request finished HTTP/1.1 POST http://localhost:5000/api/escasez/autorizar application/json 134 - 307 0 - 5.4593ms
[2023-11-18 19:45:02.854 -06:00 INF] Request starting HTTP/1.1 POST https://localhost:5001/api/escasez/autorizar application/json 134
[2023-11-18 19:45:02.894 -06:00 INF] Executing endpoint 'API.Controllers.EscasezController.PostProcesoAutorizar (API)'
[2023-11-18 19:45:02.899 -06:00 INF] Route matched with {action = "PostProcesoAutorizar", controller = "Escasez"}. Executing controller action with signature System.Threading.Tasks.Task`1[Microsoft.AspNetCore.Mvc.IActionResult] PostProcesoAutorizar(API.Dtos.AltaEscasezDto) on controller API.Controllers.EscasezController (API).
[2023-11-18 19:45:02.937 -06:00 INF] Entity Framework Core 6.0.4 initialized 'InventarioContext' using provider 'Pomelo.EntityFrameworkCore.MySql:6.0.1' with options: ServerVersion 8.0-mysql 
[2023-11-18 19:45:04.156 -06:00 INF] Executed DbCommand (188ms) [Parameters=[@p0='?' (DbType = Int32), @p1='?' (DbType = Int32), @p2='?' (DbType = Int32)], CommandType='"Text"', CommandTimeout='30']
UPDATE Producto
                                                                SET Estatus = @p0,
                                                                Stock = @p1
                                                                WHERE ID = @p2
[2023-11-18 19:45:04.352 -06:00 INF] Executed DbCommand (192ms) [Parameters=[@p0='?' (DbType = Int32), @p1='?' (DbType = Int32)], CommandType='"Text"', CommandTimeout='30']
UPDATE Escasez_Producto
                                                                SET Estatus = @p0
                                                                WHERE ID = @p1
[2023-11-18 19:45:04.554 -06:00 INF] Executed DbCommand (198ms) [Parameters=[@p0='?' (DbType = Int32), @p1='?' (DbType = Int32), @p2='?' (DbType = DateTime), @p3='?' (DbType = Int32)], CommandType='"Text"', CommandTimeout='30']

                                    INSERT INTO Autorizacion
                                    (
                                    Escasez_prod_id,
                                    Usuario_id,
                                    Fecha_autoriza,
                                    Estado_autoriza)
                                    VALUES
                                    (@p0,@p1,@p2,@p3)
[2023-11-18 19:45:04.772 -06:00 INF] Executed DbCommand (187ms) [Parameters=[@__id_0='?' (DbType = Int32)], CommandType='"Text"', CommandTimeout='30']
SELECT `c`.`CorreoElectronico`
FROM `Producto` AS `p`
INNER JOIN `Cte_prov` AS `c` ON `p`.`Cve_prov` = `c`.`ID`
WHERE `p`.`ID` = @__id_0
LIMIT 1
[2023-11-18 19:45:05.019 -06:00 INF] Executed DbCommand (196ms) [Parameters=[@__idEscasez_0='?' (DbType = Int32)], CommandType='"Text"', CommandTimeout='30']
SELECT CAST(`e`.`Cant_Soli` AS char) AS `Cantidad`, CAST(`e`.`Precio` AS char) AS `Precio`, `c`.`Direccion` AS `DireccionProv`, `c`.`CorreoElectronico` AS `EmailProv`, CAST(`e`.`Fecha_Registro` AS char) AS `Fecha`, CAST(`e`.`ID` AS char) AS `IdEscasez`, `p`.`Nom_prod` AS `NombreProducto`, `c`.`Contacto` AS `NomProv`, `u`.`Apellido` AS `NombreEmpleado`
FROM `Escasez_Producto` AS `e`
INNER JOIN `Producto` AS `p` ON `e`.`ProductoId` = `p`.`ID`
INNER JOIN `Cte_prov` AS `c` ON `p`.`Cve_prov` = `c`.`ID`
INNER JOIN `Usuario` AS `u` ON `e`.`UsuarioId` = `u`.`ID`
WHERE `e`.`ID` = @__idEscasez_0
LIMIT 1
[2023-11-18 19:45:05.801 -06:00 INF] Correo enviado
[2023-11-18 19:45:08.173 -06:00 INF] Executing OkObjectResult, writing value of type 'API.Helpers.Errors.ManagementResponse'.
[2023-11-18 19:45:08.176 -06:00 INF] Executed action API.Controllers.EscasezController.PostProcesoAutorizar (API) in 5275.9316ms
[2023-11-18 19:45:08.176 -06:00 INF] Executed endpoint 'API.Controllers.EscasezController.PostProcesoAutorizar (API)'
[2023-11-18 19:45:08.178 -06:00 INF] Request finished HTTP/1.1 POST https://localhost:5001/api/escasez/autorizar application/json 134 - 200 - application/json;+charset=utf-8 5323.3455ms
