[2023-10-05 09:39:46.992 -06:00 INF] Entity Framework Core 6.0.4 initialized 'InventarioContext' using provider 'Pomelo.EntityFrameworkCore.MySql:6.0.1' with options: ServerVersion 8.0.28-mysql 
[2023-10-05 09:39:48.060 -06:00 INF] Executed DbCommand (87ms) [Parameters=[], CommandType='"Text"', CommandTimeout='30']
SELECT 1 FROM INFORMATION_SCHEMA.TABLES WHERE TABLE_SCHEMA='inventarioRopa' AND TABLE_NAME='__EFMigrationsHistory';
[2023-10-05 09:39:48.129 -06:00 INF] Executed DbCommand (5ms) [Parameters=[], CommandType='"Text"', CommandTimeout='30']
SELECT 1 FROM INFORMATION_SCHEMA.TABLES WHERE TABLE_SCHEMA='inventarioRopa' AND TABLE_NAME='__EFMigrationsHistory';
[2023-10-05 09:39:48.234 -06:00 INF] Executed DbCommand (67ms) [Parameters=[], CommandType='"Text"', CommandTimeout='30']
SELECT `MigrationId`, `ProductVersion`
FROM `__EFMigrationsHistory`
ORDER BY `MigrationId`;
[2023-10-05 09:39:48.273 -06:00 INF] No migrations were applied. The database is already up to date.
[2023-10-05 09:39:48.655 -06:00 INF] Executed DbCommand (6ms) [Parameters=[], CommandType='"Text"', CommandTimeout='30']
SELECT EXISTS (
    SELECT 1
    FROM `Rol` AS `r`)
[2023-10-05 09:39:48.905 -06:00 INF] User profile is available. Using 'C:\Users\Rodrigo Tellez\AppData\Local\ASP.NET\DataProtection-Keys' as key repository and Windows DPAPI to encrypt keys at rest.
[2023-10-05 09:39:49.196 -06:00 INF] Now listening on: https://localhost:5001
[2023-10-05 09:39:49.196 -06:00 INF] Now listening on: http://localhost:5000
[2023-10-05 09:39:49.208 -06:00 INF] Application started. Press Ctrl+C to shut down.
[2023-10-05 09:39:49.208 -06:00 INF] Hosting environment: Development
[2023-10-05 09:39:49.209 -06:00 INF] Content root path: D:\10CUATRIMESTRE\HECTOR\Backend\inventario\API\
[2023-10-05 09:40:37.348 -06:00 INF] Request starting HTTP/2 GET https://localhost:5001/api/WeatherForecast - -
[2023-10-05 09:40:39.119 -06:00 INF] Request finished HTTP/2 GET https://localhost:5001/api/WeatherForecast - - - 404 0 - 1777.9950ms
[2023-10-05 09:40:42.114 -06:00 INF] Request starting HTTP/2 GET https://localhost:5001/api/WeatherForecast - -
[2023-10-05 09:40:42.122 -06:00 INF] Request finished HTTP/2 GET https://localhost:5001/api/WeatherForecast - - - 404 0 - 7.3390ms
[2023-10-05 09:41:03.713 -06:00 INF] Request starting HTTP/2 GET https://localhost:5001/api/weatherforecast - -
[2023-10-05 09:41:03.722 -06:00 INF] Request finished HTTP/2 GET https://localhost:5001/api/weatherforecast - - - 404 0 - 9.0131ms
[2023-10-05 09:41:07.274 -06:00 INF] Request starting HTTP/2 GET https://localhost:5001/api/weatherforecast - -
[2023-10-05 09:41:07.277 -06:00 INF] Request finished HTTP/2 GET https://localhost:5001/api/weatherforecast - - - 404 0 - 2.5835ms
[2023-10-05 09:41:12.552 -06:00 INF] Request starting HTTP/2 GET https://localhost:5001/api/weatherforecast - -
[2023-10-05 09:41:12.559 -06:00 INF] Request get:/api/weatherforecast from IP ::1 has been blocked, quota 2/10s exceeded by 1. Blocked by rule *, TraceIdentifier 0HMU5N5LTDD3L:00000005. MonitorMode: False
[2023-10-05 09:41:12.569 -06:00 INF] Request finished HTTP/2 GET https://localhost:5001/api/weatherforecast - - - 429 - text/plain 16.3623ms
[2023-10-05 09:41:12.667 -06:00 INF] Request starting HTTP/2 GET https://localhost:5001/favicon.ico - -
[2023-10-05 09:41:12.668 -06:00 INF] Request finished HTTP/2 GET https://localhost:5001/favicon.ico - - - 404 0 - 0.9444ms
[2023-10-05 09:56:33.086 -06:00 INF] Entity Framework Core 6.0.4 initialized 'InventarioContext' using provider 'Pomelo.EntityFrameworkCore.MySql:6.0.1' with options: ServerVersion 8.0.28-mysql 
[2023-10-05 09:56:33.633 -06:00 INF] Executed DbCommand (21ms) [Parameters=[], CommandType='"Text"', CommandTimeout='30']
SELECT 1 FROM INFORMATION_SCHEMA.TABLES WHERE TABLE_SCHEMA='inventarioRopa' AND TABLE_NAME='__EFMigrationsHistory';
[2023-10-05 09:56:33.677 -06:00 INF] Executed DbCommand (4ms) [Parameters=[], CommandType='"Text"', CommandTimeout='30']
SELECT 1 FROM INFORMATION_SCHEMA.TABLES WHERE TABLE_SCHEMA='inventarioRopa' AND TABLE_NAME='__EFMigrationsHistory';
[2023-10-05 09:56:33.715 -06:00 INF] Executed DbCommand (7ms) [Parameters=[], CommandType='"Text"', CommandTimeout='30']
SELECT `MigrationId`, `ProductVersion`
FROM `__EFMigrationsHistory`
ORDER BY `MigrationId`;
[2023-10-05 09:56:33.738 -06:00 INF] No migrations were applied. The database is already up to date.
[2023-10-05 09:56:33.992 -06:00 INF] Executed DbCommand (3ms) [Parameters=[], CommandType='"Text"', CommandTimeout='30']
SELECT EXISTS (
    SELECT 1
    FROM `Rol` AS `r`)
[2023-10-05 09:56:34.124 -06:00 INF] User profile is available. Using 'C:\Users\Rodrigo Tellez\AppData\Local\ASP.NET\DataProtection-Keys' as key repository and Windows DPAPI to encrypt keys at rest.
[2023-10-05 09:56:34.265 -06:00 INF] Now listening on: https://localhost:5001
[2023-10-05 09:56:34.265 -06:00 INF] Now listening on: http://localhost:5000
[2023-10-05 09:56:34.276 -06:00 INF] Application started. Press Ctrl+C to shut down.
[2023-10-05 09:56:34.276 -06:00 INF] Hosting environment: Development
[2023-10-05 09:56:34.276 -06:00 INF] Content root path: D:\10CUATRIMESTRE\HECTOR\Backend\inventario\API\
[2023-10-05 09:56:44.534 -06:00 INF] Request starting HTTP/1.1 POST https://localhost:5001/api/usuario/token application/json 58
[2023-10-05 09:56:45.362 -06:00 INF] Failed to validate the token.
Microsoft.IdentityModel.Tokens.SecurityTokenExpiredException: IDX10223: Lifetime validation failed. The token is expired. ValidTo: '04/10/2023 03:00:20 p. m.', Current time: '05/10/2023 03:56:45 p. m.'.
   at Microsoft.IdentityModel.Tokens.Validators.ValidateLifetime(Nullable`1 notBefore, Nullable`1 expires, SecurityToken securityToken, TokenValidationParameters validationParameters)
   at System.IdentityModel.Tokens.Jwt.JwtSecurityTokenHandler.ValidateLifetime(Nullable`1 notBefore, Nullable`1 expires, JwtSecurityToken jwtToken, TokenValidationParameters validationParameters)
   at System.IdentityModel.Tokens.Jwt.JwtSecurityTokenHandler.ValidateTokenPayload(JwtSecurityToken jwtToken, TokenValidationParameters validationParameters, BaseConfiguration configuration)
   at System.IdentityModel.Tokens.Jwt.JwtSecurityTokenHandler.ValidateJWS(String token, TokenValidationParameters validationParameters, BaseConfiguration currentConfiguration, SecurityToken& signatureValidatedToken, ExceptionDispatchInfo& exceptionThrown)
--- End of stack trace from previous location ---
   at System.IdentityModel.Tokens.Jwt.JwtSecurityTokenHandler.ValidateToken(String token, JwtSecurityToken outerToken, TokenValidationParameters validationParameters, SecurityToken& signatureValidatedToken)
   at System.IdentityModel.Tokens.Jwt.JwtSecurityTokenHandler.ValidateToken(String token, TokenValidationParameters validationParameters, SecurityToken& validatedToken)
   at Microsoft.AspNetCore.Authentication.JwtBearer.JwtBearerHandler.HandleAuthenticateAsync()
[2023-10-05 09:56:45.423 -06:00 INF] Bearer was not authenticated. Failure message: IDX10223: Lifetime validation failed. The token is expired. ValidTo: '04/10/2023 03:00:20 p. m.', Current time: '05/10/2023 03:56:45 p. m.'.
[2023-10-05 09:56:45.430 -06:00 INF] Executing endpoint 'API.Controllers.UsuarioController.GetTokenAsync (API)'
[2023-10-05 09:56:45.475 -06:00 INF] Route matched with {action = "GetToken", controller = "Usuario"}. Executing controller action with signature System.Threading.Tasks.Task`1[Microsoft.AspNetCore.Mvc.IActionResult] GetTokenAsync(API.Dtos.LoginDto) on controller API.Controllers.UsuarioController (API).
[2023-10-05 09:56:45.575 -06:00 INF] Entity Framework Core 6.0.4 initialized 'InventarioContext' using provider 'Pomelo.EntityFrameworkCore.MySql:6.0.1' with options: ServerVersion 8.0.28-mysql 
[2023-10-05 09:56:46.195 -06:00 WRN] Compiling a query which loads related collections for more than one collection navigation, either via 'Include' or through projection, but no 'QuerySplittingBehavior' has been configured. By default, Entity Framework will use 'QuerySplittingBehavior.SingleQuery', which can potentially result in slow query performance. See https://go.microsoft.com/fwlink/?linkid=2134277 for more information. To identify the query that's triggering this warning call 'ConfigureWarnings(w => w.Throw(RelationalEventId.MultipleCollectionIncludeWarning))'.
[2023-10-05 09:56:46.424 -06:00 INF] Executed DbCommand (99ms) [Parameters=[@__ToLower_0='?' (Size = 255)], CommandType='"Text"', CommandTimeout='30']
SELECT `t`.`ID`, `t`.`Apellido`, `t`.`CorreoElectronico`, `t`.`Nom_user`, `t`.`Password`, `t0`.`UsuarioId`, `t0`.`RolId`, `t0`.`ID`, `t0`.`Nombre`, `r0`.`ID`, `r0`.`Created`, `r0`.`Expires`, `r0`.`Revoked`, `r0`.`Token`, `r0`.`UsuarioId`
FROM (
    SELECT `u`.`ID`, `u`.`Apellido`, `u`.`CorreoElectronico`, `u`.`Nom_user`, `u`.`Password`
    FROM `Usuario` AS `u`
    WHERE LOWER(`u`.`Nom_user`) = @__ToLower_0
    LIMIT 1
) AS `t`
LEFT JOIN (
    SELECT `u0`.`UsuarioId`, `u0`.`RolId`, `r`.`ID`, `r`.`Nombre`
    FROM `UsuarioRoles` AS `u0`
    INNER JOIN `Rol` AS `r` ON `u0`.`RolId` = `r`.`ID`
) AS `t0` ON `t`.`ID` = `t0`.`UsuarioId`
LEFT JOIN `RefreshToken` AS `r0` ON `t`.`ID` = `r0`.`UsuarioId`
ORDER BY `t`.`ID`, `t0`.`UsuarioId`, `t0`.`RolId`, `t0`.`ID`
[2023-10-05 09:56:46.727 -06:00 INF] Executing OkObjectResult, writing value of type 'API.Dtos.DatosUsuarioDto'.
[2023-10-05 09:56:46.776 -06:00 INF] Executed action API.Controllers.UsuarioController.GetTokenAsync (API) in 1291.3616ms
[2023-10-05 09:56:46.777 -06:00 INF] Executed endpoint 'API.Controllers.UsuarioController.GetTokenAsync (API)'
[2023-10-05 09:56:46.785 -06:00 INF] Request finished HTTP/1.1 POST https://localhost:5001/api/usuario/token application/json 58 - 200 - application/json;+charset=utf-8 2255.2610ms
[2023-10-05 09:56:56.856 -06:00 INF] Request starting HTTP/1.1 GET https://localhost:5001/api/proveedor/10 - -
[2023-10-05 09:56:56.906 -06:00 INF] Executing endpoint 'API.Controllers.ProveedorController.GetId (API)'
[2023-10-05 09:56:56.910 -06:00 INF] Route matched with {action = "GetId", controller = "Proveedor"}. Executing controller action with signature System.Threading.Tasks.Task`1[Microsoft.AspNetCore.Mvc.ActionResult`1[API.Dtos.CteProvDto]] GetId(Int32) on controller API.Controllers.ProveedorController (API).
[2023-10-05 09:56:57.256 -06:00 INF] Entity Framework Core 6.0.4 initialized 'InventarioContext' using provider 'Pomelo.EntityFrameworkCore.MySql:6.0.1' with options: ServerVersion 8.0.28-mysql 
[2023-10-05 09:56:57.295 -06:00 INF] Executed DbCommand (21ms) [Parameters=[@__id_0='?' (DbType = Int32)], CommandType='"Text"', CommandTimeout='30']
SELECT `c`.`ID`, `c`.`Contacto`, `c`.`CorreoElectronico`, `c`.`Direccion`, `c`.`NombreEmpresa`, `c`.`Telefono`
FROM `Cte_prov` AS `c`
WHERE `c`.`ID` = @__id_0
LIMIT 1
[2023-10-05 09:56:57.299 -06:00 INF] Executing NotFoundObjectResult, writing value of type 'API.Helpers.Errors.ApiResponse'.
[2023-10-05 09:56:57.305 -06:00 INF] Executed action API.Controllers.ProveedorController.GetId (API) in 394.325ms
[2023-10-05 09:56:57.305 -06:00 INF] Executed endpoint 'API.Controllers.ProveedorController.GetId (API)'
[2023-10-05 09:56:57.306 -06:00 INF] Request finished HTTP/1.1 GET https://localhost:5001/api/proveedor/10 - - - 404 - application/json;+charset=utf-8 450.6538ms
[2023-10-05 10:14:09.137 -06:00 INF] Entity Framework Core 6.0.4 initialized 'InventarioContext' using provider 'Pomelo.EntityFrameworkCore.MySql:6.0.1' with options: ServerVersion 8.0.28-mysql 
[2023-10-05 10:14:11.360 -06:00 ERR] An error occurred using the connection to database '' on server '127.0.0.1'.
[2023-10-05 10:14:11.674 -06:00 ERR] Ocurrio un error durante la migración
System.InvalidOperationException: An exception has been raised that is likely due to a transient failure. Consider enabling transient error resiliency by adding 'EnableRetryOnFailure()' to the 'UseMySql' call.
 ---> MySqlConnector.MySqlException (0x80004005): Unable to connect to any of the specified MySQL hosts.
   at MySqlConnector.Core.ServerSession.ConnectAsync(ConnectionSettings cs, MySqlConnection connection, Int32 startTickCount, ILoadBalancer loadBalancer, IOBehavior ioBehavior, CancellationToken cancellationToken) in /_/src/MySqlConnector/Core/ServerSession.cs:line 433
   at MySqlConnector.MySqlConnection.CreateSessionAsync(ConnectionPool pool, Int32 startTickCount, Nullable`1 ioBehavior, CancellationToken cancellationToken) in /_/src/MySqlConnector/MySqlConnection.cs:line 926
   at MySqlConnector.MySqlConnection.OpenAsync(Nullable`1 ioBehavior, CancellationToken cancellationToken) in /_/src/MySqlConnector/MySqlConnection.cs:line 406
   at Microsoft.EntityFrameworkCore.Storage.RelationalConnection.OpenInternalAsync(Boolean errorsExpected, CancellationToken cancellationToken)
   at Microsoft.EntityFrameworkCore.Storage.RelationalConnection.OpenInternalAsync(Boolean errorsExpected, CancellationToken cancellationToken)
   at Microsoft.EntityFrameworkCore.Storage.RelationalConnection.OpenAsync(CancellationToken cancellationToken, Boolean errorsExpected)
   at Pomelo.EntityFrameworkCore.MySql.Storage.Internal.MySqlRelationalConnection.OpenAsync(CancellationToken cancellationToken, Boolean errorsExpected)
   at Pomelo.EntityFrameworkCore.MySql.Storage.Internal.MySqlDatabaseCreator.<>c__DisplayClass20_0.<<ExistsAsync>b__0>d.MoveNext()
--- End of stack trace from previous location ---
   at Pomelo.EntityFrameworkCore.MySql.Storage.Internal.MySqlDatabaseCreator.<>c__DisplayClass20_0.<<ExistsAsync>b__0>d.MoveNext()
--- End of stack trace from previous location ---
   at Pomelo.EntityFrameworkCore.MySql.Storage.Internal.MySqlDatabaseCreator.<>c__DisplayClass20_0.<<ExistsAsync>b__0>d.MoveNext()
--- End of stack trace from previous location ---
   at Pomelo.EntityFrameworkCore.MySql.Storage.Internal.MySqlExecutionStrategy.ExecuteAsync[TState,TResult](TState state, Func`4 operation, Func`4 verifySucceeded, CancellationToken cancellationToken)
   --- End of inner exception stack trace ---
   at Pomelo.EntityFrameworkCore.MySql.Storage.Internal.MySqlExecutionStrategy.ExecuteAsync[TState,TResult](TState state, Func`4 operation, Func`4 verifySucceeded, CancellationToken cancellationToken)
   at Microsoft.EntityFrameworkCore.Migrations.HistoryRepository.ExistsAsync(CancellationToken cancellationToken)
   at Microsoft.EntityFrameworkCore.Migrations.Internal.Migrator.MigrateAsync(String targetMigration, CancellationToken cancellationToken)
   at Program.<Main>$(String[] args) in D:\10CUATRIMESTRE\HECTOR\Backend\inventario\API\Program.cs:line 72
[2023-10-05 10:14:11.859 -06:00 INF] User profile is available. Using 'C:\Users\Rodrigo Tellez\AppData\Local\ASP.NET\DataProtection-Keys' as key repository and Windows DPAPI to encrypt keys at rest.
[2023-10-05 10:14:12.010 -06:00 INF] Now listening on: https://localhost:5001
[2023-10-05 10:14:12.010 -06:00 INF] Now listening on: http://localhost:5000
[2023-10-05 10:14:12.011 -06:00 INF] Application started. Press Ctrl+C to shut down.
[2023-10-05 10:14:12.011 -06:00 INF] Hosting environment: Development
[2023-10-05 10:14:12.011 -06:00 INF] Content root path: D:\10CUATRIMESTRE\HECTOR\Backend\inventario\API\
[2023-10-05 10:14:23.996 -06:00 INF] Request starting HTTP/1.1 POST https://localhost:5001/api/usuario/token application/json 58
[2023-10-05 10:14:24.444 -06:00 INF] Failed to validate the token.
Microsoft.IdentityModel.Tokens.SecurityTokenExpiredException: IDX10223: Lifetime validation failed. The token is expired. ValidTo: '05/10/2023 03:57:46 p. m.', Current time: '05/10/2023 04:14:24 p. m.'.
   at Microsoft.IdentityModel.Tokens.Validators.ValidateLifetime(Nullable`1 notBefore, Nullable`1 expires, SecurityToken securityToken, TokenValidationParameters validationParameters)
   at System.IdentityModel.Tokens.Jwt.JwtSecurityTokenHandler.ValidateLifetime(Nullable`1 notBefore, Nullable`1 expires, JwtSecurityToken jwtToken, TokenValidationParameters validationParameters)
   at System.IdentityModel.Tokens.Jwt.JwtSecurityTokenHandler.ValidateTokenPayload(JwtSecurityToken jwtToken, TokenValidationParameters validationParameters, BaseConfiguration configuration)
   at System.IdentityModel.Tokens.Jwt.JwtSecurityTokenHandler.ValidateJWS(String token, TokenValidationParameters validationParameters, BaseConfiguration currentConfiguration, SecurityToken& signatureValidatedToken, ExceptionDispatchInfo& exceptionThrown)
--- End of stack trace from previous location ---
   at System.IdentityModel.Tokens.Jwt.JwtSecurityTokenHandler.ValidateToken(String token, JwtSecurityToken outerToken, TokenValidationParameters validationParameters, SecurityToken& signatureValidatedToken)
   at System.IdentityModel.Tokens.Jwt.JwtSecurityTokenHandler.ValidateToken(String token, TokenValidationParameters validationParameters, SecurityToken& validatedToken)
   at Microsoft.AspNetCore.Authentication.JwtBearer.JwtBearerHandler.HandleAuthenticateAsync()
[2023-10-05 10:14:24.446 -06:00 INF] Bearer was not authenticated. Failure message: IDX10223: Lifetime validation failed. The token is expired. ValidTo: '05/10/2023 03:57:46 p. m.', Current time: '05/10/2023 04:14:24 p. m.'.
[2023-10-05 10:14:24.451 -06:00 INF] Executing endpoint 'API.Controllers.UsuarioController.GetTokenAsync (API)'
[2023-10-05 10:14:24.512 -06:00 INF] Route matched with {action = "GetToken", controller = "Usuario"}. Executing controller action with signature System.Threading.Tasks.Task`1[Microsoft.AspNetCore.Mvc.IActionResult] GetTokenAsync(API.Dtos.LoginDto) on controller API.Controllers.UsuarioController (API).
[2023-10-05 10:14:24.596 -06:00 INF] Entity Framework Core 6.0.4 initialized 'InventarioContext' using provider 'Pomelo.EntityFrameworkCore.MySql:6.0.1' with options: ServerVersion 8.0.28-mysql 
[2023-10-05 10:14:25.065 -06:00 WRN] Compiling a query which loads related collections for more than one collection navigation, either via 'Include' or through projection, but no 'QuerySplittingBehavior' has been configured. By default, Entity Framework will use 'QuerySplittingBehavior.SingleQuery', which can potentially result in slow query performance. See https://go.microsoft.com/fwlink/?linkid=2134277 for more information. To identify the query that's triggering this warning call 'ConfigureWarnings(w => w.Throw(RelationalEventId.MultipleCollectionIncludeWarning))'.
[2023-10-05 10:14:27.295 -06:00 ERR] An error occurred using the connection to database 'inventarioRopa' on server '127.0.0.1'.
[2023-10-05 10:14:27.353 -06:00 ERR] An exception occurred while iterating over the results of a query for context type 'Infrastructure.Data.InventarioContext'.
System.InvalidOperationException: An exception has been raised that is likely due to a transient failure. Consider enabling transient error resiliency by adding 'EnableRetryOnFailure()' to the 'UseMySql' call.
 ---> MySqlConnector.MySqlException (0x80004005): Unable to connect to any of the specified MySQL hosts.
   at MySqlConnector.Core.ServerSession.ConnectAsync(ConnectionSettings cs, MySqlConnection connection, Int32 startTickCount, ILoadBalancer loadBalancer, IOBehavior ioBehavior, CancellationToken cancellationToken) in /_/src/MySqlConnector/Core/ServerSession.cs:line 433
   at MySqlConnector.Core.ConnectionPool.ConnectSessionAsync(MySqlConnection connection, String logMessage, Int32 startTickCount, IOBehavior ioBehavior, CancellationToken cancellationToken) in /_/src/MySqlConnector/Core/ConnectionPool.cs:line 363
   at MySqlConnector.Core.ConnectionPool.GetSessionAsync(MySqlConnection connection, Int32 startTickCount, IOBehavior ioBehavior, CancellationToken cancellationToken) in /_/src/MySqlConnector/Core/ConnectionPool.cs:line 94
   at MySqlConnector.Core.ConnectionPool.GetSessionAsync(MySqlConnection connection, Int32 startTickCount, IOBehavior ioBehavior, CancellationToken cancellationToken) in /_/src/MySqlConnector/Core/ConnectionPool.cs:line 124
   at MySqlConnector.MySqlConnection.CreateSessionAsync(ConnectionPool pool, Int32 startTickCount, Nullable`1 ioBehavior, CancellationToken cancellationToken) in /_/src/MySqlConnector/MySqlConnection.cs:line 915
   at MySqlConnector.MySqlConnection.OpenAsync(Nullable`1 ioBehavior, CancellationToken cancellationToken) in /_/src/MySqlConnector/MySqlConnection.cs:line 406
   at Microsoft.EntityFrameworkCore.Storage.RelationalConnection.OpenInternalAsync(Boolean errorsExpected, CancellationToken cancellationToken)
   at Microsoft.EntityFrameworkCore.Storage.RelationalConnection.OpenInternalAsync(Boolean errorsExpected, CancellationToken cancellationToken)
   at Microsoft.EntityFrameworkCore.Storage.RelationalConnection.OpenAsync(CancellationToken cancellationToken, Boolean errorsExpected)
   at Pomelo.EntityFrameworkCore.MySql.Storage.Internal.MySqlRelationalConnection.OpenAsync(CancellationToken cancellationToken, Boolean errorsExpected)
   at Microsoft.EntityFrameworkCore.Storage.RelationalCommand.ExecuteReaderAsync(RelationalCommandParameterObject parameterObject, CancellationToken cancellationToken)
   at Microsoft.EntityFrameworkCore.Query.Internal.SingleQueryingEnumerable`1.AsyncEnumerator.InitializeReaderAsync(AsyncEnumerator enumerator, CancellationToken cancellationToken)
   at Pomelo.EntityFrameworkCore.MySql.Storage.Internal.MySqlExecutionStrategy.ExecuteAsync[TState,TResult](TState state, Func`4 operation, Func`4 verifySucceeded, CancellationToken cancellationToken)
   --- End of inner exception stack trace ---
   at Pomelo.EntityFrameworkCore.MySql.Storage.Internal.MySqlExecutionStrategy.ExecuteAsync[TState,TResult](TState state, Func`4 operation, Func`4 verifySucceeded, CancellationToken cancellationToken)
   at Microsoft.EntityFrameworkCore.Query.Internal.SingleQueryingEnumerable`1.AsyncEnumerator.MoveNextAsync()
System.InvalidOperationException: An exception has been raised that is likely due to a transient failure. Consider enabling transient error resiliency by adding 'EnableRetryOnFailure()' to the 'UseMySql' call.
 ---> MySqlConnector.MySqlException (0x80004005): Unable to connect to any of the specified MySQL hosts.
   at MySqlConnector.Core.ServerSession.ConnectAsync(ConnectionSettings cs, MySqlConnection connection, Int32 startTickCount, ILoadBalancer loadBalancer, IOBehavior ioBehavior, CancellationToken cancellationToken) in /_/src/MySqlConnector/Core/ServerSession.cs:line 433
   at MySqlConnector.Core.ConnectionPool.ConnectSessionAsync(MySqlConnection connection, String logMessage, Int32 startTickCount, IOBehavior ioBehavior, CancellationToken cancellationToken) in /_/src/MySqlConnector/Core/ConnectionPool.cs:line 363
   at MySqlConnector.Core.ConnectionPool.GetSessionAsync(MySqlConnection connection, Int32 startTickCount, IOBehavior ioBehavior, CancellationToken cancellationToken) in /_/src/MySqlConnector/Core/ConnectionPool.cs:line 94
   at MySqlConnector.Core.ConnectionPool.GetSessionAsync(MySqlConnection connection, Int32 startTickCount, IOBehavior ioBehavior, CancellationToken cancellationToken) in /_/src/MySqlConnector/Core/ConnectionPool.cs:line 124
   at MySqlConnector.MySqlConnection.CreateSessionAsync(ConnectionPool pool, Int32 startTickCount, Nullable`1 ioBehavior, CancellationToken cancellationToken) in /_/src/MySqlConnector/MySqlConnection.cs:line 915
   at MySqlConnector.MySqlConnection.OpenAsync(Nullable`1 ioBehavior, CancellationToken cancellationToken) in /_/src/MySqlConnector/MySqlConnection.cs:line 406
   at Microsoft.EntityFrameworkCore.Storage.RelationalConnection.OpenInternalAsync(Boolean errorsExpected, CancellationToken cancellationToken)
   at Microsoft.EntityFrameworkCore.Storage.RelationalConnection.OpenInternalAsync(Boolean errorsExpected, CancellationToken cancellationToken)
   at Microsoft.EntityFrameworkCore.Storage.RelationalConnection.OpenAsync(CancellationToken cancellationToken, Boolean errorsExpected)
   at Pomelo.EntityFrameworkCore.MySql.Storage.Internal.MySqlRelationalConnection.OpenAsync(CancellationToken cancellationToken, Boolean errorsExpected)
   at Microsoft.EntityFrameworkCore.Storage.RelationalCommand.ExecuteReaderAsync(RelationalCommandParameterObject parameterObject, CancellationToken cancellationToken)
   at Microsoft.EntityFrameworkCore.Query.Internal.SingleQueryingEnumerable`1.AsyncEnumerator.InitializeReaderAsync(AsyncEnumerator enumerator, CancellationToken cancellationToken)
   at Pomelo.EntityFrameworkCore.MySql.Storage.Internal.MySqlExecutionStrategy.ExecuteAsync[TState,TResult](TState state, Func`4 operation, Func`4 verifySucceeded, CancellationToken cancellationToken)
   --- End of inner exception stack trace ---
   at Pomelo.EntityFrameworkCore.MySql.Storage.Internal.MySqlExecutionStrategy.ExecuteAsync[TState,TResult](TState state, Func`4 operation, Func`4 verifySucceeded, CancellationToken cancellationToken)
   at Microsoft.EntityFrameworkCore.Query.Internal.SingleQueryingEnumerable`1.AsyncEnumerator.MoveNextAsync()
[2023-10-05 10:14:27.379 -06:00 INF] Executed action API.Controllers.UsuarioController.GetTokenAsync (API) in 2855.1953ms
[2023-10-05 10:14:27.384 -06:00 INF] Executed endpoint 'API.Controllers.UsuarioController.GetTokenAsync (API)'
[2023-10-05 10:14:27.642 -06:00 ERR] An exception has been raised that is likely due to a transient failure. Consider enabling transient error resiliency by adding 'EnableRetryOnFailure()' to the 'UseMySql' call.
System.InvalidOperationException: An exception has been raised that is likely due to a transient failure. Consider enabling transient error resiliency by adding 'EnableRetryOnFailure()' to the 'UseMySql' call.
 ---> MySqlConnector.MySqlException (0x80004005): Unable to connect to any of the specified MySQL hosts.
   at MySqlConnector.Core.ServerSession.ConnectAsync(ConnectionSettings cs, MySqlConnection connection, Int32 startTickCount, ILoadBalancer loadBalancer, IOBehavior ioBehavior, CancellationToken cancellationToken) in /_/src/MySqlConnector/Core/ServerSession.cs:line 433
   at MySqlConnector.Core.ConnectionPool.ConnectSessionAsync(MySqlConnection connection, String logMessage, Int32 startTickCount, IOBehavior ioBehavior, CancellationToken cancellationToken) in /_/src/MySqlConnector/Core/ConnectionPool.cs:line 363
   at MySqlConnector.Core.ConnectionPool.GetSessionAsync(MySqlConnection connection, Int32 startTickCount, IOBehavior ioBehavior, CancellationToken cancellationToken) in /_/src/MySqlConnector/Core/ConnectionPool.cs:line 94
   at MySqlConnector.Core.ConnectionPool.GetSessionAsync(MySqlConnection connection, Int32 startTickCount, IOBehavior ioBehavior, CancellationToken cancellationToken) in /_/src/MySqlConnector/Core/ConnectionPool.cs:line 124
   at MySqlConnector.MySqlConnection.CreateSessionAsync(ConnectionPool pool, Int32 startTickCount, Nullable`1 ioBehavior, CancellationToken cancellationToken) in /_/src/MySqlConnector/MySqlConnection.cs:line 915
   at MySqlConnector.MySqlConnection.OpenAsync(Nullable`1 ioBehavior, CancellationToken cancellationToken) in /_/src/MySqlConnector/MySqlConnection.cs:line 406
   at Microsoft.EntityFrameworkCore.Storage.RelationalConnection.OpenInternalAsync(Boolean errorsExpected, CancellationToken cancellationToken)
   at Microsoft.EntityFrameworkCore.Storage.RelationalConnection.OpenInternalAsync(Boolean errorsExpected, CancellationToken cancellationToken)
   at Microsoft.EntityFrameworkCore.Storage.RelationalConnection.OpenAsync(CancellationToken cancellationToken, Boolean errorsExpected)
   at Pomelo.EntityFrameworkCore.MySql.Storage.Internal.MySqlRelationalConnection.OpenAsync(CancellationToken cancellationToken, Boolean errorsExpected)
   at Microsoft.EntityFrameworkCore.Storage.RelationalCommand.ExecuteReaderAsync(RelationalCommandParameterObject parameterObject, CancellationToken cancellationToken)
   at Microsoft.EntityFrameworkCore.Query.Internal.SingleQueryingEnumerable`1.AsyncEnumerator.InitializeReaderAsync(AsyncEnumerator enumerator, CancellationToken cancellationToken)
   at Pomelo.EntityFrameworkCore.MySql.Storage.Internal.MySqlExecutionStrategy.ExecuteAsync[TState,TResult](TState state, Func`4 operation, Func`4 verifySucceeded, CancellationToken cancellationToken)
   --- End of inner exception stack trace ---
   at Pomelo.EntityFrameworkCore.MySql.Storage.Internal.MySqlExecutionStrategy.ExecuteAsync[TState,TResult](TState state, Func`4 operation, Func`4 verifySucceeded, CancellationToken cancellationToken)
   at Microsoft.EntityFrameworkCore.Query.Internal.SingleQueryingEnumerable`1.AsyncEnumerator.MoveNextAsync()
   at Microsoft.EntityFrameworkCore.Query.ShapedQueryCompilingExpressionVisitor.SingleOrDefaultAsync[TSource](IAsyncEnumerable`1 asyncEnumerable, CancellationToken cancellationToken)
   at Microsoft.EntityFrameworkCore.Query.ShapedQueryCompilingExpressionVisitor.SingleOrDefaultAsync[TSource](IAsyncEnumerable`1 asyncEnumerable, CancellationToken cancellationToken)
   at Infrastructure.Repositories.UsuarioRepository.GetByUserNameAsync(String userName) in D:\10CUATRIMESTRE\HECTOR\Backend\inventario\Infrastructure\Repositories\UsuarioRepository.cs:line 29
   at API.Services.UserServices.GetTokenAsync(LoginDto model) in D:\10CUATRIMESTRE\HECTOR\Backend\inventario\API\Services\UserServices.cs:line 130
   at API.Controllers.UsuarioController.GetTokenAsync(LoginDto model) in D:\10CUATRIMESTRE\HECTOR\Backend\inventario\API\Controllers\UsuarioController.cs:line 28
   at Microsoft.AspNetCore.Mvc.Infrastructure.ActionMethodExecutor.TaskOfIActionResultExecutor.Execute(IActionResultTypeMapper mapper, ObjectMethodExecutor executor, Object controller, Object[] arguments)
   at Microsoft.AspNetCore.Mvc.Infrastructure.ControllerActionInvoker.<InvokeActionMethodAsync>g__Awaited|12_0(ControllerActionInvoker invoker, ValueTask`1 actionResultValueTask)
   at Microsoft.AspNetCore.Mvc.Infrastructure.ControllerActionInvoker.<InvokeNextActionFilterAsync>g__Awaited|10_0(ControllerActionInvoker invoker, Task lastTask, State next, Scope scope, Object state, Boolean isCompleted)
   at Microsoft.AspNetCore.Mvc.Infrastructure.ControllerActionInvoker.Rethrow(ActionExecutedContextSealed context)
   at Microsoft.AspNetCore.Mvc.Infrastructure.ControllerActionInvoker.Next(State& next, Scope& scope, Object& state, Boolean& isCompleted)
   at Microsoft.AspNetCore.Mvc.Infrastructure.ControllerActionInvoker.<InvokeInnerFilterAsync>g__Awaited|13_0(ControllerActionInvoker invoker, Task lastTask, State next, Scope scope, Object state, Boolean isCompleted)
   at Microsoft.AspNetCore.Mvc.Infrastructure.ResourceInvoker.<InvokeFilterPipelineAsync>g__Awaited|20_0(ResourceInvoker invoker, Task lastTask, State next, Scope scope, Object state, Boolean isCompleted)
   at Microsoft.AspNetCore.Mvc.Infrastructure.ResourceInvoker.<InvokeAsync>g__Logged|17_1(ResourceInvoker invoker)
   at Microsoft.AspNetCore.Mvc.Infrastructure.ResourceInvoker.<InvokeAsync>g__Logged|17_1(ResourceInvoker invoker)
   at Microsoft.AspNetCore.Routing.EndpointMiddleware.<Invoke>g__AwaitRequestTask|6_0(Endpoint endpoint, Task requestTask, ILogger logger)
   at Microsoft.AspNetCore.Authorization.AuthorizationMiddleware.Invoke(HttpContext context)
   at Microsoft.AspNetCore.Authorization.AuthorizationMiddleware.Invoke(HttpContext context)
   at Microsoft.AspNetCore.Authentication.AuthenticationMiddleware.Invoke(HttpContext context)
   at Swashbuckle.AspNetCore.SwaggerUI.SwaggerUIMiddleware.Invoke(HttpContext httpContext)
   at Swashbuckle.AspNetCore.Swagger.SwaggerMiddleware.Invoke(HttpContext httpContext, ISwaggerProvider swaggerProvider)
   at AspNetCoreRateLimit.RateLimitMiddleware`1.Invoke(HttpContext context) in C:\Users\User\Documents\Github\AspNetCoreRateLimit\src\AspNetCoreRateLimit\Middleware\RateLimitMiddleware.cs:line 124
   at API.Helpers.Errors.ExceptionMiddleware.InvokeAsync(HttpContext context) in D:\10CUATRIMESTRE\HECTOR\Backend\inventario\API\Helpers\Errors\ExceptionMiddleware.cs:line 23
[2023-10-05 10:14:27.673 -06:00 INF] Request finished HTTP/1.1 POST https://localhost:5001/api/usuario/token application/json 58 - 500 - application/json 3687.2724ms
