[2023-10-16 16:26:42.648 -06:00 INF] Entity Framework Core 6.0.4 initialized 'InventarioContext' using provider 'Pomelo.EntityFrameworkCore.MySql:6.0.1' with options: ServerVersion 8.0.28-mysql 
[2023-10-16 16:26:43.205 -06:00 INF] Executed DbCommand (26ms) [Parameters=[], CommandType='"Text"', CommandTimeout='30']
SELECT 1 FROM INFORMATION_SCHEMA.TABLES WHERE TABLE_SCHEMA='inventarioRopa' AND TABLE_NAME='__EFMigrationsHistory';
[2023-10-16 16:26:43.252 -06:00 INF] Executed DbCommand (4ms) [Parameters=[], CommandType='"Text"', CommandTimeout='30']
SELECT 1 FROM INFORMATION_SCHEMA.TABLES WHERE TABLE_SCHEMA='inventarioRopa' AND TABLE_NAME='__EFMigrationsHistory';
[2023-10-16 16:26:43.301 -06:00 INF] Executed DbCommand (18ms) [Parameters=[], CommandType='"Text"', CommandTimeout='30']
SELECT `MigrationId`, `ProductVersion`
FROM `__EFMigrationsHistory`
ORDER BY `MigrationId`;
[2023-10-16 16:26:43.335 -06:00 INF] No migrations were applied. The database is already up to date.
[2023-10-16 16:26:43.649 -06:00 INF] Executed DbCommand (7ms) [Parameters=[], CommandType='"Text"', CommandTimeout='30']
SELECT EXISTS (
    SELECT 1
    FROM `Rol` AS `r`)
[2023-10-16 16:26:43.842 -06:00 INF] User profile is available. Using 'C:\Users\Rodrigo Tellez\AppData\Local\ASP.NET\DataProtection-Keys' as key repository and Windows DPAPI to encrypt keys at rest.
[2023-10-16 16:26:44.019 -06:00 INF] Now listening on: https://192.168.137.24:5001
[2023-10-16 16:26:44.019 -06:00 INF] Now listening on: http://192.168.137.24:5000
[2023-10-16 16:26:44.024 -06:00 INF] Application started. Press Ctrl+C to shut down.
[2023-10-16 16:26:44.024 -06:00 INF] Hosting environment: Development
[2023-10-16 16:26:44.024 -06:00 INF] Content root path: D:\10CUATRIMESTRE\HECTOR\Backend\inventario\API\
[2023-10-16 16:28:03.344 -06:00 INF] Request starting HTTP/1.1 POST http://192.168.137.24:5000/api/usuario/register application/json 147
[2023-10-16 16:28:04.998 -06:00 INF] Failed to validate the token.
Microsoft.IdentityModel.Tokens.SecurityTokenExpiredException: IDX10223: Lifetime validation failed. The token is expired. ValidTo: '13/10/2023 04:20:28 p. m.', Current time: '16/10/2023 10:28:04 p. m.'.
   at Microsoft.IdentityModel.Tokens.Validators.ValidateLifetime(Nullable`1 notBefore, Nullable`1 expires, SecurityToken securityToken, TokenValidationParameters validationParameters)
   at System.IdentityModel.Tokens.Jwt.JwtSecurityTokenHandler.ValidateLifetime(Nullable`1 notBefore, Nullable`1 expires, JwtSecurityToken jwtToken, TokenValidationParameters validationParameters)
   at System.IdentityModel.Tokens.Jwt.JwtSecurityTokenHandler.ValidateTokenPayload(JwtSecurityToken jwtToken, TokenValidationParameters validationParameters, BaseConfiguration configuration)
   at System.IdentityModel.Tokens.Jwt.JwtSecurityTokenHandler.ValidateJWS(String token, TokenValidationParameters validationParameters, BaseConfiguration currentConfiguration, SecurityToken& signatureValidatedToken, ExceptionDispatchInfo& exceptionThrown)
--- End of stack trace from previous location ---
   at System.IdentityModel.Tokens.Jwt.JwtSecurityTokenHandler.ValidateToken(String token, JwtSecurityToken outerToken, TokenValidationParameters validationParameters, SecurityToken& signatureValidatedToken)
   at System.IdentityModel.Tokens.Jwt.JwtSecurityTokenHandler.ValidateToken(String token, TokenValidationParameters validationParameters, SecurityToken& validatedToken)
   at Microsoft.AspNetCore.Authentication.JwtBearer.JwtBearerHandler.HandleAuthenticateAsync()
[2023-10-16 16:28:05.079 -06:00 INF] Bearer was not authenticated. Failure message: IDX10223: Lifetime validation failed. The token is expired. ValidTo: '13/10/2023 04:20:28 p. m.', Current time: '16/10/2023 10:28:04 p. m.'.
[2023-10-16 16:28:05.086 -06:00 INF] Executing endpoint 'API.Controllers.UsuarioController.RegisterAsync (API)'
[2023-10-16 16:28:05.128 -06:00 INF] Route matched with {action = "Register", controller = "Usuario"}. Executing controller action with signature System.Threading.Tasks.Task`1[Microsoft.AspNetCore.Mvc.ActionResult] RegisterAsync(API.Dtos.RegisterDto) on controller API.Controllers.UsuarioController (API).
[2023-10-16 16:28:05.417 -06:00 INF] Entity Framework Core 6.0.4 initialized 'InventarioContext' using provider 'Pomelo.EntityFrameworkCore.MySql:6.0.1' with options: ServerVersion 8.0.28-mysql 
[2023-10-16 16:28:05.687 -06:00 INF] Executed DbCommand (34ms) [Parameters=[@__ToLower_0='?' (Size = 255)], CommandType='"Text"', CommandTimeout='30']
SELECT `u`.`ID`, `u`.`Apellido`, `u`.`CorreoElectronico`, `u`.`Nom_user`, `u`.`Password`
FROM `Usuario` AS `u`
WHERE LOWER(`u`.`Nom_user`) = @__ToLower_0
[2023-10-16 16:28:05.702 -06:00 INF] Executed DbCommand (2ms) [Parameters=[], CommandType='"Text"', CommandTimeout='30']
SELECT `r`.`ID`, `r`.`Nombre`
FROM `Rol` AS `r`
WHERE `r`.`Nombre` = 'Empleado'
[2023-10-16 16:28:06.082 -06:00 INF] Executed DbCommand (4ms) [Parameters=[@p0='?' (Size = 255), @p1='?' (Size = 255), @p2='?' (Size = 255), @p3='?' (Size = 255)], CommandType='"Text"', CommandTimeout='30']
INSERT INTO `Usuario` (`Apellido`, `CorreoElectronico`, `Nom_user`, `Password`)
VALUES (@p0, @p1, @p2, @p3);
SELECT `ID`
FROM `Usuario`
WHERE ROW_COUNT() = 1 AND `ID` = LAST_INSERT_ID();
[2023-10-16 16:28:06.134 -06:00 INF] Executed DbCommand (10ms) [Parameters=[@p4='?' (DbType = Int32), @p5='?' (DbType = Int32)], CommandType='"Text"', CommandTimeout='30']
INSERT INTO `UsuarioRoles` (`RolId`, `UsuarioId`)
VALUES (@p4, @p5);
[2023-10-16 16:28:06.178 -06:00 INF] Executing OkObjectResult, writing value of type 'System.String'.
[2023-10-16 16:28:06.201 -06:00 INF] Executed action API.Controllers.UsuarioController.RegisterAsync (API) in 1062.9615ms
[2023-10-16 16:28:06.202 -06:00 INF] Executed endpoint 'API.Controllers.UsuarioController.RegisterAsync (API)'
[2023-10-16 16:28:06.210 -06:00 INF] Request finished HTTP/1.1 POST http://192.168.137.24:5000/api/usuario/register application/json 147 - 200 - text/plain;+charset=utf-8 2870.7209ms
[2023-10-16 16:28:46.952 -06:00 INF] Application is shutting down...
[2023-10-16 16:32:52.529 -06:00 INF] Entity Framework Core 6.0.4 initialized 'InventarioContext' using provider 'Pomelo.EntityFrameworkCore.MySql:6.0.1' with options: ServerVersion 8.0.28-mysql 
[2023-10-16 16:32:53.263 -06:00 INF] Executed DbCommand (27ms) [Parameters=[], CommandType='"Text"', CommandTimeout='30']
SELECT 1 FROM INFORMATION_SCHEMA.TABLES WHERE TABLE_SCHEMA='inventarioRopa' AND TABLE_NAME='__EFMigrationsHistory';
[2023-10-16 16:32:53.327 -06:00 INF] Executed DbCommand (6ms) [Parameters=[], CommandType='"Text"', CommandTimeout='30']
SELECT 1 FROM INFORMATION_SCHEMA.TABLES WHERE TABLE_SCHEMA='inventarioRopa' AND TABLE_NAME='__EFMigrationsHistory';
[2023-10-16 16:32:53.390 -06:00 INF] Executed DbCommand (10ms) [Parameters=[], CommandType='"Text"', CommandTimeout='30']
SELECT `MigrationId`, `ProductVersion`
FROM `__EFMigrationsHistory`
ORDER BY `MigrationId`;
[2023-10-16 16:32:53.439 -06:00 INF] No migrations were applied. The database is already up to date.
[2023-10-16 16:32:53.813 -06:00 INF] Executed DbCommand (3ms) [Parameters=[], CommandType='"Text"', CommandTimeout='30']
SELECT EXISTS (
    SELECT 1
    FROM `Rol` AS `r`)
[2023-10-16 16:32:54.070 -06:00 INF] User profile is available. Using 'C:\Users\Rodrigo Tellez\AppData\Local\ASP.NET\DataProtection-Keys' as key repository and Windows DPAPI to encrypt keys at rest.
[2023-10-16 16:32:54.226 -06:00 INF] Now listening on: https://192.168.137.24:5001
[2023-10-16 16:32:54.226 -06:00 INF] Now listening on: http://192.168.137.24:5000
[2023-10-16 16:32:54.235 -06:00 INF] Application started. Press Ctrl+C to shut down.
[2023-10-16 16:32:54.235 -06:00 INF] Hosting environment: Development
[2023-10-16 16:32:54.235 -06:00 INF] Content root path: D:\10CUATRIMESTRE\HECTOR\Backend\inventario\API\
[2023-10-16 16:39:23.624 -06:00 INF] Application is shutting down...
[2023-10-16 17:02:55.760 -06:00 INF] Entity Framework Core 6.0.4 initialized 'InventarioContext' using provider 'Pomelo.EntityFrameworkCore.MySql:6.0.1' with options: ServerVersion 8.0.28-mysql 
[2023-10-16 17:02:58.016 -06:00 ERR] An error occurred using the connection to database '' on server '127.0.0.1'.
[2023-10-16 17:02:58.212 -06:00 ERR] Ocurrio un error durante la migración
System.InvalidOperationException: An exception has been raised that is likely due to a transient failure. Consider enabling transient error resiliency by adding 'EnableRetryOnFailure()' to the 'UseMySql' call.
 ---> MySqlConnector.MySqlException (0x80004005): Unable to connect to any of the specified MySQL hosts.
   at MySqlConnector.Core.ServerSession.ConnectAsync(ConnectionSettings cs, MySqlConnection connection, Int32 startTickCount, ILoadBalancer loadBalancer, IOBehavior ioBehavior, CancellationToken cancellationToken) in /_/src/MySqlConnector/Core/ServerSession.cs:line 433
   at MySqlConnector.MySqlConnection.CreateSessionAsync(ConnectionPool pool, Int32 startTickCount, Nullable`1 ioBehavior, CancellationToken cancellationToken) in /_/src/MySqlConnector/MySqlConnection.cs:line 926
   at MySqlConnector.MySqlConnection.OpenAsync(Nullable`1 ioBehavior, CancellationToken cancellationToken) in /_/src/MySqlConnector/MySqlConnection.cs:line 406
   at Microsoft.EntityFrameworkCore.Storage.RelationalConnection.OpenInternalAsync(Boolean errorsExpected, CancellationToken cancellationToken)
   at Microsoft.EntityFrameworkCore.Storage.RelationalConnection.OpenInternalAsync(Boolean errorsExpected, CancellationToken cancellationToken)
   at Microsoft.EntityFrameworkCore.Storage.RelationalConnection.OpenAsync(CancellationToken cancellationToken, Boolean errorsExpected)
   at Pomelo.EntityFrameworkCore.MySql.Storage.Internal.MySqlRelationalConnection.OpenAsync(CancellationToken cancellationToken, Boolean errorsExpected)
   at Pomelo.EntityFrameworkCore.MySql.Storage.Internal.MySqlDatabaseCreator.<>c__DisplayClass20_0.<<ExistsAsync>b__0>d.MoveNext()
--- End of stack trace from previous location ---
   at Pomelo.EntityFrameworkCore.MySql.Storage.Internal.MySqlDatabaseCreator.<>c__DisplayClass20_0.<<ExistsAsync>b__0>d.MoveNext()
--- End of stack trace from previous location ---
   at Pomelo.EntityFrameworkCore.MySql.Storage.Internal.MySqlDatabaseCreator.<>c__DisplayClass20_0.<<ExistsAsync>b__0>d.MoveNext()
--- End of stack trace from previous location ---
   at Pomelo.EntityFrameworkCore.MySql.Storage.Internal.MySqlExecutionStrategy.ExecuteAsync[TState,TResult](TState state, Func`4 operation, Func`4 verifySucceeded, CancellationToken cancellationToken)
   --- End of inner exception stack trace ---
   at Pomelo.EntityFrameworkCore.MySql.Storage.Internal.MySqlExecutionStrategy.ExecuteAsync[TState,TResult](TState state, Func`4 operation, Func`4 verifySucceeded, CancellationToken cancellationToken)
   at Microsoft.EntityFrameworkCore.Migrations.HistoryRepository.ExistsAsync(CancellationToken cancellationToken)
   at Microsoft.EntityFrameworkCore.Migrations.Internal.Migrator.MigrateAsync(String targetMigration, CancellationToken cancellationToken)
   at Program.<Main>$(String[] args) in D:\10CUATRIMESTRE\HECTOR\Backend\inventario\API\Program.cs:line 76
[2023-10-16 17:02:58.434 -06:00 INF] User profile is available. Using 'C:\Users\Rodrigo Tellez\AppData\Local\ASP.NET\DataProtection-Keys' as key repository and Windows DPAPI to encrypt keys at rest.
[2023-10-16 17:02:58.682 -06:00 INF] Now listening on: https://192.168.137.24:5001
[2023-10-16 17:02:58.682 -06:00 INF] Now listening on: http://192.168.137.24:5000
[2023-10-16 17:02:58.682 -06:00 INF] Application started. Press Ctrl+C to shut down.
[2023-10-16 17:02:58.683 -06:00 INF] Hosting environment: Development
[2023-10-16 17:02:58.683 -06:00 INF] Content root path: D:\10CUATRIMESTRE\HECTOR\Backend\inventario\API\
[2023-10-16 22:09:57.498 -06:00 INF] Entity Framework Core 6.0.4 initialized 'InventarioContext' using provider 'Pomelo.EntityFrameworkCore.MySql:6.0.1' with options: ServerVersion 8.0.28-mysql 
[2023-10-16 22:09:57.978 -06:00 INF] Executed DbCommand (21ms) [Parameters=[], CommandType='"Text"', CommandTimeout='30']
SELECT 1 FROM INFORMATION_SCHEMA.TABLES WHERE TABLE_SCHEMA='inventarioRopa' AND TABLE_NAME='__EFMigrationsHistory';
[2023-10-16 22:09:58.018 -06:00 INF] Executed DbCommand (3ms) [Parameters=[], CommandType='"Text"', CommandTimeout='30']
SELECT 1 FROM INFORMATION_SCHEMA.TABLES WHERE TABLE_SCHEMA='inventarioRopa' AND TABLE_NAME='__EFMigrationsHistory';
[2023-10-16 22:09:58.059 -06:00 INF] Executed DbCommand (15ms) [Parameters=[], CommandType='"Text"', CommandTimeout='30']
SELECT `MigrationId`, `ProductVersion`
FROM `__EFMigrationsHistory`
ORDER BY `MigrationId`;
[2023-10-16 22:09:58.082 -06:00 INF] No migrations were applied. The database is already up to date.
[2023-10-16 22:09:58.341 -06:00 INF] Executed DbCommand (9ms) [Parameters=[], CommandType='"Text"', CommandTimeout='30']
SELECT EXISTS (
    SELECT 1
    FROM `Rol` AS `r`)
[2023-10-16 22:09:58.482 -06:00 INF] User profile is available. Using 'C:\Users\Rodrigo Tellez\AppData\Local\ASP.NET\DataProtection-Keys' as key repository and Windows DPAPI to encrypt keys at rest.
[2023-10-16 22:09:58.626 -06:00 INF] Now listening on: https://localhost:5001
[2023-10-16 22:09:58.626 -06:00 INF] Now listening on: http://localhost:5000
[2023-10-16 22:09:58.631 -06:00 INF] Application started. Press Ctrl+C to shut down.
[2023-10-16 22:09:58.632 -06:00 INF] Hosting environment: Development
[2023-10-16 22:09:58.632 -06:00 INF] Content root path: D:\10CUATRIMESTRE\HECTOR\Backend\inventario\API\
[2023-10-16 22:11:17.331 -06:00 INF] Request starting HTTP/1.1 POST https://localhost:5001/api/usuario/token application/json 58
[2023-10-16 22:11:19.308 -06:00 INF] Failed to validate the token.
Microsoft.IdentityModel.Tokens.SecurityTokenExpiredException: IDX10223: Lifetime validation failed. The token is expired. ValidTo: '13/10/2023 04:20:28 p. m.', Current time: '17/10/2023 04:11:19 a. m.'.
   at Microsoft.IdentityModel.Tokens.Validators.ValidateLifetime(Nullable`1 notBefore, Nullable`1 expires, SecurityToken securityToken, TokenValidationParameters validationParameters)
   at System.IdentityModel.Tokens.Jwt.JwtSecurityTokenHandler.ValidateLifetime(Nullable`1 notBefore, Nullable`1 expires, JwtSecurityToken jwtToken, TokenValidationParameters validationParameters)
   at System.IdentityModel.Tokens.Jwt.JwtSecurityTokenHandler.ValidateTokenPayload(JwtSecurityToken jwtToken, TokenValidationParameters validationParameters, BaseConfiguration configuration)
   at System.IdentityModel.Tokens.Jwt.JwtSecurityTokenHandler.ValidateJWS(String token, TokenValidationParameters validationParameters, BaseConfiguration currentConfiguration, SecurityToken& signatureValidatedToken, ExceptionDispatchInfo& exceptionThrown)
--- End of stack trace from previous location ---
   at System.IdentityModel.Tokens.Jwt.JwtSecurityTokenHandler.ValidateToken(String token, JwtSecurityToken outerToken, TokenValidationParameters validationParameters, SecurityToken& signatureValidatedToken)
   at System.IdentityModel.Tokens.Jwt.JwtSecurityTokenHandler.ValidateToken(String token, TokenValidationParameters validationParameters, SecurityToken& validatedToken)
   at Microsoft.AspNetCore.Authentication.JwtBearer.JwtBearerHandler.HandleAuthenticateAsync()
[2023-10-16 22:11:19.461 -06:00 INF] Bearer was not authenticated. Failure message: IDX10223: Lifetime validation failed. The token is expired. ValidTo: '13/10/2023 04:20:28 p. m.', Current time: '17/10/2023 04:11:19 a. m.'.
[2023-10-16 22:11:19.474 -06:00 INF] Executing endpoint 'API.Controllers.UsuarioController.GetTokenAsync (API)'
[2023-10-16 22:11:19.525 -06:00 INF] Route matched with {action = "GetToken", controller = "Usuario"}. Executing controller action with signature System.Threading.Tasks.Task`1[Microsoft.AspNetCore.Mvc.IActionResult] GetTokenAsync(API.Dtos.LoginDto) on controller API.Controllers.UsuarioController (API).
[2023-10-16 22:11:19.974 -06:00 INF] Entity Framework Core 6.0.4 initialized 'InventarioContext' using provider 'Pomelo.EntityFrameworkCore.MySql:6.0.1' with options: ServerVersion 8.0.28-mysql 
[2023-10-16 22:11:20.340 -06:00 WRN] Compiling a query which loads related collections for more than one collection navigation, either via 'Include' or through projection, but no 'QuerySplittingBehavior' has been configured. By default, Entity Framework will use 'QuerySplittingBehavior.SingleQuery', which can potentially result in slow query performance. See https://go.microsoft.com/fwlink/?linkid=2134277 for more information. To identify the query that's triggering this warning call 'ConfigureWarnings(w => w.Throw(RelationalEventId.MultipleCollectionIncludeWarning))'.
[2023-10-16 22:11:20.462 -06:00 INF] Executed DbCommand (52ms) [Parameters=[@__ToLower_0='?' (Size = 255)], CommandType='"Text"', CommandTimeout='30']
SELECT `t`.`ID`, `t`.`Apellido`, `t`.`CorreoElectronico`, `t`.`Nom_user`, `t`.`Password`, `t0`.`UsuarioId`, `t0`.`RolId`, `t0`.`ID`, `t0`.`Nombre`, `r0`.`ID`, `r0`.`Created`, `r0`.`Expires`, `r0`.`Revoked`, `r0`.`Token`, `r0`.`UsuarioId`
FROM (
    SELECT `u`.`ID`, `u`.`Apellido`, `u`.`CorreoElectronico`, `u`.`Nom_user`, `u`.`Password`
    FROM `Usuario` AS `u`
    WHERE LOWER(`u`.`Nom_user`) = @__ToLower_0
    LIMIT 1
) AS `t`
LEFT JOIN (
    SELECT `u0`.`UsuarioId`, `u0`.`RolId`, `r`.`ID`, `r`.`Nombre`
    FROM `UsuarioRoles` AS `u0`
    INNER JOIN `Rol` AS `r` ON `u0`.`RolId` = `r`.`ID`
) AS `t0` ON `t`.`ID` = `t0`.`UsuarioId`
LEFT JOIN `RefreshToken` AS `r0` ON `t`.`ID` = `r0`.`UsuarioId`
ORDER BY `t`.`ID`, `t0`.`UsuarioId`, `t0`.`RolId`, `t0`.`ID`
[2023-10-16 22:11:20.714 -06:00 INF] Executing OkObjectResult, writing value of type '<>f__AnonymousType2`3[[System.String, System.Private.CoreLib, Version=6.0.0.0, Culture=neutral, PublicKeyToken=7cec85d7bea7798e],[System.Boolean, System.Private.CoreLib, Version=6.0.0.0, Culture=neutral, PublicKeyToken=7cec85d7bea7798e],[API.Dtos.DatosUsuarioDto, API, Version=1.0.0.0, Culture=neutral, PublicKeyToken=null]]'.
[2023-10-16 22:11:20.763 -06:00 INF] Executed action API.Controllers.UsuarioController.GetTokenAsync (API) in 1231.1461ms
[2023-10-16 22:11:20.764 -06:00 INF] Executed endpoint 'API.Controllers.UsuarioController.GetTokenAsync (API)'
[2023-10-16 22:11:20.773 -06:00 INF] Request finished HTTP/1.1 POST https://localhost:5001/api/usuario/token application/json 58 - 200 - application/json;+charset=utf-8 3447.2601ms
[2023-10-16 22:12:15.248 -06:00 INF] Request starting HTTP/1.1 GET https://localhost:5001/api/proveedor?pageSize=5&pageIndex=1&search= - -
[2023-10-16 22:12:15.260 -06:00 INF] Bearer was not authenticated. Failure message: No SecurityTokenValidator available for token.
[2023-10-16 22:12:15.268 -06:00 INF] Authorization failed. These requirements were not met:
DenyAnonymousAuthorizationRequirement: Requires an authenticated user.
[2023-10-16 22:12:15.277 -06:00 INF] AuthenticationScheme: Bearer was challenged.
[2023-10-16 22:12:15.282 -06:00 INF] Bearer was not authenticated. Failure message: No SecurityTokenValidator available for token.
[2023-10-16 22:12:15.283 -06:00 INF] Request finished HTTP/1.1 GET https://localhost:5001/api/proveedor?pageSize=5&pageIndex=1&search= - - - 404 0 - 35.1350ms
[2023-10-16 22:12:25.926 -06:00 INF] Request starting HTTP/1.1 POST https://localhost:5001/api/usuario/refresh-token - 0
[2023-10-16 22:12:25.929 -06:00 INF] Bearer was not authenticated. Failure message: No SecurityTokenValidator available for token.
[2023-10-16 22:12:25.929 -06:00 INF] Executing endpoint 'API.Controllers.UsuarioController.RefreshToken (API)'
[2023-10-16 22:12:25.934 -06:00 INF] Route matched with {action = "RefreshToken", controller = "Usuario"}. Executing controller action with signature System.Threading.Tasks.Task`1[Microsoft.AspNetCore.Mvc.IActionResult] RefreshToken() on controller API.Controllers.UsuarioController (API).
[2023-10-16 22:12:26.024 -06:00 INF] Entity Framework Core 6.0.4 initialized 'InventarioContext' using provider 'Pomelo.EntityFrameworkCore.MySql:6.0.1' with options: ServerVersion 8.0.28-mysql 
[2023-10-16 22:12:26.060 -06:00 WRN] Compiling a query which loads related collections for more than one collection navigation, either via 'Include' or through projection, but no 'QuerySplittingBehavior' has been configured. By default, Entity Framework will use 'QuerySplittingBehavior.SingleQuery', which can potentially result in slow query performance. See https://go.microsoft.com/fwlink/?linkid=2134277 for more information. To identify the query that's triggering this warning call 'ConfigureWarnings(w => w.Throw(RelationalEventId.MultipleCollectionIncludeWarning))'.
[2023-10-16 22:12:26.077 -06:00 INF] Executed DbCommand (4ms) [Parameters=[@__refreshToken_0='?' (Size = 4000)], CommandType='"Text"', CommandTimeout='30']
SELECT `t`.`ID`, `t`.`Apellido`, `t`.`CorreoElectronico`, `t`.`Nom_user`, `t`.`Password`, `t0`.`UsuarioId`, `t0`.`RolId`, `t0`.`ID`, `t0`.`Nombre`, `r1`.`ID`, `r1`.`Created`, `r1`.`Expires`, `r1`.`Revoked`, `r1`.`Token`, `r1`.`UsuarioId`
FROM (
    SELECT `u`.`ID`, `u`.`Apellido`, `u`.`CorreoElectronico`, `u`.`Nom_user`, `u`.`Password`
    FROM `Usuario` AS `u`
    WHERE EXISTS (
        SELECT 1
        FROM `RefreshToken` AS `r`
        WHERE (`u`.`ID` = `r`.`UsuarioId`) AND (`r`.`Token` = @__refreshToken_0))
    LIMIT 1
) AS `t`
LEFT JOIN (
    SELECT `u0`.`UsuarioId`, `u0`.`RolId`, `r0`.`ID`, `r0`.`Nombre`
    FROM `UsuarioRoles` AS `u0`
    INNER JOIN `Rol` AS `r0` ON `u0`.`RolId` = `r0`.`ID`
) AS `t0` ON `t`.`ID` = `t0`.`UsuarioId`
LEFT JOIN `RefreshToken` AS `r1` ON `t`.`ID` = `r1`.`UsuarioId`
ORDER BY `t`.`ID`, `t0`.`UsuarioId`, `t0`.`RolId`, `t0`.`ID`
[2023-10-16 22:12:26.410 -06:00 INF] Executed DbCommand (7ms) [Parameters=[@p1='?' (DbType = Int32), @p0='?' (DbType = DateTime)], CommandType='"Text"', CommandTimeout='30']
UPDATE `RefreshToken` SET `Revoked` = @p0
WHERE `ID` = @p1;
SELECT ROW_COUNT();
[2023-10-16 22:12:26.431 -06:00 INF] Executed DbCommand (3ms) [Parameters=[@p0='?' (DbType = DateTime), @p1='?' (DbType = DateTime), @p2='?' (DbType = DateTime), @p3='?' (Size = 4000), @p4='?' (DbType = Int32)], CommandType='"Text"', CommandTimeout='30']
INSERT INTO `RefreshToken` (`Created`, `Expires`, `Revoked`, `Token`, `UsuarioId`)
VALUES (@p0, @p1, @p2, @p3, @p4);
SELECT `ID`
FROM `RefreshToken`
WHERE ROW_COUNT() = 1 AND `ID` = LAST_INSERT_ID();
[2023-10-16 22:12:26.465 -06:00 INF] Executed DbCommand (3ms) [Parameters=[@p4='?' (DbType = Int32), @p0='?' (Size = 255), @p1='?' (Size = 255), @p2='?' (Size = 255), @p3='?' (Size = 255)], CommandType='"Text"', CommandTimeout='30']
UPDATE `Usuario` SET `Apellido` = @p0, `CorreoElectronico` = @p1, `Nom_user` = @p2, `Password` = @p3
WHERE `ID` = @p4;
SELECT ROW_COUNT();
[2023-10-16 22:12:26.530 -06:00 INF] Executing OkObjectResult, writing value of type '<>f__AnonymousType2`3[[System.String, System.Private.CoreLib, Version=6.0.0.0, Culture=neutral, PublicKeyToken=7cec85d7bea7798e],[System.Boolean, System.Private.CoreLib, Version=6.0.0.0, Culture=neutral, PublicKeyToken=7cec85d7bea7798e],[API.Dtos.DatosUsuarioDto, API, Version=1.0.0.0, Culture=neutral, PublicKeyToken=null]]'.
[2023-10-16 22:12:26.531 -06:00 INF] Executed action API.Controllers.UsuarioController.RefreshToken (API) in 597.0224ms
[2023-10-16 22:12:26.532 -06:00 INF] Executed endpoint 'API.Controllers.UsuarioController.RefreshToken (API)'
[2023-10-16 22:12:26.533 -06:00 INF] Request finished HTTP/1.1 POST https://localhost:5001/api/usuario/refresh-token - 0 - 200 - application/json;+charset=utf-8 606.8083ms
[2023-10-16 22:12:40.013 -06:00 INF] Request starting HTTP/1.1 GET https://localhost:5001/api/proveedor?pageSize=5&pageIndex=1&search= - -
[2023-10-16 22:12:40.014 -06:00 INF] Bearer was not authenticated. Failure message: No SecurityTokenValidator available for token.
[2023-10-16 22:12:40.014 -06:00 INF] Authorization failed. These requirements were not met:
DenyAnonymousAuthorizationRequirement: Requires an authenticated user.
[2023-10-16 22:12:40.015 -06:00 INF] AuthenticationScheme: Bearer was challenged.
[2023-10-16 22:12:40.016 -06:00 INF] Bearer was not authenticated. Failure message: No SecurityTokenValidator available for token.
[2023-10-16 22:12:40.017 -06:00 INF] Request finished HTTP/1.1 GET https://localhost:5001/api/proveedor?pageSize=5&pageIndex=1&search= - - - 404 0 - 3.5236ms
[2023-10-16 22:14:10.917 -06:00 INF] Entity Framework Core 6.0.4 initialized 'InventarioContext' using provider 'Pomelo.EntityFrameworkCore.MySql:6.0.1' with options: ServerVersion 8.0.28-mysql 
[2023-10-16 22:14:11.429 -06:00 INF] Executed DbCommand (22ms) [Parameters=[], CommandType='"Text"', CommandTimeout='30']
SELECT 1 FROM INFORMATION_SCHEMA.TABLES WHERE TABLE_SCHEMA='inventarioRopa' AND TABLE_NAME='__EFMigrationsHistory';
[2023-10-16 22:14:11.470 -06:00 INF] Executed DbCommand (3ms) [Parameters=[], CommandType='"Text"', CommandTimeout='30']
SELECT 1 FROM INFORMATION_SCHEMA.TABLES WHERE TABLE_SCHEMA='inventarioRopa' AND TABLE_NAME='__EFMigrationsHistory';
[2023-10-16 22:14:11.510 -06:00 INF] Executed DbCommand (7ms) [Parameters=[], CommandType='"Text"', CommandTimeout='30']
SELECT `MigrationId`, `ProductVersion`
FROM `__EFMigrationsHistory`
ORDER BY `MigrationId`;
[2023-10-16 22:14:11.539 -06:00 INF] No migrations were applied. The database is already up to date.
[2023-10-16 22:14:11.816 -06:00 INF] Executed DbCommand (3ms) [Parameters=[], CommandType='"Text"', CommandTimeout='30']
SELECT EXISTS (
    SELECT 1
    FROM `Rol` AS `r`)
[2023-10-16 22:14:11.983 -06:00 INF] User profile is available. Using 'C:\Users\Rodrigo Tellez\AppData\Local\ASP.NET\DataProtection-Keys' as key repository and Windows DPAPI to encrypt keys at rest.
[2023-10-16 22:14:12.097 -06:00 INF] Now listening on: https://localhost:5001
[2023-10-16 22:14:12.097 -06:00 INF] Now listening on: http://localhost:5000
[2023-10-16 22:14:12.107 -06:00 INF] Application started. Press Ctrl+C to shut down.
[2023-10-16 22:14:12.107 -06:00 INF] Hosting environment: Development
[2023-10-16 22:14:12.108 -06:00 INF] Content root path: D:\10CUATRIMESTRE\HECTOR\Backend\inventario\API\
[2023-10-16 22:14:19.673 -06:00 INF] Request starting HTTP/1.1 POST https://localhost:5001/api/usuario/token application/json 58
[2023-10-16 22:14:19.908 -06:00 INF] Bearer was not authenticated. Failure message: No SecurityTokenValidator available for token.
[2023-10-16 22:14:19.914 -06:00 INF] Executing endpoint 'API.Controllers.UsuarioController.GetTokenAsync (API)'
[2023-10-16 22:14:19.950 -06:00 INF] Route matched with {action = "GetToken", controller = "Usuario"}. Executing controller action with signature System.Threading.Tasks.Task`1[Microsoft.AspNetCore.Mvc.IActionResult] GetTokenAsync(API.Dtos.LoginDto) on controller API.Controllers.UsuarioController (API).
[2023-10-16 22:14:20.132 -06:00 INF] Entity Framework Core 6.0.4 initialized 'InventarioContext' using provider 'Pomelo.EntityFrameworkCore.MySql:6.0.1' with options: ServerVersion 8.0.28-mysql 
[2023-10-16 22:14:20.448 -06:00 WRN] Compiling a query which loads related collections for more than one collection navigation, either via 'Include' or through projection, but no 'QuerySplittingBehavior' has been configured. By default, Entity Framework will use 'QuerySplittingBehavior.SingleQuery', which can potentially result in slow query performance. See https://go.microsoft.com/fwlink/?linkid=2134277 for more information. To identify the query that's triggering this warning call 'ConfigureWarnings(w => w.Throw(RelationalEventId.MultipleCollectionIncludeWarning))'.
[2023-10-16 22:14:20.557 -06:00 INF] Executed DbCommand (30ms) [Parameters=[@__ToLower_0='?' (Size = 255)], CommandType='"Text"', CommandTimeout='30']
SELECT `t`.`ID`, `t`.`Apellido`, `t`.`CorreoElectronico`, `t`.`Nom_user`, `t`.`Password`, `t0`.`UsuarioId`, `t0`.`RolId`, `t0`.`ID`, `t0`.`Nombre`, `r0`.`ID`, `r0`.`Created`, `r0`.`Expires`, `r0`.`Revoked`, `r0`.`Token`, `r0`.`UsuarioId`
FROM (
    SELECT `u`.`ID`, `u`.`Apellido`, `u`.`CorreoElectronico`, `u`.`Nom_user`, `u`.`Password`
    FROM `Usuario` AS `u`
    WHERE LOWER(`u`.`Nom_user`) = @__ToLower_0
    LIMIT 1
) AS `t`
LEFT JOIN (
    SELECT `u0`.`UsuarioId`, `u0`.`RolId`, `r`.`ID`, `r`.`Nombre`
    FROM `UsuarioRoles` AS `u0`
    INNER JOIN `Rol` AS `r` ON `u0`.`RolId` = `r`.`ID`
) AS `t0` ON `t`.`ID` = `t0`.`UsuarioId`
LEFT JOIN `RefreshToken` AS `r0` ON `t`.`ID` = `r0`.`UsuarioId`
ORDER BY `t`.`ID`, `t0`.`UsuarioId`, `t0`.`RolId`, `t0`.`ID`
[2023-10-16 22:14:20.869 -06:00 INF] Executing OkObjectResult, writing value of type 'API.Dtos.DatosUsuarioDto'.
[2023-10-16 22:14:20.907 -06:00 INF] Executed action API.Controllers.UsuarioController.GetTokenAsync (API) in 946.4713ms
[2023-10-16 22:14:20.908 -06:00 INF] Executed endpoint 'API.Controllers.UsuarioController.GetTokenAsync (API)'
[2023-10-16 22:14:20.917 -06:00 INF] Request finished HTTP/1.1 POST https://localhost:5001/api/usuario/token application/json 58 - 200 - application/json;+charset=utf-8 1248.1805ms
[2023-10-16 22:14:40.656 -06:00 INF] Request starting HTTP/1.1 GET https://localhost:5001/api/proveedor?pageSize=5&pageIndex=1&search= - -
[2023-10-16 22:14:40.786 -06:00 INF] Executing endpoint 'API.Controllers.ProveedorController.GetProveedor (API)'
[2023-10-16 22:14:40.794 -06:00 INF] Route matched with {action = "GetProveedor", controller = "Proveedor"}. Executing controller action with signature System.Threading.Tasks.Task`1[Microsoft.AspNetCore.Mvc.ActionResult`1[API.Helpers.Pager`1[API.Dtos.CteProvDto]]] GetProveedor(API.Helpers.Params) on controller API.Controllers.ProveedorController (API).
[2023-10-16 22:14:40.885 -06:00 INF] Entity Framework Core 6.0.4 initialized 'InventarioContext' using provider 'Pomelo.EntityFrameworkCore.MySql:6.0.1' with options: ServerVersion 8.0.28-mysql 
[2023-10-16 22:14:40.926 -06:00 INF] Executed DbCommand (9ms) [Parameters=[], CommandType='"Text"', CommandTimeout='30']
SELECT COUNT(*)
FROM `Cte_prov` AS `c`
[2023-10-16 22:14:40.940 -06:00 WRN] The query uses a row limiting operator ('Skip'/'Take') without an 'OrderBy' operator. This may lead to unpredictable results. If the 'Distinct' operator is used after 'OrderBy', then make sure to use the 'OrderBy' operator after 'Distinct' as the ordering would otherwise get erased.
[2023-10-16 22:14:40.942 -06:00 WRN] The query uses a row limiting operator ('Skip'/'Take') without an 'OrderBy' operator. This may lead to unpredictable results. If the 'Distinct' operator is used after 'OrderBy', then make sure to use the 'OrderBy' operator after 'Distinct' as the ordering would otherwise get erased.
[2023-10-16 22:14:40.955 -06:00 INF] Executed DbCommand (6ms) [Parameters=[@__p_1='?' (DbType = Int32), @__p_0='?' (DbType = Int32)], CommandType='"Text"', CommandTimeout='30']
SELECT `c`.`ID`, `c`.`Contacto`, `c`.`CorreoElectronico`, `c`.`Direccion`, `c`.`NombreEmpresa`, `c`.`Telefono`
FROM `Cte_prov` AS `c`
LIMIT @__p_1 OFFSET @__p_0
[2023-10-16 22:14:41.009 -06:00 INF] Executing ObjectResult, writing value of type 'API.Helpers.Pager`1[[API.Dtos.CteProvDto, API, Version=1.0.0.0, Culture=neutral, PublicKeyToken=null]]'.
[2023-10-16 22:14:41.017 -06:00 INF] Executed action API.Controllers.ProveedorController.GetProveedor (API) in 222.6921ms
[2023-10-16 22:14:41.017 -06:00 INF] Executed endpoint 'API.Controllers.ProveedorController.GetProveedor (API)'
[2023-10-16 22:14:41.019 -06:00 INF] Request finished HTTP/1.1 GET https://localhost:5001/api/proveedor?pageSize=5&pageIndex=1&search= - - - 200 - application/json;+charset=utf-8 363.2667ms
[2023-10-16 22:15:19.865 -06:00 INF] Request starting HTTP/1.1 POST https://localhost:5001/api/usuario/token application/json 58
[2023-10-16 22:15:19.877 -06:00 INF] Executing endpoint 'API.Controllers.UsuarioController.GetTokenAsync (API)'
[2023-10-16 22:15:19.877 -06:00 INF] Route matched with {action = "GetToken", controller = "Usuario"}. Executing controller action with signature System.Threading.Tasks.Task`1[Microsoft.AspNetCore.Mvc.IActionResult] GetTokenAsync(API.Dtos.LoginDto) on controller API.Controllers.UsuarioController (API).
[2023-10-16 22:15:19.881 -06:00 INF] Entity Framework Core 6.0.4 initialized 'InventarioContext' using provider 'Pomelo.EntityFrameworkCore.MySql:6.0.1' with options: ServerVersion 8.0.28-mysql 
[2023-10-16 22:15:19.893 -06:00 INF] Executed DbCommand (3ms) [Parameters=[@__ToLower_0='?' (Size = 255)], CommandType='"Text"', CommandTimeout='30']
SELECT `t`.`ID`, `t`.`Apellido`, `t`.`CorreoElectronico`, `t`.`Nom_user`, `t`.`Password`, `t0`.`UsuarioId`, `t0`.`RolId`, `t0`.`ID`, `t0`.`Nombre`, `r0`.`ID`, `r0`.`Created`, `r0`.`Expires`, `r0`.`Revoked`, `r0`.`Token`, `r0`.`UsuarioId`
FROM (
    SELECT `u`.`ID`, `u`.`Apellido`, `u`.`CorreoElectronico`, `u`.`Nom_user`, `u`.`Password`
    FROM `Usuario` AS `u`
    WHERE LOWER(`u`.`Nom_user`) = @__ToLower_0
    LIMIT 1
) AS `t`
LEFT JOIN (
    SELECT `u0`.`UsuarioId`, `u0`.`RolId`, `r`.`ID`, `r`.`Nombre`
    FROM `UsuarioRoles` AS `u0`
    INNER JOIN `Rol` AS `r` ON `u0`.`RolId` = `r`.`ID`
) AS `t0` ON `t`.`ID` = `t0`.`UsuarioId`
LEFT JOIN `RefreshToken` AS `r0` ON `t`.`ID` = `r0`.`UsuarioId`
ORDER BY `t`.`ID`, `t0`.`UsuarioId`, `t0`.`RolId`, `t0`.`ID`
[2023-10-16 22:15:19.899 -06:00 INF] Executing OkObjectResult, writing value of type 'API.Dtos.DatosUsuarioDto'.
[2023-10-16 22:15:19.899 -06:00 INF] Executed action API.Controllers.UsuarioController.GetTokenAsync (API) in 21.5668ms
[2023-10-16 22:15:19.900 -06:00 INF] Executed endpoint 'API.Controllers.UsuarioController.GetTokenAsync (API)'
[2023-10-16 22:15:19.900 -06:00 INF] Request finished HTTP/1.1 POST https://localhost:5001/api/usuario/token application/json 58 - 200 - application/json;+charset=utf-8 35.1774ms
[2023-10-16 22:15:27.255 -06:00 INF] Request starting HTTP/1.1 GET https://localhost:5001/api/proveedor?pageSize=5&pageIndex=1&search= - -
[2023-10-16 22:15:27.259 -06:00 INF] Executing endpoint 'API.Controllers.ProveedorController.GetProveedor (API)'
[2023-10-16 22:15:27.259 -06:00 INF] Route matched with {action = "GetProveedor", controller = "Proveedor"}. Executing controller action with signature System.Threading.Tasks.Task`1[Microsoft.AspNetCore.Mvc.ActionResult`1[API.Helpers.Pager`1[API.Dtos.CteProvDto]]] GetProveedor(API.Helpers.Params) on controller API.Controllers.ProveedorController (API).
[2023-10-16 22:15:27.263 -06:00 INF] Entity Framework Core 6.0.4 initialized 'InventarioContext' using provider 'Pomelo.EntityFrameworkCore.MySql:6.0.1' with options: ServerVersion 8.0.28-mysql 
[2023-10-16 22:15:27.271 -06:00 INF] Executed DbCommand (4ms) [Parameters=[], CommandType='"Text"', CommandTimeout='30']
SELECT COUNT(*)
FROM `Cte_prov` AS `c`
[2023-10-16 22:15:27.278 -06:00 INF] Executed DbCommand (4ms) [Parameters=[@__p_1='?' (DbType = Int32), @__p_0='?' (DbType = Int32)], CommandType='"Text"', CommandTimeout='30']
SELECT `c`.`ID`, `c`.`Contacto`, `c`.`CorreoElectronico`, `c`.`Direccion`, `c`.`NombreEmpresa`, `c`.`Telefono`
FROM `Cte_prov` AS `c`
LIMIT @__p_1 OFFSET @__p_0
[2023-10-16 22:15:27.280 -06:00 INF] Executing ObjectResult, writing value of type 'API.Helpers.Pager`1[[API.Dtos.CteProvDto, API, Version=1.0.0.0, Culture=neutral, PublicKeyToken=null]]'.
[2023-10-16 22:15:27.281 -06:00 INF] Executed action API.Controllers.ProveedorController.GetProveedor (API) in 21.3511ms
[2023-10-16 22:15:27.281 -06:00 INF] Executed endpoint 'API.Controllers.ProveedorController.GetProveedor (API)'
[2023-10-16 22:15:27.281 -06:00 INF] Request finished HTTP/1.1 GET https://localhost:5001/api/proveedor?pageSize=5&pageIndex=1&search= - - - 200 - application/json;+charset=utf-8 26.0165ms
