[2023-10-11 22:06:38.205 -06:00 INF] Entity Framework Core 6.0.4 initialized 'InventarioContext' using provider 'Pomelo.EntityFrameworkCore.MySql:6.0.1' with options: ServerVersion 8.0.28-mysql 
[2023-10-11 22:06:38.699 -06:00 INF] Executed DbCommand (20ms) [Parameters=[], CommandType='"Text"', CommandTimeout='30']
SELECT 1 FROM INFORMATION_SCHEMA.TABLES WHERE TABLE_SCHEMA='inventarioRopa' AND TABLE_NAME='__EFMigrationsHistory';
[2023-10-11 22:06:38.733 -06:00 INF] Executed DbCommand (3ms) [Parameters=[], CommandType='"Text"', CommandTimeout='30']
SELECT 1 FROM INFORMATION_SCHEMA.TABLES WHERE TABLE_SCHEMA='inventarioRopa' AND TABLE_NAME='__EFMigrationsHistory';
[2023-10-11 22:06:38.775 -06:00 INF] Executed DbCommand (15ms) [Parameters=[], CommandType='"Text"', CommandTimeout='30']
SELECT `MigrationId`, `ProductVersion`
FROM `__EFMigrationsHistory`
ORDER BY `MigrationId`;
[2023-10-11 22:06:38.794 -06:00 INF] No migrations were applied. The database is already up to date.
[2023-10-11 22:06:39.007 -06:00 INF] Executed DbCommand (7ms) [Parameters=[], CommandType='"Text"', CommandTimeout='30']
SELECT EXISTS (
    SELECT 1
    FROM `Rol` AS `r`)
[2023-10-11 22:06:39.180 -06:00 INF] User profile is available. Using 'C:\Users\Rodrigo Tellez\AppData\Local\ASP.NET\DataProtection-Keys' as key repository and Windows DPAPI to encrypt keys at rest.
[2023-10-11 22:06:39.397 -06:00 INF] Now listening on: https://10.0.0.8:5001
[2023-10-11 22:06:39.397 -06:00 INF] Now listening on: http://10.0.0.8:5000
[2023-10-11 22:06:39.402 -06:00 INF] Application started. Press Ctrl+C to shut down.
[2023-10-11 22:06:39.402 -06:00 INF] Hosting environment: Development
[2023-10-11 22:06:39.402 -06:00 INF] Content root path: D:\10CUATRIMESTRE\HECTOR\Backend\inventario\API\
[2023-10-11 22:08:56.517 -06:00 INF] Request starting HTTP/1.1 POST https://10.0.0.8:5001/api/usuario/token application/json 58
[2023-10-11 22:08:57.658 -06:00 INF] Bearer was not authenticated. Failure message: No SecurityTokenValidator available for token.
[2023-10-11 22:08:57.663 -06:00 INF] Executing endpoint 'API.Controllers.UsuarioController.GetTokenAsync (API)'
[2023-10-11 22:08:57.696 -06:00 INF] Route matched with {action = "GetToken", controller = "Usuario"}. Executing controller action with signature System.Threading.Tasks.Task`1[Microsoft.AspNetCore.Mvc.IActionResult] GetTokenAsync(API.Dtos.LoginDto) on controller API.Controllers.UsuarioController (API).
[2023-10-11 22:08:57.756 -06:00 INF] Entity Framework Core 6.0.4 initialized 'InventarioContext' using provider 'Pomelo.EntityFrameworkCore.MySql:6.0.1' with options: ServerVersion 8.0.28-mysql 
[2023-10-11 22:08:58.032 -06:00 WRN] Compiling a query which loads related collections for more than one collection navigation, either via 'Include' or through projection, but no 'QuerySplittingBehavior' has been configured. By default, Entity Framework will use 'QuerySplittingBehavior.SingleQuery', which can potentially result in slow query performance. See https://go.microsoft.com/fwlink/?linkid=2134277 for more information. To identify the query that's triggering this warning call 'ConfigureWarnings(w => w.Throw(RelationalEventId.MultipleCollectionIncludeWarning))'.
[2023-10-11 22:08:58.140 -06:00 INF] Executed DbCommand (39ms) [Parameters=[@__ToLower_0='?' (Size = 255)], CommandType='"Text"', CommandTimeout='30']
SELECT `t`.`ID`, `t`.`Apellido`, `t`.`CorreoElectronico`, `t`.`Nom_user`, `t`.`Password`, `t0`.`UsuarioId`, `t0`.`RolId`, `t0`.`ID`, `t0`.`Nombre`, `r0`.`ID`, `r0`.`Created`, `r0`.`Expires`, `r0`.`Revoked`, `r0`.`Token`, `r0`.`UsuarioId`
FROM (
    SELECT `u`.`ID`, `u`.`Apellido`, `u`.`CorreoElectronico`, `u`.`Nom_user`, `u`.`Password`
    FROM `Usuario` AS `u`
    WHERE LOWER(`u`.`Nom_user`) = @__ToLower_0
    LIMIT 1
) AS `t`
LEFT JOIN (
    SELECT `u0`.`UsuarioId`, `u0`.`RolId`, `r`.`ID`, `r`.`Nombre`
    FROM `UsuarioRoles` AS `u0`
    INNER JOIN `Rol` AS `r` ON `u0`.`RolId` = `r`.`ID`
) AS `t0` ON `t`.`ID` = `t0`.`UsuarioId`
LEFT JOIN `RefreshToken` AS `r0` ON `t`.`ID` = `r0`.`UsuarioId`
ORDER BY `t`.`ID`, `t0`.`UsuarioId`, `t0`.`RolId`, `t0`.`ID`
[2023-10-11 22:08:58.389 -06:00 INF] Executing OkObjectResult, writing value of type 'API.Dtos.DatosUsuarioDto'.
[2023-10-11 22:08:58.421 -06:00 INF] Executed action API.Controllers.UsuarioController.GetTokenAsync (API) in 717.8197ms
[2023-10-11 22:08:58.422 -06:00 INF] Executed endpoint 'API.Controllers.UsuarioController.GetTokenAsync (API)'
[2023-10-11 22:08:58.427 -06:00 INF] Request finished HTTP/1.1 POST https://10.0.0.8:5001/api/usuario/token application/json 58 - 200 - application/json;+charset=utf-8 1916.4162ms
[2023-10-11 22:09:15.071 -06:00 INF] Request starting HTTP/1.1 GET https://10.0.0.8:5001/api/proveedor?pageSize=5&pageIndex=1&search= - -
[2023-10-11 22:09:15.078 -06:00 INF] Bearer was not authenticated. Failure message: No SecurityTokenValidator available for token.
[2023-10-11 22:09:15.083 -06:00 INF] Authorization failed. These requirements were not met:
DenyAnonymousAuthorizationRequirement: Requires an authenticated user.
[2023-10-11 22:09:15.092 -06:00 INF] AuthenticationScheme: Bearer was challenged.
[2023-10-11 22:09:15.096 -06:00 INF] Bearer was not authenticated. Failure message: No SecurityTokenValidator available for token.
[2023-10-11 22:09:15.097 -06:00 INF] Request finished HTTP/1.1 GET https://10.0.0.8:5001/api/proveedor?pageSize=5&pageIndex=1&search= - - - 404 0 - 25.8073ms
[2023-10-11 22:09:25.929 -06:00 INF] Request starting HTTP/1.1 GET http://10.0.0.8:5000/api/proveedor?pageSize=5&pageIndex=1&search= - -
[2023-10-11 22:09:25.931 -06:00 INF] Bearer was not authenticated. Failure message: No SecurityTokenValidator available for token.
[2023-10-11 22:09:25.932 -06:00 INF] Authorization failed. These requirements were not met:
DenyAnonymousAuthorizationRequirement: Requires an authenticated user.
[2023-10-11 22:09:25.932 -06:00 INF] AuthenticationScheme: Bearer was challenged.
[2023-10-11 22:09:25.934 -06:00 INF] Bearer was not authenticated. Failure message: No SecurityTokenValidator available for token.
[2023-10-11 22:09:25.934 -06:00 INF] Request finished HTTP/1.1 GET http://10.0.0.8:5000/api/proveedor?pageSize=5&pageIndex=1&search= - - - 404 0 - 4.8272ms
[2023-10-11 22:10:43.134 -06:00 INF] Entity Framework Core 6.0.4 initialized 'InventarioContext' using provider 'Pomelo.EntityFrameworkCore.MySql:6.0.1' with options: ServerVersion 8.0.28-mysql 
[2023-10-11 22:10:43.615 -06:00 INF] Executed DbCommand (24ms) [Parameters=[], CommandType='"Text"', CommandTimeout='30']
SELECT 1 FROM INFORMATION_SCHEMA.TABLES WHERE TABLE_SCHEMA='inventarioRopa' AND TABLE_NAME='__EFMigrationsHistory';
[2023-10-11 22:10:43.658 -06:00 INF] Executed DbCommand (4ms) [Parameters=[], CommandType='"Text"', CommandTimeout='30']
SELECT 1 FROM INFORMATION_SCHEMA.TABLES WHERE TABLE_SCHEMA='inventarioRopa' AND TABLE_NAME='__EFMigrationsHistory';
[2023-10-11 22:10:43.698 -06:00 INF] Executed DbCommand (7ms) [Parameters=[], CommandType='"Text"', CommandTimeout='30']
SELECT `MigrationId`, `ProductVersion`
FROM `__EFMigrationsHistory`
ORDER BY `MigrationId`;
[2023-10-11 22:10:43.727 -06:00 INF] No migrations were applied. The database is already up to date.
[2023-10-11 22:10:43.992 -06:00 INF] Executed DbCommand (3ms) [Parameters=[], CommandType='"Text"', CommandTimeout='30']
SELECT EXISTS (
    SELECT 1
    FROM `Rol` AS `r`)
[2023-10-11 22:10:44.158 -06:00 INF] User profile is available. Using 'C:\Users\Rodrigo Tellez\AppData\Local\ASP.NET\DataProtection-Keys' as key repository and Windows DPAPI to encrypt keys at rest.
[2023-10-11 22:10:44.250 -06:00 INF] Now listening on: https://localhost:5001
[2023-10-11 22:10:44.250 -06:00 INF] Now listening on: http://localhost:5000
[2023-10-11 22:10:44.255 -06:00 INF] Application started. Press Ctrl+C to shut down.
[2023-10-11 22:10:44.255 -06:00 INF] Hosting environment: Development
[2023-10-11 22:10:44.255 -06:00 INF] Content root path: D:\10CUATRIMESTRE\HECTOR\Backend\inventario\API\
[2023-10-11 22:11:02.077 -06:00 INF] Request starting HTTP/1.1 POST https://localhost:5001/api/usuario/token application/json 58
[2023-10-11 22:11:02.219 -06:00 INF] Bearer was not authenticated. Failure message: No SecurityTokenValidator available for token.
[2023-10-11 22:11:02.225 -06:00 INF] Executing endpoint 'API.Controllers.UsuarioController.GetTokenAsync (API)'
[2023-10-11 22:11:02.250 -06:00 INF] Route matched with {action = "GetToken", controller = "Usuario"}. Executing controller action with signature System.Threading.Tasks.Task`1[Microsoft.AspNetCore.Mvc.IActionResult] GetTokenAsync(API.Dtos.LoginDto) on controller API.Controllers.UsuarioController (API).
[2023-10-11 22:11:02.291 -06:00 INF] Entity Framework Core 6.0.4 initialized 'InventarioContext' using provider 'Pomelo.EntityFrameworkCore.MySql:6.0.1' with options: ServerVersion 8.0.28-mysql 
[2023-10-11 22:11:02.524 -06:00 WRN] Compiling a query which loads related collections for more than one collection navigation, either via 'Include' or through projection, but no 'QuerySplittingBehavior' has been configured. By default, Entity Framework will use 'QuerySplittingBehavior.SingleQuery', which can potentially result in slow query performance. See https://go.microsoft.com/fwlink/?linkid=2134277 for more information. To identify the query that's triggering this warning call 'ConfigureWarnings(w => w.Throw(RelationalEventId.MultipleCollectionIncludeWarning))'.
[2023-10-11 22:11:02.600 -06:00 INF] Executed DbCommand (30ms) [Parameters=[@__ToLower_0='?' (Size = 255)], CommandType='"Text"', CommandTimeout='30']
SELECT `t`.`ID`, `t`.`Apellido`, `t`.`CorreoElectronico`, `t`.`Nom_user`, `t`.`Password`, `t0`.`UsuarioId`, `t0`.`RolId`, `t0`.`ID`, `t0`.`Nombre`, `r0`.`ID`, `r0`.`Created`, `r0`.`Expires`, `r0`.`Revoked`, `r0`.`Token`, `r0`.`UsuarioId`
FROM (
    SELECT `u`.`ID`, `u`.`Apellido`, `u`.`CorreoElectronico`, `u`.`Nom_user`, `u`.`Password`
    FROM `Usuario` AS `u`
    WHERE LOWER(`u`.`Nom_user`) = @__ToLower_0
    LIMIT 1
) AS `t`
LEFT JOIN (
    SELECT `u0`.`UsuarioId`, `u0`.`RolId`, `r`.`ID`, `r`.`Nombre`
    FROM `UsuarioRoles` AS `u0`
    INNER JOIN `Rol` AS `r` ON `u0`.`RolId` = `r`.`ID`
) AS `t0` ON `t`.`ID` = `t0`.`UsuarioId`
LEFT JOIN `RefreshToken` AS `r0` ON `t`.`ID` = `r0`.`UsuarioId`
ORDER BY `t`.`ID`, `t0`.`UsuarioId`, `t0`.`RolId`, `t0`.`ID`
[2023-10-11 22:11:02.826 -06:00 INF] Executing OkObjectResult, writing value of type 'API.Dtos.DatosUsuarioDto'.
[2023-10-11 22:11:02.849 -06:00 INF] Executed action API.Controllers.UsuarioController.GetTokenAsync (API) in 593.0408ms
[2023-10-11 22:11:02.850 -06:00 INF] Executed endpoint 'API.Controllers.UsuarioController.GetTokenAsync (API)'
[2023-10-11 22:11:02.856 -06:00 INF] Request finished HTTP/1.1 POST https://localhost:5001/api/usuario/token application/json 58 - 200 - application/json;+charset=utf-8 784.5719ms
[2023-10-11 22:11:16.589 -06:00 INF] Request starting HTTP/1.1 GET https://localhost:5001/api/proveedor?pageSize=5&pageIndex=1&search= - -
[2023-10-11 22:11:16.598 -06:00 INF] Bearer was not authenticated. Failure message: No SecurityTokenValidator available for token.
[2023-10-11 22:11:16.603 -06:00 INF] Authorization failed. These requirements were not met:
DenyAnonymousAuthorizationRequirement: Requires an authenticated user.
[2023-10-11 22:11:16.610 -06:00 INF] AuthenticationScheme: Bearer was challenged.
[2023-10-11 22:11:16.614 -06:00 INF] Bearer was not authenticated. Failure message: No SecurityTokenValidator available for token.
[2023-10-11 22:11:16.615 -06:00 INF] Request finished HTTP/1.1 GET https://localhost:5001/api/proveedor?pageSize=5&pageIndex=1&search= - - - 404 0 - 26.5763ms
[2023-10-11 22:11:55.992 -06:00 INF] Entity Framework Core 6.0.4 initialized 'InventarioContext' using provider 'Pomelo.EntityFrameworkCore.MySql:6.0.1' with options: ServerVersion 8.0.28-mysql 
[2023-10-11 22:11:56.824 -06:00 INF] Executed DbCommand (34ms) [Parameters=[], CommandType='"Text"', CommandTimeout='30']
SELECT 1 FROM INFORMATION_SCHEMA.TABLES WHERE TABLE_SCHEMA='inventarioRopa' AND TABLE_NAME='__EFMigrationsHistory';
[2023-10-11 22:11:56.901 -06:00 INF] Executed DbCommand (4ms) [Parameters=[], CommandType='"Text"', CommandTimeout='30']
SELECT 1 FROM INFORMATION_SCHEMA.TABLES WHERE TABLE_SCHEMA='inventarioRopa' AND TABLE_NAME='__EFMigrationsHistory';
[2023-10-11 22:11:56.967 -06:00 INF] Executed DbCommand (14ms) [Parameters=[], CommandType='"Text"', CommandTimeout='30']
SELECT `MigrationId`, `ProductVersion`
FROM `__EFMigrationsHistory`
ORDER BY `MigrationId`;
[2023-10-11 22:11:57.004 -06:00 INF] No migrations were applied. The database is already up to date.
[2023-10-11 22:11:57.532 -06:00 INF] Executed DbCommand (5ms) [Parameters=[], CommandType='"Text"', CommandTimeout='30']
SELECT EXISTS (
    SELECT 1
    FROM `Rol` AS `r`)
[2023-10-11 22:11:57.811 -06:00 INF] User profile is available. Using 'C:\Users\Rodrigo Tellez\AppData\Local\ASP.NET\DataProtection-Keys' as key repository and Windows DPAPI to encrypt keys at rest.
[2023-10-11 22:11:58.036 -06:00 INF] Now listening on: https://localhost:5001
[2023-10-11 22:11:58.039 -06:00 INF] Now listening on: http://localhost:5000
[2023-10-11 22:11:58.052 -06:00 INF] Application started. Press Ctrl+C to shut down.
[2023-10-11 22:11:58.055 -06:00 INF] Hosting environment: Development
[2023-10-11 22:11:58.058 -06:00 INF] Content root path: D:\10CUATRIMESTRE\HECTOR\Backend\inventario\API\
[2023-10-11 22:12:04.304 -06:00 INF] Request starting HTTP/1.1 POST https://localhost:5001/api/usuario/token application/json 58
[2023-10-11 22:12:04.827 -06:00 INF] Bearer was not authenticated. Failure message: No SecurityTokenValidator available for token.
[2023-10-11 22:12:04.836 -06:00 INF] Executing endpoint 'API.Controllers.UsuarioController.GetTokenAsync (API)'
[2023-10-11 22:12:04.871 -06:00 INF] Route matched with {action = "GetToken", controller = "Usuario"}. Executing controller action with signature System.Threading.Tasks.Task`1[Microsoft.AspNetCore.Mvc.IActionResult] GetTokenAsync(API.Dtos.LoginDto) on controller API.Controllers.UsuarioController (API).
[2023-10-11 22:12:04.949 -06:00 INF] Entity Framework Core 6.0.4 initialized 'InventarioContext' using provider 'Pomelo.EntityFrameworkCore.MySql:6.0.1' with options: ServerVersion 8.0.28-mysql 
[2023-10-11 22:12:05.576 -06:00 WRN] Compiling a query which loads related collections for more than one collection navigation, either via 'Include' or through projection, but no 'QuerySplittingBehavior' has been configured. By default, Entity Framework will use 'QuerySplittingBehavior.SingleQuery', which can potentially result in slow query performance. See https://go.microsoft.com/fwlink/?linkid=2134277 for more information. To identify the query that's triggering this warning call 'ConfigureWarnings(w => w.Throw(RelationalEventId.MultipleCollectionIncludeWarning))'.
[2023-10-11 22:12:05.709 -06:00 INF] Executed DbCommand (37ms) [Parameters=[@__ToLower_0='?' (Size = 255)], CommandType='"Text"', CommandTimeout='30']
SELECT `t`.`ID`, `t`.`Apellido`, `t`.`CorreoElectronico`, `t`.`Nom_user`, `t`.`Password`, `t0`.`UsuarioId`, `t0`.`RolId`, `t0`.`ID`, `t0`.`Nombre`, `r0`.`ID`, `r0`.`Created`, `r0`.`Expires`, `r0`.`Revoked`, `r0`.`Token`, `r0`.`UsuarioId`
FROM (
    SELECT `u`.`ID`, `u`.`Apellido`, `u`.`CorreoElectronico`, `u`.`Nom_user`, `u`.`Password`
    FROM `Usuario` AS `u`
    WHERE LOWER(`u`.`Nom_user`) = @__ToLower_0
    LIMIT 1
) AS `t`
LEFT JOIN (
    SELECT `u0`.`UsuarioId`, `u0`.`RolId`, `r`.`ID`, `r`.`Nombre`
    FROM `UsuarioRoles` AS `u0`
    INNER JOIN `Rol` AS `r` ON `u0`.`RolId` = `r`.`ID`
) AS `t0` ON `t`.`ID` = `t0`.`UsuarioId`
LEFT JOIN `RefreshToken` AS `r0` ON `t`.`ID` = `r0`.`UsuarioId`
ORDER BY `t`.`ID`, `t0`.`UsuarioId`, `t0`.`RolId`, `t0`.`ID`
[2023-10-11 22:12:06.139 -06:00 INF] Executing OkObjectResult, writing value of type 'API.Dtos.DatosUsuarioDto'.
[2023-10-11 22:12:06.182 -06:00 INF] Executed action API.Controllers.UsuarioController.GetTokenAsync (API) in 1300.3509ms
[2023-10-11 22:12:06.185 -06:00 INF] Executed endpoint 'API.Controllers.UsuarioController.GetTokenAsync (API)'
[2023-10-11 22:12:06.203 -06:00 INF] Request finished HTTP/1.1 POST https://localhost:5001/api/usuario/token application/json 58 - 200 - application/json;+charset=utf-8 1902.8393ms
[2023-10-11 22:12:11.521 -06:00 INF] Request starting HTTP/1.1 GET https://localhost:5001/api/proveedor?pageSize=5&pageIndex=1&search= - -
[2023-10-11 22:12:11.533 -06:00 INF] Bearer was not authenticated. Failure message: No SecurityTokenValidator available for token.
[2023-10-11 22:12:11.541 -06:00 INF] Authorization failed. These requirements were not met:
DenyAnonymousAuthorizationRequirement: Requires an authenticated user.
[2023-10-11 22:12:11.556 -06:00 INF] AuthenticationScheme: Bearer was challenged.
[2023-10-11 22:12:11.560 -06:00 INF] Bearer was not authenticated. Failure message: No SecurityTokenValidator available for token.
[2023-10-11 22:12:11.561 -06:00 INF] Request finished HTTP/1.1 GET https://localhost:5001/api/proveedor?pageSize=5&pageIndex=1&search= - - - 404 0 - 39.1120ms
[2023-10-11 22:12:29.357 -06:00 INF] Entity Framework Core 6.0.4 initialized 'InventarioContext' using provider 'Pomelo.EntityFrameworkCore.MySql:6.0.1' with options: ServerVersion 8.0.28-mysql 
[2023-10-11 22:12:29.822 -06:00 INF] Executed DbCommand (18ms) [Parameters=[], CommandType='"Text"', CommandTimeout='30']
SELECT 1 FROM INFORMATION_SCHEMA.TABLES WHERE TABLE_SCHEMA='inventarioRopa' AND TABLE_NAME='__EFMigrationsHistory';
[2023-10-11 22:12:29.862 -06:00 INF] Executed DbCommand (4ms) [Parameters=[], CommandType='"Text"', CommandTimeout='30']
SELECT 1 FROM INFORMATION_SCHEMA.TABLES WHERE TABLE_SCHEMA='inventarioRopa' AND TABLE_NAME='__EFMigrationsHistory';
[2023-10-11 22:12:29.889 -06:00 INF] Executed DbCommand (5ms) [Parameters=[], CommandType='"Text"', CommandTimeout='30']
SELECT `MigrationId`, `ProductVersion`
FROM `__EFMigrationsHistory`
ORDER BY `MigrationId`;
[2023-10-11 22:12:29.907 -06:00 INF] No migrations were applied. The database is already up to date.
[2023-10-11 22:12:30.157 -06:00 INF] Executed DbCommand (3ms) [Parameters=[], CommandType='"Text"', CommandTimeout='30']
SELECT EXISTS (
    SELECT 1
    FROM `Rol` AS `r`)
[2023-10-11 22:12:30.301 -06:00 INF] User profile is available. Using 'C:\Users\Rodrigo Tellez\AppData\Local\ASP.NET\DataProtection-Keys' as key repository and Windows DPAPI to encrypt keys at rest.
[2023-10-11 22:12:30.405 -06:00 INF] Now listening on: https://localhost:5001
[2023-10-11 22:12:30.405 -06:00 INF] Now listening on: http://localhost:5000
[2023-10-11 22:12:30.410 -06:00 INF] Application started. Press Ctrl+C to shut down.
[2023-10-11 22:12:30.410 -06:00 INF] Hosting environment: Development
[2023-10-11 22:12:30.410 -06:00 INF] Content root path: D:\10CUATRIMESTRE\HECTOR\Backend\inventario\API\
[2023-10-11 22:12:33.430 -06:00 INF] Request starting HTTP/1.1 GET https://localhost:5001/api/proveedor/3 - -
[2023-10-11 22:12:33.558 -06:00 INF] Bearer was not authenticated. Failure message: No SecurityTokenValidator available for token.
[2023-10-11 22:12:33.562 -06:00 INF] Authorization failed. These requirements were not met:
DenyAnonymousAuthorizationRequirement: Requires an authenticated user.
[2023-10-11 22:12:33.567 -06:00 INF] AuthenticationScheme: Bearer was challenged.
[2023-10-11 22:12:33.570 -06:00 INF] Bearer was not authenticated. Failure message: No SecurityTokenValidator available for token.
[2023-10-11 22:12:33.574 -06:00 INF] Request finished HTTP/1.1 GET https://localhost:5001/api/proveedor/3 - - - 404 0 - 147.0085ms
[2023-10-11 22:12:38.265 -06:00 INF] Request starting HTTP/1.1 POST https://localhost:5001/api/usuario/token application/json 58
[2023-10-11 22:12:38.272 -06:00 INF] Bearer was not authenticated. Failure message: No SecurityTokenValidator available for token.
[2023-10-11 22:12:38.277 -06:00 INF] Executing endpoint 'API.Controllers.UsuarioController.GetTokenAsync (API)'
[2023-10-11 22:12:38.312 -06:00 INF] Route matched with {action = "GetToken", controller = "Usuario"}. Executing controller action with signature System.Threading.Tasks.Task`1[Microsoft.AspNetCore.Mvc.IActionResult] GetTokenAsync(API.Dtos.LoginDto) on controller API.Controllers.UsuarioController (API).
[2023-10-11 22:12:38.363 -06:00 INF] Entity Framework Core 6.0.4 initialized 'InventarioContext' using provider 'Pomelo.EntityFrameworkCore.MySql:6.0.1' with options: ServerVersion 8.0.28-mysql 
[2023-10-11 22:12:38.585 -06:00 WRN] Compiling a query which loads related collections for more than one collection navigation, either via 'Include' or through projection, but no 'QuerySplittingBehavior' has been configured. By default, Entity Framework will use 'QuerySplittingBehavior.SingleQuery', which can potentially result in slow query performance. See https://go.microsoft.com/fwlink/?linkid=2134277 for more information. To identify the query that's triggering this warning call 'ConfigureWarnings(w => w.Throw(RelationalEventId.MultipleCollectionIncludeWarning))'.
[2023-10-11 22:12:38.659 -06:00 INF] Executed DbCommand (28ms) [Parameters=[@__ToLower_0='?' (Size = 255)], CommandType='"Text"', CommandTimeout='30']
SELECT `t`.`ID`, `t`.`Apellido`, `t`.`CorreoElectronico`, `t`.`Nom_user`, `t`.`Password`, `t0`.`UsuarioId`, `t0`.`RolId`, `t0`.`ID`, `t0`.`Nombre`, `r0`.`ID`, `r0`.`Created`, `r0`.`Expires`, `r0`.`Revoked`, `r0`.`Token`, `r0`.`UsuarioId`
FROM (
    SELECT `u`.`ID`, `u`.`Apellido`, `u`.`CorreoElectronico`, `u`.`Nom_user`, `u`.`Password`
    FROM `Usuario` AS `u`
    WHERE LOWER(`u`.`Nom_user`) = @__ToLower_0
    LIMIT 1
) AS `t`
LEFT JOIN (
    SELECT `u0`.`UsuarioId`, `u0`.`RolId`, `r`.`ID`, `r`.`Nombre`
    FROM `UsuarioRoles` AS `u0`
    INNER JOIN `Rol` AS `r` ON `u0`.`RolId` = `r`.`ID`
) AS `t0` ON `t`.`ID` = `t0`.`UsuarioId`
LEFT JOIN `RefreshToken` AS `r0` ON `t`.`ID` = `r0`.`UsuarioId`
ORDER BY `t`.`ID`, `t0`.`UsuarioId`, `t0`.`RolId`, `t0`.`ID`
[2023-10-11 22:12:38.902 -06:00 INF] Executing OkObjectResult, writing value of type 'API.Dtos.DatosUsuarioDto'.
[2023-10-11 22:12:38.932 -06:00 INF] Executed action API.Controllers.UsuarioController.GetTokenAsync (API) in 608.1528ms
[2023-10-11 22:12:38.933 -06:00 INF] Executed endpoint 'API.Controllers.UsuarioController.GetTokenAsync (API)'
[2023-10-11 22:12:38.940 -06:00 INF] Request finished HTTP/1.1 POST https://localhost:5001/api/usuario/token application/json 58 - 200 - application/json;+charset=utf-8 675.0369ms
[2023-10-11 22:12:52.429 -06:00 INF] Request starting HTTP/1.1 PUT https://localhost:5001/api/proveedor/2 application/json 222
[2023-10-11 22:12:52.488 -06:00 ERR] An unhandled exception has occurred while executing the request.
Microsoft.AspNetCore.Routing.Matching.AmbiguousMatchException: The request matched multiple endpoints. Matches: 

API.Controllers.ProveedorController.Put (API)
API.Controllers.ProveedorController.Delete (API)
   at Microsoft.AspNetCore.Routing.Matching.DefaultEndpointSelector.ReportAmbiguity(CandidateState[] candidateState)
   at Microsoft.AspNetCore.Routing.Matching.DefaultEndpointSelector.ProcessFinalCandidates(HttpContext httpContext, CandidateState[] candidateState)
   at Microsoft.AspNetCore.Routing.Matching.DefaultEndpointSelector.Select(HttpContext httpContext, CandidateState[] candidateState)
   at Microsoft.AspNetCore.Routing.Matching.DefaultEndpointSelector.SelectAsync(HttpContext httpContext, CandidateSet candidateSet)
   at Microsoft.AspNetCore.Routing.Matching.DfaMatcher.SelectEndpointWithPoliciesAsync(HttpContext httpContext, IEndpointSelectorPolicy[] policies, CandidateSet candidateSet)
   at Microsoft.AspNetCore.Routing.EndpointRoutingMiddleware.<Invoke>g__AwaitMatch|8_1(EndpointRoutingMiddleware middleware, HttpContext httpContext, Task matchTask)
   at Microsoft.AspNetCore.Diagnostics.DeveloperExceptionPageMiddleware.Invoke(HttpContext context)
[2023-10-11 22:12:52.493 -06:00 INF] Request finished HTTP/1.1 PUT https://localhost:5001/api/proveedor/2 application/json 222 - 500 - text/plain;+charset=utf-8 64.5208ms
[2023-10-11 22:13:50.096 -06:00 INF] Entity Framework Core 6.0.4 initialized 'InventarioContext' using provider 'Pomelo.EntityFrameworkCore.MySql:6.0.1' with options: ServerVersion 8.0.28-mysql 
[2023-10-11 22:13:50.751 -06:00 INF] Executed DbCommand (21ms) [Parameters=[], CommandType='"Text"', CommandTimeout='30']
SELECT 1 FROM INFORMATION_SCHEMA.TABLES WHERE TABLE_SCHEMA='inventarioRopa' AND TABLE_NAME='__EFMigrationsHistory';
[2023-10-11 22:13:50.792 -06:00 INF] Executed DbCommand (4ms) [Parameters=[], CommandType='"Text"', CommandTimeout='30']
SELECT 1 FROM INFORMATION_SCHEMA.TABLES WHERE TABLE_SCHEMA='inventarioRopa' AND TABLE_NAME='__EFMigrationsHistory';
[2023-10-11 22:13:50.832 -06:00 INF] Executed DbCommand (6ms) [Parameters=[], CommandType='"Text"', CommandTimeout='30']
SELECT `MigrationId`, `ProductVersion`
FROM `__EFMigrationsHistory`
ORDER BY `MigrationId`;
[2023-10-11 22:13:50.854 -06:00 INF] No migrations were applied. The database is already up to date.
[2023-10-11 22:13:51.074 -06:00 INF] Executed DbCommand (3ms) [Parameters=[], CommandType='"Text"', CommandTimeout='30']
SELECT EXISTS (
    SELECT 1
    FROM `Rol` AS `r`)
[2023-10-11 22:13:51.207 -06:00 INF] User profile is available. Using 'C:\Users\Rodrigo Tellez\AppData\Local\ASP.NET\DataProtection-Keys' as key repository and Windows DPAPI to encrypt keys at rest.
[2023-10-11 22:13:51.290 -06:00 INF] Now listening on: https://localhost:5001
[2023-10-11 22:13:51.290 -06:00 INF] Now listening on: http://localhost:5000
[2023-10-11 22:13:51.294 -06:00 INF] Application started. Press Ctrl+C to shut down.
[2023-10-11 22:13:51.295 -06:00 INF] Hosting environment: Development
[2023-10-11 22:13:51.295 -06:00 INF] Content root path: D:\10CUATRIMESTRE\HECTOR\Backend\inventario\API\
[2023-10-11 22:13:55.436 -06:00 INF] Request starting HTTP/1.1 POST https://localhost:5001/api/usuario/token application/json 58
[2023-10-11 22:13:55.756 -06:00 INF] Bearer was not authenticated. Failure message: No SecurityTokenValidator available for token.
[2023-10-11 22:13:55.761 -06:00 INF] Executing endpoint 'API.Controllers.UsuarioController.GetTokenAsync (API)'
[2023-10-11 22:13:55.788 -06:00 INF] Route matched with {action = "GetToken", controller = "Usuario"}. Executing controller action with signature System.Threading.Tasks.Task`1[Microsoft.AspNetCore.Mvc.IActionResult] GetTokenAsync(API.Dtos.LoginDto) on controller API.Controllers.UsuarioController (API).
[2023-10-11 22:13:55.829 -06:00 INF] Entity Framework Core 6.0.4 initialized 'InventarioContext' using provider 'Pomelo.EntityFrameworkCore.MySql:6.0.1' with options: ServerVersion 8.0.28-mysql 
[2023-10-11 22:13:56.075 -06:00 WRN] Compiling a query which loads related collections for more than one collection navigation, either via 'Include' or through projection, but no 'QuerySplittingBehavior' has been configured. By default, Entity Framework will use 'QuerySplittingBehavior.SingleQuery', which can potentially result in slow query performance. See https://go.microsoft.com/fwlink/?linkid=2134277 for more information. To identify the query that's triggering this warning call 'ConfigureWarnings(w => w.Throw(RelationalEventId.MultipleCollectionIncludeWarning))'.
[2023-10-11 22:13:56.145 -06:00 INF] Executed DbCommand (24ms) [Parameters=[@__ToLower_0='?' (Size = 255)], CommandType='"Text"', CommandTimeout='30']
SELECT `t`.`ID`, `t`.`Apellido`, `t`.`CorreoElectronico`, `t`.`Nom_user`, `t`.`Password`, `t0`.`UsuarioId`, `t0`.`RolId`, `t0`.`ID`, `t0`.`Nombre`, `r0`.`ID`, `r0`.`Created`, `r0`.`Expires`, `r0`.`Revoked`, `r0`.`Token`, `r0`.`UsuarioId`
FROM (
    SELECT `u`.`ID`, `u`.`Apellido`, `u`.`CorreoElectronico`, `u`.`Nom_user`, `u`.`Password`
    FROM `Usuario` AS `u`
    WHERE LOWER(`u`.`Nom_user`) = @__ToLower_0
    LIMIT 1
) AS `t`
LEFT JOIN (
    SELECT `u0`.`UsuarioId`, `u0`.`RolId`, `r`.`ID`, `r`.`Nombre`
    FROM `UsuarioRoles` AS `u0`
    INNER JOIN `Rol` AS `r` ON `u0`.`RolId` = `r`.`ID`
) AS `t0` ON `t`.`ID` = `t0`.`UsuarioId`
LEFT JOIN `RefreshToken` AS `r0` ON `t`.`ID` = `r0`.`UsuarioId`
ORDER BY `t`.`ID`, `t0`.`UsuarioId`, `t0`.`RolId`, `t0`.`ID`
[2023-10-11 22:13:56.372 -06:00 INF] Executing OkObjectResult, writing value of type 'API.Dtos.DatosUsuarioDto'.
[2023-10-11 22:13:56.399 -06:00 INF] Executed action API.Controllers.UsuarioController.GetTokenAsync (API) in 602.3638ms
[2023-10-11 22:13:56.400 -06:00 INF] Executed endpoint 'API.Controllers.UsuarioController.GetTokenAsync (API)'
[2023-10-11 22:13:56.409 -06:00 INF] Request finished HTTP/1.1 POST https://localhost:5001/api/usuario/token application/json 58 - 200 - application/json;+charset=utf-8 977.1079ms
[2023-10-11 22:14:01.972 -06:00 INF] Request starting HTTP/1.1 GET https://localhost:5001/api/proveedor?pageSize=5&pageIndex=1&search= - -
[2023-10-11 22:14:01.984 -06:00 INF] Bearer was not authenticated. Failure message: No SecurityTokenValidator available for token.
[2023-10-11 22:14:01.989 -06:00 INF] Authorization failed. These requirements were not met:
DenyAnonymousAuthorizationRequirement: Requires an authenticated user.
[2023-10-11 22:14:01.998 -06:00 INF] AuthenticationScheme: Bearer was challenged.
[2023-10-11 22:14:02.003 -06:00 INF] Bearer was not authenticated. Failure message: No SecurityTokenValidator available for token.
[2023-10-11 22:14:02.004 -06:00 INF] Request finished HTTP/1.1 GET https://localhost:5001/api/proveedor?pageSize=5&pageIndex=1&search= - - - 404 0 - 32.0578ms
[2023-10-11 22:14:05.783 -06:00 INF] Request starting HTTP/1.1 POST https://localhost:5001/api/proveedor application/json 213
[2023-10-11 22:14:05.784 -06:00 INF] Bearer was not authenticated. Failure message: No SecurityTokenValidator available for token.
[2023-10-11 22:14:05.784 -06:00 INF] Authorization failed. These requirements were not met:
DenyAnonymousAuthorizationRequirement: Requires an authenticated user.
[2023-10-11 22:14:05.785 -06:00 INF] AuthenticationScheme: Bearer was challenged.
[2023-10-11 22:14:05.786 -06:00 INF] Bearer was not authenticated. Failure message: No SecurityTokenValidator available for token.
[2023-10-11 22:14:05.786 -06:00 INF] Request finished HTTP/1.1 POST https://localhost:5001/api/proveedor application/json 213 - 404 0 - 3.6861ms
[2023-10-11 22:15:26.957 -06:00 INF] Entity Framework Core 6.0.4 initialized 'InventarioContext' using provider 'Pomelo.EntityFrameworkCore.MySql:6.0.1' with options: ServerVersion 8.0.28-mysql 
[2023-10-11 22:15:27.907 -06:00 INF] Executed DbCommand (35ms) [Parameters=[], CommandType='"Text"', CommandTimeout='30']
SELECT 1 FROM INFORMATION_SCHEMA.TABLES WHERE TABLE_SCHEMA='inventarioRopa' AND TABLE_NAME='__EFMigrationsHistory';
[2023-10-11 22:15:27.982 -06:00 INF] Executed DbCommand (3ms) [Parameters=[], CommandType='"Text"', CommandTimeout='30']
SELECT 1 FROM INFORMATION_SCHEMA.TABLES WHERE TABLE_SCHEMA='inventarioRopa' AND TABLE_NAME='__EFMigrationsHistory';
[2023-10-11 22:15:28.048 -06:00 INF] Executed DbCommand (14ms) [Parameters=[], CommandType='"Text"', CommandTimeout='30']
SELECT `MigrationId`, `ProductVersion`
FROM `__EFMigrationsHistory`
ORDER BY `MigrationId`;
[2023-10-11 22:15:28.109 -06:00 INF] No migrations were applied. The database is already up to date.
[2023-10-11 22:15:28.578 -06:00 INF] Executed DbCommand (4ms) [Parameters=[], CommandType='"Text"', CommandTimeout='30']
SELECT EXISTS (
    SELECT 1
    FROM `Rol` AS `r`)
[2023-10-11 22:15:28.995 -06:00 INF] User profile is available. Using 'C:\Users\Rodrigo Tellez\AppData\Local\ASP.NET\DataProtection-Keys' as key repository and Windows DPAPI to encrypt keys at rest.
[2023-10-11 22:15:29.284 -06:00 INF] Now listening on: https://localhost:5001
[2023-10-11 22:15:29.287 -06:00 INF] Now listening on: http://localhost:5000
[2023-10-11 22:15:29.299 -06:00 INF] Application started. Press Ctrl+C to shut down.
[2023-10-11 22:15:29.302 -06:00 INF] Hosting environment: Development
[2023-10-11 22:15:29.305 -06:00 INF] Content root path: D:\10CUATRIMESTRE\HECTOR\Backend\inventario\API\
[2023-10-11 22:15:47.162 -06:00 INF] Request starting HTTP/1.1 GET https://localhost:5001/api/proveedor/all?pageSize=5&pageIndex=1&search= - -
[2023-10-11 22:15:47.658 -06:00 INF] Bearer was not authenticated. Failure message: No SecurityTokenValidator available for token.
[2023-10-11 22:15:47.667 -06:00 INF] Authorization failed. These requirements were not met:
DenyAnonymousAuthorizationRequirement: Requires an authenticated user.
[2023-10-11 22:15:47.679 -06:00 INF] AuthenticationScheme: Bearer was challenged.
[2023-10-11 22:15:47.684 -06:00 INF] Bearer was not authenticated. Failure message: No SecurityTokenValidator available for token.
[2023-10-11 22:15:47.695 -06:00 INF] Request finished HTTP/1.1 GET https://localhost:5001/api/proveedor/all?pageSize=5&pageIndex=1&search= - - - 404 0 - 537.4488ms
[2023-10-11 22:16:00.252 -06:00 INF] Request starting HTTP/1.1 GET https://localhost:5001/api/proveedor/all?pageSize=4&pageIndex=1&search= - -
[2023-10-11 22:16:00.258 -06:00 INF] Bearer was not authenticated. Failure message: No SecurityTokenValidator available for token.
[2023-10-11 22:16:00.259 -06:00 INF] Authorization failed. These requirements were not met:
DenyAnonymousAuthorizationRequirement: Requires an authenticated user.
[2023-10-11 22:16:00.259 -06:00 INF] AuthenticationScheme: Bearer was challenged.
[2023-10-11 22:16:00.260 -06:00 INF] Bearer was not authenticated. Failure message: No SecurityTokenValidator available for token.
[2023-10-11 22:16:00.261 -06:00 INF] Request finished HTTP/1.1 GET https://localhost:5001/api/proveedor/all?pageSize=4&pageIndex=1&search= - - - 404 0 - 9.3152ms
[2023-10-11 22:16:57.497 -06:00 INF] Entity Framework Core 6.0.4 initialized 'InventarioContext' using provider 'Pomelo.EntityFrameworkCore.MySql:6.0.1' with options: ServerVersion 8.0.28-mysql 
[2023-10-11 22:16:57.964 -06:00 INF] Executed DbCommand (18ms) [Parameters=[], CommandType='"Text"', CommandTimeout='30']
SELECT 1 FROM INFORMATION_SCHEMA.TABLES WHERE TABLE_SCHEMA='inventarioRopa' AND TABLE_NAME='__EFMigrationsHistory';
[2023-10-11 22:16:58.002 -06:00 INF] Executed DbCommand (3ms) [Parameters=[], CommandType='"Text"', CommandTimeout='30']
SELECT 1 FROM INFORMATION_SCHEMA.TABLES WHERE TABLE_SCHEMA='inventarioRopa' AND TABLE_NAME='__EFMigrationsHistory';
[2023-10-11 22:16:58.039 -06:00 INF] Executed DbCommand (6ms) [Parameters=[], CommandType='"Text"', CommandTimeout='30']
SELECT `MigrationId`, `ProductVersion`
FROM `__EFMigrationsHistory`
ORDER BY `MigrationId`;
[2023-10-11 22:16:58.062 -06:00 INF] No migrations were applied. The database is already up to date.
[2023-10-11 22:16:58.300 -06:00 INF] Executed DbCommand (3ms) [Parameters=[], CommandType='"Text"', CommandTimeout='30']
SELECT EXISTS (
    SELECT 1
    FROM `Rol` AS `r`)
[2023-10-11 22:16:58.441 -06:00 INF] User profile is available. Using 'C:\Users\Rodrigo Tellez\AppData\Local\ASP.NET\DataProtection-Keys' as key repository and Windows DPAPI to encrypt keys at rest.
[2023-10-11 22:16:58.531 -06:00 INF] Now listening on: https://localhost:5001
[2023-10-11 22:16:58.532 -06:00 INF] Now listening on: http://localhost:5000
[2023-10-11 22:16:58.536 -06:00 INF] Application started. Press Ctrl+C to shut down.
[2023-10-11 22:16:58.536 -06:00 INF] Hosting environment: Development
[2023-10-11 22:16:58.536 -06:00 INF] Content root path: D:\10CUATRIMESTRE\HECTOR\Backend\inventario\API\
[2023-10-11 22:17:04.109 -06:00 INF] Request starting HTTP/1.1 GET https://localhost:5001/api/proveedor - -
[2023-10-11 22:17:04.356 -06:00 INF] Bearer was not authenticated. Failure message: No SecurityTokenValidator available for token.
[2023-10-11 22:17:04.363 -06:00 INF] Authorization failed. These requirements were not met:
DenyAnonymousAuthorizationRequirement: Requires an authenticated user.
[2023-10-11 22:17:04.371 -06:00 INF] AuthenticationScheme: Bearer was challenged.
[2023-10-11 22:17:04.374 -06:00 INF] Bearer was not authenticated. Failure message: No SecurityTokenValidator available for token.
[2023-10-11 22:17:04.377 -06:00 INF] Request finished HTTP/1.1 GET https://localhost:5001/api/proveedor - - - 404 0 - 271.8640ms
[2023-10-11 22:17:08.649 -06:00 INF] Request starting HTTP/1.1 GET https://localhost:5001/api/proveedor?pageSize=5&pageIndex=1&search= - -
[2023-10-11 22:17:08.662 -06:00 INF] Bearer was not authenticated. Failure message: No SecurityTokenValidator available for token.
[2023-10-11 22:17:08.663 -06:00 INF] Authorization failed. These requirements were not met:
DenyAnonymousAuthorizationRequirement: Requires an authenticated user.
[2023-10-11 22:17:08.663 -06:00 INF] AuthenticationScheme: Bearer was challenged.
[2023-10-11 22:17:08.666 -06:00 INF] Bearer was not authenticated. Failure message: No SecurityTokenValidator available for token.
[2023-10-11 22:17:08.666 -06:00 INF] Request finished HTTP/1.1 GET https://localhost:5001/api/proveedor?pageSize=5&pageIndex=1&search= - - - 404 0 - 17.0592ms
[2023-10-11 22:17:26.767 -06:00 INF] Request starting HTTP/1.1 POST https://localhost:5001/api/usuario/token application/json 58
[2023-10-11 22:17:26.769 -06:00 INF] Bearer was not authenticated. Failure message: No SecurityTokenValidator available for token.
[2023-10-11 22:17:26.774 -06:00 INF] Executing endpoint 'API.Controllers.UsuarioController.GetTokenAsync (API)'
[2023-10-11 22:17:26.801 -06:00 INF] Route matched with {action = "GetToken", controller = "Usuario"}. Executing controller action with signature System.Threading.Tasks.Task`1[Microsoft.AspNetCore.Mvc.IActionResult] GetTokenAsync(API.Dtos.LoginDto) on controller API.Controllers.UsuarioController (API).
[2023-10-11 22:17:26.849 -06:00 INF] Entity Framework Core 6.0.4 initialized 'InventarioContext' using provider 'Pomelo.EntityFrameworkCore.MySql:6.0.1' with options: ServerVersion 8.0.28-mysql 
[2023-10-11 22:17:27.215 -06:00 WRN] Compiling a query which loads related collections for more than one collection navigation, either via 'Include' or through projection, but no 'QuerySplittingBehavior' has been configured. By default, Entity Framework will use 'QuerySplittingBehavior.SingleQuery', which can potentially result in slow query performance. See https://go.microsoft.com/fwlink/?linkid=2134277 for more information. To identify the query that's triggering this warning call 'ConfigureWarnings(w => w.Throw(RelationalEventId.MultipleCollectionIncludeWarning))'.
[2023-10-11 22:17:27.308 -06:00 INF] Executed DbCommand (27ms) [Parameters=[@__ToLower_0='?' (Size = 255)], CommandType='"Text"', CommandTimeout='30']
SELECT `t`.`ID`, `t`.`Apellido`, `t`.`CorreoElectronico`, `t`.`Nom_user`, `t`.`Password`, `t0`.`UsuarioId`, `t0`.`RolId`, `t0`.`ID`, `t0`.`Nombre`, `r0`.`ID`, `r0`.`Created`, `r0`.`Expires`, `r0`.`Revoked`, `r0`.`Token`, `r0`.`UsuarioId`
FROM (
    SELECT `u`.`ID`, `u`.`Apellido`, `u`.`CorreoElectronico`, `u`.`Nom_user`, `u`.`Password`
    FROM `Usuario` AS `u`
    WHERE LOWER(`u`.`Nom_user`) = @__ToLower_0
    LIMIT 1
) AS `t`
LEFT JOIN (
    SELECT `u0`.`UsuarioId`, `u0`.`RolId`, `r`.`ID`, `r`.`Nombre`
    FROM `UsuarioRoles` AS `u0`
    INNER JOIN `Rol` AS `r` ON `u0`.`RolId` = `r`.`ID`
) AS `t0` ON `t`.`ID` = `t0`.`UsuarioId`
LEFT JOIN `RefreshToken` AS `r0` ON `t`.`ID` = `r0`.`UsuarioId`
ORDER BY `t`.`ID`, `t0`.`UsuarioId`, `t0`.`RolId`, `t0`.`ID`
[2023-10-11 22:17:27.629 -06:00 INF] Executing OkObjectResult, writing value of type 'API.Dtos.DatosUsuarioDto'.
[2023-10-11 22:17:27.654 -06:00 INF] Executed action API.Controllers.UsuarioController.GetTokenAsync (API) in 847.5173ms
[2023-10-11 22:17:27.654 -06:00 INF] Executed endpoint 'API.Controllers.UsuarioController.GetTokenAsync (API)'
[2023-10-11 22:17:27.658 -06:00 INF] Request finished HTTP/1.1 POST https://localhost:5001/api/usuario/token application/json 58 - 200 - application/json;+charset=utf-8 890.3883ms
[2023-10-11 22:17:31.476 -06:00 INF] Request starting HTTP/1.1 GET https://localhost:5001/api/proveedor?pageSize=5&pageIndex=1&search= - -
[2023-10-11 22:17:31.477 -06:00 INF] Bearer was not authenticated. Failure message: No SecurityTokenValidator available for token.
[2023-10-11 22:17:31.479 -06:00 INF] Authorization failed. These requirements were not met:
DenyAnonymousAuthorizationRequirement: Requires an authenticated user.
[2023-10-11 22:17:31.479 -06:00 INF] AuthenticationScheme: Bearer was challenged.
[2023-10-11 22:17:31.479 -06:00 INF] Bearer was not authenticated. Failure message: No SecurityTokenValidator available for token.
[2023-10-11 22:17:31.480 -06:00 INF] Request finished HTTP/1.1 GET https://localhost:5001/api/proveedor?pageSize=5&pageIndex=1&search= - - - 404 0 - 3.9192ms
[2023-10-11 22:17:41.016 -06:00 INF] Request starting HTTP/1.1 GET https://localhost:5001/api/proveedor - -
[2023-10-11 22:17:41.017 -06:00 INF] Bearer was not authenticated. Failure message: No SecurityTokenValidator available for token.
[2023-10-11 22:17:41.017 -06:00 INF] Authorization failed. These requirements were not met:
DenyAnonymousAuthorizationRequirement: Requires an authenticated user.
[2023-10-11 22:17:41.017 -06:00 INF] AuthenticationScheme: Bearer was challenged.
[2023-10-11 22:17:41.018 -06:00 INF] Bearer was not authenticated. Failure message: No SecurityTokenValidator available for token.
[2023-10-11 22:17:41.018 -06:00 INF] Request finished HTTP/1.1 GET https://localhost:5001/api/proveedor - - - 404 0 - 1.6656ms
[2023-10-11 22:17:59.516 -06:00 INF] Request starting HTTP/1.1 POST https://localhost:5001/api/usuario/refresh-token - 0
[2023-10-11 22:17:59.521 -06:00 INF] Bearer was not authenticated. Failure message: No SecurityTokenValidator available for token.
[2023-10-11 22:17:59.521 -06:00 INF] Executing endpoint 'API.Controllers.UsuarioController.RefreshToken (API)'
[2023-10-11 22:17:59.524 -06:00 INF] Route matched with {action = "RefreshToken", controller = "Usuario"}. Executing controller action with signature System.Threading.Tasks.Task`1[Microsoft.AspNetCore.Mvc.IActionResult] RefreshToken() on controller API.Controllers.UsuarioController (API).
[2023-10-11 22:17:59.581 -06:00 INF] Entity Framework Core 6.0.4 initialized 'InventarioContext' using provider 'Pomelo.EntityFrameworkCore.MySql:6.0.1' with options: ServerVersion 8.0.28-mysql 
[2023-10-11 22:17:59.602 -06:00 WRN] Compiling a query which loads related collections for more than one collection navigation, either via 'Include' or through projection, but no 'QuerySplittingBehavior' has been configured. By default, Entity Framework will use 'QuerySplittingBehavior.SingleQuery', which can potentially result in slow query performance. See https://go.microsoft.com/fwlink/?linkid=2134277 for more information. To identify the query that's triggering this warning call 'ConfigureWarnings(w => w.Throw(RelationalEventId.MultipleCollectionIncludeWarning))'.
[2023-10-11 22:17:59.614 -06:00 INF] Executed DbCommand (3ms) [Parameters=[@__refreshToken_0='?' (Size = 4000)], CommandType='"Text"', CommandTimeout='30']
SELECT `t`.`ID`, `t`.`Apellido`, `t`.`CorreoElectronico`, `t`.`Nom_user`, `t`.`Password`, `t0`.`UsuarioId`, `t0`.`RolId`, `t0`.`ID`, `t0`.`Nombre`, `r1`.`ID`, `r1`.`Created`, `r1`.`Expires`, `r1`.`Revoked`, `r1`.`Token`, `r1`.`UsuarioId`
FROM (
    SELECT `u`.`ID`, `u`.`Apellido`, `u`.`CorreoElectronico`, `u`.`Nom_user`, `u`.`Password`
    FROM `Usuario` AS `u`
    WHERE EXISTS (
        SELECT 1
        FROM `RefreshToken` AS `r`
        WHERE (`u`.`ID` = `r`.`UsuarioId`) AND (`r`.`Token` = @__refreshToken_0))
    LIMIT 1
) AS `t`
LEFT JOIN (
    SELECT `u0`.`UsuarioId`, `u0`.`RolId`, `r0`.`ID`, `r0`.`Nombre`
    FROM `UsuarioRoles` AS `u0`
    INNER JOIN `Rol` AS `r0` ON `u0`.`RolId` = `r0`.`ID`
) AS `t0` ON `t`.`ID` = `t0`.`UsuarioId`
LEFT JOIN `RefreshToken` AS `r1` ON `t`.`ID` = `r1`.`UsuarioId`
ORDER BY `t`.`ID`, `t0`.`UsuarioId`, `t0`.`RolId`, `t0`.`ID`
[2023-10-11 22:17:59.877 -06:00 INF] Executed DbCommand (5ms) [Parameters=[@p1='?' (DbType = Int32), @p0='?' (DbType = DateTime)], CommandType='"Text"', CommandTimeout='30']
UPDATE `RefreshToken` SET `Revoked` = @p0
WHERE `ID` = @p1;
SELECT ROW_COUNT();
[2023-10-11 22:17:59.896 -06:00 INF] Executed DbCommand (2ms) [Parameters=[@p0='?' (DbType = DateTime), @p1='?' (DbType = DateTime), @p2='?' (DbType = DateTime), @p3='?' (Size = 4000), @p4='?' (DbType = Int32)], CommandType='"Text"', CommandTimeout='30']
INSERT INTO `RefreshToken` (`Created`, `Expires`, `Revoked`, `Token`, `UsuarioId`)
VALUES (@p0, @p1, @p2, @p3, @p4);
SELECT `ID`
FROM `RefreshToken`
WHERE ROW_COUNT() = 1 AND `ID` = LAST_INSERT_ID();
[2023-10-11 22:17:59.919 -06:00 INF] Executed DbCommand (3ms) [Parameters=[@p4='?' (DbType = Int32), @p0='?' (Size = 255), @p1='?' (Size = 255), @p2='?' (Size = 255), @p3='?' (Size = 255)], CommandType='"Text"', CommandTimeout='30']
UPDATE `Usuario` SET `Apellido` = @p0, `CorreoElectronico` = @p1, `Nom_user` = @p2, `Password` = @p3
WHERE `ID` = @p4;
SELECT ROW_COUNT();
[2023-10-11 22:17:59.946 -06:00 INF] Executing OkObjectResult, writing value of type 'API.Dtos.DatosUsuarioDto'.
[2023-10-11 22:17:59.947 -06:00 INF] Executed action API.Controllers.UsuarioController.RefreshToken (API) in 421.9636ms
[2023-10-11 22:17:59.947 -06:00 INF] Executed endpoint 'API.Controllers.UsuarioController.RefreshToken (API)'
[2023-10-11 22:17:59.947 -06:00 INF] Request finished HTTP/1.1 POST https://localhost:5001/api/usuario/refresh-token - 0 - 200 - application/json;+charset=utf-8 430.9597ms
[2023-10-11 22:18:03.900 -06:00 INF] Request starting HTTP/1.1 GET https://localhost:5001/api/proveedor?pageSize=5&pageIndex=1&search= - -
[2023-10-11 22:18:03.982 -06:00 INF] Executing endpoint 'API.Controllers.ProveedorController.GetProveedor (API)'
[2023-10-11 22:18:03.987 -06:00 INF] Route matched with {action = "GetProveedor", controller = "Proveedor"}. Executing controller action with signature System.Threading.Tasks.Task`1[Microsoft.AspNetCore.Mvc.ActionResult`1[API.Helpers.Pager`1[API.Dtos.CteProvDto]]] GetProveedor(API.Helpers.Params) on controller API.Controllers.ProveedorController (API).
[2023-10-11 22:18:04.095 -06:00 INF] Entity Framework Core 6.0.4 initialized 'InventarioContext' using provider 'Pomelo.EntityFrameworkCore.MySql:6.0.1' with options: ServerVersion 8.0.28-mysql 
[2023-10-11 22:18:04.115 -06:00 INF] Executed DbCommand (5ms) [Parameters=[], CommandType='"Text"', CommandTimeout='30']
SELECT COUNT(*)
FROM `Cte_prov` AS `c`
[2023-10-11 22:18:04.127 -06:00 WRN] The query uses a row limiting operator ('Skip'/'Take') without an 'OrderBy' operator. This may lead to unpredictable results. If the 'Distinct' operator is used after 'OrderBy', then make sure to use the 'OrderBy' operator after 'Distinct' as the ordering would otherwise get erased.
[2023-10-11 22:18:04.128 -06:00 WRN] The query uses a row limiting operator ('Skip'/'Take') without an 'OrderBy' operator. This may lead to unpredictable results. If the 'Distinct' operator is used after 'OrderBy', then make sure to use the 'OrderBy' operator after 'Distinct' as the ordering would otherwise get erased.
[2023-10-11 22:18:04.136 -06:00 INF] Executed DbCommand (3ms) [Parameters=[@__p_1='?' (DbType = Int32), @__p_0='?' (DbType = Int32)], CommandType='"Text"', CommandTimeout='30']
SELECT `c`.`ID`, `c`.`Contacto`, `c`.`CorreoElectronico`, `c`.`Direccion`, `c`.`NombreEmpresa`, `c`.`Telefono`
FROM `Cte_prov` AS `c`
LIMIT @__p_1 OFFSET @__p_0
[2023-10-11 22:18:04.168 -06:00 INF] Executing ObjectResult, writing value of type 'API.Helpers.Pager`1[[API.Dtos.CteProvDto, API, Version=1.0.0.0, Culture=neutral, PublicKeyToken=null]]'.
[2023-10-11 22:18:04.175 -06:00 INF] Executed action API.Controllers.ProveedorController.GetProveedor (API) in 188.053ms
[2023-10-11 22:18:04.175 -06:00 INF] Executed endpoint 'API.Controllers.ProveedorController.GetProveedor (API)'
[2023-10-11 22:18:04.176 -06:00 INF] Request finished HTTP/1.1 GET https://localhost:5001/api/proveedor?pageSize=5&pageIndex=1&search= - - - 200 - application/json;+charset=utf-8 275.8818ms
[2023-10-11 22:18:23.504 -06:00 INF] Request starting HTTP/1.1 GET https://localhost:5001/api/proveedor/3 - -
[2023-10-11 22:18:23.505 -06:00 INF] Executing endpoint 'API.Controllers.ProveedorController.GetId (API)'
[2023-10-11 22:18:23.508 -06:00 INF] Route matched with {action = "GetId", controller = "Proveedor"}. Executing controller action with signature System.Threading.Tasks.Task`1[Microsoft.AspNetCore.Mvc.ActionResult`1[API.Dtos.CteProvDto]] GetId(Int32) on controller API.Controllers.ProveedorController (API).
[2023-10-11 22:18:23.512 -06:00 INF] Entity Framework Core 6.0.4 initialized 'InventarioContext' using provider 'Pomelo.EntityFrameworkCore.MySql:6.0.1' with options: ServerVersion 8.0.28-mysql 
[2023-10-11 22:18:23.522 -06:00 INF] Executed DbCommand (2ms) [Parameters=[@__id_0='?' (DbType = Int32)], CommandType='"Text"', CommandTimeout='30']
SELECT `c`.`ID`, `c`.`Contacto`, `c`.`CorreoElectronico`, `c`.`Direccion`, `c`.`NombreEmpresa`, `c`.`Telefono`
FROM `Cte_prov` AS `c`
WHERE `c`.`ID` = @__id_0
LIMIT 1
[2023-10-11 22:18:23.525 -06:00 INF] Executing ObjectResult, writing value of type 'API.Dtos.CteProvDto'.
[2023-10-11 22:18:23.525 -06:00 INF] Executed action API.Controllers.ProveedorController.GetId (API) in 16.8844ms
[2023-10-11 22:18:23.525 -06:00 INF] Executed endpoint 'API.Controllers.ProveedorController.GetId (API)'
[2023-10-11 22:18:23.526 -06:00 INF] Request finished HTTP/1.1 GET https://localhost:5001/api/proveedor/3 - - - 200 - application/json;+charset=utf-8 21.8943ms
[2023-10-11 22:18:45.903 -06:00 INF] Request starting HTTP/1.1 PUT https://localhost:5001/api/proveedor/2 application/json 222
[2023-10-11 22:18:45.953 -06:00 ERR] An unhandled exception has occurred while executing the request.
Microsoft.AspNetCore.Routing.Matching.AmbiguousMatchException: The request matched multiple endpoints. Matches: 

API.Controllers.ProveedorController.Put (API)
API.Controllers.ProveedorController.Delete (API)
   at Microsoft.AspNetCore.Routing.Matching.DefaultEndpointSelector.ReportAmbiguity(CandidateState[] candidateState)
   at Microsoft.AspNetCore.Routing.Matching.DefaultEndpointSelector.ProcessFinalCandidates(HttpContext httpContext, CandidateState[] candidateState)
   at Microsoft.AspNetCore.Routing.Matching.DefaultEndpointSelector.Select(HttpContext httpContext, CandidateState[] candidateState)
   at Microsoft.AspNetCore.Routing.Matching.DefaultEndpointSelector.SelectAsync(HttpContext httpContext, CandidateSet candidateSet)
   at Microsoft.AspNetCore.Routing.Matching.DfaMatcher.SelectEndpointWithPoliciesAsync(HttpContext httpContext, IEndpointSelectorPolicy[] policies, CandidateSet candidateSet)
   at Microsoft.AspNetCore.Routing.EndpointRoutingMiddleware.<Invoke>g__AwaitMatch|8_1(EndpointRoutingMiddleware middleware, HttpContext httpContext, Task matchTask)
   at Microsoft.AspNetCore.Diagnostics.DeveloperExceptionPageMiddleware.Invoke(HttpContext context)
[2023-10-11 22:18:45.957 -06:00 INF] Request finished HTTP/1.1 PUT https://localhost:5001/api/proveedor/2 application/json 222 - 500 - text/plain;+charset=utf-8 54.0869ms
[2023-10-11 22:19:00.737 -06:00 INF] Request starting HTTP/1.1 PUT https://localhost:5001/api/proveedor/2 application/json 222
[2023-10-11 22:19:00.738 -06:00 ERR] An unhandled exception has occurred while executing the request.
Microsoft.AspNetCore.Routing.Matching.AmbiguousMatchException: The request matched multiple endpoints. Matches: 

API.Controllers.ProveedorController.Put (API)
API.Controllers.ProveedorController.Delete (API)
   at Microsoft.AspNetCore.Routing.Matching.DefaultEndpointSelector.ReportAmbiguity(CandidateState[] candidateState)
   at Microsoft.AspNetCore.Routing.Matching.DefaultEndpointSelector.ProcessFinalCandidates(HttpContext httpContext, CandidateState[] candidateState)
   at Microsoft.AspNetCore.Routing.Matching.DefaultEndpointSelector.Select(HttpContext httpContext, CandidateState[] candidateState)
   at Microsoft.AspNetCore.Routing.Matching.DefaultEndpointSelector.SelectAsync(HttpContext httpContext, CandidateSet candidateSet)
   at Microsoft.AspNetCore.Routing.Matching.DfaMatcher.SelectEndpointWithPoliciesAsync(HttpContext httpContext, IEndpointSelectorPolicy[] policies, CandidateSet candidateSet)
   at Microsoft.AspNetCore.Routing.EndpointRoutingMiddleware.<Invoke>g__AwaitMatch|8_1(EndpointRoutingMiddleware middleware, HttpContext httpContext, Task matchTask)
   at Microsoft.AspNetCore.Diagnostics.DeveloperExceptionPageMiddleware.Invoke(HttpContext context)
[2023-10-11 22:19:00.741 -06:00 INF] Request finished HTTP/1.1 PUT https://localhost:5001/api/proveedor/2 application/json 222 - 500 - text/plain;+charset=utf-8 4.3305ms
[2023-10-11 22:19:09.214 -06:00 INF] Request starting HTTP/1.1 PUT https://localhost:5001/api/proveedor/3 application/json 222
[2023-10-11 22:19:09.215 -06:00 ERR] An unhandled exception has occurred while executing the request.
Microsoft.AspNetCore.Routing.Matching.AmbiguousMatchException: The request matched multiple endpoints. Matches: 

API.Controllers.ProveedorController.Put (API)
API.Controllers.ProveedorController.Delete (API)
   at Microsoft.AspNetCore.Routing.Matching.DefaultEndpointSelector.ReportAmbiguity(CandidateState[] candidateState)
   at Microsoft.AspNetCore.Routing.Matching.DefaultEndpointSelector.ProcessFinalCandidates(HttpContext httpContext, CandidateState[] candidateState)
   at Microsoft.AspNetCore.Routing.Matching.DefaultEndpointSelector.Select(HttpContext httpContext, CandidateState[] candidateState)
   at Microsoft.AspNetCore.Routing.Matching.DefaultEndpointSelector.SelectAsync(HttpContext httpContext, CandidateSet candidateSet)
   at Microsoft.AspNetCore.Routing.Matching.DfaMatcher.SelectEndpointWithPoliciesAsync(HttpContext httpContext, IEndpointSelectorPolicy[] policies, CandidateSet candidateSet)
   at Microsoft.AspNetCore.Routing.EndpointRoutingMiddleware.<Invoke>g__AwaitMatch|8_1(EndpointRoutingMiddleware middleware, HttpContext httpContext, Task matchTask)
   at Microsoft.AspNetCore.Diagnostics.DeveloperExceptionPageMiddleware.Invoke(HttpContext context)
[2023-10-11 22:19:09.216 -06:00 INF] Request finished HTTP/1.1 PUT https://localhost:5001/api/proveedor/3 application/json 222 - 500 - text/plain;+charset=utf-8 2.6125ms
[2023-10-11 22:19:46.974 -06:00 INF] Entity Framework Core 6.0.4 initialized 'InventarioContext' using provider 'Pomelo.EntityFrameworkCore.MySql:6.0.1' with options: ServerVersion 8.0.28-mysql 
[2023-10-11 22:19:47.701 -06:00 INF] Executed DbCommand (27ms) [Parameters=[], CommandType='"Text"', CommandTimeout='30']
SELECT 1 FROM INFORMATION_SCHEMA.TABLES WHERE TABLE_SCHEMA='inventarioRopa' AND TABLE_NAME='__EFMigrationsHistory';
[2023-10-11 22:19:47.780 -06:00 INF] Executed DbCommand (4ms) [Parameters=[], CommandType='"Text"', CommandTimeout='30']
SELECT 1 FROM INFORMATION_SCHEMA.TABLES WHERE TABLE_SCHEMA='inventarioRopa' AND TABLE_NAME='__EFMigrationsHistory';
[2023-10-11 22:19:47.853 -06:00 INF] Executed DbCommand (14ms) [Parameters=[], CommandType='"Text"', CommandTimeout='30']
SELECT `MigrationId`, `ProductVersion`
FROM `__EFMigrationsHistory`
ORDER BY `MigrationId`;
[2023-10-11 22:19:47.895 -06:00 INF] No migrations were applied. The database is already up to date.
[2023-10-11 22:19:48.334 -06:00 INF] Executed DbCommand (4ms) [Parameters=[], CommandType='"Text"', CommandTimeout='30']
SELECT EXISTS (
    SELECT 1
    FROM `Rol` AS `r`)
[2023-10-11 22:19:48.575 -06:00 INF] User profile is available. Using 'C:\Users\Rodrigo Tellez\AppData\Local\ASP.NET\DataProtection-Keys' as key repository and Windows DPAPI to encrypt keys at rest.
[2023-10-11 22:19:48.791 -06:00 INF] Now listening on: https://localhost:5001
[2023-10-11 22:19:48.793 -06:00 INF] Now listening on: http://localhost:5000
[2023-10-11 22:19:48.805 -06:00 INF] Application started. Press Ctrl+C to shut down.
[2023-10-11 22:19:48.807 -06:00 INF] Hosting environment: Development
[2023-10-11 22:19:48.810 -06:00 INF] Content root path: D:\10CUATRIMESTRE\HECTOR\Backend\inventario\API\
[2023-10-11 22:19:53.732 -06:00 INF] Request starting HTTP/1.1 PUT https://localhost:5001/api/proveedor/3 application/json 222
[2023-10-11 22:19:53.888 -06:00 ERR] An unhandled exception has occurred while executing the request.
Microsoft.AspNetCore.Routing.Matching.AmbiguousMatchException: The request matched multiple endpoints. Matches: 

API.Controllers.ProveedorController.Put (API)
API.Controllers.ProveedorController.Delete (API)
   at Microsoft.AspNetCore.Routing.Matching.DefaultEndpointSelector.ReportAmbiguity(CandidateState[] candidateState)
   at Microsoft.AspNetCore.Routing.Matching.DefaultEndpointSelector.ProcessFinalCandidates(HttpContext httpContext, CandidateState[] candidateState)
   at Microsoft.AspNetCore.Routing.Matching.DefaultEndpointSelector.Select(HttpContext httpContext, CandidateState[] candidateState)
   at Microsoft.AspNetCore.Routing.Matching.DefaultEndpointSelector.SelectAsync(HttpContext httpContext, CandidateSet candidateSet)
   at Microsoft.AspNetCore.Routing.Matching.DfaMatcher.SelectEndpointWithPoliciesAsync(HttpContext httpContext, IEndpointSelectorPolicy[] policies, CandidateSet candidateSet)
   at Microsoft.AspNetCore.Routing.EndpointRoutingMiddleware.<Invoke>g__AwaitMatch|8_1(EndpointRoutingMiddleware middleware, HttpContext httpContext, Task matchTask)
   at Microsoft.AspNetCore.Diagnostics.DeveloperExceptionPageMiddleware.Invoke(HttpContext context)
[2023-10-11 22:19:53.899 -06:00 INF] Request finished HTTP/1.1 PUT https://localhost:5001/api/proveedor/3 application/json 222 - 500 - text/plain;+charset=utf-8 171.6559ms
[2023-10-11 22:20:47.243 -06:00 INF] Entity Framework Core 6.0.4 initialized 'InventarioContext' using provider 'Pomelo.EntityFrameworkCore.MySql:6.0.1' with options: ServerVersion 8.0.28-mysql 
[2023-10-11 22:20:47.691 -06:00 INF] Executed DbCommand (19ms) [Parameters=[], CommandType='"Text"', CommandTimeout='30']
SELECT 1 FROM INFORMATION_SCHEMA.TABLES WHERE TABLE_SCHEMA='inventarioRopa' AND TABLE_NAME='__EFMigrationsHistory';
[2023-10-11 22:20:47.736 -06:00 INF] Executed DbCommand (4ms) [Parameters=[], CommandType='"Text"', CommandTimeout='30']
SELECT 1 FROM INFORMATION_SCHEMA.TABLES WHERE TABLE_SCHEMA='inventarioRopa' AND TABLE_NAME='__EFMigrationsHistory';
[2023-10-11 22:20:47.775 -06:00 INF] Executed DbCommand (7ms) [Parameters=[], CommandType='"Text"', CommandTimeout='30']
SELECT `MigrationId`, `ProductVersion`
FROM `__EFMigrationsHistory`
ORDER BY `MigrationId`;
[2023-10-11 22:20:47.797 -06:00 INF] No migrations were applied. The database is already up to date.
[2023-10-11 22:20:48.059 -06:00 INF] Executed DbCommand (3ms) [Parameters=[], CommandType='"Text"', CommandTimeout='30']
SELECT EXISTS (
    SELECT 1
    FROM `Rol` AS `r`)
[2023-10-11 22:20:48.185 -06:00 INF] User profile is available. Using 'C:\Users\Rodrigo Tellez\AppData\Local\ASP.NET\DataProtection-Keys' as key repository and Windows DPAPI to encrypt keys at rest.
[2023-10-11 22:20:48.278 -06:00 INF] Now listening on: https://localhost:5001
[2023-10-11 22:20:48.278 -06:00 INF] Now listening on: http://localhost:5000
[2023-10-11 22:20:48.283 -06:00 INF] Application started. Press Ctrl+C to shut down.
[2023-10-11 22:20:48.284 -06:00 INF] Hosting environment: Development
[2023-10-11 22:20:48.284 -06:00 INF] Content root path: D:\10CUATRIMESTRE\HECTOR\Backend\inventario\API\
[2023-10-11 22:20:53.838 -06:00 INF] Request starting HTTP/1.1 POST https://localhost:5001/api/usuario/token application/json 58
[2023-10-11 22:20:54.138 -06:00 INF] Executing endpoint 'API.Controllers.UsuarioController.GetTokenAsync (API)'
[2023-10-11 22:20:54.159 -06:00 INF] Route matched with {action = "GetToken", controller = "Usuario"}. Executing controller action with signature System.Threading.Tasks.Task`1[Microsoft.AspNetCore.Mvc.IActionResult] GetTokenAsync(API.Dtos.LoginDto) on controller API.Controllers.UsuarioController (API).
[2023-10-11 22:20:54.202 -06:00 INF] Entity Framework Core 6.0.4 initialized 'InventarioContext' using provider 'Pomelo.EntityFrameworkCore.MySql:6.0.1' with options: ServerVersion 8.0.28-mysql 
[2023-10-11 22:20:54.433 -06:00 WRN] Compiling a query which loads related collections for more than one collection navigation, either via 'Include' or through projection, but no 'QuerySplittingBehavior' has been configured. By default, Entity Framework will use 'QuerySplittingBehavior.SingleQuery', which can potentially result in slow query performance. See https://go.microsoft.com/fwlink/?linkid=2134277 for more information. To identify the query that's triggering this warning call 'ConfigureWarnings(w => w.Throw(RelationalEventId.MultipleCollectionIncludeWarning))'.
[2023-10-11 22:20:54.508 -06:00 INF] Executed DbCommand (26ms) [Parameters=[@__ToLower_0='?' (Size = 255)], CommandType='"Text"', CommandTimeout='30']
SELECT `t`.`ID`, `t`.`Apellido`, `t`.`CorreoElectronico`, `t`.`Nom_user`, `t`.`Password`, `t0`.`UsuarioId`, `t0`.`RolId`, `t0`.`ID`, `t0`.`Nombre`, `r0`.`ID`, `r0`.`Created`, `r0`.`Expires`, `r0`.`Revoked`, `r0`.`Token`, `r0`.`UsuarioId`
FROM (
    SELECT `u`.`ID`, `u`.`Apellido`, `u`.`CorreoElectronico`, `u`.`Nom_user`, `u`.`Password`
    FROM `Usuario` AS `u`
    WHERE LOWER(`u`.`Nom_user`) = @__ToLower_0
    LIMIT 1
) AS `t`
LEFT JOIN (
    SELECT `u0`.`UsuarioId`, `u0`.`RolId`, `r`.`ID`, `r`.`Nombre`
    FROM `UsuarioRoles` AS `u0`
    INNER JOIN `Rol` AS `r` ON `u0`.`RolId` = `r`.`ID`
) AS `t0` ON `t`.`ID` = `t0`.`UsuarioId`
LEFT JOIN `RefreshToken` AS `r0` ON `t`.`ID` = `r0`.`UsuarioId`
ORDER BY `t`.`ID`, `t0`.`UsuarioId`, `t0`.`RolId`, `t0`.`ID`
[2023-10-11 22:20:54.647 -06:00 INF] Executing OkObjectResult, writing value of type 'API.Dtos.DatosUsuarioDto'.
[2023-10-11 22:20:54.675 -06:00 INF] Executed action API.Controllers.UsuarioController.GetTokenAsync (API) in 507.0512ms
[2023-10-11 22:20:54.676 -06:00 INF] Executed endpoint 'API.Controllers.UsuarioController.GetTokenAsync (API)'
[2023-10-11 22:20:54.681 -06:00 INF] Request finished HTTP/1.1 POST https://localhost:5001/api/usuario/token application/json 58 - 200 - application/json;+charset=utf-8 847.2223ms
[2023-10-11 22:21:02.040 -06:00 INF] Request starting HTTP/1.1 PUT https://localhost:5001/api/proveedor/3 application/json 222
[2023-10-11 22:21:02.043 -06:00 INF] Executing endpoint '405 HTTP Method Not Supported'
[2023-10-11 22:21:02.044 -06:00 INF] Executed endpoint '405 HTTP Method Not Supported'
[2023-10-11 22:21:02.050 -06:00 INF] Request finished HTTP/1.1 PUT https://localhost:5001/api/proveedor/3 application/json 222 - 404 0 - 9.4118ms
[2023-10-11 22:21:06.237 -06:00 INF] Request starting HTTP/1.1 POST https://localhost:5001/api/usuario/refresh-token - 0
[2023-10-11 22:21:06.240 -06:00 INF] Executing endpoint 'API.Controllers.UsuarioController.RefreshToken (API)'
[2023-10-11 22:21:06.246 -06:00 INF] Route matched with {action = "RefreshToken", controller = "Usuario"}. Executing controller action with signature System.Threading.Tasks.Task`1[Microsoft.AspNetCore.Mvc.IActionResult] RefreshToken() on controller API.Controllers.UsuarioController (API).
[2023-10-11 22:21:06.302 -06:00 INF] Entity Framework Core 6.0.4 initialized 'InventarioContext' using provider 'Pomelo.EntityFrameworkCore.MySql:6.0.1' with options: ServerVersion 8.0.28-mysql 
[2023-10-11 22:21:06.331 -06:00 WRN] Compiling a query which loads related collections for more than one collection navigation, either via 'Include' or through projection, but no 'QuerySplittingBehavior' has been configured. By default, Entity Framework will use 'QuerySplittingBehavior.SingleQuery', which can potentially result in slow query performance. See https://go.microsoft.com/fwlink/?linkid=2134277 for more information. To identify the query that's triggering this warning call 'ConfigureWarnings(w => w.Throw(RelationalEventId.MultipleCollectionIncludeWarning))'.
[2023-10-11 22:21:06.348 -06:00 INF] Executed DbCommand (3ms) [Parameters=[@__refreshToken_0='?' (Size = 4000)], CommandType='"Text"', CommandTimeout='30']
SELECT `t`.`ID`, `t`.`Apellido`, `t`.`CorreoElectronico`, `t`.`Nom_user`, `t`.`Password`, `t0`.`UsuarioId`, `t0`.`RolId`, `t0`.`ID`, `t0`.`Nombre`, `r1`.`ID`, `r1`.`Created`, `r1`.`Expires`, `r1`.`Revoked`, `r1`.`Token`, `r1`.`UsuarioId`
FROM (
    SELECT `u`.`ID`, `u`.`Apellido`, `u`.`CorreoElectronico`, `u`.`Nom_user`, `u`.`Password`
    FROM `Usuario` AS `u`
    WHERE EXISTS (
        SELECT 1
        FROM `RefreshToken` AS `r`
        WHERE (`u`.`ID` = `r`.`UsuarioId`) AND (`r`.`Token` = @__refreshToken_0))
    LIMIT 1
) AS `t`
LEFT JOIN (
    SELECT `u0`.`UsuarioId`, `u0`.`RolId`, `r0`.`ID`, `r0`.`Nombre`
    FROM `UsuarioRoles` AS `u0`
    INNER JOIN `Rol` AS `r0` ON `u0`.`RolId` = `r0`.`ID`
) AS `t0` ON `t`.`ID` = `t0`.`UsuarioId`
LEFT JOIN `RefreshToken` AS `r1` ON `t`.`ID` = `r1`.`UsuarioId`
ORDER BY `t`.`ID`, `t0`.`UsuarioId`, `t0`.`RolId`, `t0`.`ID`
[2023-10-11 22:21:06.509 -06:00 INF] Executed DbCommand (6ms) [Parameters=[@p1='?' (DbType = Int32), @p0='?' (DbType = DateTime)], CommandType='"Text"', CommandTimeout='30']
UPDATE `RefreshToken` SET `Revoked` = @p0
WHERE `ID` = @p1;
SELECT ROW_COUNT();
[2023-10-11 22:21:06.526 -06:00 INF] Executed DbCommand (3ms) [Parameters=[@p0='?' (DbType = DateTime), @p1='?' (DbType = DateTime), @p2='?' (DbType = DateTime), @p3='?' (Size = 4000), @p4='?' (DbType = Int32)], CommandType='"Text"', CommandTimeout='30']
INSERT INTO `RefreshToken` (`Created`, `Expires`, `Revoked`, `Token`, `UsuarioId`)
VALUES (@p0, @p1, @p2, @p3, @p4);
SELECT `ID`
FROM `RefreshToken`
WHERE ROW_COUNT() = 1 AND `ID` = LAST_INSERT_ID();
[2023-10-11 22:21:06.551 -06:00 INF] Executed DbCommand (3ms) [Parameters=[@p4='?' (DbType = Int32), @p0='?' (Size = 255), @p1='?' (Size = 255), @p2='?' (Size = 255), @p3='?' (Size = 255)], CommandType='"Text"', CommandTimeout='30']
UPDATE `Usuario` SET `Apellido` = @p0, `CorreoElectronico` = @p1, `Nom_user` = @p2, `Password` = @p3
WHERE `ID` = @p4;
SELECT ROW_COUNT();
[2023-10-11 22:21:06.577 -06:00 INF] Executing OkObjectResult, writing value of type 'API.Dtos.DatosUsuarioDto'.
[2023-10-11 22:21:06.577 -06:00 INF] Executed action API.Controllers.UsuarioController.RefreshToken (API) in 331.2714ms
[2023-10-11 22:21:06.577 -06:00 INF] Executed endpoint 'API.Controllers.UsuarioController.RefreshToken (API)'
[2023-10-11 22:21:06.578 -06:00 INF] Request finished HTTP/1.1 POST https://localhost:5001/api/usuario/refresh-token - 0 - 200 - application/json;+charset=utf-8 340.4184ms
[2023-10-11 22:21:11.256 -06:00 INF] Request starting HTTP/1.1 PUT https://localhost:5001/api/proveedor/3 application/json 222
[2023-10-11 22:21:11.258 -06:00 INF] Executing endpoint '405 HTTP Method Not Supported'
[2023-10-11 22:21:11.258 -06:00 INF] Executed endpoint '405 HTTP Method Not Supported'
[2023-10-11 22:21:11.259 -06:00 INF] Request finished HTTP/1.1 PUT https://localhost:5001/api/proveedor/3 application/json 222 - 404 0 - 3.0731ms
[2023-10-11 22:21:20.954 -06:00 INF] Request starting HTTP/1.1 PUT https://localhost:5001/api/proveedor/edit/3 application/json 222
[2023-10-11 22:21:20.961 -06:00 INF] Executing endpoint 'API.Controllers.ProveedorController.Put (API)'
[2023-10-11 22:21:20.966 -06:00 INF] Route matched with {action = "Put", controller = "Proveedor"}. Executing controller action with signature System.Threading.Tasks.Task`1[Microsoft.AspNetCore.Mvc.ActionResult`1[API.Dtos.CteProvDto]] Put(Int32, API.Dtos.CteProvDto) on controller API.Controllers.ProveedorController (API).
[2023-10-11 22:21:21.084 -06:00 INF] Entity Framework Core 6.0.4 initialized 'InventarioContext' using provider 'Pomelo.EntityFrameworkCore.MySql:6.0.1' with options: ServerVersion 8.0.28-mysql 
[2023-10-11 22:21:21.095 -06:00 INF] Executed DbCommand (3ms) [Parameters=[@__id_0='?' (DbType = Int32)], CommandType='"Text"', CommandTimeout='30']
SELECT `c`.`ID`, `c`.`Contacto`, `c`.`CorreoElectronico`, `c`.`Direccion`, `c`.`NombreEmpresa`, `c`.`Telefono`
FROM `Cte_prov` AS `c`
WHERE `c`.`ID` = @__id_0
LIMIT 1
[2023-10-11 22:21:21.135 -06:00 INF] Executed DbCommand (4ms) [Parameters=[@p5='?' (DbType = Int32), @p0='?' (Size = 255), @p1='?' (Size = 255), @p2='?' (Size = 255), @p3='?' (Size = 255), @p4='?' (Size = 20)], CommandType='"Text"', CommandTimeout='30']
UPDATE `Cte_prov` SET `Contacto` = @p0, `CorreoElectronico` = @p1, `Direccion` = @p2, `NombreEmpresa` = @p3, `Telefono` = @p4
WHERE `ID` = @p5;
SELECT ROW_COUNT();
[2023-10-11 22:21:21.145 -06:00 INF] Executing ObjectResult, writing value of type 'API.Dtos.CteProvDto'.
[2023-10-11 22:21:21.147 -06:00 INF] Executed action API.Controllers.ProveedorController.Put (API) in 180.6092ms
[2023-10-11 22:21:21.147 -06:00 INF] Executed endpoint 'API.Controllers.ProveedorController.Put (API)'
[2023-10-11 22:21:21.147 -06:00 INF] Request finished HTTP/1.1 PUT https://localhost:5001/api/proveedor/edit/3 application/json 222 - 200 - application/json;+charset=utf-8 193.8355ms
[2023-10-11 22:27:27.351 -06:00 INF] Entity Framework Core 6.0.4 initialized 'InventarioContext' using provider 'Pomelo.EntityFrameworkCore.MySql:6.0.1' with options: ServerVersion 8.0.28-mysql 
[2023-10-11 22:27:27.882 -06:00 INF] Executed DbCommand (19ms) [Parameters=[], CommandType='"Text"', CommandTimeout='30']
SELECT 1 FROM INFORMATION_SCHEMA.TABLES WHERE TABLE_SCHEMA='inventarioRopa' AND TABLE_NAME='__EFMigrationsHistory';
[2023-10-11 22:27:27.920 -06:00 INF] Executed DbCommand (3ms) [Parameters=[], CommandType='"Text"', CommandTimeout='30']
SELECT 1 FROM INFORMATION_SCHEMA.TABLES WHERE TABLE_SCHEMA='inventarioRopa' AND TABLE_NAME='__EFMigrationsHistory';
[2023-10-11 22:27:27.952 -06:00 INF] Executed DbCommand (6ms) [Parameters=[], CommandType='"Text"', CommandTimeout='30']
SELECT `MigrationId`, `ProductVersion`
FROM `__EFMigrationsHistory`
ORDER BY `MigrationId`;
[2023-10-11 22:27:27.975 -06:00 INF] No migrations were applied. The database is already up to date.
[2023-10-11 22:27:28.206 -06:00 INF] Executed DbCommand (3ms) [Parameters=[], CommandType='"Text"', CommandTimeout='30']
SELECT EXISTS (
    SELECT 1
    FROM `Rol` AS `r`)
[2023-10-11 22:27:28.325 -06:00 INF] User profile is available. Using 'C:\Users\Rodrigo Tellez\AppData\Local\ASP.NET\DataProtection-Keys' as key repository and Windows DPAPI to encrypt keys at rest.
[2023-10-11 22:27:28.414 -06:00 INF] Now listening on: https://localhost:5001
[2023-10-11 22:27:28.414 -06:00 INF] Now listening on: http://localhost:5000
[2023-10-11 22:27:28.419 -06:00 INF] Application started. Press Ctrl+C to shut down.
[2023-10-11 22:27:28.419 -06:00 INF] Hosting environment: Development
[2023-10-11 22:27:28.419 -06:00 INF] Content root path: D:\10CUATRIMESTRE\HECTOR\Backend\inventario\API\
[2023-10-11 22:27:38.990 -06:00 INF] Request starting HTTP/1.1 GET https://localhost:5001/api/proveedor?pageSize=5&pageIndex=1&search= - -
[2023-10-11 22:27:39.543 -06:00 INF] Executing endpoint 'API.Controllers.ProveedorController.GetProveedor (API)'
[2023-10-11 22:27:39.576 -06:00 INF] Route matched with {action = "GetProveedor", controller = "Proveedor"}. Executing controller action with signature System.Threading.Tasks.Task`1[Microsoft.AspNetCore.Mvc.ActionResult`1[API.Helpers.Pager`1[API.Dtos.CteProvDto]]] GetProveedor(API.Helpers.Params) on controller API.Controllers.ProveedorController (API).
[2023-10-11 22:27:39.725 -06:00 INF] Entity Framework Core 6.0.4 initialized 'InventarioContext' using provider 'Pomelo.EntityFrameworkCore.MySql:6.0.1' with options: ServerVersion 8.0.28-mysql 
[2023-10-11 22:27:39.751 -06:00 INF] Executed DbCommand (4ms) [Parameters=[], CommandType='"Text"', CommandTimeout='30']
SELECT COUNT(*)
FROM `Cte_prov` AS `c`
[2023-10-11 22:27:39.799 -06:00 WRN] The query uses a row limiting operator ('Skip'/'Take') without an 'OrderBy' operator. This may lead to unpredictable results. If the 'Distinct' operator is used after 'OrderBy', then make sure to use the 'OrderBy' operator after 'Distinct' as the ordering would otherwise get erased.
[2023-10-11 22:27:39.800 -06:00 WRN] The query uses a row limiting operator ('Skip'/'Take') without an 'OrderBy' operator. This may lead to unpredictable results. If the 'Distinct' operator is used after 'OrderBy', then make sure to use the 'OrderBy' operator after 'Distinct' as the ordering would otherwise get erased.
[2023-10-11 22:27:39.897 -06:00 INF] Executed DbCommand (25ms) [Parameters=[@__p_1='?' (DbType = Int32), @__p_0='?' (DbType = Int32)], CommandType='"Text"', CommandTimeout='30']
SELECT `c`.`ID`, `c`.`Contacto`, `c`.`CorreoElectronico`, `c`.`Direccion`, `c`.`NombreEmpresa`, `c`.`Telefono`
FROM `Cte_prov` AS `c`
LIMIT @__p_1 OFFSET @__p_0
[2023-10-11 22:27:39.990 -06:00 INF] Executing ObjectResult, writing value of type 'API.Helpers.Pager`1[[API.Dtos.CteProvDto, API, Version=1.0.0.0, Culture=neutral, PublicKeyToken=null]]'.
[2023-10-11 22:27:40.036 -06:00 INF] Executed action API.Controllers.ProveedorController.GetProveedor (API) in 451.7278ms
[2023-10-11 22:27:40.037 -06:00 INF] Executed endpoint 'API.Controllers.ProveedorController.GetProveedor (API)'
[2023-10-11 22:27:40.042 -06:00 INF] Request finished HTTP/1.1 GET https://localhost:5001/api/proveedor?pageSize=5&pageIndex=1&search= - - - 200 - application/json;+charset=utf-8 1055.4373ms
