[2023-11-19 20:34:23.437 -06:00 INF] User profile is available. Using 'C:\Users\Rodrigo Tellez\AppData\Local\ASP.NET\DataProtection-Keys' as key repository and Windows DPAPI to encrypt keys at rest.
[2023-11-19 20:34:23.964 -06:00 INF] Now listening on: https://localhost:5001
[2023-11-19 20:34:23.964 -06:00 INF] Now listening on: http://localhost:5000
[2023-11-19 20:34:23.971 -06:00 INF] Application started. Press Ctrl+C to shut down.
[2023-11-19 20:34:23.971 -06:00 INF] Hosting environment: Development
[2023-11-19 20:34:23.972 -06:00 INF] Content root path: D:\10CUATRIMESTRE\HECTOR\Backend\inventario\API\
[2023-11-19 20:35:56.362 -06:00 INF] Request starting HTTP/1.1 POST http://localhost:5000/api/usuario/token application/json 44
[2023-11-19 20:35:56.636 -06:00 INF] Request finished HTTP/1.1 POST http://localhost:5000/api/usuario/token application/json 44 - 307 0 - 280.2999ms
[2023-11-19 20:35:56.832 -06:00 INF] Request starting HTTP/1.1 POST https://localhost:5001/api/usuario/token application/json 44
[2023-11-19 20:35:59.197 -06:00 INF] Failed to validate the token.
Microsoft.IdentityModel.Tokens.SecurityTokenExpiredException: IDX10223: Lifetime validation failed. The token is expired. ValidTo: '20/11/2023 01:51:50 a. m.', Current time: '20/11/2023 02:35:59 a. m.'.
   at Microsoft.IdentityModel.Tokens.Validators.ValidateLifetime(Nullable`1 notBefore, Nullable`1 expires, SecurityToken securityToken, TokenValidationParameters validationParameters)
   at System.IdentityModel.Tokens.Jwt.JwtSecurityTokenHandler.ValidateLifetime(Nullable`1 notBefore, Nullable`1 expires, JwtSecurityToken jwtToken, TokenValidationParameters validationParameters)
   at System.IdentityModel.Tokens.Jwt.JwtSecurityTokenHandler.ValidateTokenPayload(JwtSecurityToken jwtToken, TokenValidationParameters validationParameters, BaseConfiguration configuration)
   at System.IdentityModel.Tokens.Jwt.JwtSecurityTokenHandler.ValidateJWS(String token, TokenValidationParameters validationParameters, BaseConfiguration currentConfiguration, SecurityToken& signatureValidatedToken, ExceptionDispatchInfo& exceptionThrown)
--- End of stack trace from previous location ---
   at System.IdentityModel.Tokens.Jwt.JwtSecurityTokenHandler.ValidateToken(String token, JwtSecurityToken outerToken, TokenValidationParameters validationParameters, SecurityToken& signatureValidatedToken)
   at System.IdentityModel.Tokens.Jwt.JwtSecurityTokenHandler.ValidateToken(String token, TokenValidationParameters validationParameters, SecurityToken& validatedToken)
   at Microsoft.AspNetCore.Authentication.JwtBearer.JwtBearerHandler.HandleAuthenticateAsync()
[2023-11-19 20:35:59.307 -06:00 INF] Bearer was not authenticated. Failure message: IDX10223: Lifetime validation failed. The token is expired. ValidTo: '20/11/2023 01:51:50 a. m.', Current time: '20/11/2023 02:35:59 a. m.'.
[2023-11-19 20:35:59.319 -06:00 INF] Executing endpoint 'API.Controllers.UsuarioController.GetTokenAsync (API)'
[2023-11-19 20:35:59.387 -06:00 INF] Route matched with {action = "GetToken", controller = "Usuario"}. Executing controller action with signature System.Threading.Tasks.Task`1[Microsoft.AspNetCore.Mvc.IActionResult] GetTokenAsync(API.Dtos.LoginDto) on controller API.Controllers.UsuarioController (API).
[2023-11-19 20:36:04.157 -06:00 INF] Entity Framework Core 6.0.4 initialized 'InventarioContext' using provider 'Pomelo.EntityFrameworkCore.MySql:6.0.1' with options: ServerVersion 8.0-mysql 
[2023-11-19 20:36:04.956 -06:00 WRN] Compiling a query which loads related collections for more than one collection navigation, either via 'Include' or through projection, but no 'QuerySplittingBehavior' has been configured. By default, Entity Framework will use 'QuerySplittingBehavior.SingleQuery', which can potentially result in slow query performance. See https://go.microsoft.com/fwlink/?linkid=2134277 for more information. To identify the query that's triggering this warning call 'ConfigureWarnings(w => w.Throw(RelationalEventId.MultipleCollectionIncludeWarning))'.
[2023-11-19 20:36:06.351 -06:00 INF] Executed DbCommand (269ms) [Parameters=[@__ToLower_0='?' (Size = 255)], CommandType='"Text"', CommandTimeout='30']
SELECT `t`.`ID`, `t`.`Apellido`, `t`.`CorreoElectronico`, `t`.`Nom_user`, `t`.`Password`, `t`.`Permiso`, `t0`.`UsuarioId`, `t0`.`RolId`, `t0`.`ID`, `t0`.`Nombre`, `r0`.`ID`, `r0`.`Created`, `r0`.`Expires`, `r0`.`Revoked`, `r0`.`Token`, `r0`.`UsuarioId`
FROM (
    SELECT `u`.`ID`, `u`.`Apellido`, `u`.`CorreoElectronico`, `u`.`Nom_user`, `u`.`Password`, `u`.`Permiso`
    FROM `Usuario` AS `u`
    WHERE LOWER(`u`.`Nom_user`) = @__ToLower_0
    LIMIT 1
) AS `t`
LEFT JOIN (
    SELECT `u0`.`UsuarioId`, `u0`.`RolId`, `r`.`ID`, `r`.`Nombre`
    FROM `UsuarioRoles` AS `u0`
    INNER JOIN `Rol` AS `r` ON `u0`.`RolId` = `r`.`ID`
) AS `t0` ON `t`.`ID` = `t0`.`UsuarioId`
LEFT JOIN `RefreshToken` AS `r0` ON `t`.`ID` = `r0`.`UsuarioId`
ORDER BY `t`.`ID`, `t0`.`UsuarioId`, `t0`.`RolId`, `t0`.`ID`
[2023-11-19 20:36:06.787 -06:00 INF] Executing OkObjectResult, writing value of type '<>f__AnonymousType4`3[[System.String, System.Private.CoreLib, Version=6.0.0.0, Culture=neutral, PublicKeyToken=7cec85d7bea7798e],[System.Boolean, System.Private.CoreLib, Version=6.0.0.0, Culture=neutral, PublicKeyToken=7cec85d7bea7798e],[API.Dtos.DatosUsuarioDto, API, Version=1.0.0.0, Culture=neutral, PublicKeyToken=null]]'.
[2023-11-19 20:36:06.836 -06:00 INF] Executed action API.Controllers.UsuarioController.GetTokenAsync (API) in 7441.3563ms
[2023-11-19 20:36:06.837 -06:00 INF] Executed endpoint 'API.Controllers.UsuarioController.GetTokenAsync (API)'
[2023-11-19 20:36:06.845 -06:00 INF] Request finished HTTP/1.1 POST https://localhost:5001/api/usuario/token application/json 44 - 200 - application/json;+charset=utf-8 10013.0469ms
[2023-11-19 20:36:29.537 -06:00 INF] Request starting HTTP/1.1 GET http://localhost:5000/api/producto?pageSize=3&pageIndex=1&search= - -
[2023-11-19 20:36:29.549 -06:00 INF] Request finished HTTP/1.1 GET http://localhost:5000/api/producto?pageSize=3&pageIndex=1&search= - - - 307 0 - 11.4881ms
[2023-11-19 20:36:29.554 -06:00 INF] Request starting HTTP/1.1 GET https://localhost:5001/api/producto?pageSize=3&pageIndex=1&search= - -
[2023-11-19 20:36:29.597 -06:00 INF] Executing endpoint 'API.Controllers.ProductoController.GetProducto (API)'
[2023-11-19 20:36:29.608 -06:00 INF] Route matched with {action = "GetProducto", controller = "Producto"}. Executing controller action with signature System.Threading.Tasks.Task`1[Microsoft.AspNetCore.Mvc.ActionResult`1[API.Helpers.Pager`1[API.Dtos.ProductoDto]]] GetProducto(API.Helpers.Params) on controller API.Controllers.ProductoController (API).
[2023-11-19 20:36:29.626 -06:00 INF] Entity Framework Core 6.0.4 initialized 'InventarioContext' using provider 'Pomelo.EntityFrameworkCore.MySql:6.0.1' with options: ServerVersion 8.0-mysql 
[2023-11-19 20:36:30.444 -06:00 INF] Executed DbCommand (190ms) [Parameters=[], CommandType='"Text"', CommandTimeout='30']
SELECT COUNT(*)
FROM `Producto` AS `p`
WHERE `p`.`Estatus` <> 4
[2023-11-19 20:36:30.468 -06:00 WRN] The query uses a row limiting operator ('Skip'/'Take') without an 'OrderBy' operator. This may lead to unpredictable results. If the 'Distinct' operator is used after 'OrderBy', then make sure to use the 'OrderBy' operator after 'Distinct' as the ordering would otherwise get erased.
[2023-11-19 20:36:30.469 -06:00 WRN] The query uses a row limiting operator ('Skip'/'Take') without an 'OrderBy' operator. This may lead to unpredictable results. If the 'Distinct' operator is used after 'OrderBy', then make sure to use the 'OrderBy' operator after 'Distinct' as the ordering would otherwise get erased.
[2023-11-19 20:36:31.216 -06:00 ERR] Failed executing DbCommand (732ms) [Parameters=[@__p_1='?' (DbType = Int32), @__p_0='?' (DbType = Int32)], CommandType='"Text"', CommandTimeout='30']
SELECT `p`.`ID`, `p`.`Categoria`, `p`.`Color`, `p`.`Cve_prov`, `p`.`Desc_prod`, `p`.`Estatus`, `p`.`Imagen`, `p`.`Nom_prod`, `p`.`Observacion`, `p`.`Precio`, `p`.`Stock`
FROM `Producto` AS `p`
WHERE `p`.`Estatus` <> 4
LIMIT @__p_1 OFFSET @__p_0
[2023-11-19 20:36:31.453 -06:00 ERR] An exception occurred while iterating over the results of a query for context type 'Infrastructure.Data.InventarioContext'.
MySqlConnector.MySqlException (0x80004005): Unknown column 'p.Observacion' in 'field list'
   at MySqlConnector.Core.ServerSession.ReceiveReplyAsyncAwaited(ValueTask`1 task) in /_/src/MySqlConnector/Core/ServerSession.cs:line 954
   at MySqlConnector.Core.ResultSet.ReadResultSetHeaderAsync(IOBehavior ioBehavior) in /_/src/MySqlConnector/Core/ResultSet.cs:line 44
   at MySqlConnector.MySqlDataReader.ActivateResultSet(CancellationToken cancellationToken) in /_/src/MySqlConnector/MySqlDataReader.cs:line 127
   at MySqlConnector.MySqlDataReader.CreateAsync(CommandListPosition commandListPosition, ICommandPayloadCreator payloadCreator, IDictionary`2 cachedProcedures, IMySqlCommand command, CommandBehavior behavior, Activity activity, IOBehavior ioBehavior, CancellationToken cancellationToken) in /_/src/MySqlConnector/MySqlDataReader.cs:line 456
   at MySqlConnector.Core.CommandExecutor.ExecuteReaderAsync(IReadOnlyList`1 commands, ICommandPayloadCreator payloadCreator, CommandBehavior behavior, Activity activity, IOBehavior ioBehavior, CancellationToken cancellationToken) in /_/src/MySqlConnector/Core/CommandExecutor.cs:line 56
   at MySqlConnector.MySqlCommand.ExecuteReaderAsync(CommandBehavior behavior, IOBehavior ioBehavior, CancellationToken cancellationToken) in /_/src/MySqlConnector/MySqlCommand.cs:line 330
   at MySqlConnector.MySqlCommand.ExecuteDbDataReaderAsync(CommandBehavior behavior, CancellationToken cancellationToken) in /_/src/MySqlConnector/MySqlCommand.cs:line 323
   at Microsoft.EntityFrameworkCore.Storage.RelationalCommand.ExecuteReaderAsync(RelationalCommandParameterObject parameterObject, CancellationToken cancellationToken)
   at Microsoft.EntityFrameworkCore.Storage.RelationalCommand.ExecuteReaderAsync(RelationalCommandParameterObject parameterObject, CancellationToken cancellationToken)
   at Microsoft.EntityFrameworkCore.Query.Internal.SingleQueryingEnumerable`1.AsyncEnumerator.InitializeReaderAsync(AsyncEnumerator enumerator, CancellationToken cancellationToken)
   at Pomelo.EntityFrameworkCore.MySql.Storage.Internal.MySqlExecutionStrategy.ExecuteAsync[TState,TResult](TState state, Func`4 operation, Func`4 verifySucceeded, CancellationToken cancellationToken)
   at Microsoft.EntityFrameworkCore.Query.Internal.SingleQueryingEnumerable`1.AsyncEnumerator.MoveNextAsync()
MySqlConnector.MySqlException (0x80004005): Unknown column 'p.Observacion' in 'field list'
   at MySqlConnector.Core.ServerSession.ReceiveReplyAsyncAwaited(ValueTask`1 task) in /_/src/MySqlConnector/Core/ServerSession.cs:line 954
   at MySqlConnector.Core.ResultSet.ReadResultSetHeaderAsync(IOBehavior ioBehavior) in /_/src/MySqlConnector/Core/ResultSet.cs:line 44
   at MySqlConnector.MySqlDataReader.ActivateResultSet(CancellationToken cancellationToken) in /_/src/MySqlConnector/MySqlDataReader.cs:line 127
   at MySqlConnector.MySqlDataReader.CreateAsync(CommandListPosition commandListPosition, ICommandPayloadCreator payloadCreator, IDictionary`2 cachedProcedures, IMySqlCommand command, CommandBehavior behavior, Activity activity, IOBehavior ioBehavior, CancellationToken cancellationToken) in /_/src/MySqlConnector/MySqlDataReader.cs:line 456
   at MySqlConnector.Core.CommandExecutor.ExecuteReaderAsync(IReadOnlyList`1 commands, ICommandPayloadCreator payloadCreator, CommandBehavior behavior, Activity activity, IOBehavior ioBehavior, CancellationToken cancellationToken) in /_/src/MySqlConnector/Core/CommandExecutor.cs:line 56
   at MySqlConnector.MySqlCommand.ExecuteReaderAsync(CommandBehavior behavior, IOBehavior ioBehavior, CancellationToken cancellationToken) in /_/src/MySqlConnector/MySqlCommand.cs:line 330
   at MySqlConnector.MySqlCommand.ExecuteDbDataReaderAsync(CommandBehavior behavior, CancellationToken cancellationToken) in /_/src/MySqlConnector/MySqlCommand.cs:line 323
   at Microsoft.EntityFrameworkCore.Storage.RelationalCommand.ExecuteReaderAsync(RelationalCommandParameterObject parameterObject, CancellationToken cancellationToken)
   at Microsoft.EntityFrameworkCore.Storage.RelationalCommand.ExecuteReaderAsync(RelationalCommandParameterObject parameterObject, CancellationToken cancellationToken)
   at Microsoft.EntityFrameworkCore.Query.Internal.SingleQueryingEnumerable`1.AsyncEnumerator.InitializeReaderAsync(AsyncEnumerator enumerator, CancellationToken cancellationToken)
   at Pomelo.EntityFrameworkCore.MySql.Storage.Internal.MySqlExecutionStrategy.ExecuteAsync[TState,TResult](TState state, Func`4 operation, Func`4 verifySucceeded, CancellationToken cancellationToken)
   at Microsoft.EntityFrameworkCore.Query.Internal.SingleQueryingEnumerable`1.AsyncEnumerator.MoveNextAsync()
[2023-11-19 20:36:31.463 -06:00 INF] Executed action API.Controllers.ProductoController.GetProducto (API) in 1855.4479ms
[2023-11-19 20:36:31.465 -06:00 INF] Executed endpoint 'API.Controllers.ProductoController.GetProducto (API)'
[2023-11-19 20:36:31.641 -06:00 ERR] Unknown column 'p.Observacion' in 'field list'
MySqlConnector.MySqlException (0x80004005): Unknown column 'p.Observacion' in 'field list'
   at MySqlConnector.Core.ServerSession.ReceiveReplyAsyncAwaited(ValueTask`1 task) in /_/src/MySqlConnector/Core/ServerSession.cs:line 954
   at MySqlConnector.Core.ResultSet.ReadResultSetHeaderAsync(IOBehavior ioBehavior) in /_/src/MySqlConnector/Core/ResultSet.cs:line 44
   at MySqlConnector.MySqlDataReader.ActivateResultSet(CancellationToken cancellationToken) in /_/src/MySqlConnector/MySqlDataReader.cs:line 127
   at MySqlConnector.MySqlDataReader.CreateAsync(CommandListPosition commandListPosition, ICommandPayloadCreator payloadCreator, IDictionary`2 cachedProcedures, IMySqlCommand command, CommandBehavior behavior, Activity activity, IOBehavior ioBehavior, CancellationToken cancellationToken) in /_/src/MySqlConnector/MySqlDataReader.cs:line 456
   at MySqlConnector.Core.CommandExecutor.ExecuteReaderAsync(IReadOnlyList`1 commands, ICommandPayloadCreator payloadCreator, CommandBehavior behavior, Activity activity, IOBehavior ioBehavior, CancellationToken cancellationToken) in /_/src/MySqlConnector/Core/CommandExecutor.cs:line 56
   at MySqlConnector.MySqlCommand.ExecuteReaderAsync(CommandBehavior behavior, IOBehavior ioBehavior, CancellationToken cancellationToken) in /_/src/MySqlConnector/MySqlCommand.cs:line 330
   at MySqlConnector.MySqlCommand.ExecuteDbDataReaderAsync(CommandBehavior behavior, CancellationToken cancellationToken) in /_/src/MySqlConnector/MySqlCommand.cs:line 323
   at Microsoft.EntityFrameworkCore.Storage.RelationalCommand.ExecuteReaderAsync(RelationalCommandParameterObject parameterObject, CancellationToken cancellationToken)
   at Microsoft.EntityFrameworkCore.Storage.RelationalCommand.ExecuteReaderAsync(RelationalCommandParameterObject parameterObject, CancellationToken cancellationToken)
   at Microsoft.EntityFrameworkCore.Query.Internal.SingleQueryingEnumerable`1.AsyncEnumerator.InitializeReaderAsync(AsyncEnumerator enumerator, CancellationToken cancellationToken)
   at Pomelo.EntityFrameworkCore.MySql.Storage.Internal.MySqlExecutionStrategy.ExecuteAsync[TState,TResult](TState state, Func`4 operation, Func`4 verifySucceeded, CancellationToken cancellationToken)
   at Microsoft.EntityFrameworkCore.Query.Internal.SingleQueryingEnumerable`1.AsyncEnumerator.MoveNextAsync()
   at Microsoft.EntityFrameworkCore.EntityFrameworkQueryableExtensions.ToListAsync[TSource](IQueryable`1 source, CancellationToken cancellationToken)
   at Microsoft.EntityFrameworkCore.EntityFrameworkQueryableExtensions.ToListAsync[TSource](IQueryable`1 source, CancellationToken cancellationToken)
   at Infrastructure.Repositories.ProductoRepository.GetAllAsync(Int32 pageIndex, Int32 pageSize, String search) in D:\10CUATRIMESTRE\HECTOR\Backend\inventario\Infrastructure\Repositories\ProductoRepository.cs:line 46
   at API.Controllers.ProductoController.GetProducto(Params productoParams) in D:\10CUATRIMESTRE\HECTOR\Backend\inventario\API\Controllers\ProductoController.cs:line 35
   at lambda_method170(Closure , Object )
   at Microsoft.AspNetCore.Mvc.Infrastructure.ActionMethodExecutor.AwaitableObjectResultExecutor.Execute(IActionResultTypeMapper mapper, ObjectMethodExecutor executor, Object controller, Object[] arguments)
   at Microsoft.AspNetCore.Mvc.Infrastructure.ControllerActionInvoker.<InvokeActionMethodAsync>g__Awaited|12_0(ControllerActionInvoker invoker, ValueTask`1 actionResultValueTask)
   at Microsoft.AspNetCore.Mvc.Infrastructure.ControllerActionInvoker.<InvokeNextActionFilterAsync>g__Awaited|10_0(ControllerActionInvoker invoker, Task lastTask, State next, Scope scope, Object state, Boolean isCompleted)
   at Microsoft.AspNetCore.Mvc.Infrastructure.ControllerActionInvoker.Rethrow(ActionExecutedContextSealed context)
   at Microsoft.AspNetCore.Mvc.Infrastructure.ControllerActionInvoker.Next(State& next, Scope& scope, Object& state, Boolean& isCompleted)
   at Microsoft.AspNetCore.Mvc.Infrastructure.ControllerActionInvoker.<InvokeInnerFilterAsync>g__Awaited|13_0(ControllerActionInvoker invoker, Task lastTask, State next, Scope scope, Object state, Boolean isCompleted)
   at Microsoft.AspNetCore.Mvc.Infrastructure.ResourceInvoker.<InvokeFilterPipelineAsync>g__Awaited|20_0(ResourceInvoker invoker, Task lastTask, State next, Scope scope, Object state, Boolean isCompleted)
   at Microsoft.AspNetCore.Mvc.Infrastructure.ResourceInvoker.<InvokeAsync>g__Logged|17_1(ResourceInvoker invoker)
   at Microsoft.AspNetCore.Mvc.Infrastructure.ResourceInvoker.<InvokeAsync>g__Logged|17_1(ResourceInvoker invoker)
   at Microsoft.AspNetCore.Routing.EndpointMiddleware.<Invoke>g__AwaitRequestTask|6_0(Endpoint endpoint, Task requestTask, ILogger logger)
   at Microsoft.AspNetCore.Authorization.Policy.AuthorizationMiddlewareResultHandler.HandleAsync(RequestDelegate next, HttpContext context, AuthorizationPolicy policy, PolicyAuthorizationResult authorizeResult)
   at Microsoft.AspNetCore.Authorization.AuthorizationMiddleware.Invoke(HttpContext context)
   at Microsoft.AspNetCore.Authorization.Policy.AuthorizationMiddlewareResultHandler.HandleAsync(RequestDelegate next, HttpContext context, AuthorizationPolicy policy, PolicyAuthorizationResult authorizeResult)
   at Microsoft.AspNetCore.Authorization.AuthorizationMiddleware.Invoke(HttpContext context)
   at Microsoft.AspNetCore.Authentication.AuthenticationMiddleware.Invoke(HttpContext context)
   at Swashbuckle.AspNetCore.SwaggerUI.SwaggerUIMiddleware.Invoke(HttpContext httpContext)
   at Swashbuckle.AspNetCore.Swagger.SwaggerMiddleware.Invoke(HttpContext httpContext, ISwaggerProvider swaggerProvider)
   at Swashbuckle.AspNetCore.SwaggerUI.SwaggerUIMiddleware.Invoke(HttpContext httpContext)
   at Swashbuckle.AspNetCore.Swagger.SwaggerMiddleware.Invoke(HttpContext httpContext, ISwaggerProvider swaggerProvider)
   at AspNetCoreRateLimit.RateLimitMiddleware`1.Invoke(HttpContext context) in C:\Users\User\Documents\Github\AspNetCoreRateLimit\src\AspNetCoreRateLimit\Middleware\RateLimitMiddleware.cs:line 124
   at Microsoft.AspNetCore.Diagnostics.StatusCodePagesMiddleware.Invoke(HttpContext context)
   at API.Helpers.Errors.ExceptionMiddleware.InvokeAsync(HttpContext context) in D:\10CUATRIMESTRE\HECTOR\Backend\inventario\API\Helpers\Errors\ExceptionMiddleware.cs:line 23
[2023-11-19 20:36:31.663 -06:00 INF] Request finished HTTP/1.1 GET https://localhost:5001/api/producto?pageSize=3&pageIndex=1&search= - - - 500 - application/json 2108.5057ms
[2023-11-19 20:39:02.379 -06:00 INF] User profile is available. Using 'C:\Users\Rodrigo Tellez\AppData\Local\ASP.NET\DataProtection-Keys' as key repository and Windows DPAPI to encrypt keys at rest.
[2023-11-19 20:39:02.651 -06:00 INF] Now listening on: https://localhost:5001
[2023-11-19 20:39:02.652 -06:00 INF] Now listening on: http://localhost:5000
[2023-11-19 20:39:02.657 -06:00 INF] Application started. Press Ctrl+C to shut down.
[2023-11-19 20:39:02.657 -06:00 INF] Hosting environment: Development
[2023-11-19 20:39:02.657 -06:00 INF] Content root path: D:\10CUATRIMESTRE\HECTOR\Backend\inventario\API\
[2023-11-19 20:39:07.889 -06:00 INF] Request starting HTTP/1.1 GET http://localhost:5000/api/producto?pageSize=3&pageIndex=1&search= - -
[2023-11-19 20:39:08.067 -06:00 INF] Request finished HTTP/1.1 GET http://localhost:5000/api/producto?pageSize=3&pageIndex=1&search= - - - 307 0 - 181.9198ms
[2023-11-19 20:39:08.153 -06:00 INF] Request starting HTTP/1.1 GET https://localhost:5001/api/producto?pageSize=3&pageIndex=1&search= - -
[2023-11-19 20:39:08.509 -06:00 INF] Executing endpoint 'API.Controllers.ProductoController.GetProducto (API)'
[2023-11-19 20:39:08.582 -06:00 INF] Route matched with {action = "GetProducto", controller = "Producto"}. Executing controller action with signature System.Threading.Tasks.Task`1[Microsoft.AspNetCore.Mvc.ActionResult`1[API.Helpers.Pager`1[API.Dtos.ProductoDto]]] GetProducto(API.Helpers.Params) on controller API.Controllers.ProductoController (API).
[2023-11-19 20:39:10.821 -06:00 INF] Entity Framework Core 6.0.4 initialized 'InventarioContext' using provider 'Pomelo.EntityFrameworkCore.MySql:6.0.1' with options: ServerVersion 8.0-mysql 
[2023-11-19 20:39:12.543 -06:00 INF] Executed DbCommand (237ms) [Parameters=[], CommandType='"Text"', CommandTimeout='30']
SELECT COUNT(*)
FROM `Producto` AS `p`
WHERE `p`.`Estatus` <> 4
[2023-11-19 20:39:12.626 -06:00 WRN] The query uses a row limiting operator ('Skip'/'Take') without an 'OrderBy' operator. This may lead to unpredictable results. If the 'Distinct' operator is used after 'OrderBy', then make sure to use the 'OrderBy' operator after 'Distinct' as the ordering would otherwise get erased.
[2023-11-19 20:39:12.641 -06:00 WRN] The query uses a row limiting operator ('Skip'/'Take') without an 'OrderBy' operator. This may lead to unpredictable results. If the 'Distinct' operator is used after 'OrderBy', then make sure to use the 'OrderBy' operator after 'Distinct' as the ordering would otherwise get erased.
[2023-11-19 20:39:14.013 -06:00 ERR] Failed executing DbCommand (1,309ms) [Parameters=[@__p_1='?' (DbType = Int32), @__p_0='?' (DbType = Int32)], CommandType='"Text"', CommandTimeout='30']
SELECT `p`.`ID`, `p`.`Categoria`, `p`.`Color`, `p`.`Cve_prov`, `p`.`Desc_prod`, `p`.`Estatus`, `p`.`Imagen`, `p`.`Nom_prod`, `p`.`Observacion`, `p`.`Precio`, `p`.`Stock`
FROM `Producto` AS `p`
WHERE `p`.`Estatus` <> 4
LIMIT @__p_1 OFFSET @__p_0
[2023-11-19 20:39:14.094 -06:00 ERR] An exception occurred while iterating over the results of a query for context type 'Infrastructure.Data.InventarioContext'.
MySqlConnector.MySqlException (0x80004005): Unknown column 'p.Observacion' in 'field list'
   at MySqlConnector.Core.ServerSession.ReceiveReplyAsyncAwaited(ValueTask`1 task) in /_/src/MySqlConnector/Core/ServerSession.cs:line 954
   at MySqlConnector.Core.ResultSet.ReadResultSetHeaderAsync(IOBehavior ioBehavior) in /_/src/MySqlConnector/Core/ResultSet.cs:line 44
   at MySqlConnector.MySqlDataReader.ActivateResultSet(CancellationToken cancellationToken) in /_/src/MySqlConnector/MySqlDataReader.cs:line 127
   at MySqlConnector.MySqlDataReader.CreateAsync(CommandListPosition commandListPosition, ICommandPayloadCreator payloadCreator, IDictionary`2 cachedProcedures, IMySqlCommand command, CommandBehavior behavior, Activity activity, IOBehavior ioBehavior, CancellationToken cancellationToken) in /_/src/MySqlConnector/MySqlDataReader.cs:line 456
   at MySqlConnector.Core.CommandExecutor.ExecuteReaderAsync(IReadOnlyList`1 commands, ICommandPayloadCreator payloadCreator, CommandBehavior behavior, Activity activity, IOBehavior ioBehavior, CancellationToken cancellationToken) in /_/src/MySqlConnector/Core/CommandExecutor.cs:line 56
   at MySqlConnector.MySqlCommand.ExecuteReaderAsync(CommandBehavior behavior, IOBehavior ioBehavior, CancellationToken cancellationToken) in /_/src/MySqlConnector/MySqlCommand.cs:line 330
   at MySqlConnector.MySqlCommand.ExecuteDbDataReaderAsync(CommandBehavior behavior, CancellationToken cancellationToken) in /_/src/MySqlConnector/MySqlCommand.cs:line 323
   at Microsoft.EntityFrameworkCore.Storage.RelationalCommand.ExecuteReaderAsync(RelationalCommandParameterObject parameterObject, CancellationToken cancellationToken)
   at Microsoft.EntityFrameworkCore.Storage.RelationalCommand.ExecuteReaderAsync(RelationalCommandParameterObject parameterObject, CancellationToken cancellationToken)
   at Microsoft.EntityFrameworkCore.Query.Internal.SingleQueryingEnumerable`1.AsyncEnumerator.InitializeReaderAsync(AsyncEnumerator enumerator, CancellationToken cancellationToken)
   at Pomelo.EntityFrameworkCore.MySql.Storage.Internal.MySqlExecutionStrategy.ExecuteAsync[TState,TResult](TState state, Func`4 operation, Func`4 verifySucceeded, CancellationToken cancellationToken)
   at Microsoft.EntityFrameworkCore.Query.Internal.SingleQueryingEnumerable`1.AsyncEnumerator.MoveNextAsync()
MySqlConnector.MySqlException (0x80004005): Unknown column 'p.Observacion' in 'field list'
   at MySqlConnector.Core.ServerSession.ReceiveReplyAsyncAwaited(ValueTask`1 task) in /_/src/MySqlConnector/Core/ServerSession.cs:line 954
   at MySqlConnector.Core.ResultSet.ReadResultSetHeaderAsync(IOBehavior ioBehavior) in /_/src/MySqlConnector/Core/ResultSet.cs:line 44
   at MySqlConnector.MySqlDataReader.ActivateResultSet(CancellationToken cancellationToken) in /_/src/MySqlConnector/MySqlDataReader.cs:line 127
   at MySqlConnector.MySqlDataReader.CreateAsync(CommandListPosition commandListPosition, ICommandPayloadCreator payloadCreator, IDictionary`2 cachedProcedures, IMySqlCommand command, CommandBehavior behavior, Activity activity, IOBehavior ioBehavior, CancellationToken cancellationToken) in /_/src/MySqlConnector/MySqlDataReader.cs:line 456
   at MySqlConnector.Core.CommandExecutor.ExecuteReaderAsync(IReadOnlyList`1 commands, ICommandPayloadCreator payloadCreator, CommandBehavior behavior, Activity activity, IOBehavior ioBehavior, CancellationToken cancellationToken) in /_/src/MySqlConnector/Core/CommandExecutor.cs:line 56
   at MySqlConnector.MySqlCommand.ExecuteReaderAsync(CommandBehavior behavior, IOBehavior ioBehavior, CancellationToken cancellationToken) in /_/src/MySqlConnector/MySqlCommand.cs:line 330
   at MySqlConnector.MySqlCommand.ExecuteDbDataReaderAsync(CommandBehavior behavior, CancellationToken cancellationToken) in /_/src/MySqlConnector/MySqlCommand.cs:line 323
   at Microsoft.EntityFrameworkCore.Storage.RelationalCommand.ExecuteReaderAsync(RelationalCommandParameterObject parameterObject, CancellationToken cancellationToken)
   at Microsoft.EntityFrameworkCore.Storage.RelationalCommand.ExecuteReaderAsync(RelationalCommandParameterObject parameterObject, CancellationToken cancellationToken)
   at Microsoft.EntityFrameworkCore.Query.Internal.SingleQueryingEnumerable`1.AsyncEnumerator.InitializeReaderAsync(AsyncEnumerator enumerator, CancellationToken cancellationToken)
   at Pomelo.EntityFrameworkCore.MySql.Storage.Internal.MySqlExecutionStrategy.ExecuteAsync[TState,TResult](TState state, Func`4 operation, Func`4 verifySucceeded, CancellationToken cancellationToken)
   at Microsoft.EntityFrameworkCore.Query.Internal.SingleQueryingEnumerable`1.AsyncEnumerator.MoveNextAsync()
[2023-11-19 20:39:14.119 -06:00 INF] Executed action API.Controllers.ProductoController.GetProducto (API) in 5525.8549ms
[2023-11-19 20:39:14.120 -06:00 INF] Executed endpoint 'API.Controllers.ProductoController.GetProducto (API)'
[2023-11-19 20:39:14.181 -06:00 ERR] Unknown column 'p.Observacion' in 'field list'
MySqlConnector.MySqlException (0x80004005): Unknown column 'p.Observacion' in 'field list'
   at MySqlConnector.Core.ServerSession.ReceiveReplyAsyncAwaited(ValueTask`1 task) in /_/src/MySqlConnector/Core/ServerSession.cs:line 954
   at MySqlConnector.Core.ResultSet.ReadResultSetHeaderAsync(IOBehavior ioBehavior) in /_/src/MySqlConnector/Core/ResultSet.cs:line 44
   at MySqlConnector.MySqlDataReader.ActivateResultSet(CancellationToken cancellationToken) in /_/src/MySqlConnector/MySqlDataReader.cs:line 127
   at MySqlConnector.MySqlDataReader.CreateAsync(CommandListPosition commandListPosition, ICommandPayloadCreator payloadCreator, IDictionary`2 cachedProcedures, IMySqlCommand command, CommandBehavior behavior, Activity activity, IOBehavior ioBehavior, CancellationToken cancellationToken) in /_/src/MySqlConnector/MySqlDataReader.cs:line 456
   at MySqlConnector.Core.CommandExecutor.ExecuteReaderAsync(IReadOnlyList`1 commands, ICommandPayloadCreator payloadCreator, CommandBehavior behavior, Activity activity, IOBehavior ioBehavior, CancellationToken cancellationToken) in /_/src/MySqlConnector/Core/CommandExecutor.cs:line 56
   at MySqlConnector.MySqlCommand.ExecuteReaderAsync(CommandBehavior behavior, IOBehavior ioBehavior, CancellationToken cancellationToken) in /_/src/MySqlConnector/MySqlCommand.cs:line 330
   at MySqlConnector.MySqlCommand.ExecuteDbDataReaderAsync(CommandBehavior behavior, CancellationToken cancellationToken) in /_/src/MySqlConnector/MySqlCommand.cs:line 323
   at Microsoft.EntityFrameworkCore.Storage.RelationalCommand.ExecuteReaderAsync(RelationalCommandParameterObject parameterObject, CancellationToken cancellationToken)
   at Microsoft.EntityFrameworkCore.Storage.RelationalCommand.ExecuteReaderAsync(RelationalCommandParameterObject parameterObject, CancellationToken cancellationToken)
   at Microsoft.EntityFrameworkCore.Query.Internal.SingleQueryingEnumerable`1.AsyncEnumerator.InitializeReaderAsync(AsyncEnumerator enumerator, CancellationToken cancellationToken)
   at Pomelo.EntityFrameworkCore.MySql.Storage.Internal.MySqlExecutionStrategy.ExecuteAsync[TState,TResult](TState state, Func`4 operation, Func`4 verifySucceeded, CancellationToken cancellationToken)
   at Microsoft.EntityFrameworkCore.Query.Internal.SingleQueryingEnumerable`1.AsyncEnumerator.MoveNextAsync()
   at Microsoft.EntityFrameworkCore.EntityFrameworkQueryableExtensions.ToListAsync[TSource](IQueryable`1 source, CancellationToken cancellationToken)
   at Microsoft.EntityFrameworkCore.EntityFrameworkQueryableExtensions.ToListAsync[TSource](IQueryable`1 source, CancellationToken cancellationToken)
   at Infrastructure.Repositories.ProductoRepository.GetAllAsync(Int32 pageIndex, Int32 pageSize, String search) in D:\10CUATRIMESTRE\HECTOR\Backend\inventario\Infrastructure\Repositories\ProductoRepository.cs:line 46
   at API.Controllers.ProductoController.GetProducto(Params productoParams) in D:\10CUATRIMESTRE\HECTOR\Backend\inventario\API\Controllers\ProductoController.cs:line 35
   at lambda_method11(Closure , Object )
   at Microsoft.AspNetCore.Mvc.Infrastructure.ActionMethodExecutor.AwaitableObjectResultExecutor.Execute(IActionResultTypeMapper mapper, ObjectMethodExecutor executor, Object controller, Object[] arguments)
   at Microsoft.AspNetCore.Mvc.Infrastructure.ControllerActionInvoker.<InvokeActionMethodAsync>g__Awaited|12_0(ControllerActionInvoker invoker, ValueTask`1 actionResultValueTask)
   at Microsoft.AspNetCore.Mvc.Infrastructure.ControllerActionInvoker.<InvokeNextActionFilterAsync>g__Awaited|10_0(ControllerActionInvoker invoker, Task lastTask, State next, Scope scope, Object state, Boolean isCompleted)
   at Microsoft.AspNetCore.Mvc.Infrastructure.ControllerActionInvoker.Rethrow(ActionExecutedContextSealed context)
   at Microsoft.AspNetCore.Mvc.Infrastructure.ControllerActionInvoker.Next(State& next, Scope& scope, Object& state, Boolean& isCompleted)
   at Microsoft.AspNetCore.Mvc.Infrastructure.ControllerActionInvoker.<InvokeInnerFilterAsync>g__Awaited|13_0(ControllerActionInvoker invoker, Task lastTask, State next, Scope scope, Object state, Boolean isCompleted)
   at Microsoft.AspNetCore.Mvc.Infrastructure.ResourceInvoker.<InvokeFilterPipelineAsync>g__Awaited|20_0(ResourceInvoker invoker, Task lastTask, State next, Scope scope, Object state, Boolean isCompleted)
   at Microsoft.AspNetCore.Mvc.Infrastructure.ResourceInvoker.<InvokeAsync>g__Logged|17_1(ResourceInvoker invoker)
   at Microsoft.AspNetCore.Mvc.Infrastructure.ResourceInvoker.<InvokeAsync>g__Logged|17_1(ResourceInvoker invoker)
   at Microsoft.AspNetCore.Routing.EndpointMiddleware.<Invoke>g__AwaitRequestTask|6_0(Endpoint endpoint, Task requestTask, ILogger logger)
   at Microsoft.AspNetCore.Authorization.Policy.AuthorizationMiddlewareResultHandler.HandleAsync(RequestDelegate next, HttpContext context, AuthorizationPolicy policy, PolicyAuthorizationResult authorizeResult)
   at Microsoft.AspNetCore.Authorization.AuthorizationMiddleware.Invoke(HttpContext context)
   at Microsoft.AspNetCore.Authorization.Policy.AuthorizationMiddlewareResultHandler.HandleAsync(RequestDelegate next, HttpContext context, AuthorizationPolicy policy, PolicyAuthorizationResult authorizeResult)
   at Microsoft.AspNetCore.Authorization.AuthorizationMiddleware.Invoke(HttpContext context)
   at Microsoft.AspNetCore.Authentication.AuthenticationMiddleware.Invoke(HttpContext context)
   at Swashbuckle.AspNetCore.SwaggerUI.SwaggerUIMiddleware.Invoke(HttpContext httpContext)
   at Swashbuckle.AspNetCore.Swagger.SwaggerMiddleware.Invoke(HttpContext httpContext, ISwaggerProvider swaggerProvider)
   at Swashbuckle.AspNetCore.SwaggerUI.SwaggerUIMiddleware.Invoke(HttpContext httpContext)
   at Swashbuckle.AspNetCore.Swagger.SwaggerMiddleware.Invoke(HttpContext httpContext, ISwaggerProvider swaggerProvider)
   at AspNetCoreRateLimit.RateLimitMiddleware`1.Invoke(HttpContext context) in C:\Users\User\Documents\Github\AspNetCoreRateLimit\src\AspNetCoreRateLimit\Middleware\RateLimitMiddleware.cs:line 124
   at Microsoft.AspNetCore.Diagnostics.StatusCodePagesMiddleware.Invoke(HttpContext context)
   at API.Helpers.Errors.ExceptionMiddleware.InvokeAsync(HttpContext context) in D:\10CUATRIMESTRE\HECTOR\Backend\inventario\API\Helpers\Errors\ExceptionMiddleware.cs:line 23
[2023-11-19 20:39:14.250 -06:00 INF] Request finished HTTP/1.1 GET https://localhost:5001/api/producto?pageSize=3&pageIndex=1&search= - - - 500 - application/json 6097.3471ms
[2023-11-19 20:40:57.888 -06:00 INF] User profile is available. Using 'C:\Users\Rodrigo Tellez\AppData\Local\ASP.NET\DataProtection-Keys' as key repository and Windows DPAPI to encrypt keys at rest.
[2023-11-19 20:40:58.183 -06:00 INF] Now listening on: https://localhost:5001
[2023-11-19 20:40:58.184 -06:00 INF] Now listening on: http://localhost:5000
[2023-11-19 20:40:58.189 -06:00 INF] Application started. Press Ctrl+C to shut down.
[2023-11-19 20:40:58.189 -06:00 INF] Hosting environment: Development
[2023-11-19 20:40:58.189 -06:00 INF] Content root path: D:\10CUATRIMESTRE\HECTOR\Backend\inventario\API\
[2023-11-19 20:40:59.214 -06:00 INF] Request starting HTTP/1.1 GET http://localhost:5000/api/producto?pageSize=3&pageIndex=1&search= - -
[2023-11-19 20:40:59.381 -06:00 INF] Request finished HTTP/1.1 GET http://localhost:5000/api/producto?pageSize=3&pageIndex=1&search= - - - 307 0 - 169.6212ms
[2023-11-19 20:40:59.480 -06:00 INF] Request starting HTTP/1.1 GET https://localhost:5001/api/producto?pageSize=3&pageIndex=1&search= - -
[2023-11-19 20:40:59.732 -06:00 INF] Executing endpoint 'API.Controllers.ProductoController.GetProducto (API)'
[2023-11-19 20:40:59.769 -06:00 INF] Route matched with {action = "GetProducto", controller = "Producto"}. Executing controller action with signature System.Threading.Tasks.Task`1[Microsoft.AspNetCore.Mvc.ActionResult`1[API.Helpers.Pager`1[API.Dtos.ProductoDto]]] GetProducto(API.Helpers.Params) on controller API.Controllers.ProductoController (API).
[2023-11-19 20:41:01.644 -06:00 INF] Entity Framework Core 6.0.4 initialized 'InventarioContext' using provider 'Pomelo.EntityFrameworkCore.MySql:6.0.1' with options: ServerVersion 8.0-mysql 
[2023-11-19 20:41:03.454 -06:00 INF] Executed DbCommand (238ms) [Parameters=[], CommandType='"Text"', CommandTimeout='30']
SELECT COUNT(*)
FROM `Producto` AS `p`
WHERE `p`.`Estatus` <> 4
[2023-11-19 20:41:03.561 -06:00 WRN] The query uses a row limiting operator ('Skip'/'Take') without an 'OrderBy' operator. This may lead to unpredictable results. If the 'Distinct' operator is used after 'OrderBy', then make sure to use the 'OrderBy' operator after 'Distinct' as the ordering would otherwise get erased.
[2023-11-19 20:41:03.563 -06:00 WRN] The query uses a row limiting operator ('Skip'/'Take') without an 'OrderBy' operator. This may lead to unpredictable results. If the 'Distinct' operator is used after 'OrderBy', then make sure to use the 'OrderBy' operator after 'Distinct' as the ordering would otherwise get erased.
[2023-11-19 20:41:04.450 -06:00 INF] Executed DbCommand (224ms) [Parameters=[@__p_1='?' (DbType = Int32), @__p_0='?' (DbType = Int32)], CommandType='"Text"', CommandTimeout='30']
SELECT `p`.`ID`, `p`.`Categoria`, `p`.`Color`, `p`.`Cve_prov`, `p`.`Desc_prod`, `p`.`Estatus`, `p`.`Imagen`, `p`.`Nom_prod`, `p`.`Obs`, `p`.`Precio`, `p`.`Stock`
FROM `Producto` AS `p`
WHERE `p`.`Estatus` <> 4
LIMIT @__p_1 OFFSET @__p_0
[2023-11-19 20:41:04.607 -06:00 INF] Executing ObjectResult, writing value of type 'API.Helpers.Pager`1[[API.Dtos.ProductoDto, API, Version=1.0.0.0, Culture=neutral, PublicKeyToken=null]]'.
[2023-11-19 20:41:04.651 -06:00 INF] Executed action API.Controllers.ProductoController.GetProducto (API) in 4874.8615ms
[2023-11-19 20:41:04.651 -06:00 INF] Executed endpoint 'API.Controllers.ProductoController.GetProducto (API)'
[2023-11-19 20:41:04.658 -06:00 INF] Request finished HTTP/1.1 GET https://localhost:5001/api/producto?pageSize=3&pageIndex=1&search= - - - 200 - application/json;+charset=utf-8 5178.3877ms
[2023-11-19 20:41:43.370 -06:00 INF] Request starting HTTP/1.1 GET http://localhost:5000/api/producto/pendientes?pageSize=3&pageIndex=1&search= - -
[2023-11-19 20:41:43.372 -06:00 INF] Request finished HTTP/1.1 GET http://localhost:5000/api/producto/pendientes?pageSize=3&pageIndex=1&search= - - - 307 0 - 1.8333ms
[2023-11-19 20:41:43.378 -06:00 INF] Request starting HTTP/1.1 GET https://localhost:5001/api/producto/pendientes?pageSize=3&pageIndex=1&search= - -
[2023-11-19 20:41:43.385 -06:00 INF] Executing endpoint 'API.Controllers.ProductoController.GetProductoPendiente (API)'
[2023-11-19 20:41:43.389 -06:00 INF] Route matched with {action = "GetProductoPendiente", controller = "Producto"}. Executing controller action with signature System.Threading.Tasks.Task`1[Microsoft.AspNetCore.Mvc.ActionResult`1[API.Helpers.Pager`1[API.Dtos.ProductoDto]]] GetProductoPendiente(API.Helpers.Params) on controller API.Controllers.ProductoController (API).
[2023-11-19 20:41:43.397 -06:00 INF] Entity Framework Core 6.0.4 initialized 'InventarioContext' using provider 'Pomelo.EntityFrameworkCore.MySql:6.0.1' with options: ServerVersion 8.0-mysql 
[2023-11-19 20:41:44.149 -06:00 INF] Executed DbCommand (182ms) [Parameters=[], CommandType='"Text"', CommandTimeout='30']
SELECT COUNT(*)
FROM `Producto` AS `p`
WHERE `p`.`Estatus` = 4
[2023-11-19 20:41:44.152 -06:00 WRN] The query uses a row limiting operator ('Skip'/'Take') without an 'OrderBy' operator. This may lead to unpredictable results. If the 'Distinct' operator is used after 'OrderBy', then make sure to use the 'OrderBy' operator after 'Distinct' as the ordering would otherwise get erased.
[2023-11-19 20:41:44.152 -06:00 WRN] The query uses a row limiting operator ('Skip'/'Take') without an 'OrderBy' operator. This may lead to unpredictable results. If the 'Distinct' operator is used after 'OrderBy', then make sure to use the 'OrderBy' operator after 'Distinct' as the ordering would otherwise get erased.
[2023-11-19 20:41:44.895 -06:00 INF] Executed DbCommand (184ms) [Parameters=[@__p_1='?' (DbType = Int32), @__p_0='?' (DbType = Int32)], CommandType='"Text"', CommandTimeout='30']
SELECT `p`.`ID`, `p`.`Categoria`, `p`.`Color`, `p`.`Cve_prov`, `p`.`Desc_prod`, `p`.`Estatus`, `p`.`Imagen`, `p`.`Nom_prod`, `p`.`Obs`, `p`.`Precio`, `p`.`Stock`
FROM `Producto` AS `p`
WHERE `p`.`Estatus` = 4
LIMIT @__p_1 OFFSET @__p_0
[2023-11-19 20:41:44.898 -06:00 INF] Executing ObjectResult, writing value of type 'API.Helpers.Pager`1[[API.Dtos.ProductoDto, API, Version=1.0.0.0, Culture=neutral, PublicKeyToken=null]]'.
[2023-11-19 20:41:44.899 -06:00 INF] Executed action API.Controllers.ProductoController.GetProductoPendiente (API) in 1510.3784ms
[2023-11-19 20:41:44.899 -06:00 INF] Executed endpoint 'API.Controllers.ProductoController.GetProductoPendiente (API)'
[2023-11-19 20:41:44.900 -06:00 INF] Request finished HTTP/1.1 GET https://localhost:5001/api/producto/pendientes?pageSize=3&pageIndex=1&search= - - - 200 - application/json;+charset=utf-8 1522.3446ms
[2023-11-19 20:42:01.530 -06:00 INF] Request starting HTTP/1.1 POST http://localhost:5000/api/producto/detalle application/json 16
[2023-11-19 20:42:01.531 -06:00 INF] Request finished HTTP/1.1 POST http://localhost:5000/api/producto/detalle application/json 16 - 307 0 - 1.4677ms
[2023-11-19 20:42:01.535 -06:00 INF] Request starting HTTP/1.1 POST https://localhost:5001/api/producto/detalle application/json 16
[2023-11-19 20:42:01.538 -06:00 INF] Executing endpoint 'API.Controllers.ProductoController.PostOCDetalle (API)'
[2023-11-19 20:42:01.541 -06:00 INF] Route matched with {action = "PostOCDetalle", controller = "Producto"}. Executing controller action with signature System.Threading.Tasks.Task`1[Microsoft.AspNetCore.Mvc.ActionResult`1[Core.Entities.Personalizadas.InformacionProducto]] PostOCDetalle(Core.Entities.Personalizadas.InformacionProducto) on controller API.Controllers.ProductoController (API).
[2023-11-19 20:42:01.799 -06:00 INF] Entity Framework Core 6.0.4 initialized 'InventarioContext' using provider 'Pomelo.EntityFrameworkCore.MySql:6.0.1' with options: ServerVersion 8.0-mysql 
[2023-11-19 20:42:02.673 -06:00 INF] Executed DbCommand (203ms) [Parameters=[@__idProducto_0='?' (DbType = Int32)], CommandType='"Text"', CommandTimeout='30']
SELECT `p`.`Nom_prod` AS `NomProd`, `p`.`Categoria`, `p`.`Desc_prod` AS `DescProd`, CONCAT(CONCAT(CAST(`p`.`Cve_prov` AS char), ' - '), COALESCE(`c`.`NombreEmpresa`, '')) AS `NombEmpresa`, `p`.`Precio`, `p`.`Stock`, CONCAT(CONCAT(CAST(`p`.`Estatus` AS char), ' - '), COALESCE(`e`.`Estatus`, '')) AS `Estatus`, `c`.`Contacto` AS `NombProv`, `c`.`CorreoElectronico` AS `EmailProv`, `c`.`Telefono` AS `TelefonoProv`, `p`.`Obs` AS `Observacion`, `p`.`Color`, `p`.`Imagen`, `p`.`ID`
FROM `Producto` AS `p`
INNER JOIN `Cte_prov` AS `c` ON `p`.`Cve_prov` = `c`.`ID`
INNER JOIN `Estatus` AS `e` ON `p`.`Estatus` = `e`.`ID`
WHERE `p`.`ID` = @__idProducto_0
LIMIT 1
[2023-11-19 20:42:02.680 -06:00 INF] Executing OkObjectResult, writing value of type '<>f__AnonymousType0`2[[System.Boolean, System.Private.CoreLib, Version=6.0.0.0, Culture=neutral, PublicKeyToken=7cec85d7bea7798e],[Core.Entities.Personalizadas.InformacionProducto, Core, Version=1.0.0.0, Culture=neutral, PublicKeyToken=null]]'.
[2023-11-19 20:42:02.688 -06:00 INF] Executed action API.Controllers.ProductoController.PostOCDetalle (API) in 1146.7268ms
[2023-11-19 20:42:02.688 -06:00 INF] Executed endpoint 'API.Controllers.ProductoController.PostOCDetalle (API)'
[2023-11-19 20:42:02.689 -06:00 INF] Request finished HTTP/1.1 POST https://localhost:5001/api/producto/detalle application/json 16 - 200 - application/json;+charset=utf-8 1154.0284ms
[2023-11-19 20:43:18.208 -06:00 INF] User profile is available. Using 'C:\Users\Rodrigo Tellez\AppData\Local\ASP.NET\DataProtection-Keys' as key repository and Windows DPAPI to encrypt keys at rest.
[2023-11-19 20:43:18.549 -06:00 INF] Now listening on: https://localhost:5001
[2023-11-19 20:43:18.550 -06:00 INF] Now listening on: http://localhost:5000
[2023-11-19 20:43:18.554 -06:00 INF] Application started. Press Ctrl+C to shut down.
[2023-11-19 20:43:18.554 -06:00 INF] Hosting environment: Development
[2023-11-19 20:43:18.555 -06:00 INF] Content root path: D:\10CUATRIMESTRE\HECTOR\Backend\inventario\API\
[2023-11-19 20:43:35.834 -06:00 INF] Request starting HTTP/1.1 GET http://localhost:5000/api/producto?pageSize=3&pageIndex=1&search= - -
[2023-11-19 20:43:35.970 -06:00 INF] Request finished HTTP/1.1 GET http://localhost:5000/api/producto?pageSize=3&pageIndex=1&search= - - - 307 0 - 139.2633ms
[2023-11-19 20:43:36.143 -06:00 INF] Request starting HTTP/1.1 GET https://localhost:5001/api/producto?pageSize=3&pageIndex=1&search= - -
[2023-11-19 20:43:36.483 -06:00 INF] Executing endpoint 'API.Controllers.ProductoController.GetProducto (API)'
[2023-11-19 20:43:36.551 -06:00 INF] Route matched with {action = "GetProducto", controller = "Producto"}. Executing controller action with signature System.Threading.Tasks.Task`1[Microsoft.AspNetCore.Mvc.ActionResult`1[API.Helpers.Pager`1[API.Dtos.ProductoDto]]] GetProducto(API.Helpers.Params) on controller API.Controllers.ProductoController (API).
[2023-11-19 20:43:38.399 -06:00 INF] Entity Framework Core 6.0.4 initialized 'InventarioContext' using provider 'Pomelo.EntityFrameworkCore.MySql:6.0.1' with options: ServerVersion 8.0-mysql 
[2023-11-19 20:43:40.066 -06:00 INF] Executed DbCommand (237ms) [Parameters=[], CommandType='"Text"', CommandTimeout='30']
SELECT COUNT(*)
FROM `Producto` AS `p`
WHERE `p`.`Estatus` <> 4
[2023-11-19 20:43:40.178 -06:00 WRN] The query uses a row limiting operator ('Skip'/'Take') without an 'OrderBy' operator. This may lead to unpredictable results. If the 'Distinct' operator is used after 'OrderBy', then make sure to use the 'OrderBy' operator after 'Distinct' as the ordering would otherwise get erased.
[2023-11-19 20:43:40.280 -06:00 WRN] The query uses a row limiting operator ('Skip'/'Take') without an 'OrderBy' operator. This may lead to unpredictable results. If the 'Distinct' operator is used after 'OrderBy', then make sure to use the 'OrderBy' operator after 'Distinct' as the ordering would otherwise get erased.
[2023-11-19 20:43:41.201 -06:00 INF] Executed DbCommand (236ms) [Parameters=[@__p_1='?' (DbType = Int32), @__p_0='?' (DbType = Int32)], CommandType='"Text"', CommandTimeout='30']
SELECT `p`.`ID`, `p`.`Categoria`, `p`.`Color`, `p`.`Cve_prov`, `p`.`Desc_prod`, `p`.`Estatus`, `p`.`Imagen`, `p`.`Nom_prod`, `p`.`Obs`, `p`.`Precio`, `p`.`Stock`
FROM `Producto` AS `p`
WHERE `p`.`Estatus` <> 4
LIMIT @__p_1 OFFSET @__p_0
[2023-11-19 20:43:41.395 -06:00 INF] Executing ObjectResult, writing value of type 'API.Helpers.Pager`1[[API.Dtos.ProductoDto, API, Version=1.0.0.0, Culture=neutral, PublicKeyToken=null]]'.
[2023-11-19 20:43:41.480 -06:00 INF] Executed action API.Controllers.ProductoController.GetProducto (API) in 4917.1734ms
[2023-11-19 20:43:41.481 -06:00 INF] Executed endpoint 'API.Controllers.ProductoController.GetProducto (API)'
[2023-11-19 20:43:41.497 -06:00 INF] Request finished HTTP/1.1 GET https://localhost:5001/api/producto?pageSize=3&pageIndex=1&search= - - - 200 - application/json;+charset=utf-8 5353.6455ms
[2023-11-19 21:32:10.298 -06:00 INF] User profile is available. Using 'C:\Users\Rodrigo Tellez\AppData\Local\ASP.NET\DataProtection-Keys' as key repository and Windows DPAPI to encrypt keys at rest.
[2023-11-19 21:32:10.564 -06:00 INF] Now listening on: https://localhost:5001
[2023-11-19 21:32:10.564 -06:00 INF] Now listening on: http://localhost:5000
[2023-11-19 21:32:10.570 -06:00 INF] Application started. Press Ctrl+C to shut down.
[2023-11-19 21:32:10.570 -06:00 INF] Hosting environment: Development
[2023-11-19 21:32:10.570 -06:00 INF] Content root path: D:\10CUATRIMESTRE\HECTOR\Backend\inventario\API\
[2023-11-19 21:32:20.065 -06:00 INF] Request starting HTTP/1.1 POST http://localhost:5000/api/usuario/token application/json 44
[2023-11-19 21:32:20.361 -06:00 INF] Request finished HTTP/1.1 POST http://localhost:5000/api/usuario/token application/json 44 - 307 0 - 305.0347ms
[2023-11-19 21:32:20.496 -06:00 INF] Request starting HTTP/1.1 POST https://localhost:5001/api/usuario/token application/json 44
[2023-11-19 21:32:21.246 -06:00 INF] Failed to validate the token.
Microsoft.IdentityModel.Tokens.SecurityTokenExpiredException: IDX10223: Lifetime validation failed. The token is expired. ValidTo: '20/11/2023 03:06:06 a. m.', Current time: '20/11/2023 03:32:21 a. m.'.
   at Microsoft.IdentityModel.Tokens.Validators.ValidateLifetime(Nullable`1 notBefore, Nullable`1 expires, SecurityToken securityToken, TokenValidationParameters validationParameters)
   at System.IdentityModel.Tokens.Jwt.JwtSecurityTokenHandler.ValidateLifetime(Nullable`1 notBefore, Nullable`1 expires, JwtSecurityToken jwtToken, TokenValidationParameters validationParameters)
   at System.IdentityModel.Tokens.Jwt.JwtSecurityTokenHandler.ValidateTokenPayload(JwtSecurityToken jwtToken, TokenValidationParameters validationParameters, BaseConfiguration configuration)
   at System.IdentityModel.Tokens.Jwt.JwtSecurityTokenHandler.ValidateJWS(String token, TokenValidationParameters validationParameters, BaseConfiguration currentConfiguration, SecurityToken& signatureValidatedToken, ExceptionDispatchInfo& exceptionThrown)
--- End of stack trace from previous location ---
   at System.IdentityModel.Tokens.Jwt.JwtSecurityTokenHandler.ValidateToken(String token, JwtSecurityToken outerToken, TokenValidationParameters validationParameters, SecurityToken& signatureValidatedToken)
   at System.IdentityModel.Tokens.Jwt.JwtSecurityTokenHandler.ValidateToken(String token, TokenValidationParameters validationParameters, SecurityToken& validatedToken)
   at Microsoft.AspNetCore.Authentication.JwtBearer.JwtBearerHandler.HandleAuthenticateAsync()
[2023-11-19 21:32:21.371 -06:00 INF] Bearer was not authenticated. Failure message: IDX10223: Lifetime validation failed. The token is expired. ValidTo: '20/11/2023 03:06:06 a. m.', Current time: '20/11/2023 03:32:21 a. m.'.
[2023-11-19 21:32:21.378 -06:00 INF] Executing endpoint 'API.Controllers.UsuarioController.GetTokenAsync (API)'
[2023-11-19 21:32:21.428 -06:00 INF] Route matched with {action = "GetToken", controller = "Usuario"}. Executing controller action with signature System.Threading.Tasks.Task`1[Microsoft.AspNetCore.Mvc.IActionResult] GetTokenAsync(API.Dtos.LoginDto) on controller API.Controllers.UsuarioController (API).
[2023-11-19 21:32:23.987 -06:00 INF] Entity Framework Core 6.0.4 initialized 'InventarioContext' using provider 'Pomelo.EntityFrameworkCore.MySql:6.0.1' with options: ServerVersion 8.0-mysql 
[2023-11-19 21:32:24.821 -06:00 WRN] Compiling a query which loads related collections for more than one collection navigation, either via 'Include' or through projection, but no 'QuerySplittingBehavior' has been configured. By default, Entity Framework will use 'QuerySplittingBehavior.SingleQuery', which can potentially result in slow query performance. See https://go.microsoft.com/fwlink/?linkid=2134277 for more information. To identify the query that's triggering this warning call 'ConfigureWarnings(w => w.Throw(RelationalEventId.MultipleCollectionIncludeWarning))'.
[2023-11-19 21:32:26.311 -06:00 INF] Executed DbCommand (279ms) [Parameters=[@__ToLower_0='?' (Size = 255)], CommandType='"Text"', CommandTimeout='30']
SELECT `t`.`ID`, `t`.`Apellido`, `t`.`CorreoElectronico`, `t`.`Nom_user`, `t`.`Password`, `t`.`Permiso`, `t0`.`UsuarioId`, `t0`.`RolId`, `t0`.`ID`, `t0`.`Nombre`, `r0`.`ID`, `r0`.`Created`, `r0`.`Expires`, `r0`.`Revoked`, `r0`.`Token`, `r0`.`UsuarioId`
FROM (
    SELECT `u`.`ID`, `u`.`Apellido`, `u`.`CorreoElectronico`, `u`.`Nom_user`, `u`.`Password`, `u`.`Permiso`
    FROM `Usuario` AS `u`
    WHERE LOWER(`u`.`Nom_user`) = @__ToLower_0
    LIMIT 1
) AS `t`
LEFT JOIN (
    SELECT `u0`.`UsuarioId`, `u0`.`RolId`, `r`.`ID`, `r`.`Nombre`
    FROM `UsuarioRoles` AS `u0`
    INNER JOIN `Rol` AS `r` ON `u0`.`RolId` = `r`.`ID`
) AS `t0` ON `t`.`ID` = `t0`.`UsuarioId`
LEFT JOIN `RefreshToken` AS `r0` ON `t`.`ID` = `r0`.`UsuarioId`
ORDER BY `t`.`ID`, `t0`.`UsuarioId`, `t0`.`RolId`, `t0`.`ID`
[2023-11-19 21:32:26.716 -06:00 INF] Executing OkObjectResult, writing value of type '<>f__AnonymousType4`3[[System.String, System.Private.CoreLib, Version=6.0.0.0, Culture=neutral, PublicKeyToken=7cec85d7bea7798e],[System.Boolean, System.Private.CoreLib, Version=6.0.0.0, Culture=neutral, PublicKeyToken=7cec85d7bea7798e],[API.Dtos.DatosUsuarioDto, API, Version=1.0.0.0, Culture=neutral, PublicKeyToken=null]]'.
[2023-11-19 21:32:26.770 -06:00 INF] Executed action API.Controllers.UsuarioController.GetTokenAsync (API) in 5331.756ms
[2023-11-19 21:32:26.771 -06:00 INF] Executed endpoint 'API.Controllers.UsuarioController.GetTokenAsync (API)'
[2023-11-19 21:32:26.780 -06:00 INF] Request finished HTTP/1.1 POST https://localhost:5001/api/usuario/token application/json 44 - 200 - application/json;+charset=utf-8 6283.5313ms
[2023-11-19 21:32:34.459 -06:00 INF] Request starting HTTP/1.1 GET http://localhost:5000/api/producto?pageSize=3&pageIndex=1&search= - -
[2023-11-19 21:32:34.472 -06:00 INF] Request finished HTTP/1.1 GET http://localhost:5000/api/producto?pageSize=3&pageIndex=1&search= - - - 307 0 - 13.4496ms
[2023-11-19 21:32:34.479 -06:00 INF] Request starting HTTP/1.1 GET https://localhost:5001/api/producto?pageSize=3&pageIndex=1&search= - -
[2023-11-19 21:32:34.528 -06:00 INF] Executing endpoint 'API.Controllers.ProductoController.GetProducto (API)'
[2023-11-19 21:32:34.543 -06:00 INF] Route matched with {action = "GetProducto", controller = "Producto"}. Executing controller action with signature System.Threading.Tasks.Task`1[Microsoft.AspNetCore.Mvc.ActionResult`1[API.Helpers.Pager`1[API.Dtos.ProductoDto]]] GetProducto(API.Helpers.Params) on controller API.Controllers.ProductoController (API).
[2023-11-19 21:32:34.583 -06:00 INF] Entity Framework Core 6.0.4 initialized 'InventarioContext' using provider 'Pomelo.EntityFrameworkCore.MySql:6.0.1' with options: ServerVersion 8.0-mysql 
[2023-11-19 21:32:35.402 -06:00 INF] Executed DbCommand (183ms) [Parameters=[], CommandType='"Text"', CommandTimeout='30']
SELECT COUNT(*)
FROM `Producto` AS `p`
WHERE (`p`.`Estatus` = 1) AND (`p`.`Estatus` = 2)
[2023-11-19 21:32:35.422 -06:00 WRN] The query uses a row limiting operator ('Skip'/'Take') without an 'OrderBy' operator. This may lead to unpredictable results. If the 'Distinct' operator is used after 'OrderBy', then make sure to use the 'OrderBy' operator after 'Distinct' as the ordering would otherwise get erased.
[2023-11-19 21:32:35.424 -06:00 WRN] The query uses a row limiting operator ('Skip'/'Take') without an 'OrderBy' operator. This may lead to unpredictable results. If the 'Distinct' operator is used after 'OrderBy', then make sure to use the 'OrderBy' operator after 'Distinct' as the ordering would otherwise get erased.
[2023-11-19 21:32:36.197 -06:00 INF] Executed DbCommand (199ms) [Parameters=[@__p_1='?' (DbType = Int32), @__p_0='?' (DbType = Int32)], CommandType='"Text"', CommandTimeout='30']
SELECT `p`.`ID`, `p`.`Categoria`, `p`.`Color`, `p`.`Cve_prov`, `p`.`Desc_prod`, `p`.`Estatus`, `p`.`Imagen`, `p`.`Nom_prod`, `p`.`obs`, `p`.`Precio`, `p`.`Stock`
FROM `Producto` AS `p`
WHERE (`p`.`Estatus` = 1) AND (`p`.`Estatus` = 2)
LIMIT @__p_1 OFFSET @__p_0
[2023-11-19 21:32:36.247 -06:00 INF] Executing ObjectResult, writing value of type 'API.Helpers.Pager`1[[API.Dtos.ProductoDto, API, Version=1.0.0.0, Culture=neutral, PublicKeyToken=null]]'.
[2023-11-19 21:32:36.256 -06:00 INF] Executed action API.Controllers.ProductoController.GetProducto (API) in 1712.794ms
[2023-11-19 21:32:36.256 -06:00 INF] Executed endpoint 'API.Controllers.ProductoController.GetProducto (API)'
[2023-11-19 21:32:36.258 -06:00 INF] Request finished HTTP/1.1 GET https://localhost:5001/api/producto?pageSize=3&pageIndex=1&search= - - - 200 - application/json;+charset=utf-8 1778.6563ms
[2023-11-19 21:34:17.572 -06:00 INF] User profile is available. Using 'C:\Users\Rodrigo Tellez\AppData\Local\ASP.NET\DataProtection-Keys' as key repository and Windows DPAPI to encrypt keys at rest.
[2023-11-19 21:34:17.833 -06:00 INF] Now listening on: https://localhost:5001
[2023-11-19 21:34:17.833 -06:00 INF] Now listening on: http://localhost:5000
[2023-11-19 21:34:17.838 -06:00 INF] Application started. Press Ctrl+C to shut down.
[2023-11-19 21:34:17.839 -06:00 INF] Hosting environment: Development
[2023-11-19 21:34:17.839 -06:00 INF] Content root path: D:\10CUATRIMESTRE\HECTOR\Backend\inventario\API\
[2023-11-19 21:34:20.664 -06:00 INF] Request starting HTTP/1.1 GET http://localhost:5000/api/producto?pageSize=3&pageIndex=1&search= - -
[2023-11-19 21:34:20.832 -06:00 INF] Request finished HTTP/1.1 GET http://localhost:5000/api/producto?pageSize=3&pageIndex=1&search= - - - 307 0 - 173.3029ms
[2023-11-19 21:34:20.896 -06:00 INF] Request starting HTTP/1.1 GET https://localhost:5001/api/producto?pageSize=3&pageIndex=1&search= - -
[2023-11-19 21:34:21.215 -06:00 INF] Executing endpoint 'API.Controllers.ProductoController.GetProducto (API)'
[2023-11-19 21:34:21.269 -06:00 INF] Route matched with {action = "GetProducto", controller = "Producto"}. Executing controller action with signature System.Threading.Tasks.Task`1[Microsoft.AspNetCore.Mvc.ActionResult`1[API.Helpers.Pager`1[API.Dtos.ProductoDto]]] GetProducto(API.Helpers.Params) on controller API.Controllers.ProductoController (API).
[2023-11-19 21:34:23.161 -06:00 INF] Entity Framework Core 6.0.4 initialized 'InventarioContext' using provider 'Pomelo.EntityFrameworkCore.MySql:6.0.1' with options: ServerVersion 8.0-mysql 
[2023-11-19 21:34:24.784 -06:00 INF] Executed DbCommand (235ms) [Parameters=[], CommandType='"Text"', CommandTimeout='30']
SELECT COUNT(*)
FROM `Producto` AS `p`
WHERE `p`.`Estatus` = 1
[2023-11-19 21:34:24.873 -06:00 WRN] The query uses a row limiting operator ('Skip'/'Take') without an 'OrderBy' operator. This may lead to unpredictable results. If the 'Distinct' operator is used after 'OrderBy', then make sure to use the 'OrderBy' operator after 'Distinct' as the ordering would otherwise get erased.
[2023-11-19 21:34:24.874 -06:00 WRN] The query uses a row limiting operator ('Skip'/'Take') without an 'OrderBy' operator. This may lead to unpredictable results. If the 'Distinct' operator is used after 'OrderBy', then make sure to use the 'OrderBy' operator after 'Distinct' as the ordering would otherwise get erased.
[2023-11-19 21:34:25.787 -06:00 INF] Executed DbCommand (248ms) [Parameters=[@__p_1='?' (DbType = Int32), @__p_0='?' (DbType = Int32)], CommandType='"Text"', CommandTimeout='30']
SELECT `p`.`ID`, `p`.`Categoria`, `p`.`Color`, `p`.`Cve_prov`, `p`.`Desc_prod`, `p`.`Estatus`, `p`.`Imagen`, `p`.`Nom_prod`, `p`.`obs`, `p`.`Precio`, `p`.`Stock`
FROM `Producto` AS `p`
WHERE `p`.`Estatus` = 1
LIMIT @__p_1 OFFSET @__p_0
[2023-11-19 21:34:25.952 -06:00 INF] Executing ObjectResult, writing value of type 'API.Helpers.Pager`1[[API.Dtos.ProductoDto, API, Version=1.0.0.0, Culture=neutral, PublicKeyToken=null]]'.
[2023-11-19 21:34:25.995 -06:00 INF] Executed action API.Controllers.ProductoController.GetProducto (API) in 4718.9081ms
[2023-11-19 21:34:25.996 -06:00 INF] Executed endpoint 'API.Controllers.ProductoController.GetProducto (API)'
[2023-11-19 21:34:26.003 -06:00 INF] Request finished HTTP/1.1 GET https://localhost:5001/api/producto?pageSize=3&pageIndex=1&search= - - - 200 - application/json;+charset=utf-8 5106.8864ms
