[2023-10-26 21:23:30.550 -06:00 INF] Entity Framework Core 6.0.4 initialized 'InventarioContext' using provider 'Pomelo.EntityFrameworkCore.MySql:6.0.1' with options: ServerVersion 8.0.28-mysql 
[2023-10-26 21:23:32.766 -06:00 ERR] An error occurred using the connection to database '' on server '127.0.0.1'.
[2023-10-26 21:23:32.886 -06:00 ERR] Ocurrio un error durante la migración
System.InvalidOperationException: An exception has been raised that is likely due to a transient failure. Consider enabling transient error resiliency by adding 'EnableRetryOnFailure()' to the 'UseMySql' call.
 ---> MySqlConnector.MySqlException (0x80004005): Unable to connect to any of the specified MySQL hosts.
   at MySqlConnector.Core.ServerSession.ConnectAsync(ConnectionSettings cs, MySqlConnection connection, Int32 startTickCount, ILoadBalancer loadBalancer, IOBehavior ioBehavior, CancellationToken cancellationToken) in /_/src/MySqlConnector/Core/ServerSession.cs:line 433
   at MySqlConnector.MySqlConnection.CreateSessionAsync(ConnectionPool pool, Int32 startTickCount, Nullable`1 ioBehavior, CancellationToken cancellationToken) in /_/src/MySqlConnector/MySqlConnection.cs:line 926
   at MySqlConnector.MySqlConnection.OpenAsync(Nullable`1 ioBehavior, CancellationToken cancellationToken) in /_/src/MySqlConnector/MySqlConnection.cs:line 406
   at Microsoft.EntityFrameworkCore.Storage.RelationalConnection.OpenInternalAsync(Boolean errorsExpected, CancellationToken cancellationToken)
   at Microsoft.EntityFrameworkCore.Storage.RelationalConnection.OpenInternalAsync(Boolean errorsExpected, CancellationToken cancellationToken)
   at Microsoft.EntityFrameworkCore.Storage.RelationalConnection.OpenAsync(CancellationToken cancellationToken, Boolean errorsExpected)
   at Pomelo.EntityFrameworkCore.MySql.Storage.Internal.MySqlRelationalConnection.OpenAsync(CancellationToken cancellationToken, Boolean errorsExpected)
   at Pomelo.EntityFrameworkCore.MySql.Storage.Internal.MySqlDatabaseCreator.<>c__DisplayClass20_0.<<ExistsAsync>b__0>d.MoveNext()
--- End of stack trace from previous location ---
   at Pomelo.EntityFrameworkCore.MySql.Storage.Internal.MySqlDatabaseCreator.<>c__DisplayClass20_0.<<ExistsAsync>b__0>d.MoveNext()
--- End of stack trace from previous location ---
   at Pomelo.EntityFrameworkCore.MySql.Storage.Internal.MySqlDatabaseCreator.<>c__DisplayClass20_0.<<ExistsAsync>b__0>d.MoveNext()
--- End of stack trace from previous location ---
   at Pomelo.EntityFrameworkCore.MySql.Storage.Internal.MySqlExecutionStrategy.ExecuteAsync[TState,TResult](TState state, Func`4 operation, Func`4 verifySucceeded, CancellationToken cancellationToken)
   --- End of inner exception stack trace ---
   at Pomelo.EntityFrameworkCore.MySql.Storage.Internal.MySqlExecutionStrategy.ExecuteAsync[TState,TResult](TState state, Func`4 operation, Func`4 verifySucceeded, CancellationToken cancellationToken)
   at Microsoft.EntityFrameworkCore.Migrations.HistoryRepository.ExistsAsync(CancellationToken cancellationToken)
   at Microsoft.EntityFrameworkCore.Migrations.Internal.Migrator.MigrateAsync(String targetMigration, CancellationToken cancellationToken)
   at Program.<Main>$(String[] args) in D:\10CUATRIMESTRE\HECTOR\Backend\inventario\API\Program.cs:line 76
[2023-10-26 21:23:33.036 -06:00 INF] User profile is available. Using 'C:\Users\Rodrigo Tellez\AppData\Local\ASP.NET\DataProtection-Keys' as key repository and Windows DPAPI to encrypt keys at rest.
[2023-10-26 21:23:33.184 -06:00 INF] Now listening on: https://10.0.0.8:5001
[2023-10-26 21:23:33.184 -06:00 INF] Now listening on: http://10.0.0.8:5000
[2023-10-26 21:23:33.184 -06:00 INF] Application started. Press Ctrl+C to shut down.
[2023-10-26 21:23:33.184 -06:00 INF] Hosting environment: Development
[2023-10-26 21:23:33.184 -06:00 INF] Content root path: D:\10CUATRIMESTRE\HECTOR\Backend\inventario\API\
[2023-10-26 21:23:39.156 -06:00 INF] Application is shutting down...
[2023-10-26 21:23:55.977 -06:00 INF] Entity Framework Core 6.0.4 initialized 'InventarioContext' using provider 'Pomelo.EntityFrameworkCore.MySql:6.0.1' with options: ServerVersion 8.0.28-mysql 
[2023-10-26 21:23:56.412 -06:00 INF] Executed DbCommand (26ms) [Parameters=[], CommandType='"Text"', CommandTimeout='30']
SELECT 1 FROM INFORMATION_SCHEMA.TABLES WHERE TABLE_SCHEMA='inventarioRopa' AND TABLE_NAME='__EFMigrationsHistory';
[2023-10-26 21:23:56.447 -06:00 INF] Executed DbCommand (3ms) [Parameters=[], CommandType='"Text"', CommandTimeout='30']
SELECT 1 FROM INFORMATION_SCHEMA.TABLES WHERE TABLE_SCHEMA='inventarioRopa' AND TABLE_NAME='__EFMigrationsHistory';
[2023-10-26 21:23:56.495 -06:00 INF] Executed DbCommand (17ms) [Parameters=[], CommandType='"Text"', CommandTimeout='30']
SELECT `MigrationId`, `ProductVersion`
FROM `__EFMigrationsHistory`
ORDER BY `MigrationId`;
[2023-10-26 21:23:56.520 -06:00 INF] No migrations were applied. The database is already up to date.
[2023-10-26 21:23:56.736 -06:00 INF] Executed DbCommand (9ms) [Parameters=[], CommandType='"Text"', CommandTimeout='30']
SELECT EXISTS (
    SELECT 1
    FROM `Rol` AS `r`)
[2023-10-26 21:23:56.860 -06:00 INF] User profile is available. Using 'C:\Users\Rodrigo Tellez\AppData\Local\ASP.NET\DataProtection-Keys' as key repository and Windows DPAPI to encrypt keys at rest.
[2023-10-26 21:23:56.928 -06:00 INF] Now listening on: https://10.0.0.8:5001
[2023-10-26 21:23:56.928 -06:00 INF] Now listening on: http://10.0.0.8:5000
[2023-10-26 21:23:56.932 -06:00 INF] Application started. Press Ctrl+C to shut down.
[2023-10-26 21:23:56.933 -06:00 INF] Hosting environment: Development
[2023-10-26 21:23:56.933 -06:00 INF] Content root path: D:\10CUATRIMESTRE\HECTOR\Backend\inventario\API\
[2023-10-26 21:29:38.737 -06:00 INF] Request starting HTTP/1.1 POST http://10.0.0.8:5000/api/usuario/register application/json 94
[2023-10-26 21:29:39.379 -06:00 INF] Request finished HTTP/1.1 POST http://10.0.0.8:5000/api/usuario/register application/json 94 - 307 0 - 657.7046ms
[2023-10-26 21:29:51.097 -06:00 INF] Request starting HTTP/1.1 POST http://10.0.0.8:5000/api/usuario/register application/json 94
[2023-10-26 21:29:51.103 -06:00 INF] Request finished HTTP/1.1 POST http://10.0.0.8:5000/api/usuario/register application/json 94 - 307 0 - 6.3662ms
[2023-10-26 21:30:13.665 -06:00 INF] Request starting HTTP/1.1 POST http://10.0.0.8:5000/api/usuario/token application/json 44
[2023-10-26 21:30:13.667 -06:00 INF] Request finished HTTP/1.1 POST http://10.0.0.8:5000/api/usuario/token application/json 44 - 307 0 - 1.9922ms
[2023-10-26 21:30:23.947 -06:00 INF] Request starting HTTP/1.1 POST http://10.0.0.8:5000/api/usuario/token application/json 44
[2023-10-26 21:30:23.947 -06:00 INF] Request finished HTTP/1.1 POST http://10.0.0.8:5000/api/usuario/token application/json 44 - 307 0 - 0.7550ms
[2023-10-26 21:33:33.447 -06:00 INF] Application is shutting down...
[2023-10-26 21:34:44.920 -06:00 INF] Entity Framework Core 6.0.4 initialized 'InventarioContext' using provider 'Pomelo.EntityFrameworkCore.MySql:6.0.1' with options: ServerVersion 8.0.28-mysql 
[2023-10-26 21:34:45.490 -06:00 INF] Executed DbCommand (27ms) [Parameters=[], CommandType='"Text"', CommandTimeout='30']
SELECT 1 FROM INFORMATION_SCHEMA.TABLES WHERE TABLE_SCHEMA='inventarioRopa' AND TABLE_NAME='__EFMigrationsHistory';
[2023-10-26 21:34:45.549 -06:00 INF] Executed DbCommand (4ms) [Parameters=[], CommandType='"Text"', CommandTimeout='30']
SELECT 1 FROM INFORMATION_SCHEMA.TABLES WHERE TABLE_SCHEMA='inventarioRopa' AND TABLE_NAME='__EFMigrationsHistory';
[2023-10-26 21:34:45.605 -06:00 INF] Executed DbCommand (10ms) [Parameters=[], CommandType='"Text"', CommandTimeout='30']
SELECT `MigrationId`, `ProductVersion`
FROM `__EFMigrationsHistory`
ORDER BY `MigrationId`;
[2023-10-26 21:34:45.652 -06:00 INF] No migrations were applied. The database is already up to date.
[2023-10-26 21:34:45.946 -06:00 INF] Executed DbCommand (6ms) [Parameters=[], CommandType='"Text"', CommandTimeout='30']
SELECT EXISTS (
    SELECT 1
    FROM `Rol` AS `r`)
[2023-10-26 21:34:46.105 -06:00 INF] User profile is available. Using 'C:\Users\Rodrigo Tellez\AppData\Local\ASP.NET\DataProtection-Keys' as key repository and Windows DPAPI to encrypt keys at rest.
[2023-10-26 21:34:46.328 -06:00 INF] Now listening on: https://192.168.108.1:5001
[2023-10-26 21:34:46.328 -06:00 INF] Now listening on: http://192.168.108.1:5000
[2023-10-26 21:34:46.336 -06:00 INF] Application started. Press Ctrl+C to shut down.
[2023-10-26 21:34:46.337 -06:00 INF] Hosting environment: Development
[2023-10-26 21:34:46.337 -06:00 INF] Content root path: D:\10CUATRIMESTRE\HECTOR\Backend\inventario\API\
[2023-10-26 21:34:59.410 -06:00 INF] Request starting HTTP/1.1 POST http://192.168.108.1:5000/api/usuario/token application/json 58
[2023-10-26 21:34:59.688 -06:00 INF] Request finished HTTP/1.1 POST http://192.168.108.1:5000/api/usuario/token application/json 58 - 307 0 - 289.0390ms
[2023-10-26 21:34:59.740 -06:00 INF] Request starting HTTP/1.1 POST https://192.168.108.1:5001/api/usuario/token application/json 58
[2023-10-26 21:35:00.086 -06:00 INF] Failed to validate the token.
Microsoft.IdentityModel.Tokens.SecurityTokenExpiredException: IDX10223: Lifetime validation failed. The token is expired. ValidTo: '25/10/2023 05:55:01 p. m.', Current time: '27/10/2023 03:35:00 a. m.'.
   at Microsoft.IdentityModel.Tokens.Validators.ValidateLifetime(Nullable`1 notBefore, Nullable`1 expires, SecurityToken securityToken, TokenValidationParameters validationParameters)
   at System.IdentityModel.Tokens.Jwt.JwtSecurityTokenHandler.ValidateLifetime(Nullable`1 notBefore, Nullable`1 expires, JwtSecurityToken jwtToken, TokenValidationParameters validationParameters)
   at System.IdentityModel.Tokens.Jwt.JwtSecurityTokenHandler.ValidateTokenPayload(JwtSecurityToken jwtToken, TokenValidationParameters validationParameters, BaseConfiguration configuration)
   at System.IdentityModel.Tokens.Jwt.JwtSecurityTokenHandler.ValidateJWS(String token, TokenValidationParameters validationParameters, BaseConfiguration currentConfiguration, SecurityToken& signatureValidatedToken, ExceptionDispatchInfo& exceptionThrown)
--- End of stack trace from previous location ---
   at System.IdentityModel.Tokens.Jwt.JwtSecurityTokenHandler.ValidateToken(String token, JwtSecurityToken outerToken, TokenValidationParameters validationParameters, SecurityToken& signatureValidatedToken)
   at System.IdentityModel.Tokens.Jwt.JwtSecurityTokenHandler.ValidateToken(String token, TokenValidationParameters validationParameters, SecurityToken& validatedToken)
   at Microsoft.AspNetCore.Authentication.JwtBearer.JwtBearerHandler.HandleAuthenticateAsync()
[2023-10-26 21:35:00.544 -06:00 INF] Bearer was not authenticated. Failure message: IDX10223: Lifetime validation failed. The token is expired. ValidTo: '25/10/2023 05:55:01 p. m.', Current time: '27/10/2023 03:35:00 a. m.'.
[2023-10-26 21:35:00.554 -06:00 INF] Executing endpoint 'API.Controllers.UsuarioController.GetTokenAsync (API)'
[2023-10-26 21:35:00.624 -06:00 INF] Route matched with {action = "GetToken", controller = "Usuario"}. Executing controller action with signature System.Threading.Tasks.Task`1[Microsoft.AspNetCore.Mvc.IActionResult] GetTokenAsync(API.Dtos.LoginDto) on controller API.Controllers.UsuarioController (API).
[2023-10-26 21:35:01.038 -06:00 INF] Entity Framework Core 6.0.4 initialized 'InventarioContext' using provider 'Pomelo.EntityFrameworkCore.MySql:6.0.1' with options: ServerVersion 8.0.28-mysql 
[2023-10-26 21:35:01.769 -06:00 WRN] Compiling a query which loads related collections for more than one collection navigation, either via 'Include' or through projection, but no 'QuerySplittingBehavior' has been configured. By default, Entity Framework will use 'QuerySplittingBehavior.SingleQuery', which can potentially result in slow query performance. See https://go.microsoft.com/fwlink/?linkid=2134277 for more information. To identify the query that's triggering this warning call 'ConfigureWarnings(w => w.Throw(RelationalEventId.MultipleCollectionIncludeWarning))'.
[2023-10-26 21:35:02.012 -06:00 INF] Executed DbCommand (100ms) [Parameters=[@__ToLower_0='?' (Size = 255)], CommandType='"Text"', CommandTimeout='30']
SELECT `t`.`ID`, `t`.`Apellido`, `t`.`CorreoElectronico`, `t`.`Nom_user`, `t`.`Password`, `t0`.`UsuarioId`, `t0`.`RolId`, `t0`.`ID`, `t0`.`Nombre`, `r0`.`ID`, `r0`.`Created`, `r0`.`Expires`, `r0`.`Revoked`, `r0`.`Token`, `r0`.`UsuarioId`
FROM (
    SELECT `u`.`ID`, `u`.`Apellido`, `u`.`CorreoElectronico`, `u`.`Nom_user`, `u`.`Password`
    FROM `Usuario` AS `u`
    WHERE LOWER(`u`.`Nom_user`) = @__ToLower_0
    LIMIT 1
) AS `t`
LEFT JOIN (
    SELECT `u0`.`UsuarioId`, `u0`.`RolId`, `r`.`ID`, `r`.`Nombre`
    FROM `UsuarioRoles` AS `u0`
    INNER JOIN `Rol` AS `r` ON `u0`.`RolId` = `r`.`ID`
) AS `t0` ON `t`.`ID` = `t0`.`UsuarioId`
LEFT JOIN `RefreshToken` AS `r0` ON `t`.`ID` = `r0`.`UsuarioId`
ORDER BY `t`.`ID`, `t0`.`UsuarioId`, `t0`.`RolId`, `t0`.`ID`
[2023-10-26 21:35:02.375 -06:00 INF] Executing OkObjectResult, writing value of type '<>f__AnonymousType2`3[[System.String, System.Private.CoreLib, Version=6.0.0.0, Culture=neutral, PublicKeyToken=7cec85d7bea7798e],[System.Boolean, System.Private.CoreLib, Version=6.0.0.0, Culture=neutral, PublicKeyToken=7cec85d7bea7798e],[API.Dtos.DatosUsuarioDto, API, Version=1.0.0.0, Culture=neutral, PublicKeyToken=null]]'.
[2023-10-26 21:35:02.418 -06:00 INF] Executed action API.Controllers.UsuarioController.GetTokenAsync (API) in 1785.9364ms
[2023-10-26 21:35:02.419 -06:00 INF] Executed endpoint 'API.Controllers.UsuarioController.GetTokenAsync (API)'
[2023-10-26 21:35:02.426 -06:00 INF] Request finished HTTP/1.1 POST https://192.168.108.1:5001/api/usuario/token application/json 58 - 200 - application/json;+charset=utf-8 2685.5185ms
[2023-10-26 21:35:27.417 -06:00 INF] Application is shutting down...
[2023-10-26 21:35:42.222 -06:00 INF] Entity Framework Core 6.0.4 initialized 'InventarioContext' using provider 'Pomelo.EntityFrameworkCore.MySql:6.0.1' with options: ServerVersion 8.0.28-mysql 
[2023-10-26 21:35:42.779 -06:00 INF] Executed DbCommand (20ms) [Parameters=[], CommandType='"Text"', CommandTimeout='30']
SELECT 1 FROM INFORMATION_SCHEMA.TABLES WHERE TABLE_SCHEMA='inventarioRopa' AND TABLE_NAME='__EFMigrationsHistory';
[2023-10-26 21:35:42.826 -06:00 INF] Executed DbCommand (4ms) [Parameters=[], CommandType='"Text"', CommandTimeout='30']
SELECT 1 FROM INFORMATION_SCHEMA.TABLES WHERE TABLE_SCHEMA='inventarioRopa' AND TABLE_NAME='__EFMigrationsHistory';
[2023-10-26 21:35:42.865 -06:00 INF] Executed DbCommand (6ms) [Parameters=[], CommandType='"Text"', CommandTimeout='30']
SELECT `MigrationId`, `ProductVersion`
FROM `__EFMigrationsHistory`
ORDER BY `MigrationId`;
[2023-10-26 21:35:42.895 -06:00 INF] No migrations were applied. The database is already up to date.
[2023-10-26 21:35:43.158 -06:00 INF] Executed DbCommand (3ms) [Parameters=[], CommandType='"Text"', CommandTimeout='30']
SELECT EXISTS (
    SELECT 1
    FROM `Rol` AS `r`)
[2023-10-26 21:35:43.332 -06:00 INF] User profile is available. Using 'C:\Users\Rodrigo Tellez\AppData\Local\ASP.NET\DataProtection-Keys' as key repository and Windows DPAPI to encrypt keys at rest.
[2023-10-26 21:35:43.441 -06:00 INF] Now listening on: https://192.168.108.1:5001
[2023-10-26 21:35:43.441 -06:00 INF] Now listening on: http://192.168.108.1:5000
[2023-10-26 21:35:43.449 -06:00 INF] Application started. Press Ctrl+C to shut down.
[2023-10-26 21:35:43.449 -06:00 INF] Hosting environment: Development
[2023-10-26 21:35:43.449 -06:00 INF] Content root path: D:\10CUATRIMESTRE\HECTOR\Backend\inventario\API\
[2023-10-26 21:37:42.274 -06:00 INF] Request starting HTTP/1.1 POST http://192.168.108.1:5000/api/usuario/token application/json 43
[2023-10-26 21:37:42.577 -06:00 INF] Executing endpoint 'API.Controllers.UsuarioController.GetTokenAsync (API)'
[2023-10-26 21:37:42.614 -06:00 INF] Route matched with {action = "GetToken", controller = "Usuario"}. Executing controller action with signature System.Threading.Tasks.Task`1[Microsoft.AspNetCore.Mvc.IActionResult] GetTokenAsync(API.Dtos.LoginDto) on controller API.Controllers.UsuarioController (API).
[2023-10-26 21:37:42.820 -06:00 INF] Entity Framework Core 6.0.4 initialized 'InventarioContext' using provider 'Pomelo.EntityFrameworkCore.MySql:6.0.1' with options: ServerVersion 8.0.28-mysql 
[2023-10-26 21:37:43.140 -06:00 WRN] Compiling a query which loads related collections for more than one collection navigation, either via 'Include' or through projection, but no 'QuerySplittingBehavior' has been configured. By default, Entity Framework will use 'QuerySplittingBehavior.SingleQuery', which can potentially result in slow query performance. See https://go.microsoft.com/fwlink/?linkid=2134277 for more information. To identify the query that's triggering this warning call 'ConfigureWarnings(w => w.Throw(RelationalEventId.MultipleCollectionIncludeWarning))'.
[2023-10-26 21:37:43.249 -06:00 INF] Executed DbCommand (35ms) [Parameters=[@__ToLower_0='?' (Size = 255)], CommandType='"Text"', CommandTimeout='30']
SELECT `t`.`ID`, `t`.`Apellido`, `t`.`CorreoElectronico`, `t`.`Nom_user`, `t`.`Password`, `t0`.`UsuarioId`, `t0`.`RolId`, `t0`.`ID`, `t0`.`Nombre`, `r0`.`ID`, `r0`.`Created`, `r0`.`Expires`, `r0`.`Revoked`, `r0`.`Token`, `r0`.`UsuarioId`
FROM (
    SELECT `u`.`ID`, `u`.`Apellido`, `u`.`CorreoElectronico`, `u`.`Nom_user`, `u`.`Password`
    FROM `Usuario` AS `u`
    WHERE LOWER(`u`.`Nom_user`) = @__ToLower_0
    LIMIT 1
) AS `t`
LEFT JOIN (
    SELECT `u0`.`UsuarioId`, `u0`.`RolId`, `r`.`ID`, `r`.`Nombre`
    FROM `UsuarioRoles` AS `u0`
    INNER JOIN `Rol` AS `r` ON `u0`.`RolId` = `r`.`ID`
) AS `t0` ON `t`.`ID` = `t0`.`UsuarioId`
LEFT JOIN `RefreshToken` AS `r0` ON `t`.`ID` = `r0`.`UsuarioId`
ORDER BY `t`.`ID`, `t0`.`UsuarioId`, `t0`.`RolId`, `t0`.`ID`
[2023-10-26 21:37:43.405 -06:00 INF] Executing NotFoundObjectResult, writing value of type 'API.Helpers.Errors.ApiResponse'.
[2023-10-26 21:37:43.436 -06:00 INF] Executed action API.Controllers.UsuarioController.GetTokenAsync (API) in 814.1592ms
[2023-10-26 21:37:43.437 -06:00 INF] Executed endpoint 'API.Controllers.UsuarioController.GetTokenAsync (API)'
[2023-10-26 21:37:43.442 -06:00 INF] Request finished HTTP/1.1 POST http://192.168.108.1:5000/api/usuario/token application/json 43 - 404 - application/json;+charset=utf-8 1173.3934ms
[2023-10-26 21:38:21.422 -06:00 INF] Request starting HTTP/1.1 POST http://192.168.108.1:5000/api/usuario/token application/json 43
[2023-10-26 21:38:21.427 -06:00 INF] Executing endpoint 'API.Controllers.UsuarioController.GetTokenAsync (API)'
[2023-10-26 21:38:21.428 -06:00 INF] Route matched with {action = "GetToken", controller = "Usuario"}. Executing controller action with signature System.Threading.Tasks.Task`1[Microsoft.AspNetCore.Mvc.IActionResult] GetTokenAsync(API.Dtos.LoginDto) on controller API.Controllers.UsuarioController (API).
[2023-10-26 21:38:21.487 -06:00 INF] Entity Framework Core 6.0.4 initialized 'InventarioContext' using provider 'Pomelo.EntityFrameworkCore.MySql:6.0.1' with options: ServerVersion 8.0.28-mysql 
[2023-10-26 21:38:21.501 -06:00 INF] Executed DbCommand (7ms) [Parameters=[@__ToLower_0='?' (Size = 255)], CommandType='"Text"', CommandTimeout='30']
SELECT `t`.`ID`, `t`.`Apellido`, `t`.`CorreoElectronico`, `t`.`Nom_user`, `t`.`Password`, `t0`.`UsuarioId`, `t0`.`RolId`, `t0`.`ID`, `t0`.`Nombre`, `r0`.`ID`, `r0`.`Created`, `r0`.`Expires`, `r0`.`Revoked`, `r0`.`Token`, `r0`.`UsuarioId`
FROM (
    SELECT `u`.`ID`, `u`.`Apellido`, `u`.`CorreoElectronico`, `u`.`Nom_user`, `u`.`Password`
    FROM `Usuario` AS `u`
    WHERE LOWER(`u`.`Nom_user`) = @__ToLower_0
    LIMIT 1
) AS `t`
LEFT JOIN (
    SELECT `u0`.`UsuarioId`, `u0`.`RolId`, `r`.`ID`, `r`.`Nombre`
    FROM `UsuarioRoles` AS `u0`
    INNER JOIN `Rol` AS `r` ON `u0`.`RolId` = `r`.`ID`
) AS `t0` ON `t`.`ID` = `t0`.`UsuarioId`
LEFT JOIN `RefreshToken` AS `r0` ON `t`.`ID` = `r0`.`UsuarioId`
ORDER BY `t`.`ID`, `t0`.`UsuarioId`, `t0`.`RolId`, `t0`.`ID`
[2023-10-26 21:38:21.506 -06:00 INF] Executing NotFoundObjectResult, writing value of type 'API.Helpers.Errors.ApiResponse'.
[2023-10-26 21:38:21.507 -06:00 INF] Executed action API.Controllers.UsuarioController.GetTokenAsync (API) in 79.3143ms
[2023-10-26 21:38:21.508 -06:00 INF] Executed endpoint 'API.Controllers.UsuarioController.GetTokenAsync (API)'
[2023-10-26 21:38:21.508 -06:00 INF] Request finished HTTP/1.1 POST http://192.168.108.1:5000/api/usuario/token application/json 43 - 404 - application/json;+charset=utf-8 86.2767ms
[2023-10-26 21:38:43.737 -06:00 INF] Request starting HTTP/1.1 POST http://192.168.108.1:5000/api/usuario/token application/json 44
[2023-10-26 21:38:43.741 -06:00 INF] Executing endpoint 'API.Controllers.UsuarioController.GetTokenAsync (API)'
[2023-10-26 21:38:43.741 -06:00 INF] Route matched with {action = "GetToken", controller = "Usuario"}. Executing controller action with signature System.Threading.Tasks.Task`1[Microsoft.AspNetCore.Mvc.IActionResult] GetTokenAsync(API.Dtos.LoginDto) on controller API.Controllers.UsuarioController (API).
[2023-10-26 21:38:43.746 -06:00 INF] Entity Framework Core 6.0.4 initialized 'InventarioContext' using provider 'Pomelo.EntityFrameworkCore.MySql:6.0.1' with options: ServerVersion 8.0.28-mysql 
[2023-10-26 21:38:43.754 -06:00 INF] Executed DbCommand (4ms) [Parameters=[@__ToLower_0='?' (Size = 255)], CommandType='"Text"', CommandTimeout='30']
SELECT `t`.`ID`, `t`.`Apellido`, `t`.`CorreoElectronico`, `t`.`Nom_user`, `t`.`Password`, `t0`.`UsuarioId`, `t0`.`RolId`, `t0`.`ID`, `t0`.`Nombre`, `r0`.`ID`, `r0`.`Created`, `r0`.`Expires`, `r0`.`Revoked`, `r0`.`Token`, `r0`.`UsuarioId`
FROM (
    SELECT `u`.`ID`, `u`.`Apellido`, `u`.`CorreoElectronico`, `u`.`Nom_user`, `u`.`Password`
    FROM `Usuario` AS `u`
    WHERE LOWER(`u`.`Nom_user`) = @__ToLower_0
    LIMIT 1
) AS `t`
LEFT JOIN (
    SELECT `u0`.`UsuarioId`, `u0`.`RolId`, `r`.`ID`, `r`.`Nombre`
    FROM `UsuarioRoles` AS `u0`
    INNER JOIN `Rol` AS `r` ON `u0`.`RolId` = `r`.`ID`
) AS `t0` ON `t`.`ID` = `t0`.`UsuarioId`
LEFT JOIN `RefreshToken` AS `r0` ON `t`.`ID` = `r0`.`UsuarioId`
ORDER BY `t`.`ID`, `t0`.`UsuarioId`, `t0`.`RolId`, `t0`.`ID`
[2023-10-26 21:38:44.031 -06:00 INF] Executing OkObjectResult, writing value of type '<>f__AnonymousType2`3[[System.String, System.Private.CoreLib, Version=6.0.0.0, Culture=neutral, PublicKeyToken=7cec85d7bea7798e],[System.Boolean, System.Private.CoreLib, Version=6.0.0.0, Culture=neutral, PublicKeyToken=7cec85d7bea7798e],[API.Dtos.DatosUsuarioDto, API, Version=1.0.0.0, Culture=neutral, PublicKeyToken=null]]'.
[2023-10-26 21:38:44.051 -06:00 INF] Executed action API.Controllers.UsuarioController.GetTokenAsync (API) in 309.6582ms
[2023-10-26 21:38:44.051 -06:00 INF] Executed endpoint 'API.Controllers.UsuarioController.GetTokenAsync (API)'
[2023-10-26 21:38:44.052 -06:00 INF] Request finished HTTP/1.1 POST http://192.168.108.1:5000/api/usuario/token application/json 44 - 200 - application/json;+charset=utf-8 314.5793ms
[2023-10-26 21:40:48.160 -06:00 INF] Application is shutting down...
[2023-10-26 22:26:40.679 -06:00 INF] Entity Framework Core 6.0.4 initialized 'InventarioContext' using provider 'Pomelo.EntityFrameworkCore.MySql:6.0.1' with options: ServerVersion 8.0.28-mysql 
[2023-10-26 22:26:41.010 -06:00 ERR] An error occurred using the connection to database '' on server '127.0.0.1'.
[2023-10-26 22:26:41.136 -06:00 ERR] Ocurrio un error durante la migración
System.InvalidOperationException: An exception has been raised that is likely due to a transient failure. Consider enabling transient error resiliency by adding 'EnableRetryOnFailure()' to the 'UseMySql' call.
 ---> MySqlConnector.MySqlException (0x80004005): Couldn't connect to server
 ---> System.IO.EndOfStreamException: Expected to read 4 header bytes but only received 0.
   at MySqlConnector.Protocol.Serialization.ProtocolUtility.<DoReadPayloadAsync>g__AddContinuation|5_0(ValueTask`1 readPacketTask, BufferedByteReader bufferedByteReader, IByteHandler byteHandler, Func`1 getNextSequenceNumber, ArraySegmentHolder`1 previousPayloads, ProtocolErrorBehavior protocolErrorBehavior, IOBehavior ioBehavior) in /_/src/MySqlConnector/Protocol/Serialization/ProtocolUtility.cs:line 476
   at MySqlConnector.Core.ServerSession.ReceiveReplyAsyncAwaited(ValueTask`1 task) in /_/src/MySqlConnector/Core/ServerSession.cs:line 943
   at MySqlConnector.Core.ServerSession.ConnectAsync(ConnectionSettings cs, MySqlConnection connection, Int32 startTickCount, ILoadBalancer loadBalancer, IOBehavior ioBehavior, CancellationToken cancellationToken) in /_/src/MySqlConnector/Core/ServerSession.cs:line 441
   at MySqlConnector.Core.ServerSession.ConnectAsync(ConnectionSettings cs, MySqlConnection connection, Int32 startTickCount, ILoadBalancer loadBalancer, IOBehavior ioBehavior, CancellationToken cancellationToken) in /_/src/MySqlConnector/Core/ServerSession.cs:line 583
   at MySqlConnector.MySqlConnection.CreateSessionAsync(ConnectionPool pool, Int32 startTickCount, Nullable`1 ioBehavior, CancellationToken cancellationToken) in /_/src/MySqlConnector/MySqlConnection.cs:line 926
   at MySqlConnector.MySqlConnection.OpenAsync(Nullable`1 ioBehavior, CancellationToken cancellationToken) in /_/src/MySqlConnector/MySqlConnection.cs:line 406
   at Microsoft.EntityFrameworkCore.Storage.RelationalConnection.OpenInternalAsync(Boolean errorsExpected, CancellationToken cancellationToken)
   at Microsoft.EntityFrameworkCore.Storage.RelationalConnection.OpenInternalAsync(Boolean errorsExpected, CancellationToken cancellationToken)
   at Microsoft.EntityFrameworkCore.Storage.RelationalConnection.OpenAsync(CancellationToken cancellationToken, Boolean errorsExpected)
   at Pomelo.EntityFrameworkCore.MySql.Storage.Internal.MySqlRelationalConnection.OpenAsync(CancellationToken cancellationToken, Boolean errorsExpected)
   at Pomelo.EntityFrameworkCore.MySql.Storage.Internal.MySqlDatabaseCreator.<>c__DisplayClass20_0.<<ExistsAsync>b__0>d.MoveNext()
--- End of stack trace from previous location ---
   at Pomelo.EntityFrameworkCore.MySql.Storage.Internal.MySqlDatabaseCreator.<>c__DisplayClass20_0.<<ExistsAsync>b__0>d.MoveNext()
--- End of stack trace from previous location ---
   at Pomelo.EntityFrameworkCore.MySql.Storage.Internal.MySqlDatabaseCreator.<>c__DisplayClass20_0.<<ExistsAsync>b__0>d.MoveNext()
--- End of stack trace from previous location ---
   at Pomelo.EntityFrameworkCore.MySql.Storage.Internal.MySqlExecutionStrategy.ExecuteAsync[TState,TResult](TState state, Func`4 operation, Func`4 verifySucceeded, CancellationToken cancellationToken)
   --- End of inner exception stack trace ---
   at Pomelo.EntityFrameworkCore.MySql.Storage.Internal.MySqlExecutionStrategy.ExecuteAsync[TState,TResult](TState state, Func`4 operation, Func`4 verifySucceeded, CancellationToken cancellationToken)
   at Microsoft.EntityFrameworkCore.Migrations.HistoryRepository.ExistsAsync(CancellationToken cancellationToken)
   at Microsoft.EntityFrameworkCore.Migrations.Internal.Migrator.MigrateAsync(String targetMigration, CancellationToken cancellationToken)
   at Program.<Main>$(String[] args) in D:\10CUATRIMESTRE\HECTOR\Backend\inventario\API\Program.cs:line 76
[2023-10-26 22:26:41.407 -06:00 INF] User profile is available. Using 'C:\Users\Rodrigo Tellez\AppData\Local\ASP.NET\DataProtection-Keys' as key repository and Windows DPAPI to encrypt keys at rest.
[2023-10-26 22:26:41.700 -06:00 INF] Now listening on: https://192.168.108.1:5001
[2023-10-26 22:26:41.700 -06:00 INF] Now listening on: http://192.168.108.1:5000
[2023-10-26 22:26:41.700 -06:00 INF] Application started. Press Ctrl+C to shut down.
[2023-10-26 22:26:41.700 -06:00 INF] Hosting environment: Development
[2023-10-26 22:26:41.700 -06:00 INF] Content root path: D:\10CUATRIMESTRE\HECTOR\Backend\inventario\API\
[2023-10-26 22:26:42.744 -06:00 INF] Application is shutting down...
[2023-10-26 22:26:51.493 -06:00 INF] Entity Framework Core 6.0.4 initialized 'InventarioContext' using provider 'Pomelo.EntityFrameworkCore.MySql:6.0.1' with options: ServerVersion 8.0.28-mysql 
[2023-10-26 22:26:52.038 -06:00 INF] Executed DbCommand (24ms) [Parameters=[], CommandType='"Text"', CommandTimeout='30']
SELECT 1 FROM INFORMATION_SCHEMA.TABLES WHERE TABLE_SCHEMA='inventarioRopa' AND TABLE_NAME='__EFMigrationsHistory';
[2023-10-26 22:26:52.078 -06:00 INF] Executed DbCommand (3ms) [Parameters=[], CommandType='"Text"', CommandTimeout='30']
SELECT 1 FROM INFORMATION_SCHEMA.TABLES WHERE TABLE_SCHEMA='inventarioRopa' AND TABLE_NAME='__EFMigrationsHistory';
[2023-10-26 22:26:52.190 -06:00 INF] Executed DbCommand (76ms) [Parameters=[], CommandType='"Text"', CommandTimeout='30']
SELECT `MigrationId`, `ProductVersion`
FROM `__EFMigrationsHistory`
ORDER BY `MigrationId`;
[2023-10-26 22:26:52.218 -06:00 INF] No migrations were applied. The database is already up to date.
[2023-10-26 22:26:52.505 -06:00 INF] Executed DbCommand (6ms) [Parameters=[], CommandType='"Text"', CommandTimeout='30']
SELECT EXISTS (
    SELECT 1
    FROM `Rol` AS `r`)
[2023-10-26 22:26:52.653 -06:00 INF] User profile is available. Using 'C:\Users\Rodrigo Tellez\AppData\Local\ASP.NET\DataProtection-Keys' as key repository and Windows DPAPI to encrypt keys at rest.
[2023-10-26 22:26:52.730 -06:00 INF] Now listening on: https://192.168.108.1:5001
[2023-10-26 22:26:52.730 -06:00 INF] Now listening on: http://192.168.108.1:5000
[2023-10-26 22:26:52.735 -06:00 INF] Application started. Press Ctrl+C to shut down.
[2023-10-26 22:26:52.735 -06:00 INF] Hosting environment: Development
[2023-10-26 22:26:52.735 -06:00 INF] Content root path: D:\10CUATRIMESTRE\HECTOR\Backend\inventario\API\
[2023-10-26 22:26:55.904 -06:00 INF] Request starting HTTP/1.1 POST http://192.168.108.1:5000/api/usuario/token application/json 58
[2023-10-26 22:26:56.212 -06:00 INF] Failed to validate the token.
Microsoft.IdentityModel.Tokens.SecurityTokenExpiredException: IDX10223: Lifetime validation failed. The token is expired. ValidTo: '27/10/2023 04:05:02 a. m.', Current time: '27/10/2023 04:26:56 a. m.'.
   at Microsoft.IdentityModel.Tokens.Validators.ValidateLifetime(Nullable`1 notBefore, Nullable`1 expires, SecurityToken securityToken, TokenValidationParameters validationParameters)
   at System.IdentityModel.Tokens.Jwt.JwtSecurityTokenHandler.ValidateLifetime(Nullable`1 notBefore, Nullable`1 expires, JwtSecurityToken jwtToken, TokenValidationParameters validationParameters)
   at System.IdentityModel.Tokens.Jwt.JwtSecurityTokenHandler.ValidateTokenPayload(JwtSecurityToken jwtToken, TokenValidationParameters validationParameters, BaseConfiguration configuration)
   at System.IdentityModel.Tokens.Jwt.JwtSecurityTokenHandler.ValidateJWS(String token, TokenValidationParameters validationParameters, BaseConfiguration currentConfiguration, SecurityToken& signatureValidatedToken, ExceptionDispatchInfo& exceptionThrown)
--- End of stack trace from previous location ---
   at System.IdentityModel.Tokens.Jwt.JwtSecurityTokenHandler.ValidateToken(String token, JwtSecurityToken outerToken, TokenValidationParameters validationParameters, SecurityToken& signatureValidatedToken)
   at System.IdentityModel.Tokens.Jwt.JwtSecurityTokenHandler.ValidateToken(String token, TokenValidationParameters validationParameters, SecurityToken& validatedToken)
   at Microsoft.AspNetCore.Authentication.JwtBearer.JwtBearerHandler.HandleAuthenticateAsync()
[2023-10-26 22:26:56.231 -06:00 INF] Bearer was not authenticated. Failure message: IDX10223: Lifetime validation failed. The token is expired. ValidTo: '27/10/2023 04:05:02 a. m.', Current time: '27/10/2023 04:26:56 a. m.'.
[2023-10-26 22:26:56.237 -06:00 INF] Executing endpoint 'API.Controllers.UsuarioController.GetTokenAsync (API)'
[2023-10-26 22:26:56.273 -06:00 INF] Route matched with {action = "GetToken", controller = "Usuario"}. Executing controller action with signature System.Threading.Tasks.Task`1[Microsoft.AspNetCore.Mvc.IActionResult] GetTokenAsync(API.Dtos.LoginDto) on controller API.Controllers.UsuarioController (API).
[2023-10-26 22:26:56.471 -06:00 INF] Entity Framework Core 6.0.4 initialized 'InventarioContext' using provider 'Pomelo.EntityFrameworkCore.MySql:6.0.1' with options: ServerVersion 8.0.28-mysql 
[2023-10-26 22:26:56.805 -06:00 WRN] Compiling a query which loads related collections for more than one collection navigation, either via 'Include' or through projection, but no 'QuerySplittingBehavior' has been configured. By default, Entity Framework will use 'QuerySplittingBehavior.SingleQuery', which can potentially result in slow query performance. See https://go.microsoft.com/fwlink/?linkid=2134277 for more information. To identify the query that's triggering this warning call 'ConfigureWarnings(w => w.Throw(RelationalEventId.MultipleCollectionIncludeWarning))'.
[2023-10-26 22:26:56.920 -06:00 INF] Executed DbCommand (45ms) [Parameters=[@__ToLower_0='?' (Size = 255)], CommandType='"Text"', CommandTimeout='30']
SELECT `t`.`ID`, `t`.`Apellido`, `t`.`CorreoElectronico`, `t`.`Nom_user`, `t`.`Password`, `t0`.`UsuarioId`, `t0`.`RolId`, `t0`.`ID`, `t0`.`Nombre`, `r0`.`ID`, `r0`.`Created`, `r0`.`Expires`, `r0`.`Revoked`, `r0`.`Token`, `r0`.`UsuarioId`
FROM (
    SELECT `u`.`ID`, `u`.`Apellido`, `u`.`CorreoElectronico`, `u`.`Nom_user`, `u`.`Password`
    FROM `Usuario` AS `u`
    WHERE LOWER(`u`.`Nom_user`) = @__ToLower_0
    LIMIT 1
) AS `t`
LEFT JOIN (
    SELECT `u0`.`UsuarioId`, `u0`.`RolId`, `r`.`ID`, `r`.`Nombre`
    FROM `UsuarioRoles` AS `u0`
    INNER JOIN `Rol` AS `r` ON `u0`.`RolId` = `r`.`ID`
) AS `t0` ON `t`.`ID` = `t0`.`UsuarioId`
LEFT JOIN `RefreshToken` AS `r0` ON `t`.`ID` = `r0`.`UsuarioId`
ORDER BY `t`.`ID`, `t0`.`UsuarioId`, `t0`.`RolId`, `t0`.`ID`
[2023-10-26 22:26:57.304 -06:00 INF] Executed DbCommand (6ms) [Parameters=[@p0='?' (DbType = DateTime), @p1='?' (DbType = DateTime), @p2='?' (DbType = DateTime), @p3='?' (Size = 4000), @p4='?' (DbType = Int32)], CommandType='"Text"', CommandTimeout='30']
INSERT INTO `RefreshToken` (`Created`, `Expires`, `Revoked`, `Token`, `UsuarioId`)
VALUES (@p0, @p1, @p2, @p3, @p4);
SELECT `ID`
FROM `RefreshToken`
WHERE ROW_COUNT() = 1 AND `ID` = LAST_INSERT_ID();
[2023-10-26 22:26:57.344 -06:00 INF] Executed DbCommand (3ms) [Parameters=[@p4='?' (DbType = Int32), @p0='?' (Size = 255), @p1='?' (Size = 255), @p2='?' (Size = 255), @p3='?' (Size = 255)], CommandType='"Text"', CommandTimeout='30']
UPDATE `Usuario` SET `Apellido` = @p0, `CorreoElectronico` = @p1, `Nom_user` = @p2, `Password` = @p3
WHERE `ID` = @p4;
SELECT ROW_COUNT();
[2023-10-26 22:26:57.392 -06:00 INF] Executing OkObjectResult, writing value of type '<>f__AnonymousType2`3[[System.String, System.Private.CoreLib, Version=6.0.0.0, Culture=neutral, PublicKeyToken=7cec85d7bea7798e],[System.Boolean, System.Private.CoreLib, Version=6.0.0.0, Culture=neutral, PublicKeyToken=7cec85d7bea7798e],[API.Dtos.DatosUsuarioDto, API, Version=1.0.0.0, Culture=neutral, PublicKeyToken=null]]'.
[2023-10-26 22:26:57.435 -06:00 INF] Executed action API.Controllers.UsuarioController.GetTokenAsync (API) in 1154.2491ms
[2023-10-26 22:26:57.436 -06:00 INF] Executed endpoint 'API.Controllers.UsuarioController.GetTokenAsync (API)'
[2023-10-26 22:26:57.444 -06:00 INF] Request finished HTTP/1.1 POST http://192.168.108.1:5000/api/usuario/token application/json 58 - 200 - application/json;+charset=utf-8 1544.5320ms
[2023-10-26 22:52:49.461 -06:00 INF] Application is shutting down...
[2023-10-26 22:53:01.716 -06:00 INF] Entity Framework Core 6.0.4 initialized 'InventarioContext' using provider 'Pomelo.EntityFrameworkCore.MySql:6.0.1' with options: ServerVersion 8.0.28-mysql 
[2023-10-26 22:53:02.280 -06:00 INF] Executed DbCommand (35ms) [Parameters=[], CommandType='"Text"', CommandTimeout='30']
SELECT 1 FROM INFORMATION_SCHEMA.TABLES WHERE TABLE_SCHEMA='inventarioRopa' AND TABLE_NAME='__EFMigrationsHistory';
[2023-10-26 22:53:02.334 -06:00 INF] Executed DbCommand (4ms) [Parameters=[], CommandType='"Text"', CommandTimeout='30']
SELECT 1 FROM INFORMATION_SCHEMA.TABLES WHERE TABLE_SCHEMA='inventarioRopa' AND TABLE_NAME='__EFMigrationsHistory';
[2023-10-26 22:53:02.392 -06:00 INF] Executed DbCommand (11ms) [Parameters=[], CommandType='"Text"', CommandTimeout='30']
SELECT `MigrationId`, `ProductVersion`
FROM `__EFMigrationsHistory`
ORDER BY `MigrationId`;
[2023-10-26 22:53:02.427 -06:00 INF] No migrations were applied. The database is already up to date.
[2023-10-26 22:53:02.723 -06:00 INF] Executed DbCommand (3ms) [Parameters=[], CommandType='"Text"', CommandTimeout='30']
SELECT EXISTS (
    SELECT 1
    FROM `Rol` AS `r`)
[2023-10-26 22:53:02.912 -06:00 INF] User profile is available. Using 'C:\Users\Rodrigo Tellez\AppData\Local\ASP.NET\DataProtection-Keys' as key repository and Windows DPAPI to encrypt keys at rest.
[2023-10-26 22:53:03.073 -06:00 INF] Now listening on: https://192.168.108.1:5001
[2023-10-26 22:53:03.073 -06:00 INF] Now listening on: http://192.168.108.1:5000
[2023-10-26 22:53:03.080 -06:00 INF] Application started. Press Ctrl+C to shut down.
[2023-10-26 22:53:03.080 -06:00 INF] Hosting environment: Development
[2023-10-26 22:53:03.080 -06:00 INF] Content root path: D:\10CUATRIMESTRE\HECTOR\Backend\inventario\API\
[2023-10-26 22:55:32.387 -06:00 INF] Request starting HTTP/1.1 POST http://192.168.108.1:5000/api/usuario/token application/json 44
[2023-10-26 22:55:32.641 -06:00 INF] Executing endpoint 'API.Controllers.UsuarioController.GetTokenAsync (API)'
[2023-10-26 22:55:32.676 -06:00 INF] Route matched with {action = "GetToken", controller = "Usuario"}. Executing controller action with signature System.Threading.Tasks.Task`1[Microsoft.AspNetCore.Mvc.IActionResult] GetTokenAsync(API.Dtos.LoginDto) on controller API.Controllers.UsuarioController (API).
[2023-10-26 22:55:32.896 -06:00 INF] Entity Framework Core 6.0.4 initialized 'InventarioContext' using provider 'Pomelo.EntityFrameworkCore.MySql:6.0.1' with options: ServerVersion 8.0.28-mysql 
[2023-10-26 22:55:33.235 -06:00 WRN] Compiling a query which loads related collections for more than one collection navigation, either via 'Include' or through projection, but no 'QuerySplittingBehavior' has been configured. By default, Entity Framework will use 'QuerySplittingBehavior.SingleQuery', which can potentially result in slow query performance. See https://go.microsoft.com/fwlink/?linkid=2134277 for more information. To identify the query that's triggering this warning call 'ConfigureWarnings(w => w.Throw(RelationalEventId.MultipleCollectionIncludeWarning))'.
[2023-10-26 22:55:33.544 -06:00 INF] Executed DbCommand (229ms) [Parameters=[@__ToLower_0='?' (Size = 255)], CommandType='"Text"', CommandTimeout='30']
SELECT `t`.`ID`, `t`.`Apellido`, `t`.`CorreoElectronico`, `t`.`Nom_user`, `t`.`Password`, `t0`.`UsuarioId`, `t0`.`RolId`, `t0`.`ID`, `t0`.`Nombre`, `r0`.`ID`, `r0`.`Created`, `r0`.`Expires`, `r0`.`Revoked`, `r0`.`Token`, `r0`.`UsuarioId`
FROM (
    SELECT `u`.`ID`, `u`.`Apellido`, `u`.`CorreoElectronico`, `u`.`Nom_user`, `u`.`Password`
    FROM `Usuario` AS `u`
    WHERE LOWER(`u`.`Nom_user`) = @__ToLower_0
    LIMIT 1
) AS `t`
LEFT JOIN (
    SELECT `u0`.`UsuarioId`, `u0`.`RolId`, `r`.`ID`, `r`.`Nombre`
    FROM `UsuarioRoles` AS `u0`
    INNER JOIN `Rol` AS `r` ON `u0`.`RolId` = `r`.`ID`
) AS `t0` ON `t`.`ID` = `t0`.`UsuarioId`
LEFT JOIN `RefreshToken` AS `r0` ON `t`.`ID` = `r0`.`UsuarioId`
ORDER BY `t`.`ID`, `t0`.`UsuarioId`, `t0`.`RolId`, `t0`.`ID`
[2023-10-26 22:55:33.853 -06:00 INF] Executing OkObjectResult, writing value of type '<>f__AnonymousType2`3[[System.String, System.Private.CoreLib, Version=6.0.0.0, Culture=neutral, PublicKeyToken=7cec85d7bea7798e],[System.Boolean, System.Private.CoreLib, Version=6.0.0.0, Culture=neutral, PublicKeyToken=7cec85d7bea7798e],[API.Dtos.DatosUsuarioDto, API, Version=1.0.0.0, Culture=neutral, PublicKeyToken=null]]'.
[2023-10-26 22:55:33.892 -06:00 INF] Executed action API.Controllers.UsuarioController.GetTokenAsync (API) in 1209.1737ms
[2023-10-26 22:55:33.892 -06:00 INF] Executed endpoint 'API.Controllers.UsuarioController.GetTokenAsync (API)'
[2023-10-26 22:55:33.897 -06:00 INF] Request finished HTTP/1.1 POST http://192.168.108.1:5000/api/usuario/token application/json 44 - 200 - application/json;+charset=utf-8 1515.4391ms
[2023-10-26 23:01:14.925 -06:00 INF] Application is shutting down...
