[2023-11-14 00:33:37.278 -06:00 INF] User profile is available. Using 'C:\Users\Rodrigo Tellez\AppData\Local\ASP.NET\DataProtection-Keys' as key repository and Windows DPAPI to encrypt keys at rest.
[2023-11-14 00:33:37.517 -06:00 INF] Now listening on: https://localhost:5001
[2023-11-14 00:33:37.518 -06:00 INF] Now listening on: http://localhost:5000
[2023-11-14 00:33:37.528 -06:00 INF] Application started. Press Ctrl+C to shut down.
[2023-11-14 00:33:37.529 -06:00 INF] Hosting environment: Development
[2023-11-14 00:33:37.529 -06:00 INF] Content root path: D:\10CUATRIMESTRE\HECTOR\Backend\inventario\API\
[2023-11-14 00:33:42.013 -06:00 INF] Request starting HTTP/1.1 POST http://localhost:5000/api/usuario/token application/json 58
[2023-11-14 00:33:42.382 -06:00 INF] Failed to validate the token.
Microsoft.IdentityModel.Tokens.SecurityTokenExpiredException: IDX10223: Lifetime validation failed. The token is expired. ValidTo: '14/11/2023 06:13:53 a. m.', Current time: '14/11/2023 06:33:42 a. m.'.
   at Microsoft.IdentityModel.Tokens.Validators.ValidateLifetime(Nullable`1 notBefore, Nullable`1 expires, SecurityToken securityToken, TokenValidationParameters validationParameters)
   at System.IdentityModel.Tokens.Jwt.JwtSecurityTokenHandler.ValidateLifetime(Nullable`1 notBefore, Nullable`1 expires, JwtSecurityToken jwtToken, TokenValidationParameters validationParameters)
   at System.IdentityModel.Tokens.Jwt.JwtSecurityTokenHandler.ValidateTokenPayload(JwtSecurityToken jwtToken, TokenValidationParameters validationParameters, BaseConfiguration configuration)
   at System.IdentityModel.Tokens.Jwt.JwtSecurityTokenHandler.ValidateJWS(String token, TokenValidationParameters validationParameters, BaseConfiguration currentConfiguration, SecurityToken& signatureValidatedToken, ExceptionDispatchInfo& exceptionThrown)
--- End of stack trace from previous location ---
   at System.IdentityModel.Tokens.Jwt.JwtSecurityTokenHandler.ValidateToken(String token, JwtSecurityToken outerToken, TokenValidationParameters validationParameters, SecurityToken& signatureValidatedToken)
   at System.IdentityModel.Tokens.Jwt.JwtSecurityTokenHandler.ValidateToken(String token, TokenValidationParameters validationParameters, SecurityToken& validatedToken)
   at Microsoft.AspNetCore.Authentication.JwtBearer.JwtBearerHandler.HandleAuthenticateAsync()
[2023-11-14 00:33:42.402 -06:00 INF] Bearer was not authenticated. Failure message: IDX10223: Lifetime validation failed. The token is expired. ValidTo: '14/11/2023 06:13:53 a. m.', Current time: '14/11/2023 06:33:42 a. m.'.
[2023-11-14 00:33:42.406 -06:00 INF] Executing endpoint 'API.Controllers.UsuarioController.GetTokenAsync (API)'
[2023-11-14 00:33:42.439 -06:00 INF] Route matched with {action = "GetToken", controller = "Usuario"}. Executing controller action with signature System.Threading.Tasks.Task`1[Microsoft.AspNetCore.Mvc.IActionResult] GetTokenAsync(API.Dtos.LoginDto) on controller API.Controllers.UsuarioController (API).
[2023-11-14 00:33:44.122 -06:00 INF] Entity Framework Core 6.0.4 initialized 'InventarioContext' using provider 'Pomelo.EntityFrameworkCore.MySql:6.0.1' with options: ServerVersion 8.0-mysql 
[2023-11-14 00:33:44.726 -06:00 WRN] Compiling a query which loads related collections for more than one collection navigation, either via 'Include' or through projection, but no 'QuerySplittingBehavior' has been configured. By default, Entity Framework will use 'QuerySplittingBehavior.SingleQuery', which can potentially result in slow query performance. See https://go.microsoft.com/fwlink/?linkid=2134277 for more information. To identify the query that's triggering this warning call 'ConfigureWarnings(w => w.Throw(RelationalEventId.MultipleCollectionIncludeWarning))'.
[2023-11-14 00:33:53.370 -06:00 INF] Executed DbCommand (1,000ms) [Parameters=[@__ToLower_0='?' (Size = 255)], CommandType='"Text"', CommandTimeout='30']
SELECT `t`.`ID`, `t`.`Apellido`, `t`.`CorreoElectronico`, `t`.`Nom_user`, `t`.`Password`, `t`.`Permiso`, `t0`.`UsuarioId`, `t0`.`RolId`, `t0`.`ID`, `t0`.`Nombre`, `r0`.`ID`, `r0`.`Created`, `r0`.`Expires`, `r0`.`Revoked`, `r0`.`Token`, `r0`.`UsuarioId`
FROM (
    SELECT `u`.`ID`, `u`.`Apellido`, `u`.`CorreoElectronico`, `u`.`Nom_user`, `u`.`Password`, `u`.`Permiso`
    FROM `Usuario` AS `u`
    WHERE LOWER(`u`.`Nom_user`) = @__ToLower_0
    LIMIT 1
) AS `t`
LEFT JOIN (
    SELECT `u0`.`UsuarioId`, `u0`.`RolId`, `r`.`ID`, `r`.`Nombre`
    FROM `UsuarioRoles` AS `u0`
    INNER JOIN `Rol` AS `r` ON `u0`.`RolId` = `r`.`ID`
) AS `t0` ON `t`.`ID` = `t0`.`UsuarioId`
LEFT JOIN `RefreshToken` AS `r0` ON `t`.`ID` = `r0`.`UsuarioId`
ORDER BY `t`.`ID`, `t0`.`UsuarioId`, `t0`.`RolId`, `t0`.`ID`
[2023-11-14 00:33:53.771 -06:00 INF] Executing OkObjectResult, writing value of type '<>f__AnonymousType4`3[[System.String, System.Private.CoreLib, Version=6.0.0.0, Culture=neutral, PublicKeyToken=7cec85d7bea7798e],[System.Boolean, System.Private.CoreLib, Version=6.0.0.0, Culture=neutral, PublicKeyToken=7cec85d7bea7798e],[API.Dtos.DatosUsuarioDto, API, Version=1.0.0.0, Culture=neutral, PublicKeyToken=null]]'.
[2023-11-14 00:33:53.821 -06:00 INF] Executed action API.Controllers.UsuarioController.GetTokenAsync (API) in 11365.4834ms
[2023-11-14 00:33:53.822 -06:00 INF] Executed endpoint 'API.Controllers.UsuarioController.GetTokenAsync (API)'
[2023-11-14 00:33:53.831 -06:00 INF] Request finished HTTP/1.1 POST http://localhost:5000/api/usuario/token application/json 58 - 200 - application/json;+charset=utf-8 11823.1047ms
[2023-11-14 17:34:04.739 -06:00 INF] User profile is available. Using 'C:\Users\Rodrigo Tellez\AppData\Local\ASP.NET\DataProtection-Keys' as key repository and Windows DPAPI to encrypt keys at rest.
[2023-11-14 17:34:05.075 -06:00 INF] Now listening on: https://localhost:5001
[2023-11-14 17:34:05.075 -06:00 INF] Now listening on: http://localhost:5000
[2023-11-14 17:34:05.085 -06:00 INF] Application started. Press Ctrl+C to shut down.
[2023-11-14 17:34:05.085 -06:00 INF] Hosting environment: Development
[2023-11-14 17:34:05.086 -06:00 INF] Content root path: D:\10CUATRIMESTRE\HECTOR\Backend\inventario\API\
[2023-11-14 17:34:31.855 -06:00 INF] Request starting HTTP/1.1 POST http://localhost:5000/api/usuario/token application/json 58
[2023-11-14 17:34:32.556 -06:00 INF] Failed to validate the token.
Microsoft.IdentityModel.Tokens.SecurityTokenExpiredException: IDX10223: Lifetime validation failed. The token is expired. ValidTo: '14/11/2023 07:03:53 a. m.', Current time: '14/11/2023 11:34:32 p. m.'.
   at Microsoft.IdentityModel.Tokens.Validators.ValidateLifetime(Nullable`1 notBefore, Nullable`1 expires, SecurityToken securityToken, TokenValidationParameters validationParameters)
   at System.IdentityModel.Tokens.Jwt.JwtSecurityTokenHandler.ValidateLifetime(Nullable`1 notBefore, Nullable`1 expires, JwtSecurityToken jwtToken, TokenValidationParameters validationParameters)
   at System.IdentityModel.Tokens.Jwt.JwtSecurityTokenHandler.ValidateTokenPayload(JwtSecurityToken jwtToken, TokenValidationParameters validationParameters, BaseConfiguration configuration)
   at System.IdentityModel.Tokens.Jwt.JwtSecurityTokenHandler.ValidateJWS(String token, TokenValidationParameters validationParameters, BaseConfiguration currentConfiguration, SecurityToken& signatureValidatedToken, ExceptionDispatchInfo& exceptionThrown)
--- End of stack trace from previous location ---
   at System.IdentityModel.Tokens.Jwt.JwtSecurityTokenHandler.ValidateToken(String token, JwtSecurityToken outerToken, TokenValidationParameters validationParameters, SecurityToken& signatureValidatedToken)
   at System.IdentityModel.Tokens.Jwt.JwtSecurityTokenHandler.ValidateToken(String token, TokenValidationParameters validationParameters, SecurityToken& validatedToken)
   at Microsoft.AspNetCore.Authentication.JwtBearer.JwtBearerHandler.HandleAuthenticateAsync()
[2023-11-14 17:34:32.611 -06:00 INF] Bearer was not authenticated. Failure message: IDX10223: Lifetime validation failed. The token is expired. ValidTo: '14/11/2023 07:03:53 a. m.', Current time: '14/11/2023 11:34:32 p. m.'.
[2023-11-14 17:34:32.618 -06:00 INF] Executing endpoint 'API.Controllers.UsuarioController.GetTokenAsync (API)'
[2023-11-14 17:34:32.677 -06:00 INF] Route matched with {action = "GetToken", controller = "Usuario"}. Executing controller action with signature System.Threading.Tasks.Task`1[Microsoft.AspNetCore.Mvc.IActionResult] GetTokenAsync(API.Dtos.LoginDto) on controller API.Controllers.UsuarioController (API).
[2023-11-14 17:34:35.049 -06:00 INF] Entity Framework Core 6.0.4 initialized 'InventarioContext' using provider 'Pomelo.EntityFrameworkCore.MySql:6.0.1' with options: ServerVersion 8.0-mysql 
[2023-11-14 17:34:35.814 -06:00 WRN] Compiling a query which loads related collections for more than one collection navigation, either via 'Include' or through projection, but no 'QuerySplittingBehavior' has been configured. By default, Entity Framework will use 'QuerySplittingBehavior.SingleQuery', which can potentially result in slow query performance. See https://go.microsoft.com/fwlink/?linkid=2134277 for more information. To identify the query that's triggering this warning call 'ConfigureWarnings(w => w.Throw(RelationalEventId.MultipleCollectionIncludeWarning))'.
[2023-11-14 17:34:37.280 -06:00 INF] Executed DbCommand (280ms) [Parameters=[@__ToLower_0='?' (Size = 255)], CommandType='"Text"', CommandTimeout='30']
SELECT `t`.`ID`, `t`.`Apellido`, `t`.`CorreoElectronico`, `t`.`Nom_user`, `t`.`Password`, `t`.`Permiso`, `t0`.`UsuarioId`, `t0`.`RolId`, `t0`.`ID`, `t0`.`Nombre`, `r0`.`ID`, `r0`.`Created`, `r0`.`Expires`, `r0`.`Revoked`, `r0`.`Token`, `r0`.`UsuarioId`
FROM (
    SELECT `u`.`ID`, `u`.`Apellido`, `u`.`CorreoElectronico`, `u`.`Nom_user`, `u`.`Password`, `u`.`Permiso`
    FROM `Usuario` AS `u`
    WHERE LOWER(`u`.`Nom_user`) = @__ToLower_0
    LIMIT 1
) AS `t`
LEFT JOIN (
    SELECT `u0`.`UsuarioId`, `u0`.`RolId`, `r`.`ID`, `r`.`Nombre`
    FROM `UsuarioRoles` AS `u0`
    INNER JOIN `Rol` AS `r` ON `u0`.`RolId` = `r`.`ID`
) AS `t0` ON `t`.`ID` = `t0`.`UsuarioId`
LEFT JOIN `RefreshToken` AS `r0` ON `t`.`ID` = `r0`.`UsuarioId`
ORDER BY `t`.`ID`, `t0`.`UsuarioId`, `t0`.`RolId`, `t0`.`ID`
[2023-11-14 17:34:37.529 -06:00 ERR] Error en el endpoint de login: The input is not a valid Base-64 string as it contains a non-base 64 character, more than two padding characters, or an illegal character among the padding characters.
[2023-11-14 17:34:37.536 -06:00 INF] Executing BadRequestObjectResult, writing value of type 'API.Helpers.Errors.ApiResponse'.
[2023-11-14 17:34:37.561 -06:00 INF] Executed action API.Controllers.UsuarioController.GetTokenAsync (API) in 4877.8527ms
[2023-11-14 17:34:37.562 -06:00 INF] Executed endpoint 'API.Controllers.UsuarioController.GetTokenAsync (API)'
[2023-11-14 17:34:37.569 -06:00 INF] Request finished HTTP/1.1 POST http://localhost:5000/api/usuario/token application/json 58 - 400 - application/json;+charset=utf-8 5721.1954ms
[2023-11-14 17:35:49.033 -06:00 INF] User profile is available. Using 'C:\Users\Rodrigo Tellez\AppData\Local\ASP.NET\DataProtection-Keys' as key repository and Windows DPAPI to encrypt keys at rest.
[2023-11-14 17:35:49.715 -06:00 INF] Now listening on: https://localhost:5001
[2023-11-14 17:35:49.718 -06:00 INF] Now listening on: http://localhost:5000
[2023-11-14 17:35:49.731 -06:00 INF] Application started. Press Ctrl+C to shut down.
[2023-11-14 17:35:49.734 -06:00 INF] Hosting environment: Development
[2023-11-14 17:35:49.736 -06:00 INF] Content root path: D:\10CUATRIMESTRE\HECTOR\Backend\inventario\API\
[2023-11-14 17:35:57.059 -06:00 INF] Request starting HTTP/1.1 POST http://localhost:5000/api/usuario/token application/json 58
[2023-11-14 17:35:58.083 -06:00 INF] Failed to validate the token.
Microsoft.IdentityModel.Tokens.SecurityTokenExpiredException: IDX10223: Lifetime validation failed. The token is expired. ValidTo: '14/11/2023 07:03:53 a. m.', Current time: '14/11/2023 11:35:58 p. m.'.
   at Microsoft.IdentityModel.Tokens.Validators.ValidateLifetime(Nullable`1 notBefore, Nullable`1 expires, SecurityToken securityToken, TokenValidationParameters validationParameters)
   at System.IdentityModel.Tokens.Jwt.JwtSecurityTokenHandler.ValidateTokenPayload(JwtSecurityToken jwtToken, TokenValidationParameters validationParameters, BaseConfiguration configuration)
   at System.IdentityModel.Tokens.Jwt.JwtSecurityTokenHandler.ValidateJWS(String token, TokenValidationParameters validationParameters, BaseConfiguration currentConfiguration, SecurityToken& signatureValidatedToken, ExceptionDispatchInfo& exceptionThrown)
--- End of stack trace from previous location ---
   at System.IdentityModel.Tokens.Jwt.JwtSecurityTokenHandler.ValidateToken(String token, JwtSecurityToken outerToken, TokenValidationParameters validationParameters, SecurityToken& signatureValidatedToken)
   at System.IdentityModel.Tokens.Jwt.JwtSecurityTokenHandler.ValidateToken(String token, TokenValidationParameters validationParameters, SecurityToken& validatedToken)
   at Microsoft.AspNetCore.Authentication.JwtBearer.JwtBearerHandler.HandleAuthenticateAsync()
[2023-11-14 17:35:58.163 -06:00 INF] Bearer was not authenticated. Failure message: IDX10223: Lifetime validation failed. The token is expired. ValidTo: '14/11/2023 07:03:53 a. m.', Current time: '14/11/2023 11:35:58 p. m.'.
[2023-11-14 17:35:58.173 -06:00 INF] Executing endpoint 'API.Controllers.UsuarioController.GetTokenAsync (API)'
[2023-11-14 17:35:58.225 -06:00 INF] Route matched with {action = "GetToken", controller = "Usuario"}. Executing controller action with signature System.Threading.Tasks.Task`1[Microsoft.AspNetCore.Mvc.IActionResult] GetTokenAsync(API.Dtos.LoginDto) on controller API.Controllers.UsuarioController (API).
[2023-11-14 17:36:18.045 -06:00 INF] Entity Framework Core 6.0.4 initialized 'InventarioContext' using provider 'Pomelo.EntityFrameworkCore.MySql:6.0.1' with options: ServerVersion 8.0-mysql 
[2023-11-14 17:36:19.458 -06:00 WRN] Compiling a query which loads related collections for more than one collection navigation, either via 'Include' or through projection, but no 'QuerySplittingBehavior' has been configured. By default, Entity Framework will use 'QuerySplittingBehavior.SingleQuery', which can potentially result in slow query performance. See https://go.microsoft.com/fwlink/?linkid=2134277 for more information. To identify the query that's triggering this warning call 'ConfigureWarnings(w => w.Throw(RelationalEventId.MultipleCollectionIncludeWarning))'.
[2023-11-14 17:36:21.361 -06:00 INF] Executed DbCommand (290ms) [Parameters=[@__ToLower_0='?' (Size = 255)], CommandType='"Text"', CommandTimeout='30']
SELECT `t`.`ID`, `t`.`Apellido`, `t`.`CorreoElectronico`, `t`.`Nom_user`, `t`.`Password`, `t`.`Permiso`, `t0`.`UsuarioId`, `t0`.`RolId`, `t0`.`ID`, `t0`.`Nombre`, `r0`.`ID`, `r0`.`Created`, `r0`.`Expires`, `r0`.`Revoked`, `r0`.`Token`, `r0`.`UsuarioId`
FROM (
    SELECT `u`.`ID`, `u`.`Apellido`, `u`.`CorreoElectronico`, `u`.`Nom_user`, `u`.`Password`, `u`.`Permiso`
    FROM `Usuario` AS `u`
    WHERE LOWER(`u`.`Nom_user`) = @__ToLower_0
    LIMIT 1
) AS `t`
LEFT JOIN (
    SELECT `u0`.`UsuarioId`, `u0`.`RolId`, `r`.`ID`, `r`.`Nombre`
    FROM `UsuarioRoles` AS `u0`
    INNER JOIN `Rol` AS `r` ON `u0`.`RolId` = `r`.`ID`
) AS `t0` ON `t`.`ID` = `t0`.`UsuarioId`
LEFT JOIN `RefreshToken` AS `r0` ON `t`.`ID` = `r0`.`UsuarioId`
ORDER BY `t`.`ID`, `t0`.`UsuarioId`, `t0`.`RolId`, `t0`.`ID`
[2023-11-14 17:36:47.820 -06:00 ERR] Error en el endpoint de login: The input is not a valid Base-64 string as it contains a non-base 64 character, more than two padding characters, or an illegal character among the padding characters.
[2023-11-14 17:36:47.848 -06:00 INF] Executing BadRequestObjectResult, writing value of type 'API.Helpers.Errors.ApiResponse'.
[2023-11-14 17:36:47.917 -06:00 INF] Executed action API.Controllers.UsuarioController.GetTokenAsync (API) in 49673.3882ms
[2023-11-14 17:36:47.923 -06:00 INF] Executed endpoint 'API.Controllers.UsuarioController.GetTokenAsync (API)'
[2023-11-14 17:36:47.962 -06:00 INF] Request finished HTTP/1.1 POST http://localhost:5000/api/usuario/token application/json 58 - 400 - application/json;+charset=utf-8 50910.6092ms
[2023-11-14 17:41:20.808 -06:00 INF] User profile is available. Using 'C:\Users\Rodrigo Tellez\AppData\Local\ASP.NET\DataProtection-Keys' as key repository and Windows DPAPI to encrypt keys at rest.
[2023-11-14 17:41:21.065 -06:00 INF] Now listening on: https://localhost:5001
[2023-11-14 17:41:21.065 -06:00 INF] Now listening on: http://localhost:5000
[2023-11-14 17:41:21.072 -06:00 INF] Application started. Press Ctrl+C to shut down.
[2023-11-14 17:41:21.073 -06:00 INF] Hosting environment: Development
[2023-11-14 17:41:21.073 -06:00 INF] Content root path: D:\10CUATRIMESTRE\HECTOR\Backend\inventario\API\
[2023-11-14 17:41:24.383 -06:00 INF] Request starting HTTP/1.1 POST http://localhost:5000/api/usuario/token application/json 58
[2023-11-14 17:41:24.933 -06:00 INF] Failed to validate the token.
Microsoft.IdentityModel.Tokens.SecurityTokenExpiredException: IDX10223: Lifetime validation failed. The token is expired. ValidTo: '14/11/2023 07:03:53 a. m.', Current time: '14/11/2023 11:41:24 p. m.'.
   at Microsoft.IdentityModel.Tokens.Validators.ValidateLifetime(Nullable`1 notBefore, Nullable`1 expires, SecurityToken securityToken, TokenValidationParameters validationParameters)
   at System.IdentityModel.Tokens.Jwt.JwtSecurityTokenHandler.ValidateLifetime(Nullable`1 notBefore, Nullable`1 expires, JwtSecurityToken jwtToken, TokenValidationParameters validationParameters)
   at System.IdentityModel.Tokens.Jwt.JwtSecurityTokenHandler.ValidateTokenPayload(JwtSecurityToken jwtToken, TokenValidationParameters validationParameters, BaseConfiguration configuration)
   at System.IdentityModel.Tokens.Jwt.JwtSecurityTokenHandler.ValidateJWS(String token, TokenValidationParameters validationParameters, BaseConfiguration currentConfiguration, SecurityToken& signatureValidatedToken, ExceptionDispatchInfo& exceptionThrown)
--- End of stack trace from previous location ---
   at System.IdentityModel.Tokens.Jwt.JwtSecurityTokenHandler.ValidateToken(String token, JwtSecurityToken outerToken, TokenValidationParameters validationParameters, SecurityToken& signatureValidatedToken)
   at System.IdentityModel.Tokens.Jwt.JwtSecurityTokenHandler.ValidateToken(String token, TokenValidationParameters validationParameters, SecurityToken& validatedToken)
   at Microsoft.AspNetCore.Authentication.JwtBearer.JwtBearerHandler.HandleAuthenticateAsync()
[2023-11-14 17:41:24.970 -06:00 INF] Bearer was not authenticated. Failure message: IDX10223: Lifetime validation failed. The token is expired. ValidTo: '14/11/2023 07:03:53 a. m.', Current time: '14/11/2023 11:41:24 p. m.'.
[2023-11-14 17:41:24.979 -06:00 INF] Executing endpoint 'API.Controllers.UsuarioController.GetTokenAsync (API)'
[2023-11-14 17:41:25.040 -06:00 INF] Route matched with {action = "GetToken", controller = "Usuario"}. Executing controller action with signature System.Threading.Tasks.Task`1[Microsoft.AspNetCore.Mvc.IActionResult] GetTokenAsync(API.Dtos.LoginDto) on controller API.Controllers.UsuarioController (API).
[2023-11-14 17:41:27.196 -06:00 INF] Entity Framework Core 6.0.4 initialized 'InventarioContext' using provider 'Pomelo.EntityFrameworkCore.MySql:6.0.1' with options: ServerVersion 8.0-mysql 
[2023-11-14 17:41:27.832 -06:00 WRN] Compiling a query which loads related collections for more than one collection navigation, either via 'Include' or through projection, but no 'QuerySplittingBehavior' has been configured. By default, Entity Framework will use 'QuerySplittingBehavior.SingleQuery', which can potentially result in slow query performance. See https://go.microsoft.com/fwlink/?linkid=2134277 for more information. To identify the query that's triggering this warning call 'ConfigureWarnings(w => w.Throw(RelationalEventId.MultipleCollectionIncludeWarning))'.
[2023-11-14 17:41:29.124 -06:00 INF] Executed DbCommand (265ms) [Parameters=[@__ToLower_0='?' (Size = 255)], CommandType='"Text"', CommandTimeout='30']
SELECT `t`.`ID`, `t`.`Apellido`, `t`.`CorreoElectronico`, `t`.`Nom_user`, `t`.`Password`, `t`.`Permiso`, `t0`.`UsuarioId`, `t0`.`RolId`, `t0`.`ID`, `t0`.`Nombre`, `r0`.`ID`, `r0`.`Created`, `r0`.`Expires`, `r0`.`Revoked`, `r0`.`Token`, `r0`.`UsuarioId`
FROM (
    SELECT `u`.`ID`, `u`.`Apellido`, `u`.`CorreoElectronico`, `u`.`Nom_user`, `u`.`Password`, `u`.`Permiso`
    FROM `Usuario` AS `u`
    WHERE LOWER(`u`.`Nom_user`) = @__ToLower_0
    LIMIT 1
) AS `t`
LEFT JOIN (
    SELECT `u0`.`UsuarioId`, `u0`.`RolId`, `r`.`ID`, `r`.`Nombre`
    FROM `UsuarioRoles` AS `u0`
    INNER JOIN `Rol` AS `r` ON `u0`.`RolId` = `r`.`ID`
) AS `t0` ON `t`.`ID` = `t0`.`UsuarioId`
LEFT JOIN `RefreshToken` AS `r0` ON `t`.`ID` = `r0`.`UsuarioId`
ORDER BY `t`.`ID`, `t0`.`UsuarioId`, `t0`.`RolId`, `t0`.`ID`
[2023-11-14 17:41:29.515 -06:00 INF] Executing OkObjectResult, writing value of type '<>f__AnonymousType4`3[[System.String, System.Private.CoreLib, Version=6.0.0.0, Culture=neutral, PublicKeyToken=7cec85d7bea7798e],[System.Boolean, System.Private.CoreLib, Version=6.0.0.0, Culture=neutral, PublicKeyToken=7cec85d7bea7798e],[API.Dtos.DatosUsuarioDto, API, Version=1.0.0.0, Culture=neutral, PublicKeyToken=null]]'.
[2023-11-14 17:41:29.576 -06:00 INF] Executed action API.Controllers.UsuarioController.GetTokenAsync (API) in 4521.1593ms
[2023-11-14 17:41:29.577 -06:00 INF] Executed endpoint 'API.Controllers.UsuarioController.GetTokenAsync (API)'
[2023-11-14 17:41:29.593 -06:00 INF] Request finished HTTP/1.1 POST http://localhost:5000/api/usuario/token application/json 58 - 200 - application/json;+charset=utf-8 5213.4715ms
[2023-11-14 17:41:44.985 -06:00 INF] Request starting HTTP/1.1 GET http://localhost:5000/api/escasez/all?pageSize=3&pageIndex=1&search= - -
[2023-11-14 17:41:45.151 -06:00 INF] Executing endpoint 'API.Controllers.EscasezController.GetEscasez (API)'
[2023-11-14 17:41:45.161 -06:00 INF] Route matched with {action = "GetEscasez", controller = "Escasez"}. Executing controller action with signature System.Threading.Tasks.Task`1[Microsoft.AspNetCore.Mvc.ActionResult`1[API.Helpers.Pager`1[Core.Entities.Personalizadas.InformacionEscasez]]] GetEscasez(API.Helpers.Params) on controller API.Controllers.EscasezController (API).
[2023-11-14 17:41:45.265 -06:00 INF] Entity Framework Core 6.0.4 initialized 'InventarioContext' using provider 'Pomelo.EntityFrameworkCore.MySql:6.0.1' with options: ServerVersion 8.0-mysql 
[2023-11-14 17:41:46.067 -06:00 INF] Executed DbCommand (182ms) [Parameters=[], CommandType='"Text"', CommandTimeout='30']
SELECT COUNT(*)
FROM `Escasez_Producto` AS `e`
INNER JOIN `Producto` AS `p` ON `e`.`ProductoId` = `p`.`ID`
INNER JOIN `Usuario` AS `u` ON `e`.`UsuarioId` = `u`.`ID`
INNER JOIN `Estatus` AS `e0` ON `e`.`Estatus` = `e0`.`ID`
[2023-11-14 17:41:46.100 -06:00 WRN] The query uses a row limiting operator ('Skip'/'Take') without an 'OrderBy' operator. This may lead to unpredictable results. If the 'Distinct' operator is used after 'OrderBy', then make sure to use the 'OrderBy' operator after 'Distinct' as the ordering would otherwise get erased.
[2023-11-14 17:41:46.101 -06:00 WRN] The query uses a row limiting operator ('Skip'/'Take') without an 'OrderBy' operator. This may lead to unpredictable results. If the 'Distinct' operator is used after 'OrderBy', then make sure to use the 'OrderBy' operator after 'Distinct' as the ordering would otherwise get erased.
[2023-11-14 17:41:46.866 -06:00 INF] Executed DbCommand (200ms) [Parameters=[@__p_1='?' (DbType = Int32), @__p_0='?' (DbType = Int32)], CommandType='"Text"', CommandTimeout='30']
SELECT `e`.`ID`, CONCAT(CONCAT(COALESCE(CAST(`e`.`Estatus` AS char), ''), ' - '), COALESCE(`e0`.`Estatus`, '')) AS `Estatus`, `e`.`Cant_Soli`, `e`.`Fecha_Registro`, `p`.`Nom_prod` AS `Nom_Producto`, `u`.`Apellido` AS `Nom_Usuario`, `e`.`Precio`
FROM `Escasez_Producto` AS `e`
INNER JOIN `Producto` AS `p` ON `e`.`ProductoId` = `p`.`ID`
INNER JOIN `Usuario` AS `u` ON `e`.`UsuarioId` = `u`.`ID`
INNER JOIN `Estatus` AS `e0` ON `e`.`Estatus` = `e0`.`ID`
LIMIT @__p_1 OFFSET @__p_0
[2023-11-14 17:41:46.909 -06:00 INF] Executing ObjectResult, writing value of type 'API.Helpers.Pager`1[[Core.Entities.Personalizadas.InformacionEscasez, Core, Version=1.0.0.0, Culture=neutral, PublicKeyToken=null]]'.
[2023-11-14 17:41:46.924 -06:00 INF] Executed action API.Controllers.EscasezController.GetEscasez (API) in 1762.9317ms
[2023-11-14 17:41:46.924 -06:00 INF] Executed endpoint 'API.Controllers.EscasezController.GetEscasez (API)'
[2023-11-14 17:41:46.926 -06:00 INF] Request finished HTTP/1.1 GET http://localhost:5000/api/escasez/all?pageSize=3&pageIndex=1&search= - - - 200 - application/json;+charset=utf-8 1940.7451ms
[2023-11-14 17:42:15.660 -06:00 INF] Request starting HTTP/1.1 GET http://localhost:5000/api/producto?pageSize=3&pageIndex=1&search= - -
[2023-11-14 17:42:15.669 -06:00 INF] Executing endpoint 'API.Controllers.ProductoController.GetProducto (API)'
[2023-11-14 17:42:15.672 -06:00 INF] Route matched with {action = "GetProducto", controller = "Producto"}. Executing controller action with signature System.Threading.Tasks.Task`1[Microsoft.AspNetCore.Mvc.ActionResult`1[API.Helpers.Pager`1[API.Dtos.ProductoDto]]] GetProducto(API.Helpers.Params) on controller API.Controllers.ProductoController (API).
[2023-11-14 17:42:16.097 -06:00 INF] Entity Framework Core 6.0.4 initialized 'InventarioContext' using provider 'Pomelo.EntityFrameworkCore.MySql:6.0.1' with options: ServerVersion 8.0-mysql 
[2023-11-14 17:42:16.854 -06:00 INF] Executed DbCommand (203ms) [Parameters=[], CommandType='"Text"', CommandTimeout='30']
SELECT COUNT(*)
FROM `Producto` AS `p`
WHERE `p`.`Estatus` <> 4
[2023-11-14 17:42:16.858 -06:00 WRN] The query uses a row limiting operator ('Skip'/'Take') without an 'OrderBy' operator. This may lead to unpredictable results. If the 'Distinct' operator is used after 'OrderBy', then make sure to use the 'OrderBy' operator after 'Distinct' as the ordering would otherwise get erased.
[2023-11-14 17:42:16.859 -06:00 WRN] The query uses a row limiting operator ('Skip'/'Take') without an 'OrderBy' operator. This may lead to unpredictable results. If the 'Distinct' operator is used after 'OrderBy', then make sure to use the 'OrderBy' operator after 'Distinct' as the ordering would otherwise get erased.
[2023-11-14 17:42:17.594 -06:00 INF] Executed DbCommand (180ms) [Parameters=[@__p_1='?' (DbType = Int32), @__p_0='?' (DbType = Int32)], CommandType='"Text"', CommandTimeout='30']
SELECT `p`.`ID`, `p`.`Categoria`, `p`.`Cve_prov`, `p`.`Desc_prod`, `p`.`Estatus`, `p`.`Imagen`, `p`.`Nom_prod`, `p`.`Precio`, `p`.`Stock`
FROM `Producto` AS `p`
WHERE `p`.`Estatus` <> 4
LIMIT @__p_1 OFFSET @__p_0
[2023-11-14 17:42:17.648 -06:00 INF] Executing ObjectResult, writing value of type 'API.Helpers.Pager`1[[API.Dtos.ProductoDto, API, Version=1.0.0.0, Culture=neutral, PublicKeyToken=null]]'.
[2023-11-14 17:42:17.662 -06:00 INF] Executed action API.Controllers.ProductoController.GetProducto (API) in 1989.3905ms
[2023-11-14 17:42:17.662 -06:00 INF] Executed endpoint 'API.Controllers.ProductoController.GetProducto (API)'
[2023-11-14 17:42:17.662 -06:00 INF] Request finished HTTP/1.1 GET http://localhost:5000/api/producto?pageSize=3&pageIndex=1&search= - - - 200 - application/json;+charset=utf-8 2001.9950ms
[2023-11-14 17:42:40.230 -06:00 INF] Request starting HTTP/1.1 POST http://localhost:5000/api/escasez/autorizar application/json 134
[2023-11-14 17:42:40.237 -06:00 INF] Executing endpoint 'API.Controllers.EscasezController.PostProcesoAutorizar (API)'
[2023-11-14 17:42:40.240 -06:00 INF] Route matched with {action = "PostProcesoAutorizar", controller = "Escasez"}. Executing controller action with signature System.Threading.Tasks.Task`1[Microsoft.AspNetCore.Mvc.IActionResult] PostProcesoAutorizar(API.Dtos.AltaEscasezDto) on controller API.Controllers.EscasezController (API).
[2023-11-14 17:42:40.249 -06:00 INF] Entity Framework Core 6.0.4 initialized 'InventarioContext' using provider 'Pomelo.EntityFrameworkCore.MySql:6.0.1' with options: ServerVersion 8.0-mysql 
[2023-11-14 17:42:41.401 -06:00 INF] Executed DbCommand (185ms) [Parameters=[@p0='?' (DbType = Int32), @p1='?' (DbType = Int32), @p2='?' (DbType = Int32)], CommandType='"Text"', CommandTimeout='30']
UPDATE Producto
                                                                SET Estatus = @p0,
                                                                Stock = @p1
                                                                WHERE ID = @p2
[2023-11-14 17:42:41.583 -06:00 INF] Executed DbCommand (178ms) [Parameters=[@p0='?' (DbType = Int32), @p1='?' (DbType = Int32)], CommandType='"Text"', CommandTimeout='30']
UPDATE Escasez_Producto
                                                                SET Estatus = @p0
                                                                WHERE ID = @p1
[2023-11-14 17:42:41.781 -06:00 INF] Executed DbCommand (191ms) [Parameters=[@p0='?' (DbType = Int32), @p1='?' (DbType = Int32), @p2='?' (DbType = DateTime), @p3='?' (DbType = Int32)], CommandType='"Text"', CommandTimeout='30']

                                    INSERT INTO Autorizacion
                                    (
                                    Escasez_prod_id,
                                    Usuario_id,
                                    Fecha_autoriza,
                                    Estado_autoriza)
                                    VALUES
                                    (@p0,@p1,@p2,@p3)
[2023-11-14 17:42:42.003 -06:00 INF] Executed DbCommand (187ms) [Parameters=[@__idEscasez_0='?' (DbType = Int32)], CommandType='"Text"', CommandTimeout='30']
SELECT CAST(`e`.`Cant_Soli` AS char) AS `Cantidad`, CAST(`e`.`Precio` AS char) AS `Precio`, `c`.`Direccion` AS `DireccionProv`, `c`.`CorreoElectronico` AS `EmailProv`, CAST(`e`.`Fecha_Registro` AS char) AS `Fecha`, CAST(`e`.`ID` AS char) AS `IdEscasez`, `p`.`Nom_prod` AS `NombreProducto`, `c`.`Contacto` AS `NomProv`, `u`.`Apellido` AS `NombreEmpleado`
FROM `Escasez_Producto` AS `e`
INNER JOIN `Producto` AS `p` ON `e`.`ProductoId` = `p`.`ID`
INNER JOIN `Cte_prov` AS `c` ON `p`.`Cve_prov` = `c`.`ID`
INNER JOIN `Usuario` AS `u` ON `e`.`UsuarioId` = `u`.`ID`
WHERE `e`.`ID` = @__idEscasez_0
LIMIT 1
[2023-11-14 17:42:45.612 -06:00 INF] Executing OkObjectResult, writing value of type 'API.Helpers.Errors.ManagementResponse'.
[2023-11-14 17:42:45.614 -06:00 INF] Executed action API.Controllers.EscasezController.PostProcesoAutorizar (API) in 5373.6988ms
[2023-11-14 17:42:45.614 -06:00 INF] Executed endpoint 'API.Controllers.EscasezController.PostProcesoAutorizar (API)'
[2023-11-14 17:42:45.615 -06:00 INF] Request finished HTTP/1.1 POST http://localhost:5000/api/escasez/autorizar application/json 134 - 200 - application/json;+charset=utf-8 5385.1962ms
