[2023-10-28 11:18:11.689 -06:00 INF] Entity Framework Core 6.0.4 initialized 'InventarioContext' using provider 'Pomelo.EntityFrameworkCore.MySql:6.0.1' with options: ServerVersion 8.0.28-mysql 
[2023-10-28 11:18:12.565 -06:00 INF] Executed DbCommand (67ms) [Parameters=[], CommandType='"Text"', CommandTimeout='30']
SELECT 1 FROM INFORMATION_SCHEMA.TABLES WHERE TABLE_SCHEMA='inventarioRopa' AND TABLE_NAME='__EFMigrationsHistory';
[2023-10-28 11:18:12.631 -06:00 INF] Executed DbCommand (5ms) [Parameters=[], CommandType='"Text"', CommandTimeout='30']
SELECT 1 FROM INFORMATION_SCHEMA.TABLES WHERE TABLE_SCHEMA='inventarioRopa' AND TABLE_NAME='__EFMigrationsHistory';
[2023-10-28 11:18:12.704 -06:00 INF] Executed DbCommand (23ms) [Parameters=[], CommandType='"Text"', CommandTimeout='30']
SELECT `MigrationId`, `ProductVersion`
FROM `__EFMigrationsHistory`
ORDER BY `MigrationId`;
[2023-10-28 11:18:12.772 -06:00 INF] No migrations were applied. The database is already up to date.
[2023-10-28 11:18:13.236 -06:00 INF] Executed DbCommand (10ms) [Parameters=[], CommandType='"Text"', CommandTimeout='30']
SELECT EXISTS (
    SELECT 1
    FROM `Rol` AS `r`)
[2023-10-28 11:18:13.527 -06:00 INF] User profile is available. Using 'C:\Users\Rodrigo Tellez\AppData\Local\ASP.NET\DataProtection-Keys' as key repository and Windows DPAPI to encrypt keys at rest.
[2023-10-28 11:18:13.699 -06:00 INF] Now listening on: https://192.168.0.3:5001
[2023-10-28 11:18:13.699 -06:00 INF] Now listening on: http://192.168.0.3:5000
[2023-10-28 11:18:13.706 -06:00 INF] Application started. Press Ctrl+C to shut down.
[2023-10-28 11:18:13.707 -06:00 INF] Hosting environment: Development
[2023-10-28 11:18:13.707 -06:00 INF] Content root path: D:\10CUATRIMESTRE\HECTOR\Backend\inventario\API\
[2023-10-28 11:27:53.571 -06:00 INF] Application is shutting down...
[2023-10-28 11:28:48.253 -06:00 INF] Entity Framework Core 6.0.4 initialized 'InventarioContext' using provider 'Pomelo.EntityFrameworkCore.MySql:6.0.1' with options: ServerVersion 8.0.28-mysql 
[2023-10-28 11:28:48.796 -06:00 INF] Executed DbCommand (21ms) [Parameters=[], CommandType='"Text"', CommandTimeout='30']
SELECT 1 FROM INFORMATION_SCHEMA.TABLES WHERE TABLE_SCHEMA='inventarioRopa' AND TABLE_NAME='__EFMigrationsHistory';
[2023-10-28 11:28:48.846 -06:00 INF] Executed DbCommand (6ms) [Parameters=[], CommandType='"Text"', CommandTimeout='30']
SELECT 1 FROM INFORMATION_SCHEMA.TABLES WHERE TABLE_SCHEMA='inventarioRopa' AND TABLE_NAME='__EFMigrationsHistory';
[2023-10-28 11:28:48.901 -06:00 INF] Executed DbCommand (9ms) [Parameters=[], CommandType='"Text"', CommandTimeout='30']
SELECT `MigrationId`, `ProductVersion`
FROM `__EFMigrationsHistory`
ORDER BY `MigrationId`;
[2023-10-28 11:28:48.940 -06:00 INF] No migrations were applied. The database is already up to date.
[2023-10-28 11:28:49.199 -06:00 INF] Executed DbCommand (3ms) [Parameters=[], CommandType='"Text"', CommandTimeout='30']
SELECT EXISTS (
    SELECT 1
    FROM `Rol` AS `r`)
[2023-10-28 11:28:49.380 -06:00 INF] User profile is available. Using 'C:\Users\Rodrigo Tellez\AppData\Local\ASP.NET\DataProtection-Keys' as key repository and Windows DPAPI to encrypt keys at rest.
[2023-10-28 11:28:49.519 -06:00 INF] Now listening on: https://192.168.108.1:5001
[2023-10-28 11:28:49.519 -06:00 INF] Now listening on: http://192.168.108.1:5000
[2023-10-28 11:28:49.526 -06:00 INF] Application started. Press Ctrl+C to shut down.
[2023-10-28 11:28:49.526 -06:00 INF] Hosting environment: Development
[2023-10-28 11:28:49.527 -06:00 INF] Content root path: D:\10CUATRIMESTRE\HECTOR\Backend\inventario\API\
[2023-10-28 11:30:00.414 -06:00 INF] Request starting HTTP/1.1 POST http://192.168.108.1:5000/api/usuario/token application/json 44
[2023-10-28 11:30:01.012 -06:00 INF] Executing endpoint 'API.Controllers.UsuarioController.GetTokenAsync (API)'
[2023-10-28 11:30:01.055 -06:00 INF] Route matched with {action = "GetToken", controller = "Usuario"}. Executing controller action with signature System.Threading.Tasks.Task`1[Microsoft.AspNetCore.Mvc.IActionResult] GetTokenAsync(API.Dtos.LoginDto) on controller API.Controllers.UsuarioController (API).
[2023-10-28 11:30:01.444 -06:00 INF] Entity Framework Core 6.0.4 initialized 'InventarioContext' using provider 'Pomelo.EntityFrameworkCore.MySql:6.0.1' with options: ServerVersion 8.0.28-mysql 
[2023-10-28 11:30:01.794 -06:00 WRN] Compiling a query which loads related collections for more than one collection navigation, either via 'Include' or through projection, but no 'QuerySplittingBehavior' has been configured. By default, Entity Framework will use 'QuerySplittingBehavior.SingleQuery', which can potentially result in slow query performance. See https://go.microsoft.com/fwlink/?linkid=2134277 for more information. To identify the query that's triggering this warning call 'ConfigureWarnings(w => w.Throw(RelationalEventId.MultipleCollectionIncludeWarning))'.
[2023-10-28 11:30:01.904 -06:00 INF] Executed DbCommand (47ms) [Parameters=[@__ToLower_0='?' (Size = 255)], CommandType='"Text"', CommandTimeout='30']
SELECT `t`.`ID`, `t`.`Apellido`, `t`.`CorreoElectronico`, `t`.`Nom_user`, `t`.`Password`, `t0`.`UsuarioId`, `t0`.`RolId`, `t0`.`ID`, `t0`.`Nombre`, `r0`.`ID`, `r0`.`Created`, `r0`.`Expires`, `r0`.`Revoked`, `r0`.`Token`, `r0`.`UsuarioId`
FROM (
    SELECT `u`.`ID`, `u`.`Apellido`, `u`.`CorreoElectronico`, `u`.`Nom_user`, `u`.`Password`
    FROM `Usuario` AS `u`
    WHERE LOWER(`u`.`Nom_user`) = @__ToLower_0
    LIMIT 1
) AS `t`
LEFT JOIN (
    SELECT `u0`.`UsuarioId`, `u0`.`RolId`, `r`.`ID`, `r`.`Nombre`
    FROM `UsuarioRoles` AS `u0`
    INNER JOIN `Rol` AS `r` ON `u0`.`RolId` = `r`.`ID`
) AS `t0` ON `t`.`ID` = `t0`.`UsuarioId`
LEFT JOIN `RefreshToken` AS `r0` ON `t`.`ID` = `r0`.`UsuarioId`
ORDER BY `t`.`ID`, `t0`.`UsuarioId`, `t0`.`RolId`, `t0`.`ID`
[2023-10-28 11:30:02.350 -06:00 INF] Executing OkObjectResult, writing value of type '<>f__AnonymousType2`3[[System.String, System.Private.CoreLib, Version=6.0.0.0, Culture=neutral, PublicKeyToken=7cec85d7bea7798e],[System.Boolean, System.Private.CoreLib, Version=6.0.0.0, Culture=neutral, PublicKeyToken=7cec85d7bea7798e],[API.Dtos.DatosUsuarioDto, API, Version=1.0.0.0, Culture=neutral, PublicKeyToken=null]]'.
[2023-10-28 11:30:02.406 -06:00 INF] Executed action API.Controllers.UsuarioController.GetTokenAsync (API) in 1341.9458ms
[2023-10-28 11:30:02.407 -06:00 INF] Executed endpoint 'API.Controllers.UsuarioController.GetTokenAsync (API)'
[2023-10-28 11:30:02.415 -06:00 INF] Request finished HTTP/1.1 POST http://192.168.108.1:5000/api/usuario/token application/json 44 - 200 - application/json;+charset=utf-8 2009.0377ms
[2023-10-28 11:33:48.904 -06:00 INF] Request starting HTTP/1.1 POST http://192.168.108.1:5000/api/usuario/token application/json 44
[2023-10-28 11:33:48.937 -06:00 INF] Executing endpoint 'API.Controllers.UsuarioController.GetTokenAsync (API)'
[2023-10-28 11:33:48.939 -06:00 INF] Route matched with {action = "GetToken", controller = "Usuario"}. Executing controller action with signature System.Threading.Tasks.Task`1[Microsoft.AspNetCore.Mvc.IActionResult] GetTokenAsync(API.Dtos.LoginDto) on controller API.Controllers.UsuarioController (API).
[2023-10-28 11:33:49.217 -06:00 INF] Entity Framework Core 6.0.4 initialized 'InventarioContext' using provider 'Pomelo.EntityFrameworkCore.MySql:6.0.1' with options: ServerVersion 8.0.28-mysql 
[2023-10-28 11:33:49.271 -06:00 INF] Executed DbCommand (4ms) [Parameters=[@__ToLower_0='?' (Size = 255)], CommandType='"Text"', CommandTimeout='30']
SELECT `t`.`ID`, `t`.`Apellido`, `t`.`CorreoElectronico`, `t`.`Nom_user`, `t`.`Password`, `t0`.`UsuarioId`, `t0`.`RolId`, `t0`.`ID`, `t0`.`Nombre`, `r0`.`ID`, `r0`.`Created`, `r0`.`Expires`, `r0`.`Revoked`, `r0`.`Token`, `r0`.`UsuarioId`
FROM (
    SELECT `u`.`ID`, `u`.`Apellido`, `u`.`CorreoElectronico`, `u`.`Nom_user`, `u`.`Password`
    FROM `Usuario` AS `u`
    WHERE LOWER(`u`.`Nom_user`) = @__ToLower_0
    LIMIT 1
) AS `t`
LEFT JOIN (
    SELECT `u0`.`UsuarioId`, `u0`.`RolId`, `r`.`ID`, `r`.`Nombre`
    FROM `UsuarioRoles` AS `u0`
    INNER JOIN `Rol` AS `r` ON `u0`.`RolId` = `r`.`ID`
) AS `t0` ON `t`.`ID` = `t0`.`UsuarioId`
LEFT JOIN `RefreshToken` AS `r0` ON `t`.`ID` = `r0`.`UsuarioId`
ORDER BY `t`.`ID`, `t0`.`UsuarioId`, `t0`.`RolId`, `t0`.`ID`
[2023-10-28 11:33:49.331 -06:00 INF] Executing OkObjectResult, writing value of type '<>f__AnonymousType2`3[[System.String, System.Private.CoreLib, Version=6.0.0.0, Culture=neutral, PublicKeyToken=7cec85d7bea7798e],[System.Boolean, System.Private.CoreLib, Version=6.0.0.0, Culture=neutral, PublicKeyToken=7cec85d7bea7798e],[API.Dtos.DatosUsuarioDto, API, Version=1.0.0.0, Culture=neutral, PublicKeyToken=null]]'.
[2023-10-28 11:33:49.332 -06:00 INF] Executed action API.Controllers.UsuarioController.GetTokenAsync (API) in 392.6058ms
[2023-10-28 11:33:49.332 -06:00 INF] Executed endpoint 'API.Controllers.UsuarioController.GetTokenAsync (API)'
[2023-10-28 11:33:49.333 -06:00 INF] Request finished HTTP/1.1 POST http://192.168.108.1:5000/api/usuario/token application/json 44 - 200 - application/json;+charset=utf-8 433.2868ms
[2023-10-28 11:36:21.756 -06:00 INF] Application is shutting down...
[2023-10-28 12:06:24.556 -06:00 INF] Entity Framework Core 6.0.4 initialized 'InventarioContext' using provider 'Pomelo.EntityFrameworkCore.MySql:6.0.1' with options: ServerVersion 8.0.28-mysql 
[2023-10-28 12:06:25.154 -06:00 INF] Executed DbCommand (22ms) [Parameters=[], CommandType='"Text"', CommandTimeout='30']
SELECT 1 FROM INFORMATION_SCHEMA.TABLES WHERE TABLE_SCHEMA='inventarioRopa' AND TABLE_NAME='__EFMigrationsHistory';
[2023-10-28 12:06:25.203 -06:00 INF] Executed DbCommand (4ms) [Parameters=[], CommandType='"Text"', CommandTimeout='30']
SELECT 1 FROM INFORMATION_SCHEMA.TABLES WHERE TABLE_SCHEMA='inventarioRopa' AND TABLE_NAME='__EFMigrationsHistory';
[2023-10-28 12:06:25.254 -06:00 INF] Executed DbCommand (8ms) [Parameters=[], CommandType='"Text"', CommandTimeout='30']
SELECT `MigrationId`, `ProductVersion`
FROM `__EFMigrationsHistory`
ORDER BY `MigrationId`;
[2023-10-28 12:06:25.294 -06:00 INF] No migrations were applied. The database is already up to date.
[2023-10-28 12:06:25.572 -06:00 INF] Executed DbCommand (4ms) [Parameters=[], CommandType='"Text"', CommandTimeout='30']
SELECT EXISTS (
    SELECT 1
    FROM `Rol` AS `r`)
[2023-10-28 12:06:25.746 -06:00 INF] User profile is available. Using 'C:\Users\Rodrigo Tellez\AppData\Local\ASP.NET\DataProtection-Keys' as key repository and Windows DPAPI to encrypt keys at rest.
[2023-10-28 12:06:25.898 -06:00 INF] Now listening on: https://192.168.0.3:5001
[2023-10-28 12:06:25.898 -06:00 INF] Now listening on: http://192.168.0.3:5000
[2023-10-28 12:06:25.905 -06:00 INF] Application started. Press Ctrl+C to shut down.
[2023-10-28 12:06:25.905 -06:00 INF] Hosting environment: Development
[2023-10-28 12:06:25.905 -06:00 INF] Content root path: D:\10CUATRIMESTRE\HECTOR\Backend\inventario\API\
[2023-10-28 12:07:45.201 -06:00 INF] Request starting HTTP/1.1 POST http://192.168.0.3:5000/api/usuario/token application/json 58
[2023-10-28 12:07:46.095 -06:00 INF] Failed to validate the token.
Microsoft.IdentityModel.Tokens.SecurityTokenExpiredException: IDX10223: Lifetime validation failed. The token is expired. ValidTo: '28/10/2023 12:05:02 a. m.', Current time: '28/10/2023 06:07:46 p. m.'.
   at Microsoft.IdentityModel.Tokens.Validators.ValidateLifetime(Nullable`1 notBefore, Nullable`1 expires, SecurityToken securityToken, TokenValidationParameters validationParameters)
   at System.IdentityModel.Tokens.Jwt.JwtSecurityTokenHandler.ValidateLifetime(Nullable`1 notBefore, Nullable`1 expires, JwtSecurityToken jwtToken, TokenValidationParameters validationParameters)
   at System.IdentityModel.Tokens.Jwt.JwtSecurityTokenHandler.ValidateTokenPayload(JwtSecurityToken jwtToken, TokenValidationParameters validationParameters, BaseConfiguration configuration)
   at System.IdentityModel.Tokens.Jwt.JwtSecurityTokenHandler.ValidateJWS(String token, TokenValidationParameters validationParameters, BaseConfiguration currentConfiguration, SecurityToken& signatureValidatedToken, ExceptionDispatchInfo& exceptionThrown)
--- End of stack trace from previous location ---
   at System.IdentityModel.Tokens.Jwt.JwtSecurityTokenHandler.ValidateToken(String token, JwtSecurityToken outerToken, TokenValidationParameters validationParameters, SecurityToken& signatureValidatedToken)
   at System.IdentityModel.Tokens.Jwt.JwtSecurityTokenHandler.ValidateToken(String token, TokenValidationParameters validationParameters, SecurityToken& validatedToken)
   at Microsoft.AspNetCore.Authentication.JwtBearer.JwtBearerHandler.HandleAuthenticateAsync()
[2023-10-28 12:07:46.183 -06:00 INF] Bearer was not authenticated. Failure message: IDX10223: Lifetime validation failed. The token is expired. ValidTo: '28/10/2023 12:05:02 a. m.', Current time: '28/10/2023 06:07:46 p. m.'.
[2023-10-28 12:07:46.193 -06:00 INF] Executing endpoint 'API.Controllers.UsuarioController.GetTokenAsync (API)'
[2023-10-28 12:07:46.243 -06:00 INF] Route matched with {action = "GetToken", controller = "Usuario"}. Executing controller action with signature System.Threading.Tasks.Task`1[Microsoft.AspNetCore.Mvc.IActionResult] GetTokenAsync(API.Dtos.LoginDto) on controller API.Controllers.UsuarioController (API).
[2023-10-28 12:07:46.455 -06:00 INF] Entity Framework Core 6.0.4 initialized 'InventarioContext' using provider 'Pomelo.EntityFrameworkCore.MySql:6.0.1' with options: ServerVersion 8.0.28-mysql 
[2023-10-28 12:07:46.922 -06:00 WRN] Compiling a query which loads related collections for more than one collection navigation, either via 'Include' or through projection, but no 'QuerySplittingBehavior' has been configured. By default, Entity Framework will use 'QuerySplittingBehavior.SingleQuery', which can potentially result in slow query performance. See https://go.microsoft.com/fwlink/?linkid=2134277 for more information. To identify the query that's triggering this warning call 'ConfigureWarnings(w => w.Throw(RelationalEventId.MultipleCollectionIncludeWarning))'.
[2023-10-28 12:07:47.048 -06:00 INF] Executed DbCommand (47ms) [Parameters=[@__ToLower_0='?' (Size = 255)], CommandType='"Text"', CommandTimeout='30']
SELECT `t`.`ID`, `t`.`Apellido`, `t`.`CorreoElectronico`, `t`.`Nom_user`, `t`.`Password`, `t0`.`UsuarioId`, `t0`.`RolId`, `t0`.`ID`, `t0`.`Nombre`, `r0`.`ID`, `r0`.`Created`, `r0`.`Expires`, `r0`.`Revoked`, `r0`.`Token`, `r0`.`UsuarioId`
FROM (
    SELECT `u`.`ID`, `u`.`Apellido`, `u`.`CorreoElectronico`, `u`.`Nom_user`, `u`.`Password`
    FROM `Usuario` AS `u`
    WHERE LOWER(`u`.`Nom_user`) = @__ToLower_0
    LIMIT 1
) AS `t`
LEFT JOIN (
    SELECT `u0`.`UsuarioId`, `u0`.`RolId`, `r`.`ID`, `r`.`Nombre`
    FROM `UsuarioRoles` AS `u0`
    INNER JOIN `Rol` AS `r` ON `u0`.`RolId` = `r`.`ID`
) AS `t0` ON `t`.`ID` = `t0`.`UsuarioId`
LEFT JOIN `RefreshToken` AS `r0` ON `t`.`ID` = `r0`.`UsuarioId`
ORDER BY `t`.`ID`, `t0`.`UsuarioId`, `t0`.`RolId`, `t0`.`ID`
[2023-10-28 12:07:47.274 -06:00 INF] Executing OkObjectResult, writing value of type '<>f__AnonymousType2`3[[System.String, System.Private.CoreLib, Version=6.0.0.0, Culture=neutral, PublicKeyToken=7cec85d7bea7798e],[System.Boolean, System.Private.CoreLib, Version=6.0.0.0, Culture=neutral, PublicKeyToken=7cec85d7bea7798e],[API.Dtos.DatosUsuarioDto, API, Version=1.0.0.0, Culture=neutral, PublicKeyToken=null]]'.
[2023-10-28 12:07:47.318 -06:00 INF] Executed action API.Controllers.UsuarioController.GetTokenAsync (API) in 1065.0266ms
[2023-10-28 12:07:47.319 -06:00 INF] Executed endpoint 'API.Controllers.UsuarioController.GetTokenAsync (API)'
[2023-10-28 12:07:47.326 -06:00 INF] Request finished HTTP/1.1 POST http://192.168.0.3:5000/api/usuario/token application/json 58 - 200 - application/json;+charset=utf-8 2131.0954ms
[2023-10-28 12:08:04.124 -06:00 INF] Request starting HTTP/1.1 GET http://192.168.0.3:5000/api/producto?pageSize=3&pageIndex=1&search= - -
[2023-10-28 12:08:04.172 -06:00 INF] Executing endpoint 'API.Controllers.ProductoController.GetProducto (API)'
[2023-10-28 12:08:04.181 -06:00 INF] Route matched with {action = "GetProducto", controller = "Producto"}. Executing controller action with signature System.Threading.Tasks.Task`1[Microsoft.AspNetCore.Mvc.ActionResult`1[API.Helpers.Pager`1[API.Dtos.ProductoDto]]] GetProducto(API.Helpers.Params) on controller API.Controllers.ProductoController (API).
[2023-10-28 12:08:04.389 -06:00 INF] Entity Framework Core 6.0.4 initialized 'InventarioContext' using provider 'Pomelo.EntityFrameworkCore.MySql:6.0.1' with options: ServerVersion 8.0.28-mysql 
[2023-10-28 12:08:04.425 -06:00 INF] Executed DbCommand (11ms) [Parameters=[], CommandType='"Text"', CommandTimeout='30']
SELECT COUNT(*)
FROM `Producto` AS `p`
WHERE `p`.`Estatus` <> 4
[2023-10-28 12:08:04.447 -06:00 WRN] The query uses a row limiting operator ('Skip'/'Take') without an 'OrderBy' operator. This may lead to unpredictable results. If the 'Distinct' operator is used after 'OrderBy', then make sure to use the 'OrderBy' operator after 'Distinct' as the ordering would otherwise get erased.
[2023-10-28 12:08:04.448 -06:00 WRN] The query uses a row limiting operator ('Skip'/'Take') without an 'OrderBy' operator. This may lead to unpredictable results. If the 'Distinct' operator is used after 'OrderBy', then make sure to use the 'OrderBy' operator after 'Distinct' as the ordering would otherwise get erased.
[2023-10-28 12:08:04.466 -06:00 INF] Executed DbCommand (8ms) [Parameters=[@__p_1='?' (DbType = Int32), @__p_0='?' (DbType = Int32)], CommandType='"Text"', CommandTimeout='30']
SELECT `p`.`ID`, `p`.`Categoria`, `p`.`Cve_prov`, `p`.`Desc_prod`, `p`.`Estatus`, `p`.`Nom_prod`, `p`.`Precio`, `p`.`Stock`
FROM `Producto` AS `p`
WHERE `p`.`Estatus` <> 4
LIMIT @__p_1 OFFSET @__p_0
[2023-10-28 12:08:04.532 -06:00 INF] Executing ObjectResult, writing value of type 'API.Helpers.Pager`1[[API.Dtos.ProductoDto, API, Version=1.0.0.0, Culture=neutral, PublicKeyToken=null]]'.
[2023-10-28 12:08:04.549 -06:00 INF] Executed action API.Controllers.ProductoController.GetProducto (API) in 367.8476ms
[2023-10-28 12:08:04.549 -06:00 INF] Executed endpoint 'API.Controllers.ProductoController.GetProducto (API)'
[2023-10-28 12:08:04.550 -06:00 INF] Request finished HTTP/1.1 GET http://192.168.0.3:5000/api/producto?pageSize=3&pageIndex=1&search= - - - 200 - application/json;+charset=utf-8 425.8771ms
[2023-10-28 12:08:54.659 -06:00 INF] Request starting HTTP/1.1 GET http://192.168.0.3:5000/api/producto?pageSize=4&pageIndex=1&search= - -
[2023-10-28 12:08:54.667 -06:00 INF] Executing endpoint 'API.Controllers.ProductoController.GetProducto (API)'
[2023-10-28 12:08:54.667 -06:00 INF] Route matched with {action = "GetProducto", controller = "Producto"}. Executing controller action with signature System.Threading.Tasks.Task`1[Microsoft.AspNetCore.Mvc.ActionResult`1[API.Helpers.Pager`1[API.Dtos.ProductoDto]]] GetProducto(API.Helpers.Params) on controller API.Controllers.ProductoController (API).
[2023-10-28 12:08:54.671 -06:00 INF] Entity Framework Core 6.0.4 initialized 'InventarioContext' using provider 'Pomelo.EntityFrameworkCore.MySql:6.0.1' with options: ServerVersion 8.0.28-mysql 
[2023-10-28 12:08:54.682 -06:00 INF] Executed DbCommand (3ms) [Parameters=[], CommandType='"Text"', CommandTimeout='30']
SELECT COUNT(*)
FROM `Producto` AS `p`
WHERE `p`.`Estatus` <> 4
[2023-10-28 12:08:54.691 -06:00 INF] Executed DbCommand (4ms) [Parameters=[@__p_1='?' (DbType = Int32), @__p_0='?' (DbType = Int32)], CommandType='"Text"', CommandTimeout='30']
SELECT `p`.`ID`, `p`.`Categoria`, `p`.`Cve_prov`, `p`.`Desc_prod`, `p`.`Estatus`, `p`.`Nom_prod`, `p`.`Precio`, `p`.`Stock`
FROM `Producto` AS `p`
WHERE `p`.`Estatus` <> 4
LIMIT @__p_1 OFFSET @__p_0
[2023-10-28 12:08:54.693 -06:00 INF] Executing ObjectResult, writing value of type 'API.Helpers.Pager`1[[API.Dtos.ProductoDto, API, Version=1.0.0.0, Culture=neutral, PublicKeyToken=null]]'.
[2023-10-28 12:08:54.695 -06:00 INF] Executed action API.Controllers.ProductoController.GetProducto (API) in 27.3152ms
[2023-10-28 12:08:54.695 -06:00 INF] Executed endpoint 'API.Controllers.ProductoController.GetProducto (API)'
[2023-10-28 12:08:54.695 -06:00 INF] Request finished HTTP/1.1 GET http://192.168.0.3:5000/api/producto?pageSize=4&pageIndex=1&search= - - - 200 - application/json;+charset=utf-8 36.1331ms
[2023-10-28 12:09:07.405 -06:00 INF] Request starting HTTP/1.1 GET http://192.168.0.3:5000/api/producto?pageSize=3&pageIndex=2&search= - -
[2023-10-28 12:09:07.406 -06:00 INF] Executing endpoint 'API.Controllers.ProductoController.GetProducto (API)'
[2023-10-28 12:09:07.406 -06:00 INF] Route matched with {action = "GetProducto", controller = "Producto"}. Executing controller action with signature System.Threading.Tasks.Task`1[Microsoft.AspNetCore.Mvc.ActionResult`1[API.Helpers.Pager`1[API.Dtos.ProductoDto]]] GetProducto(API.Helpers.Params) on controller API.Controllers.ProductoController (API).
[2023-10-28 12:09:07.407 -06:00 INF] Entity Framework Core 6.0.4 initialized 'InventarioContext' using provider 'Pomelo.EntityFrameworkCore.MySql:6.0.1' with options: ServerVersion 8.0.28-mysql 
[2023-10-28 12:09:07.413 -06:00 INF] Executed DbCommand (2ms) [Parameters=[], CommandType='"Text"', CommandTimeout='30']
SELECT COUNT(*)
FROM `Producto` AS `p`
WHERE `p`.`Estatus` <> 4
[2023-10-28 12:09:07.416 -06:00 WRN] The query uses a row limiting operator ('Skip'/'Take') without an 'OrderBy' operator. This may lead to unpredictable results. If the 'Distinct' operator is used after 'OrderBy', then make sure to use the 'OrderBy' operator after 'Distinct' as the ordering would otherwise get erased.
[2023-10-28 12:09:07.417 -06:00 WRN] The query uses a row limiting operator ('Skip'/'Take') without an 'OrderBy' operator. This may lead to unpredictable results. If the 'Distinct' operator is used after 'OrderBy', then make sure to use the 'OrderBy' operator after 'Distinct' as the ordering would otherwise get erased.
[2023-10-28 12:09:07.428 -06:00 INF] Executed DbCommand (4ms) [Parameters=[@__p_0='?' (DbType = Int32)], CommandType='"Text"', CommandTimeout='30']
SELECT `p`.`ID`, `p`.`Categoria`, `p`.`Cve_prov`, `p`.`Desc_prod`, `p`.`Estatus`, `p`.`Nom_prod`, `p`.`Precio`, `p`.`Stock`
FROM `Producto` AS `p`
WHERE `p`.`Estatus` <> 4
LIMIT @__p_0 OFFSET @__p_0
[2023-10-28 12:09:07.429 -06:00 INF] Executing ObjectResult, writing value of type 'API.Helpers.Pager`1[[API.Dtos.ProductoDto, API, Version=1.0.0.0, Culture=neutral, PublicKeyToken=null]]'.
[2023-10-28 12:09:07.429 -06:00 INF] Executed action API.Controllers.ProductoController.GetProducto (API) in 22.9373ms
[2023-10-28 12:09:07.430 -06:00 INF] Executed endpoint 'API.Controllers.ProductoController.GetProducto (API)'
[2023-10-28 12:09:07.430 -06:00 INF] Request finished HTTP/1.1 GET http://192.168.0.3:5000/api/producto?pageSize=3&pageIndex=2&search= - - - 200 - application/json;+charset=utf-8 24.6474ms
[2023-10-28 12:09:13.014 -06:00 INF] Request starting HTTP/1.1 GET http://192.168.0.3:5000/api/producto?pageSize=3&pageIndex=1&search= - -
[2023-10-28 12:09:13.015 -06:00 INF] Executing endpoint 'API.Controllers.ProductoController.GetProducto (API)'
[2023-10-28 12:09:13.015 -06:00 INF] Route matched with {action = "GetProducto", controller = "Producto"}. Executing controller action with signature System.Threading.Tasks.Task`1[Microsoft.AspNetCore.Mvc.ActionResult`1[API.Helpers.Pager`1[API.Dtos.ProductoDto]]] GetProducto(API.Helpers.Params) on controller API.Controllers.ProductoController (API).
[2023-10-28 12:09:13.016 -06:00 INF] Entity Framework Core 6.0.4 initialized 'InventarioContext' using provider 'Pomelo.EntityFrameworkCore.MySql:6.0.1' with options: ServerVersion 8.0.28-mysql 
[2023-10-28 12:09:13.021 -06:00 INF] Executed DbCommand (3ms) [Parameters=[], CommandType='"Text"', CommandTimeout='30']
SELECT COUNT(*)
FROM `Producto` AS `p`
WHERE `p`.`Estatus` <> 4
[2023-10-28 12:09:13.029 -06:00 INF] Executed DbCommand (4ms) [Parameters=[@__p_1='?' (DbType = Int32), @__p_0='?' (DbType = Int32)], CommandType='"Text"', CommandTimeout='30']
SELECT `p`.`ID`, `p`.`Categoria`, `p`.`Cve_prov`, `p`.`Desc_prod`, `p`.`Estatus`, `p`.`Nom_prod`, `p`.`Precio`, `p`.`Stock`
FROM `Producto` AS `p`
WHERE `p`.`Estatus` <> 4
LIMIT @__p_1 OFFSET @__p_0
[2023-10-28 12:09:13.030 -06:00 INF] Executing ObjectResult, writing value of type 'API.Helpers.Pager`1[[API.Dtos.ProductoDto, API, Version=1.0.0.0, Culture=neutral, PublicKeyToken=null]]'.
[2023-10-28 12:09:13.030 -06:00 INF] Executed action API.Controllers.ProductoController.GetProducto (API) in 15.2321ms
[2023-10-28 12:09:13.030 -06:00 INF] Executed endpoint 'API.Controllers.ProductoController.GetProducto (API)'
[2023-10-28 12:09:13.031 -06:00 INF] Request finished HTTP/1.1 GET http://192.168.0.3:5000/api/producto?pageSize=3&pageIndex=1&search= - - - 200 - application/json;+charset=utf-8 17.1129ms
[2023-10-28 12:09:22.497 -06:00 INF] Request starting HTTP/1.1 GET http://192.168.0.3:5000/api/producto?pageSize=2&pageIndex=1&search= - -
[2023-10-28 12:09:22.498 -06:00 INF] Executing endpoint 'API.Controllers.ProductoController.GetProducto (API)'
[2023-10-28 12:09:22.498 -06:00 INF] Route matched with {action = "GetProducto", controller = "Producto"}. Executing controller action with signature System.Threading.Tasks.Task`1[Microsoft.AspNetCore.Mvc.ActionResult`1[API.Helpers.Pager`1[API.Dtos.ProductoDto]]] GetProducto(API.Helpers.Params) on controller API.Controllers.ProductoController (API).
[2023-10-28 12:09:22.499 -06:00 INF] Entity Framework Core 6.0.4 initialized 'InventarioContext' using provider 'Pomelo.EntityFrameworkCore.MySql:6.0.1' with options: ServerVersion 8.0.28-mysql 
[2023-10-28 12:09:22.506 -06:00 INF] Executed DbCommand (3ms) [Parameters=[], CommandType='"Text"', CommandTimeout='30']
SELECT COUNT(*)
FROM `Producto` AS `p`
WHERE `p`.`Estatus` <> 4
[2023-10-28 12:09:22.512 -06:00 INF] Executed DbCommand (2ms) [Parameters=[@__p_1='?' (DbType = Int32), @__p_0='?' (DbType = Int32)], CommandType='"Text"', CommandTimeout='30']
SELECT `p`.`ID`, `p`.`Categoria`, `p`.`Cve_prov`, `p`.`Desc_prod`, `p`.`Estatus`, `p`.`Nom_prod`, `p`.`Precio`, `p`.`Stock`
FROM `Producto` AS `p`
WHERE `p`.`Estatus` <> 4
LIMIT @__p_1 OFFSET @__p_0
[2023-10-28 12:09:22.513 -06:00 INF] Executing ObjectResult, writing value of type 'API.Helpers.Pager`1[[API.Dtos.ProductoDto, API, Version=1.0.0.0, Culture=neutral, PublicKeyToken=null]]'.
[2023-10-28 12:09:22.513 -06:00 INF] Executed action API.Controllers.ProductoController.GetProducto (API) in 15.196ms
[2023-10-28 12:09:22.513 -06:00 INF] Executed endpoint 'API.Controllers.ProductoController.GetProducto (API)'
[2023-10-28 12:09:22.514 -06:00 INF] Request finished HTTP/1.1 GET http://192.168.0.3:5000/api/producto?pageSize=2&pageIndex=1&search= - - - 200 - application/json;+charset=utf-8 16.8128ms
[2023-10-28 12:09:39.502 -06:00 INF] Request starting HTTP/1.1 GET http://192.168.0.3:5000/api/producto?pageSize=1&pageIndex=1&search= - -
[2023-10-28 12:09:39.503 -06:00 INF] Executing endpoint 'API.Controllers.ProductoController.GetProducto (API)'
[2023-10-28 12:09:39.503 -06:00 INF] Route matched with {action = "GetProducto", controller = "Producto"}. Executing controller action with signature System.Threading.Tasks.Task`1[Microsoft.AspNetCore.Mvc.ActionResult`1[API.Helpers.Pager`1[API.Dtos.ProductoDto]]] GetProducto(API.Helpers.Params) on controller API.Controllers.ProductoController (API).
[2023-10-28 12:09:39.504 -06:00 INF] Entity Framework Core 6.0.4 initialized 'InventarioContext' using provider 'Pomelo.EntityFrameworkCore.MySql:6.0.1' with options: ServerVersion 8.0.28-mysql 
[2023-10-28 12:09:39.510 -06:00 INF] Executed DbCommand (2ms) [Parameters=[], CommandType='"Text"', CommandTimeout='30']
SELECT COUNT(*)
FROM `Producto` AS `p`
WHERE `p`.`Estatus` <> 4
[2023-10-28 12:09:39.518 -06:00 INF] Executed DbCommand (4ms) [Parameters=[@__p_1='?' (DbType = Int32), @__p_0='?' (DbType = Int32)], CommandType='"Text"', CommandTimeout='30']
SELECT `p`.`ID`, `p`.`Categoria`, `p`.`Cve_prov`, `p`.`Desc_prod`, `p`.`Estatus`, `p`.`Nom_prod`, `p`.`Precio`, `p`.`Stock`
FROM `Producto` AS `p`
WHERE `p`.`Estatus` <> 4
LIMIT @__p_1 OFFSET @__p_0
[2023-10-28 12:09:39.519 -06:00 INF] Executing ObjectResult, writing value of type 'API.Helpers.Pager`1[[API.Dtos.ProductoDto, API, Version=1.0.0.0, Culture=neutral, PublicKeyToken=null]]'.
[2023-10-28 12:09:39.650 -06:00 INF] Executed action API.Controllers.ProductoController.GetProducto (API) in 146.4172ms
[2023-10-28 12:09:39.650 -06:00 INF] Executed endpoint 'API.Controllers.ProductoController.GetProducto (API)'
[2023-10-28 12:09:39.650 -06:00 INF] Request finished HTTP/1.1 GET http://192.168.0.3:5000/api/producto?pageSize=1&pageIndex=1&search= - - - 200 - application/json;+charset=utf-8 148.5868ms
[2023-10-28 12:09:47.177 -06:00 INF] Request starting HTTP/1.1 GET http://192.168.0.3:5000/api/producto?pageSize=3&pageIndex=1&search= - -
[2023-10-28 12:09:47.178 -06:00 INF] Executing endpoint 'API.Controllers.ProductoController.GetProducto (API)'
[2023-10-28 12:09:47.178 -06:00 INF] Route matched with {action = "GetProducto", controller = "Producto"}. Executing controller action with signature System.Threading.Tasks.Task`1[Microsoft.AspNetCore.Mvc.ActionResult`1[API.Helpers.Pager`1[API.Dtos.ProductoDto]]] GetProducto(API.Helpers.Params) on controller API.Controllers.ProductoController (API).
[2023-10-28 12:09:47.180 -06:00 INF] Entity Framework Core 6.0.4 initialized 'InventarioContext' using provider 'Pomelo.EntityFrameworkCore.MySql:6.0.1' with options: ServerVersion 8.0.28-mysql 
[2023-10-28 12:09:47.188 -06:00 INF] Executed DbCommand (3ms) [Parameters=[], CommandType='"Text"', CommandTimeout='30']
SELECT COUNT(*)
FROM `Producto` AS `p`
WHERE `p`.`Estatus` <> 4
[2023-10-28 12:09:47.208 -06:00 INF] Executed DbCommand (12ms) [Parameters=[@__p_1='?' (DbType = Int32), @__p_0='?' (DbType = Int32)], CommandType='"Text"', CommandTimeout='30']
SELECT `p`.`ID`, `p`.`Categoria`, `p`.`Cve_prov`, `p`.`Desc_prod`, `p`.`Estatus`, `p`.`Nom_prod`, `p`.`Precio`, `p`.`Stock`
FROM `Producto` AS `p`
WHERE `p`.`Estatus` <> 4
LIMIT @__p_1 OFFSET @__p_0
[2023-10-28 12:09:47.208 -06:00 INF] Executing ObjectResult, writing value of type 'API.Helpers.Pager`1[[API.Dtos.ProductoDto, API, Version=1.0.0.0, Culture=neutral, PublicKeyToken=null]]'.
[2023-10-28 12:09:47.209 -06:00 INF] Executed action API.Controllers.ProductoController.GetProducto (API) in 30.9206ms
[2023-10-28 12:09:47.209 -06:00 INF] Executed endpoint 'API.Controllers.ProductoController.GetProducto (API)'
[2023-10-28 12:09:47.210 -06:00 INF] Request finished HTTP/1.1 GET http://192.168.0.3:5000/api/producto?pageSize=3&pageIndex=1&search= - - - 200 - application/json;+charset=utf-8 33.0970ms
[2023-10-28 12:10:31.180 -06:00 INF] Application is shutting down...
[2023-10-28 17:38:42.230 -06:00 INF] Entity Framework Core 6.0.4 initialized 'InventarioContext' using provider 'Pomelo.EntityFrameworkCore.MySql:6.0.1' with options: ServerVersion 8.0.28-mysql 
[2023-10-28 17:38:44.164 -06:00 INF] Executed DbCommand (127ms) [Parameters=[], CommandType='"Text"', CommandTimeout='30']
SELECT 1 FROM INFORMATION_SCHEMA.TABLES WHERE TABLE_SCHEMA='inventarioRopa' AND TABLE_NAME='__EFMigrationsHistory';
[2023-10-28 17:38:44.224 -06:00 INF] Executed DbCommand (4ms) [Parameters=[], CommandType='"Text"', CommandTimeout='30']
SELECT 1 FROM INFORMATION_SCHEMA.TABLES WHERE TABLE_SCHEMA='inventarioRopa' AND TABLE_NAME='__EFMigrationsHistory';
[2023-10-28 17:38:44.289 -06:00 INF] Executed DbCommand (32ms) [Parameters=[], CommandType='"Text"', CommandTimeout='30']
SELECT `MigrationId`, `ProductVersion`
FROM `__EFMigrationsHistory`
ORDER BY `MigrationId`;
[2023-10-28 17:38:44.314 -06:00 INF] No migrations were applied. The database is already up to date.
[2023-10-28 17:38:44.594 -06:00 INF] Executed DbCommand (33ms) [Parameters=[], CommandType='"Text"', CommandTimeout='30']
SELECT EXISTS (
    SELECT 1
    FROM `Rol` AS `r`)
[2023-10-28 17:38:44.774 -06:00 INF] User profile is available. Using 'C:\Users\Rodrigo Tellez\AppData\Local\ASP.NET\DataProtection-Keys' as key repository and Windows DPAPI to encrypt keys at rest.
[2023-10-28 17:38:44.933 -06:00 INF] Now listening on: https://192.168.108.1:5001
[2023-10-28 17:38:44.934 -06:00 INF] Now listening on: http://192.168.108.1:5000
[2023-10-28 17:38:44.939 -06:00 INF] Application started. Press Ctrl+C to shut down.
[2023-10-28 17:38:44.939 -06:00 INF] Hosting environment: Development
[2023-10-28 17:38:44.939 -06:00 INF] Content root path: D:\10CUATRIMESTRE\HECTOR\Backend\inventario\API\
[2023-10-28 17:39:10.232 -06:00 INF] Request starting HTTP/1.1 POST http://192.168.108.1:5000/api/usuario/token application/json 58
[2023-10-28 17:39:10.538 -06:00 INF] Failed to validate the token.
Microsoft.IdentityModel.Tokens.SecurityTokenExpiredException: IDX10223: Lifetime validation failed. The token is expired. ValidTo: '28/10/2023 06:37:47 p. m.', Current time: '28/10/2023 11:39:10 p. m.'.
   at Microsoft.IdentityModel.Tokens.Validators.ValidateLifetime(Nullable`1 notBefore, Nullable`1 expires, SecurityToken securityToken, TokenValidationParameters validationParameters)
   at System.IdentityModel.Tokens.Jwt.JwtSecurityTokenHandler.ValidateLifetime(Nullable`1 notBefore, Nullable`1 expires, JwtSecurityToken jwtToken, TokenValidationParameters validationParameters)
   at System.IdentityModel.Tokens.Jwt.JwtSecurityTokenHandler.ValidateTokenPayload(JwtSecurityToken jwtToken, TokenValidationParameters validationParameters, BaseConfiguration configuration)
   at System.IdentityModel.Tokens.Jwt.JwtSecurityTokenHandler.ValidateJWS(String token, TokenValidationParameters validationParameters, BaseConfiguration currentConfiguration, SecurityToken& signatureValidatedToken, ExceptionDispatchInfo& exceptionThrown)
--- End of stack trace from previous location ---
   at System.IdentityModel.Tokens.Jwt.JwtSecurityTokenHandler.ValidateToken(String token, JwtSecurityToken outerToken, TokenValidationParameters validationParameters, SecurityToken& signatureValidatedToken)
   at System.IdentityModel.Tokens.Jwt.JwtSecurityTokenHandler.ValidateToken(String token, TokenValidationParameters validationParameters, SecurityToken& validatedToken)
   at Microsoft.AspNetCore.Authentication.JwtBearer.JwtBearerHandler.HandleAuthenticateAsync()
[2023-10-28 17:39:10.590 -06:00 INF] Bearer was not authenticated. Failure message: IDX10223: Lifetime validation failed. The token is expired. ValidTo: '28/10/2023 06:37:47 p. m.', Current time: '28/10/2023 11:39:10 p. m.'.
[2023-10-28 17:39:10.596 -06:00 INF] Executing endpoint 'API.Controllers.UsuarioController.GetTokenAsync (API)'
[2023-10-28 17:39:10.629 -06:00 INF] Route matched with {action = "GetToken", controller = "Usuario"}. Executing controller action with signature System.Threading.Tasks.Task`1[Microsoft.AspNetCore.Mvc.IActionResult] GetTokenAsync(API.Dtos.LoginDto) on controller API.Controllers.UsuarioController (API).
[2023-10-28 17:39:10.809 -06:00 INF] Entity Framework Core 6.0.4 initialized 'InventarioContext' using provider 'Pomelo.EntityFrameworkCore.MySql:6.0.1' with options: ServerVersion 8.0.28-mysql 
[2023-10-28 17:39:11.056 -06:00 WRN] Compiling a query which loads related collections for more than one collection navigation, either via 'Include' or through projection, but no 'QuerySplittingBehavior' has been configured. By default, Entity Framework will use 'QuerySplittingBehavior.SingleQuery', which can potentially result in slow query performance. See https://go.microsoft.com/fwlink/?linkid=2134277 for more information. To identify the query that's triggering this warning call 'ConfigureWarnings(w => w.Throw(RelationalEventId.MultipleCollectionIncludeWarning))'.
[2023-10-28 17:39:11.231 -06:00 INF] Executed DbCommand (107ms) [Parameters=[@__ToLower_0='?' (Size = 255)], CommandType='"Text"', CommandTimeout='30']
SELECT `t`.`ID`, `t`.`Apellido`, `t`.`CorreoElectronico`, `t`.`Nom_user`, `t`.`Password`, `t0`.`UsuarioId`, `t0`.`RolId`, `t0`.`ID`, `t0`.`Nombre`, `r0`.`ID`, `r0`.`Created`, `r0`.`Expires`, `r0`.`Revoked`, `r0`.`Token`, `r0`.`UsuarioId`
FROM (
    SELECT `u`.`ID`, `u`.`Apellido`, `u`.`CorreoElectronico`, `u`.`Nom_user`, `u`.`Password`
    FROM `Usuario` AS `u`
    WHERE LOWER(`u`.`Nom_user`) = @__ToLower_0
    LIMIT 1
) AS `t`
LEFT JOIN (
    SELECT `u0`.`UsuarioId`, `u0`.`RolId`, `r`.`ID`, `r`.`Nombre`
    FROM `UsuarioRoles` AS `u0`
    INNER JOIN `Rol` AS `r` ON `u0`.`RolId` = `r`.`ID`
) AS `t0` ON `t`.`ID` = `t0`.`UsuarioId`
LEFT JOIN `RefreshToken` AS `r0` ON `t`.`ID` = `r0`.`UsuarioId`
ORDER BY `t`.`ID`, `t0`.`UsuarioId`, `t0`.`RolId`, `t0`.`ID`
[2023-10-28 17:39:11.401 -06:00 INF] Executing OkObjectResult, writing value of type '<>f__AnonymousType2`3[[System.String, System.Private.CoreLib, Version=6.0.0.0, Culture=neutral, PublicKeyToken=7cec85d7bea7798e],[System.Boolean, System.Private.CoreLib, Version=6.0.0.0, Culture=neutral, PublicKeyToken=7cec85d7bea7798e],[API.Dtos.DatosUsuarioDto, API, Version=1.0.0.0, Culture=neutral, PublicKeyToken=null]]'.
[2023-10-28 17:39:11.435 -06:00 INF] Executed action API.Controllers.UsuarioController.GetTokenAsync (API) in 799.41ms
[2023-10-28 17:39:11.436 -06:00 INF] Executed endpoint 'API.Controllers.UsuarioController.GetTokenAsync (API)'
[2023-10-28 17:39:11.441 -06:00 INF] Request finished HTTP/1.1 POST http://192.168.108.1:5000/api/usuario/token application/json 58 - 200 - application/json;+charset=utf-8 1213.8647ms
[2023-10-28 17:39:35.692 -06:00 INF] Request starting HTTP/1.1 POST http://192.168.108.1:5000/api/producto/detalle application/json 16
[2023-10-28 17:39:35.729 -06:00 INF] Executing endpoint 'API.Controllers.ProductoController.PostOCDetalle (API)'
[2023-10-28 17:39:35.733 -06:00 INF] Route matched with {action = "PostOCDetalle", controller = "Producto"}. Executing controller action with signature System.Threading.Tasks.Task`1[Microsoft.AspNetCore.Mvc.ActionResult`1[Core.Entities.Personalizadas.InformacionProducto]] PostOCDetalle(Core.Entities.Personalizadas.InformacionProducto) on controller API.Controllers.ProductoController (API).
[2023-10-28 17:39:35.825 -06:00 INF] Entity Framework Core 6.0.4 initialized 'InventarioContext' using provider 'Pomelo.EntityFrameworkCore.MySql:6.0.1' with options: ServerVersion 8.0.28-mysql 
[2023-10-28 17:39:35.865 -06:00 INF] Executed DbCommand (11ms) [Parameters=[@__idProducto_0='?' (DbType = Int32)], CommandType='"Text"', CommandTimeout='30']
SELECT `p`.`Nom_prod` AS `NomProd`, `p`.`Categoria`, `p`.`Desc_prod` AS `DescProd`, CONCAT(CONCAT(CAST(`p`.`Cve_prov` AS char), ' - '), `c`.`NombreEmpresa`) AS `NombEmpresa`, `p`.`Precio`, `p`.`Stock`
FROM `Producto` AS `p`
INNER JOIN `Cte_prov` AS `c` ON `p`.`Cve_prov` = `c`.`ID`
WHERE `p`.`ID` = @__idProducto_0
LIMIT 1
[2023-10-28 17:39:35.882 -06:00 INF] Executing OkObjectResult, writing value of type '<>f__AnonymousType1`2[[System.Boolean, System.Private.CoreLib, Version=6.0.0.0, Culture=neutral, PublicKeyToken=7cec85d7bea7798e],[Core.Entities.Personalizadas.InformacionProducto, Core, Version=1.0.0.0, Culture=neutral, PublicKeyToken=null]]'.
[2023-10-28 17:39:35.888 -06:00 INF] Executed action API.Controllers.ProductoController.PostOCDetalle (API) in 154.8978ms
[2023-10-28 17:39:35.888 -06:00 INF] Executed endpoint 'API.Controllers.ProductoController.PostOCDetalle (API)'
[2023-10-28 17:39:35.890 -06:00 INF] Request finished HTTP/1.1 POST http://192.168.108.1:5000/api/producto/detalle application/json 16 - 200 - application/json;+charset=utf-8 198.0058ms
[2023-10-28 17:39:54.007 -06:00 INF] Request starting HTTP/1.1 POST http://192.168.108.1:5000/api/producto/detalle application/json 16
[2023-10-28 17:39:54.015 -06:00 INF] Executing endpoint 'API.Controllers.ProductoController.PostOCDetalle (API)'
[2023-10-28 17:39:54.016 -06:00 INF] Route matched with {action = "PostOCDetalle", controller = "Producto"}. Executing controller action with signature System.Threading.Tasks.Task`1[Microsoft.AspNetCore.Mvc.ActionResult`1[Core.Entities.Personalizadas.InformacionProducto]] PostOCDetalle(Core.Entities.Personalizadas.InformacionProducto) on controller API.Controllers.ProductoController (API).
[2023-10-28 17:39:54.019 -06:00 INF] Entity Framework Core 6.0.4 initialized 'InventarioContext' using provider 'Pomelo.EntityFrameworkCore.MySql:6.0.1' with options: ServerVersion 8.0.28-mysql 
[2023-10-28 17:39:54.030 -06:00 INF] Executed DbCommand (2ms) [Parameters=[@__idProducto_0='?' (DbType = Int32)], CommandType='"Text"', CommandTimeout='30']
SELECT `p`.`Nom_prod` AS `NomProd`, `p`.`Categoria`, `p`.`Desc_prod` AS `DescProd`, CONCAT(CONCAT(CAST(`p`.`Cve_prov` AS char), ' - '), `c`.`NombreEmpresa`) AS `NombEmpresa`, `p`.`Precio`, `p`.`Stock`
FROM `Producto` AS `p`
INNER JOIN `Cte_prov` AS `c` ON `p`.`Cve_prov` = `c`.`ID`
WHERE `p`.`ID` = @__idProducto_0
LIMIT 1
[2023-10-28 17:39:54.031 -06:00 INF] Executing OkObjectResult, writing value of type '<>f__AnonymousType1`2[[System.Boolean, System.Private.CoreLib, Version=6.0.0.0, Culture=neutral, PublicKeyToken=7cec85d7bea7798e],[Core.Entities.Personalizadas.InformacionProducto, Core, Version=1.0.0.0, Culture=neutral, PublicKeyToken=null]]'.
[2023-10-28 17:39:54.031 -06:00 INF] Executed action API.Controllers.ProductoController.PostOCDetalle (API) in 15.4292ms
[2023-10-28 17:39:54.031 -06:00 INF] Executed endpoint 'API.Controllers.ProductoController.PostOCDetalle (API)'
[2023-10-28 17:39:54.032 -06:00 INF] Request finished HTTP/1.1 POST http://192.168.108.1:5000/api/producto/detalle application/json 16 - 200 - application/json;+charset=utf-8 24.7147ms
[2023-10-28 17:41:06.037 -06:00 INF] Request starting HTTP/1.1 GET http://192.168.108.1:5000/api/escasez/all?pageSize=3&pageIndex=1&search= - -
[2023-10-28 17:41:06.044 -06:00 INF] Executing endpoint 'API.Controllers.EscasezController.GetEscasez (API)'
[2023-10-28 17:41:06.053 -06:00 INF] Route matched with {action = "GetEscasez", controller = "Escasez"}. Executing controller action with signature System.Threading.Tasks.Task`1[Microsoft.AspNetCore.Mvc.ActionResult`1[API.Helpers.Pager`1[Core.Entities.Personalizadas.InformacionEscasez]]] GetEscasez(API.Helpers.Params) on controller API.Controllers.EscasezController (API).
[2023-10-28 17:41:06.065 -06:00 INF] Entity Framework Core 6.0.4 initialized 'InventarioContext' using provider 'Pomelo.EntityFrameworkCore.MySql:6.0.1' with options: ServerVersion 8.0.28-mysql 
[2023-10-28 17:41:06.204 -06:00 INF] Executed DbCommand (118ms) [Parameters=[], CommandType='"Text"', CommandTimeout='30']
SELECT COUNT(*)
FROM `Escasez_Producto` AS `e`
INNER JOIN `Producto` AS `p` ON `e`.`ProductoId` = `p`.`ID`
INNER JOIN `Usuario` AS `u` ON `e`.`UsuarioId` = `u`.`ID`
[2023-10-28 17:41:06.216 -06:00 WRN] The query uses a row limiting operator ('Skip'/'Take') without an 'OrderBy' operator. This may lead to unpredictable results. If the 'Distinct' operator is used after 'OrderBy', then make sure to use the 'OrderBy' operator after 'Distinct' as the ordering would otherwise get erased.
[2023-10-28 17:41:06.217 -06:00 WRN] The query uses a row limiting operator ('Skip'/'Take') without an 'OrderBy' operator. This may lead to unpredictable results. If the 'Distinct' operator is used after 'OrderBy', then make sure to use the 'OrderBy' operator after 'Distinct' as the ordering would otherwise get erased.
[2023-10-28 17:41:06.226 -06:00 INF] Executed DbCommand (3ms) [Parameters=[@__p_1='?' (DbType = Int32), @__p_0='?' (DbType = Int32)], CommandType='"Text"', CommandTimeout='30']
SELECT `e`.`ID`, `e`.`Estatus`, `e`.`Cant_Soli`, `e`.`Fecha_Registro`, `p`.`Nom_prod` AS `Nom_Producto`, `u`.`Apellido` AS `Nom_Usuario`, `e`.`Precio`
FROM `Escasez_Producto` AS `e`
INNER JOIN `Producto` AS `p` ON `e`.`ProductoId` = `p`.`ID`
INNER JOIN `Usuario` AS `u` ON `e`.`UsuarioId` = `u`.`ID`
LIMIT @__p_1 OFFSET @__p_0
[2023-10-28 17:41:06.238 -06:00 INF] Executing ObjectResult, writing value of type 'API.Helpers.Pager`1[[Core.Entities.Personalizadas.InformacionEscasez, Core, Version=1.0.0.0, Culture=neutral, PublicKeyToken=null]]'.
[2023-10-28 17:41:06.243 -06:00 INF] Executed action API.Controllers.EscasezController.GetEscasez (API) in 190.0154ms
[2023-10-28 17:41:06.243 -06:00 INF] Executed endpoint 'API.Controllers.EscasezController.GetEscasez (API)'
[2023-10-28 17:41:06.243 -06:00 INF] Request finished HTTP/1.1 GET http://192.168.108.1:5000/api/escasez/all?pageSize=3&pageIndex=1&search= - - - 200 - application/json;+charset=utf-8 206.9659ms
[2023-10-28 17:41:49.695 -06:00 INF] Request starting HTTP/1.1 GET http://192.168.108.1:5000/api/producto?pageSize=3&pageIndex=1&search= - -
[2023-10-28 17:41:49.696 -06:00 INF] Executing endpoint 'API.Controllers.ProductoController.GetProducto (API)'
[2023-10-28 17:41:49.700 -06:00 INF] Route matched with {action = "GetProducto", controller = "Producto"}. Executing controller action with signature System.Threading.Tasks.Task`1[Microsoft.AspNetCore.Mvc.ActionResult`1[API.Helpers.Pager`1[API.Dtos.ProductoDto]]] GetProducto(API.Helpers.Params) on controller API.Controllers.ProductoController (API).
[2023-10-28 17:41:49.703 -06:00 INF] Entity Framework Core 6.0.4 initialized 'InventarioContext' using provider 'Pomelo.EntityFrameworkCore.MySql:6.0.1' with options: ServerVersion 8.0.28-mysql 
[2023-10-28 17:41:49.711 -06:00 INF] Executed DbCommand (2ms) [Parameters=[], CommandType='"Text"', CommandTimeout='30']
SELECT COUNT(*)
FROM `Producto` AS `p`
WHERE `p`.`Estatus` <> 4
[2023-10-28 17:41:49.714 -06:00 WRN] The query uses a row limiting operator ('Skip'/'Take') without an 'OrderBy' operator. This may lead to unpredictable results. If the 'Distinct' operator is used after 'OrderBy', then make sure to use the 'OrderBy' operator after 'Distinct' as the ordering would otherwise get erased.
[2023-10-28 17:41:49.714 -06:00 WRN] The query uses a row limiting operator ('Skip'/'Take') without an 'OrderBy' operator. This may lead to unpredictable results. If the 'Distinct' operator is used after 'OrderBy', then make sure to use the 'OrderBy' operator after 'Distinct' as the ordering would otherwise get erased.
[2023-10-28 17:41:49.849 -06:00 INF] Executed DbCommand (128ms) [Parameters=[@__p_1='?' (DbType = Int32), @__p_0='?' (DbType = Int32)], CommandType='"Text"', CommandTimeout='30']
SELECT `p`.`ID`, `p`.`Categoria`, `p`.`Cve_prov`, `p`.`Desc_prod`, `p`.`Estatus`, `p`.`Nom_prod`, `p`.`Precio`, `p`.`Stock`
FROM `Producto` AS `p`
WHERE `p`.`Estatus` <> 4
LIMIT @__p_1 OFFSET @__p_0
[2023-10-28 17:41:49.877 -06:00 INF] Executing ObjectResult, writing value of type 'API.Helpers.Pager`1[[API.Dtos.ProductoDto, API, Version=1.0.0.0, Culture=neutral, PublicKeyToken=null]]'.
[2023-10-28 17:41:49.881 -06:00 INF] Executed action API.Controllers.ProductoController.GetProducto (API) in 181.7346ms
[2023-10-28 17:41:49.881 -06:00 INF] Executed endpoint 'API.Controllers.ProductoController.GetProducto (API)'
[2023-10-28 17:41:49.882 -06:00 INF] Request finished HTTP/1.1 GET http://192.168.108.1:5000/api/producto?pageSize=3&pageIndex=1&search= - - - 200 - application/json;+charset=utf-8 186.2875ms
[2023-10-28 17:54:17.202 -06:00 INF] Application is shutting down...
